================================================================================
Engine Log - Started at 2026-03-04 22:08:22
================================================================================

[22:08:22.303] [INFO ] VoxelEngine initialized from Desktop platform with VoxelGames runtime.
[22:08:22.315] [INFO ] [Game:40] Game.A was called!
[22:08:22.315] [INFO ] [Program:38] Creating engine
[22:08:22.316] [INFO ] [TestRuntimeContext:21] TestRuntimeContext created
[22:08:22.318] [INFO ] [Heartbeat:55] Frame rate limit disabled (unlimited FPS)
[22:08:22.318] [INFO ] [Program:45] Starting engine...
[22:08:22.322] [LINE ] ================================================================================
[22:08:22.322] [INFO ] [Engine:26] Starting engine runtime...
[22:08:22.326] [INFO ] [DesktopWindow:26] Creating window: 'Voxel Engine' (800x600)
[22:08:22.415] [INFO ] [DesktopWindow:40] Desktop window created successfully.
[22:08:22.420] [EXTRAINFO] [ServiceContainer:22] [ServiceContainer] Registering service VoxelEngine.Graphics.GraphicsContext
[22:08:22.728] [INFO ] [Engine:64] Post init...
[22:08:22.729] [INFO ] [TestRuntimeContext:32] TestRuntimeContext Initialized
[22:08:22.732] [EXTRAINFO] [ServiceContainer:22] [ServiceContainer] Registering service VoxelEngine.Core.CamerasRegistries
[22:08:22.735] [EXTRAINFO] [ServiceContainer:22] [ServiceContainer] Registering service VoxelEngine.Client.Rendering.RenderManager
[22:08:22.737] [INFO ] [LauncherLayer:17] LauncherLayer.Initialize was called!
[22:08:22.738] [INFO ] [GameLoader:17] Loading game from C:\Users\Dmitrist10\Desktop\VoxelGames\Source\Project_08_VE\Source\Resources\Games\Game_01\Main\bin\net11.0\Game_01.dll
[22:08:22.742] [INFO ] [Game:19] Game.OnInitialize was called!
[22:08:22.743] [INFO ] [Game:25] Game.StartMatch was called!
[22:08:22.744] [EXTRAINFO] [UniverseManager:13] A new Universe was created
[22:08:22.766] [EXTRAINFO] [Universe.API:13] A new Scene was created
[22:08:22.773] [INFO ] [ClientHost:26] Scene loaded
[22:08:22.777] [DEBUG] [GameSetup:13] GameSetup.SetUp was called!
[22:08:22.816] [INFO ] [GameLayer:17] GameLayer.Initialize was called!
[22:08:22.817] [EXTRAINFO] [Heartbeat:62] Starting Heartbeat
[22:08:42.299] [INFO ] [DesktopWindow:53] Desktop window closing...
[22:08:42.299] [EXTRAINFO] [Heartbeat:111] Heartbeat Stopped
[22:08:42.300] [INFO ] [Engine:36] Application terminated.
[22:08:42.300] [LINE ] ================================================================================
[22:08:42.300] [INFO ] [Program:64] Application Completed.
Exiting with code 0

================================================================================
Engine Log - Ended at 2026-03-04 22:08:42
================================================================================
