================================================================================
Engine Log - Started at 2026-03-04 17:48:10
================================================================================

[17:48:10.978] [INFO ] VoxelEngine initialized from Desktop platform with VoxelGames runtime.
[17:48:10.989] [INFO ] [Program:37] Creating engine
[17:48:11.050] [INFO ] [TestRuntimeContext:16] TestRuntimeContext created
[17:48:11.051] [INFO ] [Heartbeat:55] Frame rate limit disabled (unlimited FPS)
[17:48:11.051] [INFO ] [Program:44] Starting engine...
[17:48:11.052] [LINE ] ================================================================================
[17:48:11.052] [INFO ] [Engine:26] Starting engine runtime...
[17:48:11.056] [INFO ] [DesktopWindow:26] Creating window: 'Voxel Engine' (800x600)
[17:48:11.158] [INFO ] [DesktopWindow:40] Desktop window created successfully.
[17:48:11.164] [EXTRAINFO] [ServiceContainer:22] [ServiceContainer] Registering service VoxelEngine.Graphics.GraphicsContext
[17:48:11.471] [INFO ] [Engine:53] Post init...
[17:48:11.471] [INFO ] [TestRuntimeContext:24] TestRuntimeContext Initialized
[17:48:11.473] [EXTRAINFO] [ServiceContainer:22] [ServiceContainer] Registering service VoxelEngine.Core.CamerasRegistries
[17:48:11.482] [EXTRAINFO] [Heartbeat:62] Starting Heartbeat
[17:48:25.856] [INFO ] [DesktopWindow:53] Desktop window closing...
[17:48:25.856] [EXTRAINFO] [Heartbeat:111] Heartbeat Stopped
[17:48:25.856] [INFO ] [Engine:36] Application terminated.
[17:48:25.857] [LINE ] ================================================================================
[17:48:25.857] [INFO ] [Program:63] Application Completed.
Exiting with code 0

================================================================================
Engine Log - Ended at 2026-03-04 17:48:25
================================================================================
