================================================================================
Engine Log - Started at 2026-03-08 15:29:09
================================================================================

[15:29:09.073] [INFO ] VoxelEngine initialized from Desktop platform with VoxelGames runtime.
[15:29:09.083] [INFO ] [Game:40] Game.A was called!
[15:29:09.084] [INFO ] [Program:38] Creating engine
[15:29:09.085] [INFO ] [TestRuntimeContext:21] TestRuntimeContext created
[15:29:09.086] [INFO ] [Heartbeat:55] Frame rate limit disabled (unlimited FPS)
[15:29:09.086] [INFO ] [Program:45] Starting engine...
[15:29:09.087] [LINE ] ================================================================================
[15:29:09.087] [INFO ] [Engine:28] Starting engine runtime...
[15:29:09.090] [INFO ] [DesktopWindow:26] Creating window: 'Voxel Engine' (800x600)
[15:29:09.170] [INFO ] [DesktopWindow:40] Desktop window created successfully.
[15:29:09.174] [EXTRAINFO] [ServiceContainer:22] [ServiceContainer] Registering service VoxelEngine.Graphics.GraphicsContext
[15:29:09.178] [EXTRAINFO] [ServiceContainer:22] [ServiceContainer] Registering service VoxelEngine.Core.Runtime.ModulesManager
[15:29:09.555] [EXTRAINFO] [ServiceContainer:22] [ServiceContainer] Registering service VoxelEngine.IO.FileManager
[15:29:09.557] [EXTRAINFO] [ServiceContainer:22] [ServiceContainer] Registering service VoxelEngine.Core.AssetsManager
[15:29:09.557] [INFO ] [Engine:84] Post init...
[15:29:09.557] [INFO ] [TestRuntimeContext:32] TestRuntimeContext Initialized
[15:29:09.559] [EXTRAINFO] [ServiceContainer:22] [ServiceContainer] Registering service VoxelEngine.Core.CamerasRegistries
[15:29:09.561] [EXTRAINFO] [ServiceContainer:22] [ServiceContainer] Registering service VoxelEngine.Graphics.Rendering.RenderManager
[15:29:09.562] [INFO ] [LauncherLayer:17] LauncherLayer.Initialize was called!
[15:29:09.563] [INFO ] [GameLoader:19] Loading game from C:\Users\Dmitrist10\Desktop\VoxelGames\Source\Project_08_VE\Source\Resources\Games\Game_01\Main\bin\net11.0\Game_01.dll
[15:29:09.565] [INFO ] [Game:19] Game.OnInitialize was called!
[15:29:09.566] [INFO ] [Game:25] Game.StartMatch was called!
[15:29:09.566] [EXTRAINFO] [UniverseManager:13] A new Universe was created
[15:29:09.580] [EXTRAINFO] [Universe.API:13] A new Scene was created
[15:29:09.581] [INFO ] [ClientHost:26] Scene loaded
[15:29:09.652] [DEBUG] [GameSetup:14] GameSetup.SetUp was called!
[15:29:09.783] [INFO ] [GameLayer:17] GameLayer.Initialize was called!
[15:29:09.784] [EXTRAINFO] [Heartbeat:62] Starting Heartbeat
[15:29:09.814] [INFO ] [ChunksRenderer:70] Rendering took: 00:00:00.0001047
[15:29:09.833] [INFO ] [ChunksRenderer:70] Rendering took: 00:00:00.0000015
[15:29:10.666] [INFO ] [ChunksRenderer:70] Rendering took: 00:00:00.7368158
[15:29:10.669] [INFO ] [ChunksRenderer:70] Rendering took: 00:00:00.0000241
[15:29:10.670] [INFO ] [ChunksRenderer:70] Rendering took: 00:00:00.0000221
[15:29:10.675] [INFO ] [ChunksRenderer:70] Rendering took: 00:00:00.0000254
[15:29:10.681] [INFO ] [ChunksRenderer:70] Rendering took: 00:00:00.0000283
[15:29:10.687] [INFO ] [ChunksRenderer:70] Rendering took: 00:00:00.0000287
[15:29:10.693] [INFO ] [ChunksRenderer:70] Rendering took: 00:00:00.0000240
[15:29:10.701] [INFO ] [ChunksRenderer:70] Rendering took: 00:00:00.0000244
[15:29:10.706] [INFO ] [ChunksRenderer:70] Rendering took: 00:00:00.0000394
[15:29:10.712] [INFO ] [ChunksRenderer:70] Rendering took: 00:00:00.0001153
[15:29:10.719] [INFO ] [ChunksRenderer:70] Rendering took: 00:00:00.0000272
[15:29:10.724] [INFO ] [ChunksRenderer:70] Rendering took: 00:00:00.0000245
[15:29:10.730] [INFO ] [ChunksRenderer:70] Rendering took: 00:00:00.0000286
[15:29:10.736] [INFO ] [ChunksRenderer:70] Rendering took: 00:00:00.0000221
[15:29:10.742] [INFO ] [ChunksRenderer:70] Rendering took: 00:00:00.0000298
[15:29:10.748] [INFO ] [ChunksRenderer:70] Rendering took: 00:00:00.0000386
[15:29:10.754] [INFO ] [ChunksRenderer:70] Rendering took: 00:00:00.0000231
[15:29:10.760] [INFO ] [ChunksRenderer:70] Rendering took: 00:00:00.0000202
[15:29:10.766] [INFO ] [ChunksRenderer:70] Rendering took: 00:00:00.0000351
[15:29:10.772] [INFO ] [ChunksRenderer:70] Rendering took: 00:00:00.0000280
[15:29:10.779] [INFO ] [ChunksRenderer:70] Rendering took: 00:00:00.0000257
[15:29:10.785] [INFO ] [ChunksRenderer:70] Rendering took: 00:00:00.0000231
[15:29:10.791] [INFO ] [ChunksRenderer:70] Rendering took: 00:00:00.0000274
[15:29:10.796] [INFO ] [ChunksRenderer:70] Rendering took: 00:00:00.0000446
[15:29:10.803] [INFO ] [ChunksRenderer:70] Rendering took: 00:00:00.0000363
[15:29:10.810] [INFO ] [ChunksRenderer:70] Rendering took: 00:00:00.0000576
[15:29:10.815] [INFO ] [ChunksRenderer:70] Rendering took: 00:00:00.0000508
[15:29:10.820] [INFO ] [ChunksRenderer:70] Rendering took: 00:00:00.0000355
[15:29:10.827] [INFO ] [ChunksRenderer:70] Rendering took: 00:00:00.0000342
[15:29:10.832] [INFO ] [ChunksRenderer:70] Rendering took: 00:00:00.0000361
[15:29:10.840] [INFO ] [ChunksRenderer:70] Rendering took: 00:00:00.0000503
[15:29:10.845] [INFO ] [ChunksRenderer:70] Rendering took: 00:00:00.0000305
[15:29:10.851] [INFO ] [ChunksRenderer:70] Rendering took: 00:00:00.0000348
[15:29:10.857] [INFO ] [ChunksRenderer:70] Rendering took: 00:00:00.0000259
[15:29:10.863] [INFO ] [ChunksRenderer:70] Rendering took: 00:00:00.0000355
[15:29:10.869] [INFO ] [ChunksRenderer:70] Rendering took: 00:00:00.0000386
[15:29:10.875] [INFO ] [ChunksRenderer:70] Rendering took: 00:00:00.0000275
[15:29:10.881] [INFO ] [ChunksRenderer:70] Rendering took: 00:00:00.0000304
[15:29:10.887] [INFO ] [ChunksRenderer:70] Rendering took: 00:00:00.0000288
[15:29:10.893] [INFO ] [ChunksRenderer:70] Rendering took: 00:00:00.0000276
[15:29:10.899] [INFO ] [ChunksRenderer:70] Rendering took: 00:00:00.0000255
[15:29:10.905] [INFO ] [ChunksRenderer:70] Rendering took: 00:00:00.0000256
[15:29:10.911] [INFO ] [ChunksRenderer:70] Rendering took: 00:00:00.0000271
[15:29:10.917] [INFO ] [ChunksRenderer:70] Rendering took: 00:00:00.0000244
[15:29:10.923] [INFO ] [ChunksRenderer:70] Rendering took: 00:00:00.0000253
[15:29:10.929] [INFO ] [ChunksRenderer:70] Rendering took: 00:00:00.0000262
[15:29:10.935] [INFO ] [ChunksRenderer:70] Rendering took: 00:00:00.0000221
[15:29:10.941] [INFO ] [ChunksRenderer:70] Rendering took: 00:00:00.0000246
[15:29:10.948] [INFO ] [ChunksRenderer:70] Rendering took: 00:00:00.0000237
[15:29:10.954] [INFO ] [ChunksRenderer:70] Rendering took: 00:00:00.0000259
[15:29:10.960] [INFO ] [ChunksRenderer:70] Rendering took: 00:00:00.0000324
[15:29:10.966] [INFO ] [ChunksRenderer:70] Rendering took: 00:00:00.0000272
[15:29:10.972] [INFO ] [ChunksRenderer:70] Rendering took: 00:00:00.0000253
[15:29:10.978] [INFO ] [ChunksRenderer:70] Rendering took: 00:00:00.0000289
[15:29:10.984] [INFO ] [ChunksRenderer:70] Rendering took: 00:00:00.0000269
[15:29:10.990] [INFO ] [ChunksRenderer:70] Rendering took: 00:00:00.0000244
[15:29:10.996] [INFO ] [ChunksRenderer:70] Rendering took: 00:00:00.0000236
[15:29:11.003] [INFO ] [ChunksRenderer:70] Rendering took: 00:00:00.0000251
[15:29:11.009] [INFO ] [ChunksRenderer:70] Rendering took: 00:00:00.0000225
[15:29:11.014] [INFO ] [ChunksRenderer:70] Rendering took: 00:00:00.0000450
[15:29:11.020] [INFO ] [ChunksRenderer:70] Rendering took: 00:00:00.0000337
[15:29:11.026] [INFO ] [ChunksRenderer:70] Rendering took: 00:00:00.0000240
[15:29:11.032] [INFO ] [ChunksRenderer:70] Rendering took: 00:00:00.0000253
[15:29:11.038] [INFO ] [ChunksRenderer:70] Rendering took: 00:00:00.0000239
[15:29:11.045] [INFO ] [ChunksRenderer:70] Rendering took: 00:00:00.0000266
[15:29:11.051] [INFO ] [ChunksRenderer:70] Rendering took: 00:00:00.0000237
[15:29:11.057] [INFO ] [ChunksRenderer:70] Rendering took: 00:00:00.0000254
[15:29:11.062] [INFO ] [ChunksRenderer:70] Rendering took: 00:00:00.0000249
[15:29:11.069] [INFO ] [ChunksRenderer:70] Rendering took: 00:00:00.0000236
[15:29:11.075] [INFO ] [ChunksRenderer:70] Rendering took: 00:00:00.0000249
[15:29:11.081] [INFO ] [ChunksRenderer:70] Rendering took: 00:00:00.0000256
[15:29:11.088] [INFO ] [ChunksRenderer:70] Rendering took: 00:00:00.0000237
[15:29:11.093] [INFO ] [ChunksRenderer:70] Rendering took: 00:00:00.0000256
[15:29:11.099] [INFO ] [ChunksRenderer:70] Rendering took: 00:00:00.0000304
[15:29:11.105] [INFO ] [ChunksRenderer:70] Rendering took: 00:00:00.0000266
[15:29:11.111] [INFO ] [ChunksRenderer:70] Rendering took: 00:00:00.0000268
[15:29:11.118] [INFO ] [ChunksRenderer:70] Rendering took: 00:00:00.0000227
[15:29:11.124] [INFO ] [ChunksRenderer:70] Rendering took: 00:00:00.0000220
[15:29:11.130] [INFO ] [ChunksRenderer:70] Rendering took: 00:00:00.0000243
[15:29:11.135] [INFO ] [ChunksRenderer:70] Rendering took: 00:00:00.0000294
[15:29:11.141] [INFO ] [ChunksRenderer:70] Rendering took: 00:00:00.0000247
[15:29:11.148] [INFO ] [ChunksRenderer:70] Rendering took: 00:00:00.0000261
[15:29:11.154] [INFO ] [ChunksRenderer:70] Rendering took: 00:00:00.0000251
[15:29:11.160] [INFO ] [ChunksRenderer:70] Rendering took: 00:00:00.0000250
[15:29:11.166] [INFO ] [ChunksRenderer:70] Rendering took: 00:00:00.0000245
[15:29:11.171] [INFO ] [ChunksRenderer:70] Rendering took: 00:00:00.0000211
[15:29:11.177] [INFO ] [ChunksRenderer:70] Rendering took: 00:00:00.0000278
[15:29:11.184] [INFO ] [ChunksRenderer:70] Rendering took: 00:00:00.0000291
[15:29:11.190] [INFO ] [ChunksRenderer:70] Rendering took: 00:00:00.0000239
[15:29:11.196] [INFO ] [ChunksRenderer:70] Rendering took: 00:00:00.0000221
[15:29:11.202] [INFO ] [ChunksRenderer:70] Rendering took: 00:00:00.0000270
[15:29:11.208] [INFO ] [ChunksRenderer:70] Rendering took: 00:00:00.0000340
[15:29:11.214] [INFO ] [ChunksRenderer:70] Rendering took: 00:00:00.0000253
[15:29:11.220] [INFO ] [ChunksRenderer:70] Rendering took: 00:00:00.0000244
[15:29:11.226] [INFO ] [ChunksRenderer:70] Rendering took: 00:00:00.0000260
[15:29:11.232] [INFO ] [ChunksRenderer:70] Rendering took: 00:00:00.0000239
[15:29:11.238] [INFO ] [ChunksRenderer:70] Rendering took: 00:00:00.0000236
[15:29:11.244] [INFO ] [ChunksRenderer:70] Rendering took: 00:00:00.0000338
[15:29:11.250] [INFO ] [ChunksRenderer:70] Rendering took: 00:00:00.0000244
[15:29:11.256] [INFO ] [ChunksRenderer:70] Rendering took: 00:00:00.0000251
[15:29:11.262] [INFO ] [ChunksRenderer:70] Rendering took: 00:00:00.0000255
[15:29:11.268] [INFO ] [ChunksRenderer:70] Rendering took: 00:00:00.0000242
[15:29:11.274] [INFO ] [ChunksRenderer:70] Rendering took: 00:00:00.0000225
[15:29:11.281] [INFO ] [ChunksRenderer:70] Rendering took: 00:00:00.0000244
[15:29:11.291] [INFO ] [ChunksRenderer:70] Rendering took: 00:00:00.0000213
[15:29:11.293] [INFO ] [ChunksRenderer:70] Rendering took: 00:00:00.0000192
[15:29:11.299] [INFO ] [ChunksRenderer:70] Rendering took: 00:00:00.0000333
[15:29:11.305] [INFO ] [ChunksRenderer:70] Rendering took: 00:00:00.0000270
[15:29:11.311] [INFO ] [ChunksRenderer:70] Rendering took: 00:00:00.0000284
[15:29:11.318] [INFO ] [ChunksRenderer:70] Rendering took: 00:00:00.0000314
[15:29:11.324] [INFO ] [ChunksRenderer:70] Rendering took: 00:00:00.0000296
[15:29:11.330] [INFO ] [ChunksRenderer:70] Rendering took: 00:00:00.0000298
[15:29:11.336] [INFO ] [ChunksRenderer:70] Rendering took: 00:00:00.0000310
[15:29:11.342] [INFO ] [ChunksRenderer:70] Rendering took: 00:00:00.0000292
[15:29:11.348] [INFO ] [ChunksRenderer:70] Rendering took: 00:00:00.0000261
[15:29:11.354] [INFO ] [ChunksRenderer:70] Rendering took: 00:00:00.0000424
[15:29:11.360] [INFO ] [ChunksRenderer:70] Rendering took: 00:00:00.0000268
[15:29:11.366] [INFO ] [ChunksRenderer:70] Rendering took: 00:00:00.0000279
[15:29:11.373] [INFO ] [ChunksRenderer:70] Rendering took: 00:00:00.0000427
[15:29:11.384] [INFO ] [ChunksRenderer:70] Rendering took: 00:00:00.0000296
[15:29:11.386] [INFO ] [ChunksRenderer:70] Rendering took: 00:00:00.0000296
[15:29:11.390] [INFO ] [ChunksRenderer:70] Rendering took: 00:00:00.0000241
[15:29:11.396] [INFO ] [ChunksRenderer:70] Rendering took: 00:00:00.0000469
[15:29:11.403] [INFO ] [ChunksRenderer:70] Rendering took: 00:00:00.0000452
[15:29:11.408] [INFO ] [ChunksRenderer:70] Rendering took: 00:00:00.0000297
[15:29:11.415] [INFO ] [ChunksRenderer:70] Rendering took: 00:00:00.0000363
[15:29:11.633] [INFO ] [ChunksRenderer:70] Rendering took: 00:00:00.1943630
[15:29:11.636] [INFO ] [ChunksRenderer:70] Rendering took: 00:00:00.0000215
[15:29:11.637] [INFO ] [ChunksRenderer:70] Rendering took: 00:00:00.0000187
[15:29:11.641] [INFO ] [ChunksRenderer:70] Rendering took: 00:00:00.0000249
[15:29:11.646] [INFO ] [ChunksRenderer:70] Rendering took: 00:00:00.0000253
[15:29:11.652] [INFO ] [ChunksRenderer:70] Rendering took: 00:00:00.0000231
[15:29:11.659] [INFO ] [ChunksRenderer:70] Rendering took: 00:00:00.0000247
[15:29:11.663] [INFO ] [ChunksRenderer:70] Rendering took: 00:00:00.0000268
[15:29:11.732] [INFO ] [ChunksRenderer:70] Rendering took: 00:00:00.0588763
[15:29:11.733] [INFO ] [ChunksRenderer:70] Rendering took: 00:00:00.0000256
[15:29:11.735] [INFO ] [ChunksRenderer:70] Rendering took: 00:00:00.0000197
[15:29:11.740] [INFO ] [ChunksRenderer:70] Rendering took: 00:00:00.0000291
[15:29:11.746] [INFO ] [ChunksRenderer:70] Rendering took: 00:00:00.0000291
[15:29:11.751] [INFO ] [ChunksRenderer:70] Rendering took: 00:00:00.0000270
[15:29:11.757] [INFO ] [ChunksRenderer:70] Rendering took: 00:00:00.0000280
[15:29:11.762] [INFO ] [ChunksRenderer:70] Rendering took: 00:00:00.0000271
[15:29:11.768] [INFO ] [ChunksRenderer:70] Rendering took: 00:00:00.0000331
[15:29:11.773] [INFO ] [ChunksRenderer:70] Rendering took: 00:00:00.0000274
[15:29:11.779] [INFO ] [ChunksRenderer:70] Rendering took: 00:00:00.0000235
[15:29:11.785] [INFO ] [ChunksRenderer:70] Rendering took: 00:00:00.0000239
[15:29:11.791] [INFO ] [ChunksRenderer:70] Rendering took: 00:00:00.0000311
[15:29:11.796] [INFO ] [ChunksRenderer:70] Rendering took: 00:00:00.0000273
[15:29:11.802] [INFO ] [ChunksRenderer:70] Rendering took: 00:00:00.0000285
[15:29:11.808] [INFO ] [ChunksRenderer:70] Rendering took: 00:00:00.0000297
[15:29:11.814] [INFO ] [ChunksRenderer:70] Rendering took: 00:00:00.0000256
[15:29:11.820] [INFO ] [ChunksRenderer:70] Rendering took: 00:00:00.0000299
[15:29:11.826] [INFO ] [ChunksRenderer:70] Rendering took: 00:00:00.0000362
[15:29:11.832] [INFO ] [ChunksRenderer:70] Rendering took: 00:00:00.0000400
[15:29:11.838] [INFO ] [ChunksRenderer:70] Rendering took: 00:00:00.0000358
[15:29:11.844] [INFO ] [ChunksRenderer:70] Rendering took: 00:00:00.0000336
[15:29:11.850] [INFO ] [ChunksRenderer:70] Rendering took: 00:00:00.0000353
[15:29:11.856] [INFO ] [ChunksRenderer:70] Rendering took: 00:00:00.0000320
[15:29:11.862] [INFO ] [ChunksRenderer:70] Rendering took: 00:00:00.0000371
[15:29:11.869] [INFO ] [ChunksRenderer:70] Rendering took: 00:00:00.0000332
[15:29:11.875] [INFO ] [ChunksRenderer:70] Rendering took: 00:00:00.0000664
[15:29:11.880] [INFO ] [ChunksRenderer:70] Rendering took: 00:00:00.0000295
[15:29:11.887] [INFO ] [ChunksRenderer:70] Rendering took: 00:00:00.0000286
[15:29:11.893] [INFO ] [ChunksRenderer:70] Rendering took: 00:00:00.0000456
[15:29:11.899] [INFO ] [ChunksRenderer:70] Rendering took: 00:00:00.0000386
[15:29:11.905] [INFO ] [ChunksRenderer:70] Rendering took: 00:00:00.0000322
[15:29:11.911] [INFO ] [ChunksRenderer:70] Rendering took: 00:00:00.0000282
[15:29:11.917] [INFO ] [ChunksRenderer:70] Rendering took: 00:00:00.0000366
[15:29:11.923] [INFO ] [ChunksRenderer:70] Rendering took: 00:00:00.0000356
[15:29:11.930] [INFO ] [ChunksRenderer:70] Rendering took: 00:00:00.0000317
[15:29:11.935] [INFO ] [ChunksRenderer:70] Rendering took: 00:00:00.0000352
[15:29:11.941] [INFO ] [ChunksRenderer:70] Rendering took: 00:00:00.0000279
[15:29:11.948] [INFO ] [ChunksRenderer:70] Rendering took: 00:00:00.0000299
[15:29:11.954] [INFO ] [ChunksRenderer:70] Rendering took: 00:00:00.0000302
[15:29:11.960] [INFO ] [ChunksRenderer:70] Rendering took: 00:00:00.0000622
[15:29:11.966] [INFO ] [ChunksRenderer:70] Rendering took: 00:00:00.0000305
[15:29:11.972] [INFO ] [ChunksRenderer:70] Rendering took: 00:00:00.0000339
[15:29:11.978] [INFO ] [ChunksRenderer:70] Rendering took: 00:00:00.0000299
[15:29:11.984] [INFO ] [ChunksRenderer:70] Rendering took: 00:00:00.0000285
[15:29:11.990] [INFO ] [ChunksRenderer:70] Rendering took: 00:00:00.0000264
[15:29:11.996] [INFO ] [ChunksRenderer:70] Rendering took: 00:00:00.0000351
[15:29:12.002] [INFO ] [ChunksRenderer:70] Rendering took: 00:00:00.0000288
[15:29:12.008] [INFO ] [ChunksRenderer:70] Rendering took: 00:00:00.0000339
[15:29:12.014] [INFO ] [ChunksRenderer:70] Rendering took: 00:00:00.0000288
[15:29:12.020] [INFO ] [ChunksRenderer:70] Rendering took: 00:00:00.0000293
[15:29:12.027] [INFO ] [ChunksRenderer:70] Rendering took: 00:00:00.0000297
[15:29:12.032] [INFO ] [ChunksRenderer:70] Rendering took: 00:00:00.0000288
[15:29:12.038] [INFO ] [ChunksRenderer:70] Rendering took: 00:00:00.0000343
[15:29:12.044] [INFO ] [ChunksRenderer:70] Rendering took: 00:00:00.0000305
[15:29:12.051] [INFO ] [ChunksRenderer:70] Rendering took: 00:00:00.0000361
[15:29:12.057] [INFO ] [ChunksRenderer:70] Rendering took: 00:00:00.0000304
[15:29:12.063] [INFO ] [ChunksRenderer:70] Rendering took: 00:00:00.0000298
[15:29:12.069] [INFO ] [ChunksRenderer:70] Rendering took: 00:00:00.0000349
[15:29:12.075] [INFO ] [ChunksRenderer:70] Rendering took: 00:00:00.0000529
[15:29:12.081] [INFO ] [ChunksRenderer:70] Rendering took: 00:00:00.0000312
[15:29:12.087] [INFO ] [ChunksRenderer:70] Rendering took: 00:00:00.0000351
[15:29:12.093] [INFO ] [ChunksRenderer:70] Rendering took: 00:00:00.0000509
[15:29:12.099] [INFO ] [ChunksRenderer:70] Rendering took: 00:00:00.0000279
[15:29:12.105] [INFO ] [ChunksRenderer:70] Rendering took: 00:00:00.0000308
[15:29:12.111] [INFO ] [ChunksRenderer:70] Rendering took: 00:00:00.0000327
[15:29:12.117] [INFO ] [ChunksRenderer:70] Rendering took: 00:00:00.0000397
[15:29:12.123] [INFO ] [ChunksRenderer:70] Rendering took: 00:00:00.0000279
[15:29:12.129] [INFO ] [ChunksRenderer:70] Rendering took: 00:00:00.0000288
[15:29:12.136] [INFO ] [ChunksRenderer:70] Rendering took: 00:00:00.0000290
[15:29:12.141] [INFO ] [ChunksRenderer:70] Rendering took: 00:00:00.0000392
[15:29:12.147] [INFO ] [ChunksRenderer:70] Rendering took: 00:00:00.0000331
[15:29:12.154] [INFO ] [ChunksRenderer:70] Rendering took: 00:00:00.0000313
[15:29:12.160] [INFO ] [ChunksRenderer:70] Rendering took: 00:00:00.0000306
[15:29:12.167] [INFO ] [ChunksRenderer:70] Rendering took: 00:00:00.0000248
[15:29:12.172] [INFO ] [ChunksRenderer:70] Rendering took: 00:00:00.0000262
[15:29:12.178] [INFO ] [ChunksRenderer:70] Rendering took: 00:00:00.0000298
[15:29:12.184] [INFO ] [ChunksRenderer:70] Rendering took: 00:00:00.0000355
[15:29:12.190] [INFO ] [ChunksRenderer:70] Rendering took: 00:00:00.0000744
[15:29:12.196] [INFO ] [ChunksRenderer:70] Rendering took: 00:00:00.0000317
[15:29:12.202] [INFO ] [ChunksRenderer:70] Rendering took: 00:00:00.0000508
[15:29:12.208] [INFO ] [ChunksRenderer:70] Rendering took: 00:00:00.0000331
[15:29:12.214] [INFO ] [ChunksRenderer:70] Rendering took: 00:00:00.0000339
[15:29:12.220] [INFO ] [ChunksRenderer:70] Rendering took: 00:00:00.0000408
[15:29:12.227] [INFO ] [ChunksRenderer:70] Rendering took: 00:00:00.0001640
[15:29:12.232] [INFO ] [ChunksRenderer:70] Rendering took: 00:00:00.0000356
[15:29:12.239] [INFO ] [ChunksRenderer:70] Rendering took: 00:00:00.0000563
[15:29:12.244] [INFO ] [ChunksRenderer:70] Rendering took: 00:00:00.0000301
[15:29:12.251] [INFO ] [ChunksRenderer:70] Rendering took: 00:00:00.0000331
[15:29:12.256] [INFO ] [ChunksRenderer:70] Rendering took: 00:00:00.0000378
[15:29:12.263] [INFO ] [ChunksRenderer:70] Rendering took: 00:00:00.0000325
[15:29:12.269] [INFO ] [ChunksRenderer:70] Rendering took: 00:00:00.0000297
[15:29:12.275] [INFO ] [ChunksRenderer:70] Rendering took: 00:00:00.0000333
[15:29:12.281] [INFO ] [ChunksRenderer:70] Rendering took: 00:00:00.0000302
[15:29:12.287] [INFO ] [ChunksRenderer:70] Rendering took: 00:00:00.0000305
[15:29:12.294] [INFO ] [ChunksRenderer:70] Rendering took: 00:00:00.0000543
[15:29:12.299] [INFO ] [ChunksRenderer:70] Rendering took: 00:00:00.0000409
[15:29:12.305] [INFO ] [ChunksRenderer:70] Rendering took: 00:00:00.0000312
[15:29:12.311] [INFO ] [ChunksRenderer:70] Rendering took: 00:00:00.0000367
[15:29:12.317] [INFO ] [ChunksRenderer:70] Rendering took: 00:00:00.0000360
[15:29:12.323] [INFO ] [ChunksRenderer:70] Rendering took: 00:00:00.0000336
[15:29:12.329] [INFO ] [ChunksRenderer:70] Rendering took: 00:00:00.0000294
[15:29:12.336] [INFO ] [ChunksRenderer:70] Rendering took: 00:00:00.0000540
[15:29:12.341] [INFO ] [ChunksRenderer:70] Rendering took: 00:00:00.0000315
[15:29:12.347] [INFO ] [ChunksRenderer:70] Rendering took: 00:00:00.0000289
[15:29:12.354] [INFO ] [ChunksRenderer:70] Rendering took: 00:00:00.0000310
[15:29:12.360] [INFO ] [ChunksRenderer:70] Rendering took: 00:00:00.0000374
[15:29:12.368] [INFO ] [ChunksRenderer:70] Rendering took: 00:00:00.0000242
[15:29:12.372] [INFO ] [ChunksRenderer:70] Rendering took: 00:00:00.0000290
[15:29:12.378] [INFO ] [ChunksRenderer:70] Rendering took: 00:00:00.0000297
[15:29:12.384] [INFO ] [ChunksRenderer:70] Rendering took: 00:00:00.0000557
[15:29:12.390] [INFO ] [ChunksRenderer:70] Rendering took: 00:00:00.0000325
[15:29:12.396] [INFO ] [ChunksRenderer:70] Rendering took: 00:00:00.0000450
[15:29:12.402] [INFO ] [ChunksRenderer:70] Rendering took: 00:00:00.0000256
[15:29:12.408] [INFO ] [ChunksRenderer:70] Rendering took: 00:00:00.0000296
[15:29:12.414] [INFO ] [ChunksRenderer:70] Rendering took: 00:00:00.0000290
[15:29:12.420] [INFO ] [ChunksRenderer:70] Rendering took: 00:00:00.0000286
[15:29:12.426] [INFO ] [ChunksRenderer:70] Rendering took: 00:00:00.0000321
[15:29:12.433] [INFO ] [ChunksRenderer:70] Rendering took: 00:00:00.0000370
[15:29:12.438] [INFO ] [ChunksRenderer:70] Rendering took: 00:00:00.0000309
[15:29:12.444] [INFO ] [ChunksRenderer:70] Rendering took: 00:00:00.0000532
[15:29:12.450] [INFO ] [ChunksRenderer:70] Rendering took: 00:00:00.0000307
[15:29:12.456] [INFO ] [ChunksRenderer:70] Rendering took: 00:00:00.0000290
[15:29:12.463] [INFO ] [ChunksRenderer:70] Rendering took: 00:00:00.0000286
[15:29:12.468] [INFO ] [ChunksRenderer:70] Rendering took: 00:00:00.0000300
[15:29:12.475] [INFO ] [ChunksRenderer:70] Rendering took: 00:00:00.0000384
[15:29:12.481] [INFO ] [ChunksRenderer:70] Rendering took: 00:00:00.0000376
[15:29:12.487] [INFO ] [ChunksRenderer:70] Rendering took: 00:00:00.0000287
[15:29:12.494] [INFO ] [ChunksRenderer:70] Rendering took: 00:00:00.0000243
[15:29:12.499] [INFO ] [ChunksRenderer:70] Rendering took: 00:00:00.0000328
[15:29:12.505] [INFO ] [ChunksRenderer:70] Rendering took: 00:00:00.0000300
[15:29:12.511] [INFO ] [ChunksRenderer:70] Rendering took: 00:00:00.0000344
[15:29:12.517] [INFO ] [ChunksRenderer:70] Rendering took: 00:00:00.0000329
[15:29:12.523] [INFO ] [ChunksRenderer:70] Rendering took: 00:00:00.0000288
[15:29:12.529] [INFO ] [ChunksRenderer:70] Rendering took: 00:00:00.0000521
[15:29:12.535] [INFO ] [ChunksRenderer:70] Rendering took: 00:00:00.0000321
[15:29:12.541] [INFO ] [ChunksRenderer:70] Rendering took: 00:00:00.0000340
[15:29:12.548] [INFO ] [ChunksRenderer:70] Rendering took: 00:00:00.0000327
[15:29:12.554] [INFO ] [ChunksRenderer:70] Rendering took: 00:00:00.0000273
[15:29:12.559] [INFO ] [ChunksRenderer:70] Rendering took: 00:00:00.0000303
[15:29:12.565] [INFO ] [ChunksRenderer:70] Rendering took: 00:00:00.0000282
[15:29:12.572] [INFO ] [ChunksRenderer:70] Rendering took: 00:00:00.0000363
[15:29:12.578] [INFO ] [ChunksRenderer:70] Rendering took: 00:00:00.0000318
[15:29:12.584] [INFO ] [ChunksRenderer:70] Rendering took: 00:00:00.0000313
[15:29:12.590] [INFO ] [ChunksRenderer:70] Rendering took: 00:00:00.0000311
[15:29:12.596] [INFO ] [ChunksRenderer:70] Rendering took: 00:00:00.0000362
[15:29:12.603] [INFO ] [ChunksRenderer:70] Rendering took: 00:00:00.0000283
[15:29:12.608] [INFO ] [ChunksRenderer:70] Rendering took: 00:00:00.0000339
[15:29:12.615] [INFO ] [ChunksRenderer:70] Rendering took: 00:00:00.0000404
[15:29:12.620] [INFO ] [ChunksRenderer:70] Rendering took: 00:00:00.0000329
[15:29:12.626] [INFO ] [ChunksRenderer:70] Rendering took: 00:00:00.0000319
[15:29:12.633] [INFO ] [ChunksRenderer:70] Rendering took: 00:00:00.0000281
[15:29:12.638] [INFO ] [ChunksRenderer:70] Rendering took: 00:00:00.0000297
[15:29:12.644] [INFO ] [ChunksRenderer:70] Rendering took: 00:00:00.0000364
[15:29:12.650] [INFO ] [ChunksRenderer:70] Rendering took: 00:00:00.0000334
[15:29:12.657] [INFO ] [ChunksRenderer:70] Rendering took: 00:00:00.0000368
[15:29:12.664] [INFO ] [ChunksRenderer:70] Rendering took: 00:00:00.0000257
[15:29:12.669] [INFO ] [ChunksRenderer:70] Rendering took: 00:00:00.0000243
[15:29:12.675] [INFO ] [ChunksRenderer:70] Rendering took: 00:00:00.0000315
[15:29:12.681] [INFO ] [ChunksRenderer:70] Rendering took: 00:00:00.0000334
[15:29:12.687] [INFO ] [ChunksRenderer:70] Rendering took: 00:00:00.0000289
[15:29:12.693] [INFO ] [ChunksRenderer:70] Rendering took: 00:00:00.0000376
[15:29:12.699] [INFO ] [ChunksRenderer:70] Rendering took: 00:00:00.0000317
[15:29:12.705] [INFO ] [ChunksRenderer:70] Rendering took: 00:00:00.0000302
[15:29:12.711] [INFO ] [ChunksRenderer:70] Rendering took: 00:00:00.0000446
[15:29:12.717] [INFO ] [ChunksRenderer:70] Rendering took: 00:00:00.0000301
[15:29:12.724] [INFO ] [ChunksRenderer:70] Rendering took: 00:00:00.0000386
[15:29:12.730] [INFO ] [ChunksRenderer:70] Rendering took: 00:00:00.0000302
[15:29:12.735] [INFO ] [ChunksRenderer:70] Rendering took: 00:00:00.0000280
[15:29:12.741] [INFO ] [ChunksRenderer:70] Rendering took: 00:00:00.0000436
[15:29:12.747] [INFO ] [ChunksRenderer:70] Rendering took: 00:00:00.0000330
[15:29:12.754] [INFO ] [ChunksRenderer:70] Rendering took: 00:00:00.0000305
[15:29:12.762] [INFO ] [ChunksRenderer:70] Rendering took: 00:00:00.0000236
[15:29:12.766] [INFO ] [ChunksRenderer:70] Rendering took: 00:00:00.0000322
[15:29:12.772] [INFO ] [ChunksRenderer:70] Rendering took: 00:00:00.0000329
[15:29:12.778] [INFO ] [ChunksRenderer:70] Rendering took: 00:00:00.0000372
[15:29:12.787] [INFO ] [ChunksRenderer:70] Rendering took: 00:00:00.0000242
[15:29:12.790] [INFO ] [ChunksRenderer:70] Rendering took: 00:00:00.0000495
[15:29:12.797] [INFO ] [ChunksRenderer:70] Rendering took: 00:00:00.0000369
[15:29:12.802] [INFO ] [ChunksRenderer:70] Rendering took: 00:00:00.0000540
[15:29:12.810] [INFO ] [ChunksRenderer:70] Rendering took: 00:00:00.0000293
[15:29:12.814] [INFO ] [ChunksRenderer:70] Rendering took: 00:00:00.0000398
[15:29:12.820] [INFO ] [ChunksRenderer:70] Rendering took: 00:00:00.0000393
[15:29:12.826] [INFO ] [ChunksRenderer:70] Rendering took: 00:00:00.0000315
[15:29:12.832] [INFO ] [ChunksRenderer:70] Rendering took: 00:00:00.0000368
[15:29:12.839] [INFO ] [ChunksRenderer:70] Rendering took: 00:00:00.0000381
[15:29:12.847] [INFO ] [ChunksRenderer:70] Rendering took: 00:00:00.0000265
[15:29:12.850] [INFO ] [ChunksRenderer:70] Rendering took: 00:00:00.0000325
[15:29:12.857] [INFO ] [ChunksRenderer:70] Rendering took: 00:00:00.0000371
[15:29:12.863] [INFO ] [ChunksRenderer:70] Rendering took: 00:00:00.0000603
[15:29:12.869] [INFO ] [ChunksRenderer:70] Rendering took: 00:00:00.0000500
[15:29:12.875] [INFO ] [ChunksRenderer:70] Rendering took: 00:00:00.0000296
[15:29:12.881] [INFO ] [ChunksRenderer:70] Rendering took: 00:00:00.0000331
[15:29:12.887] [INFO ] [ChunksRenderer:70] Rendering took: 00:00:00.0000371
[15:29:12.893] [INFO ] [ChunksRenderer:70] Rendering took: 00:00:00.0000271
[15:29:12.899] [INFO ] [ChunksRenderer:70] Rendering took: 00:00:00.0000287
[15:29:12.905] [INFO ] [ChunksRenderer:70] Rendering took: 00:00:00.0000326
[15:29:12.911] [INFO ] [ChunksRenderer:70] Rendering took: 00:00:00.0000371
[15:29:12.917] [INFO ] [ChunksRenderer:70] Rendering took: 00:00:00.0000333
[15:29:12.923] [INFO ] [ChunksRenderer:70] Rendering took: 00:00:00.0000715
[15:29:12.929] [INFO ] [ChunksRenderer:70] Rendering took: 00:00:00.0000298
[15:29:12.935] [INFO ] [ChunksRenderer:70] Rendering took: 00:00:00.0000310
[15:29:12.941] [INFO ] [ChunksRenderer:70] Rendering took: 00:00:00.0000321
[15:29:12.948] [INFO ] [ChunksRenderer:70] Rendering took: 00:00:00.0000300
[15:29:12.954] [INFO ] [ChunksRenderer:70] Rendering took: 00:00:00.0000346
[15:29:12.960] [INFO ] [ChunksRenderer:70] Rendering took: 00:00:00.0000312
[15:29:12.967] [INFO ] [ChunksRenderer:70] Rendering took: 00:00:00.0000276
[15:29:12.972] [INFO ] [ChunksRenderer:70] Rendering took: 00:00:00.0000581
[15:29:12.977] [INFO ] [ChunksRenderer:70] Rendering took: 00:00:00.0000278
[15:29:12.984] [INFO ] [ChunksRenderer:70] Rendering took: 00:00:00.0000266
[15:29:12.990] [INFO ] [ChunksRenderer:70] Rendering took: 00:00:00.0000282
[15:29:12.996] [INFO ] [ChunksRenderer:70] Rendering took: 00:00:00.0000319
[15:29:13.002] [INFO ] [ChunksRenderer:70] Rendering took: 00:00:00.0000316
[15:29:13.008] [INFO ] [ChunksRenderer:70] Rendering took: 00:00:00.0000295
[15:29:13.014] [INFO ] [ChunksRenderer:70] Rendering took: 00:00:00.0000320
[15:29:13.020] [INFO ] [ChunksRenderer:70] Rendering took: 00:00:00.0000495
[15:29:13.027] [INFO ] [ChunksRenderer:70] Rendering took: 00:00:00.0000257
[15:29:13.033] [INFO ] [ChunksRenderer:70] Rendering took: 00:00:00.0000518
[15:29:13.039] [INFO ] [ChunksRenderer:70] Rendering took: 00:00:00.0000278
[15:29:13.045] [INFO ] [ChunksRenderer:70] Rendering took: 00:00:00.0000290
[15:29:13.051] [INFO ] [ChunksRenderer:70] Rendering took: 00:00:00.0000300
[15:29:13.057] [INFO ] [ChunksRenderer:70] Rendering took: 00:00:00.0000296
[15:29:13.063] [INFO ] [ChunksRenderer:70] Rendering took: 00:00:00.0000323
[15:29:13.069] [INFO ] [ChunksRenderer:70] Rendering took: 00:00:00.0000340
[15:29:13.075] [INFO ] [ChunksRenderer:70] Rendering took: 00:00:00.0000511
[15:29:13.081] [INFO ] [ChunksRenderer:70] Rendering took: 00:00:00.0000299
[15:29:13.087] [INFO ] [ChunksRenderer:70] Rendering took: 00:00:00.0000284
[15:29:13.093] [INFO ] [ChunksRenderer:70] Rendering took: 00:00:00.0000318
[15:29:13.099] [INFO ] [ChunksRenderer:70] Rendering took: 00:00:00.0000306
[15:29:13.105] [INFO ] [ChunksRenderer:70] Rendering took: 00:00:00.0000337
[15:29:13.111] [INFO ] [ChunksRenderer:70] Rendering took: 00:00:00.0000291
[15:29:13.117] [INFO ] [ChunksRenderer:70] Rendering took: 00:00:00.0000266
[15:29:13.123] [INFO ] [ChunksRenderer:70] Rendering took: 00:00:00.0000287
[15:29:13.129] [INFO ] [ChunksRenderer:70] Rendering took: 00:00:00.0000381
[15:29:13.135] [INFO ] [ChunksRenderer:70] Rendering took: 00:00:00.0000357
[15:29:13.141] [INFO ] [ChunksRenderer:70] Rendering took: 00:00:00.0000430
[15:29:13.148] [INFO ] [ChunksRenderer:70] Rendering took: 00:00:00.0000376
[15:29:13.153] [INFO ] [ChunksRenderer:70] Rendering took: 00:00:00.0000301
[15:29:13.160] [INFO ] [ChunksRenderer:70] Rendering took: 00:00:00.0000338
[15:29:13.165] [INFO ] [ChunksRenderer:70] Rendering took: 00:00:00.0000294
[15:29:13.172] [INFO ] [ChunksRenderer:70] Rendering took: 00:00:00.0000293
[15:29:13.178] [INFO ] [ChunksRenderer:70] Rendering took: 00:00:00.0000514
[15:29:13.184] [INFO ] [ChunksRenderer:70] Rendering took: 00:00:00.0000291
[15:29:13.190] [INFO ] [ChunksRenderer:70] Rendering took: 00:00:00.0000260
[15:29:13.196] [INFO ] [ChunksRenderer:70] Rendering took: 00:00:00.0000299
[15:29:13.202] [INFO ] [ChunksRenderer:70] Rendering took: 00:00:00.0000308
[15:29:13.208] [INFO ] [ChunksRenderer:70] Rendering took: 00:00:00.0000330
[15:29:13.214] [INFO ] [ChunksRenderer:70] Rendering took: 00:00:00.0000296
[15:29:13.220] [INFO ] [ChunksRenderer:70] Rendering took: 00:00:00.0000302
[15:29:13.283] [INFO ] [DesktopWindow:53] Desktop window closing...
[15:29:13.283] [EXTRAINFO] [Heartbeat:111] Heartbeat Stopped
[15:29:13.283] [INFO ] [Engine:38] Application terminated.
[15:29:13.283] [LINE ] ================================================================================
[15:29:13.284] [INFO ] [Program:64] Application Completed.
Exiting with code 0

================================================================================
Engine Log - Ended at 2026-03-08 15:29:13
================================================================================
