================================================================================
Engine Log - Started at 2026-03-04 17:00:33
================================================================================

[17:00:33.887] [INFO ] VoxelEngine initialized from Desktop platform with VoxelGames runtime.
[17:00:33.900] [INFO ] [Program:37] Creating engine
[17:00:33.972] [INFO ] [TestRuntimeContext:16] TestRuntimeContext created
[17:00:33.974] [INFO ] [Heartbeat:55] Frame rate limit disabled (unlimited FPS)
[17:00:33.974] [INFO ] [Program:44] Starting engine...
[17:00:33.974] [LINE ] ================================================================================
[17:00:33.978] [INFO ] [Engine:26] Starting engine runtime...
[17:00:34.030] [INFO ] [DesktopWindow:26] Creating window: 'Voxel Engine' (800x600)
[17:00:34.114] [INFO ] [DesktopWindow:40] Desktop window created successfully.
[17:00:34.118] [EXTRAINFO] [ServiceContainer:22] [ServiceContainer] Registering service VoxelEngine.Graphics.GraphicsContext
[17:00:34.454] [INFO ] [Engine:53] Post init...
[17:00:34.455] [INFO ] [TestRuntimeContext:24] TestRuntimeContext Initialized
[17:00:34.456] [EXTRAINFO] [ServiceContainer:22] [ServiceContainer] Registering service VoxelEngine.Core.CamerasRegistries
[17:00:34.458] [EXTRAINFO] [Heartbeat:62] Starting Heartbeat
[17:00:38.462] [INFO ] [DesktopWindow:53] Desktop window closing...
[17:00:38.462] [EXTRAINFO] [Heartbeat:111] Heartbeat Stopped
[17:00:38.462] [INFO ] [Engine:36] Application terminated.
[17:00:38.463] [LINE ] ================================================================================
[17:00:38.463] [INFO ] [Program:63] Application Completed.
Exiting with code 0

================================================================================
Engine Log - Ended at 2026-03-04 17:00:38
================================================================================
