================================================================================
Engine Log - Started at 2026-03-04 17:47:42
================================================================================

[17:47:42.463] [INFO ] VoxelEngine initialized from Desktop platform with VoxelGames runtime.
[17:47:42.474] [INFO ] [Program:37] Creating engine
[17:47:42.523] [INFO ] [TestRuntimeContext:16] TestRuntimeContext created
[17:47:42.524] [INFO ] [Heartbeat:55] Frame rate limit disabled (unlimited FPS)
[17:47:42.524] [INFO ] [Program:44] Starting engine...
[17:47:42.524] [LINE ] ================================================================================
[17:47:42.525] [INFO ] [Engine:26] Starting engine runtime...
[17:47:42.581] [INFO ] [DesktopWindow:26] Creating window: 'Voxel Engine' (800x600)
[17:47:42.660] [INFO ] [DesktopWindow:40] Desktop window created successfully.
[17:47:42.664] [EXTRAINFO] [ServiceContainer:22] [ServiceContainer] Registering service VoxelEngine.Graphics.GraphicsContext
[17:47:43.022] [INFO ] [Engine:53] Post init...
[17:47:43.024] [INFO ] [TestRuntimeContext:24] TestRuntimeContext Initialized
[17:47:43.027] [EXTRAINFO] [ServiceContainer:22] [ServiceContainer] Registering service VoxelEngine.Core.CamerasRegistries
[17:47:43.044] [EXTRAINFO] [Heartbeat:62] Starting Heartbeat
[17:47:46.350] [INFO ] [DesktopWindow:53] Desktop window closing...
[17:47:46.350] [EXTRAINFO] [Heartbeat:111] Heartbeat Stopped
[17:47:46.350] [INFO ] [Engine:36] Application terminated.
[17:47:46.351] [LINE ] ================================================================================
[17:47:46.351] [INFO ] [Program:63] Application Completed.
Exiting with code 0

================================================================================
Engine Log - Ended at 2026-03-04 17:47:46
================================================================================
