================================================================================
Engine Log - Started at 2026-03-06 17:07:06
================================================================================

[17:07:06.947] [INFO ] VoxelEngine initialized from Desktop platform with VoxelGames runtime.
[17:07:06.959] [INFO ] [Game:40] Game.A was called!
[17:07:06.959] [INFO ] [Program:38] Creating engine
[17:07:06.962] [INFO ] [TestRuntimeContext:21] TestRuntimeContext created
[17:07:06.964] [INFO ] [Heartbeat:55] Frame rate limit disabled (unlimited FPS)
[17:07:06.964] [INFO ] [Program:45] Starting engine...
[17:07:06.967] [LINE ] ================================================================================
[17:07:06.968] [INFO ] [Engine:26] Starting engine runtime...
[17:07:07.065] [INFO ] [DesktopWindow:26] Creating window: 'Voxel Engine' (800x600)
[17:07:07.153] [INFO ] [DesktopWindow:40] Desktop window created successfully.
[17:07:07.158] [EXTRAINFO] [ServiceContainer:22] [ServiceContainer] Registering service VoxelEngine.Graphics.GraphicsContext
[17:07:07.424] [EXTRAINFO] [ServiceContainer:22] [ServiceContainer] Registering service VoxelEngine.Core.AssetsManager
[17:07:07.425] [INFO ] [Engine:68] Post init...
[17:07:07.426] [INFO ] [TestRuntimeContext:32] TestRuntimeContext Initialized
[17:07:07.428] [EXTRAINFO] [ServiceContainer:22] [ServiceContainer] Registering service VoxelEngine.Core.CamerasRegistries
[17:07:07.430] [EXTRAINFO] [ServiceContainer:22] [ServiceContainer] Registering service VoxelEngine.Graphics.Rendering.RenderManager
[17:07:07.432] [INFO ] [LauncherLayer:17] LauncherLayer.Initialize was called!
[17:07:07.432] [INFO ] [GameLoader:17] Loading game from C:\Users\Dmitrist10\Desktop\VoxelGames\Source\Project_08_VE\Source\Resources\Games\Game_01\Main\bin\net11.0\Game_01.dll
[17:07:07.486] [INFO ] [Game:19] Game.OnInitialize was called!
[17:07:07.487] [INFO ] [Game:25] Game.StartMatch was called!
[17:07:07.487] [EXTRAINFO] [UniverseManager:13] A new Universe was created
[17:07:07.501] [EXTRAINFO] [Universe.API:13] A new Scene was created
[17:07:07.501] [INFO ] [ClientHost:26] Scene loaded
[17:07:07.503] [DEBUG] [GameSetup:14] GameSetup.SetUp was called!
[17:07:07.544] [INFO ] [GameLayer:17] GameLayer.Initialize was called!
[17:07:07.545] [EXTRAINFO] [Heartbeat:62] Starting Heartbeat
[17:07:12.010] [INFO ] [DesktopWindow:53] Desktop window closing...
[17:07:12.010] [EXTRAINFO] [Heartbeat:111] Heartbeat Stopped
[17:07:12.011] [INFO ] [Engine:36] Application terminated.
[17:07:12.011] [LINE ] ================================================================================
[17:07:12.011] [INFO ] [Program:64] Application Completed.
Exiting with code 0

================================================================================
Engine Log - Ended at 2026-03-06 17:07:12
================================================================================
