================================================================================
Engine Log - Started at 2026-03-08 15:09:35
================================================================================

[15:09:35.484] [INFO ] VoxelEngine initialized from Desktop platform with VoxelGames runtime.
[15:09:35.495] [INFO ] [Game:40] Game.A was called!
[15:09:35.496] [INFO ] [Program:38] Creating engine
[15:09:35.497] [INFO ] [TestRuntimeContext:21] TestRuntimeContext created
[15:09:35.499] [INFO ] [Heartbeat:55] Frame rate limit disabled (unlimited FPS)
[15:09:35.499] [INFO ] [Program:45] Starting engine...
[15:09:35.502] [LINE ] ================================================================================
[15:09:35.503] [INFO ] [Engine:28] Starting engine runtime...
[15:09:35.506] [INFO ] [DesktopWindow:26] Creating window: 'Voxel Engine' (800x600)
[15:09:35.577] [INFO ] [DesktopWindow:40] Desktop window created successfully.
[15:09:35.581] [EXTRAINFO] [ServiceContainer:22] [ServiceContainer] Registering service VoxelEngine.Graphics.GraphicsContext
[15:09:35.584] [EXTRAINFO] [ServiceContainer:22] [ServiceContainer] Registering service VoxelEngine.Core.Runtime.ModulesManager
[15:09:35.926] [EXTRAINFO] [ServiceContainer:22] [ServiceContainer] Registering service VoxelEngine.IO.FileManager
[15:09:35.928] [EXTRAINFO] [ServiceContainer:22] [ServiceContainer] Registering service VoxelEngine.Core.AssetsManager
[15:09:35.928] [INFO ] [Engine:84] Post init...
[15:09:35.928] [INFO ] [TestRuntimeContext:32] TestRuntimeContext Initialized
[15:09:35.930] [EXTRAINFO] [ServiceContainer:22] [ServiceContainer] Registering service VoxelEngine.Core.CamerasRegistries
[15:09:35.932] [EXTRAINFO] [ServiceContainer:22] [ServiceContainer] Registering service VoxelEngine.Graphics.Rendering.RenderManager
[15:09:35.932] [INFO ] [LauncherLayer:17] LauncherLayer.Initialize was called!
[15:09:35.933] [INFO ] [GameLoader:19] Loading game from C:\Users\Dmitrist10\Desktop\VoxelGames\Source\Project_08_VE\Source\Resources\Games\Game_01\Main\bin\net11.0\Game_01.dll
[15:09:35.936] [INFO ] [Game:19] Game.OnInitialize was called!
[15:09:35.936] [INFO ] [Game:25] Game.StartMatch was called!
[15:09:35.937] [EXTRAINFO] [UniverseManager:13] A new Universe was created
[15:09:35.950] [EXTRAINFO] [Universe.API:13] A new Scene was created
[15:09:35.951] [INFO ] [ClientHost:26] Scene loaded
[15:09:36.017] [DEBUG] [GameSetup:14] GameSetup.SetUp was called!
[15:09:36.145] [INFO ] [GameLayer:17] GameLayer.Initialize was called!
[15:09:36.146] [EXTRAINFO] [Heartbeat:62] Starting Heartbeat
[15:09:41.578] [INFO ] [DesktopWindow:53] Desktop window closing...
[15:09:41.578] [EXTRAINFO] [Heartbeat:111] Heartbeat Stopped
[15:09:41.579] [INFO ] [Engine:38] Application terminated.
[15:09:41.579] [LINE ] ================================================================================
[15:09:41.579] [INFO ] [Program:64] Application Completed.
Exiting with code 0

================================================================================
Engine Log - Ended at 2026-03-08 15:09:41
================================================================================
