================================================================================
Engine Log - Started at 2026-03-03 21:16:27
================================================================================

[21:16:27.191] [INFO ] VoxelEngine initialized from Desktop platform with VoxelGames runtime.
[21:16:27.203] [INFO ] [Program:37] Creating engine
[21:16:27.249] [INFO ] [TestRuntimeContext:16] TestRuntimeContext created
[21:16:27.251] [INFO ] [Heartbeat:55] Frame rate limit disabled (unlimited FPS)
[21:16:27.251] [INFO ] [Program:44] Starting engine...
[21:16:27.251] [LINE ] ================================================================================
[21:16:27.251] [INFO ] [Engine:26] Starting engine runtime...
[21:16:27.255] [INFO ] [DesktopWindow:26] Creating window: 'Voxel Engine' (800x600)
[21:16:27.340] [INFO ] [DesktopWindow:40] Desktop window created successfully.
[21:16:27.345] [EXTRAINFO] [ServiceContainer:22] [ServiceContainer] Registering service VoxelEngine.Graphics.GraphicsContext
[21:16:27.675] [INFO ] [Engine:53] Post init...
[21:16:27.675] [INFO ] [TestRuntimeContext:24] TestRuntimeContext Initialized
[21:16:27.676] [EXTRAINFO] [Heartbeat:62] Starting Heartbeat
[21:16:27.689] [LINE ] ================================================================================
[21:16:27.690] [LINE ] ================================================================================
[21:16:27.691] [ERROR] [Program:53] Exception: Object reference not set to an instance of an object.
[21:16:27.713] [ERROR] [Program:59] Exception Stack Trace:    at VoxelEngine.Client.ClientHost.Render() in C:\Users\Dmitrist10\Desktop\VoxelGames\Source\Project_08_VE\Source\VoxelEngine\Engine\Hosts\Client\Source\ClientHost.cs:line 27
   at VoxelEngine.Runtime.Contexts.TestingContext.TestRuntimeContext.Render() in C:\Users\Dmitrist10\Desktop\VoxelGames\Source\Project_08_VE\Source\VoxelEngine\Runtime\Contexts\TestingContext\Source\TestRuntimeContext.cs:line 41
   at VoxelEngine.Core.Runtime.Heartbeat.Start(IUpdateCallbacksHandler callbacks, IWindowSurface window) in C:\Users\Dmitrist10\Desktop\VoxelGames\Source\Project_08_VE\Source\VoxelEngine\Engine\Core\Engine.Core.Runtime\Source\Heartbeat.cs:line 104
   at VoxelEngine.Core.Runtime.Engine.StartRuntime() in C:\Users\Dmitrist10\Desktop\VoxelGames\Source\Project_08_VE\Source\VoxelEngine\Engine\Core\Engine.Core.Runtime\Source\Engine.cs:line 61
   at VoxelEngine.Core.Runtime.Engine.Run() in C:\Users\Dmitrist10\Desktop\VoxelGames\Source\Project_08_VE\Source\VoxelEngine\Engine\Core\Engine.Core.Runtime\Source\Engine.cs:line 32
   at VoxelEngine.Runtime.Platforms.Desktop.Program.Main(String[] args) in C:\Users\Dmitrist10\Desktop\VoxelGames\Source\Project_08_VE\Source\VoxelEngine\Runtime\Platforms\Platforms.Desktop\Program.cs:line 45
[21:16:27.714] [INFO ] [Program:63] Application Completed.
Exiting with code 0

================================================================================
Engine Log - Ended at 2026-03-03 21:16:27
================================================================================
