================================================================================
Engine Log - Started at 2026-03-06 15:30:55
================================================================================

[15:30:55.145] [INFO ] VoxelEngine initialized from Desktop platform with VoxelGames runtime.
[15:30:55.155] [INFO ] [Game:40] Game.A was called!
[15:30:55.156] [INFO ] [Program:38] Creating engine
[15:30:55.157] [INFO ] [TestRuntimeContext:21] TestRuntimeContext created
[15:30:55.158] [INFO ] [Heartbeat:55] Frame rate limit disabled (unlimited FPS)
[15:30:55.159] [INFO ] [Program:45] Starting engine...
[15:30:55.159] [LINE ] ================================================================================
[15:30:55.159] [INFO ] [Engine:26] Starting engine runtime...
[15:30:55.162] [INFO ] [DesktopWindow:26] Creating window: 'Voxel Engine' (800x600)
[15:30:55.240] [INFO ] [DesktopWindow:40] Desktop window created successfully.
[15:30:55.245] [EXTRAINFO] [ServiceContainer:22] [ServiceContainer] Registering service VoxelEngine.Graphics.GraphicsContext
[15:30:55.636] [EXTRAINFO] [ServiceContainer:22] [ServiceContainer] Registering service VoxelEngine.Core.AssetsManager
[15:30:55.637] [INFO ] [Engine:68] Post init...
[15:30:55.637] [INFO ] [TestRuntimeContext:32] TestRuntimeContext Initialized
[15:30:55.639] [EXTRAINFO] [ServiceContainer:22] [ServiceContainer] Registering service VoxelEngine.Core.CamerasRegistries
[15:30:55.642] [EXTRAINFO] [ServiceContainer:22] [ServiceContainer] Registering service VoxelEngine.Graphics.Rendering.RenderManager
[15:30:55.643] [INFO ] [LauncherLayer:17] LauncherLayer.Initialize was called!
[15:30:55.644] [INFO ] [GameLoader:17] Loading game from C:\Users\Dmitrist10\Desktop\VoxelGames\Source\Project_08_VE\Source\Resources\Games\Game_01\Main\bin\net11.0\Game_01.dll
[15:30:55.686] [INFO ] [Game:19] Game.OnInitialize was called!
[15:30:55.686] [INFO ] [Game:25] Game.StartMatch was called!
[15:30:55.687] [EXTRAINFO] [UniverseManager:13] A new Universe was created
[15:30:55.706] [EXTRAINFO] [Universe.API:13] A new Scene was created
[15:30:55.707] [INFO ] [ClientHost:26] Scene loaded
[15:30:55.709] [DEBUG] [GameSetup:13] GameSetup.SetUp was called!
[15:30:55.810] [INFO ] [GameLayer:17] GameLayer.Initialize was called!
[15:30:55.811] [EXTRAINFO] [Heartbeat:62] Starting Heartbeat
[15:31:02.026] [INFO ] [DesktopWindow:53] Desktop window closing...
[15:31:02.027] [EXTRAINFO] [Heartbeat:111] Heartbeat Stopped
[15:31:02.027] [INFO ] [Engine:36] Application terminated.
[15:31:02.027] [LINE ] ================================================================================
[15:31:02.027] [INFO ] [Program:64] Application Completed.
Exiting with code 0

================================================================================
Engine Log - Ended at 2026-03-06 15:31:02
================================================================================
