================================================================================
Engine Log - Started at 2026-03-04 18:33:00
================================================================================

[18:33:00.140] [INFO ] VoxelEngine initialized from Desktop platform with VoxelGames runtime.
[18:33:00.150] [INFO ] [Program:37] Creating engine
[18:33:00.191] [INFO ] [TestRuntimeContext:16] TestRuntimeContext created
[18:33:00.192] [INFO ] [Heartbeat:55] Frame rate limit disabled (unlimited FPS)
[18:33:00.192] [INFO ] [Program:44] Starting engine...
[18:33:00.192] [LINE ] ================================================================================
[18:33:00.193] [INFO ] [Engine:26] Starting engine runtime...
[18:33:00.244] [INFO ] [DesktopWindow:26] Creating window: 'Voxel Engine' (800x600)
[18:33:00.327] [INFO ] [DesktopWindow:40] Desktop window created successfully.
[18:33:00.331] [EXTRAINFO] [ServiceContainer:22] [ServiceContainer] Registering service VoxelEngine.Graphics.GraphicsContext
[18:33:00.689] [INFO ] [Engine:53] Post init...
[18:33:00.689] [INFO ] [TestRuntimeContext:24] TestRuntimeContext Initialized
[18:33:00.692] [EXTRAINFO] [ServiceContainer:22] [ServiceContainer] Registering service VoxelEngine.Core.CamerasRegistries
[18:33:00.709] [EXTRAINFO] [Heartbeat:62] Starting Heartbeat
[18:33:02.615] [INFO ] [DesktopWindow:53] Desktop window closing...
[18:33:02.616] [EXTRAINFO] [Heartbeat:111] Heartbeat Stopped
[18:33:02.616] [INFO ] [Engine:36] Application terminated.
[18:33:02.616] [LINE ] ================================================================================
[18:33:02.617] [INFO ] [Program:63] Application Completed.
Exiting with code 0

================================================================================
Engine Log - Ended at 2026-03-04 18:33:02
================================================================================
