================================================================================
Engine Log - Started at 2026-03-03 21:24:43
================================================================================

[21:24:43.546] [INFO ] VoxelEngine initialized from Desktop platform with VoxelGames runtime.
[21:24:43.557] [INFO ] [Program:37] Creating engine
[21:24:43.558] [INFO ] [TestRuntimeContext:16] TestRuntimeContext created
[21:24:43.560] [INFO ] [Heartbeat:55] Frame rate limit disabled (unlimited FPS)
[21:24:43.560] [INFO ] [Program:44] Starting engine...
[21:24:43.560] [LINE ] ================================================================================
[21:24:43.561] [INFO ] [Engine:26] Starting engine runtime...
[21:24:43.608] [INFO ] [DesktopWindow:26] Creating window: 'Voxel Engine' (800x600)
[21:24:43.688] [INFO ] [DesktopWindow:40] Desktop window created successfully.
[21:24:43.692] [EXTRAINFO] [ServiceContainer:22] [ServiceContainer] Registering service VoxelEngine.Graphics.GraphicsContext
[21:24:43.983] [INFO ] [Engine:53] Post init...
[21:24:43.984] [INFO ] [TestRuntimeContext:24] TestRuntimeContext Initialized
[21:24:43.986] [EXTRAINFO] [ServiceContainer:22] [ServiceContainer] Registering service VoxelEngine.Core.CamerasRegistries
[21:24:43.988] [EXTRAINFO] [Heartbeat:62] Starting Heartbeat
[21:24:43.999] [INFO ] [GL_GraphicsCommandsList:63] AAA
[21:24:44.000] [INFO ] [GL_GraphicsCommandsList:63] AAA
[21:24:44.000] [INFO ] [GL_GraphicsCommandsList:63] AAA
[21:24:44.003] [INFO ] [GL_GraphicsCommandsList:63] AAA
[21:24:44.004] [INFO ] [GL_GraphicsCommandsList:63] AAA
[21:24:44.004] [INFO ] [GL_GraphicsCommandsList:63] AAA
[21:24:44.004] [INFO ] [GL_GraphicsCommandsList:63] AAA
[21:24:44.005] [INFO ] [GL_GraphicsCommandsList:63] AAA
[21:24:44.005] [INFO ] [GL_GraphicsCommandsList:63] AAA
[21:24:44.006] [INFO ] [GL_GraphicsCommandsList:63] AAA
[21:24:44.006] [INFO ] [GL_GraphicsCommandsList:63] AAA
[21:24:44.008] [INFO ] [GL_GraphicsCommandsList:63] AAA
[21:24:44.009] [INFO ] [GL_GraphicsCommandsList:63] AAA
[21:24:44.009] [INFO ] [GL_GraphicsCommandsList:63] AAA
[21:24:44.009] [INFO ] [GL_GraphicsCommandsList:63] AAA
[21:24:44.009] [INFO ] [GL_GraphicsCommandsList:63] AAA
[21:24:44.009] [INFO ] [GL_GraphicsCommandsList:63] AAA
[21:24:44.017] [INFO ] [GL_GraphicsCommandsList:63] AAA
[21:24:44.018] [INFO ] [GL_GraphicsCommandsList:63] AAA
[21:24:44.018] [INFO ] [GL_GraphicsCommandsList:63] AAA
[21:24:44.018] [INFO ] [GL_GraphicsCommandsList:63] AAA
[21:24:44.020] [INFO ] [GL_GraphicsCommandsList:63] AAA
[21:24:44.020] [INFO ] [GL_GraphicsCommandsList:63] AAA
[21:24:44.021] [INFO ] [GL_GraphicsCommandsList:63] AAA
[21:24:44.021] [INFO ] [GL_GraphicsCommandsList:63] AAA
[21:24:44.021] [INFO ] [GL_GraphicsCommandsList:63] AAA
[21:24:44.022] [INFO ] [GL_GraphicsCommandsList:63] AAA
[21:24:44.022] [INFO ] [GL_GraphicsCommandsList:63] AAA
[21:24:44.022] [INFO ] [GL_GraphicsCommandsList:63] AAA
[21:24:44.023] [INFO ] [GL_GraphicsCommandsList:63] AAA
[21:24:44.023] [INFO ] [GL_GraphicsCommandsList:63] AAA
[21:24:44.024] [INFO ] [GL_GraphicsCommandsList:63] AAA
[21:24:44.024] [INFO ] [GL_GraphicsCommandsList:63] AAA
[21:24:44.024] [INFO ] [GL_GraphicsCommandsList:63] AAA
[21:24:44.028] [INFO ] [GL_GraphicsCommandsList:63] AAA
[21:24:44.029] [INFO ] [GL_GraphicsCommandsList:63] AAA
[21:24:44.029] [INFO ] [GL_GraphicsCommandsList:63] AAA
[21:24:44.029] [INFO ] [GL_GraphicsCommandsList:63] AAA
[21:24:44.030] [INFO ] [GL_GraphicsCommandsList:63] AAA
[21:24:44.030] [INFO ] [GL_GraphicsCommandsList:63] AAA
[21:24:44.030] [INFO ] [GL_GraphicsCommandsList:63] AAA
[21:24:44.030] [INFO ] [GL_GraphicsCommandsList:63] AAA
[21:24:44.030] [INFO ] [GL_GraphicsCommandsList:63] AAA
[21:24:44.031] [INFO ] [GL_GraphicsCommandsList:63] AAA
[21:24:44.031] [INFO ] [GL_GraphicsCommandsList:63] AAA
[21:24:44.032] [INFO ] [GL_GraphicsCommandsList:63] AAA
[21:24:44.032] [INFO ] [GL_GraphicsCommandsList:63] AAA
[21:24:44.032] [INFO ] [GL_GraphicsCommandsList:63] AAA
[21:24:44.033] [INFO ] [GL_GraphicsCommandsList:63] AAA
[21:24:44.033] [INFO ] [GL_GraphicsCommandsList:63] AAA
[21:24:44.033] [INFO ] [GL_GraphicsCommandsList:63] AAA
[21:24:44.035] [INFO ] [GL_GraphicsCommandsList:63] AAA
[21:24:44.036] [INFO ] [GL_GraphicsCommandsList:63] AAA
[21:24:44.037] [INFO ] [GL_GraphicsCommandsList:63] AAA
[21:24:44.037] [INFO ] [GL_GraphicsCommandsList:63] AAA
[21:24:44.038] [INFO ] [GL_GraphicsCommandsList:63] AAA
[21:24:44.038] [INFO ] [GL_GraphicsCommandsList:63] AAA
[21:24:44.038] [INFO ] [GL_GraphicsCommandsList:63] AAA
[21:24:44.038] [INFO ] [GL_GraphicsCommandsList:63] AAA
[21:24:44.040] [INFO ] [GL_GraphicsCommandsList:63] AAA
[21:24:44.040] [INFO ] [GL_GraphicsCommandsList:63] AAA
[21:24:44.041] [INFO ] [GL_GraphicsCommandsList:63] AAA
[21:24:44.041] [INFO ] [GL_GraphicsCommandsList:63] AAA
[21:24:44.041] [INFO ] [GL_GraphicsCommandsList:63] AAA
[21:24:44.041] [INFO ] [GL_GraphicsCommandsList:63] AAA
[21:24:44.042] [INFO ] [GL_GraphicsCommandsList:63] AAA
[21:24:44.042] [INFO ] [GL_GraphicsCommandsList:63] AAA
[21:24:44.042] [INFO ] [GL_GraphicsCommandsList:63] AAA
[21:24:44.161] [INFO ] [GL_GraphicsCommandsList:63] AAA
[21:24:44.162] [INFO ] [GL_GraphicsCommandsList:63] AAA
[21:24:44.162] [INFO ] [GL_GraphicsCommandsList:63] AAA
[21:24:44.162] [INFO ] [GL_GraphicsCommandsList:63] AAA
[21:24:44.162] [INFO ] [GL_GraphicsCommandsList:63] AAA
[21:24:44.162] [INFO ] [GL_GraphicsCommandsList:63] AAA
[21:24:44.163] [INFO ] [GL_GraphicsCommandsList:63] AAA
[21:24:44.163] [INFO ] [GL_GraphicsCommandsList:63] AAA
[21:24:44.163] [INFO ] [GL_GraphicsCommandsList:63] AAA
[21:24:44.163] [INFO ] [GL_GraphicsCommandsList:63] AAA
[21:24:44.163] [INFO ] [GL_GraphicsCommandsList:63] AAA
[21:24:44.164] [INFO ] [GL_GraphicsCommandsList:63] AAA
[21:24:44.164] [INFO ] [GL_GraphicsCommandsList:63] AAA
[21:24:44.164] [INFO ] [GL_GraphicsCommandsList:63] AAA
[21:24:44.164] [INFO ] [GL_GraphicsCommandsList:63] AAA
[21:24:44.164] [INFO ] [GL_GraphicsCommandsList:63] AAA
[21:24:44.164] [INFO ] [GL_GraphicsCommandsList:63] AAA
[21:24:44.165] [INFO ] [GL_GraphicsCommandsList:63] AAA
[21:24:44.166] [INFO ] [GL_GraphicsCommandsList:63] AAA
[21:24:44.166] [INFO ] [GL_GraphicsCommandsList:63] AAA
[21:24:44.166] [INFO ] [GL_GraphicsCommandsList:63] AAA
[21:24:44.166] [INFO ] [GL_GraphicsCommandsList:63] AAA
[21:24:44.166] [INFO ] [GL_GraphicsCommandsList:63] AAA
[21:24:44.167] [INFO ] [GL_GraphicsCommandsList:63] AAA
[21:24:44.167] [INFO ] [GL_GraphicsCommandsList:63] AAA
[21:24:44.167] [INFO ] [GL_GraphicsCommandsList:63] AAA
[21:24:44.167] [INFO ] [GL_GraphicsCommandsList:63] AAA
[21:24:44.167] [INFO ] [GL_GraphicsCommandsList:63] AAA
[21:24:44.167] [INFO ] [GL_GraphicsCommandsList:63] AAA
[21:24:44.168] [INFO ] [GL_GraphicsCommandsList:63] AAA
[21:24:44.168] [INFO ] [GL_GraphicsCommandsList:63] AAA
[21:24:44.168] [INFO ] [GL_GraphicsCommandsList:63] AAA
[21:24:44.168] [INFO ] [GL_GraphicsCommandsList:63] AAA
[21:24:44.168] [INFO ] [GL_GraphicsCommandsList:63] AAA
[21:24:44.171] [INFO ] [GL_GraphicsCommandsList:63] AAA
[21:24:44.171] [INFO ] [GL_GraphicsCommandsList:63] AAA
[21:24:44.171] [INFO ] [GL_GraphicsCommandsList:63] AAA
[21:24:44.171] [INFO ] [GL_GraphicsCommandsList:63] AAA
[21:24:44.172] [INFO ] [GL_GraphicsCommandsList:63] AAA
[21:24:44.172] [INFO ] [GL_GraphicsCommandsList:63] AAA
[21:24:44.172] [INFO ] [GL_GraphicsCommandsList:63] AAA
[21:24:44.172] [INFO ] [GL_GraphicsCommandsList:63] AAA
[21:24:44.172] [INFO ] [GL_GraphicsCommandsList:63] AAA
[21:24:44.173] [INFO ] [GL_GraphicsCommandsList:63] AAA
[21:24:44.173] [INFO ] [GL_GraphicsCommandsList:63] AAA
[21:24:44.173] [INFO ] [GL_GraphicsCommandsList:63] AAA
[21:24:44.173] [INFO ] [GL_GraphicsCommandsList:63] AAA
[21:24:44.174] [INFO ] [GL_GraphicsCommandsList:63] AAA
[21:24:44.174] [INFO ] [GL_GraphicsCommandsList:63] AAA
[21:24:44.174] [INFO ] [GL_GraphicsCommandsList:63] AAA
[21:24:44.174] [INFO ] [GL_GraphicsCommandsList:63] AAA
[21:24:44.183] [INFO ] [GL_GraphicsCommandsList:63] AAA
[21:24:44.183] [INFO ] [GL_GraphicsCommandsList:63] AAA
[21:24:44.184] [INFO ] [GL_GraphicsCommandsList:63] AAA
[21:24:44.184] [INFO ] [GL_GraphicsCommandsList:63] AAA
[21:24:44.184] [INFO ] [GL_GraphicsCommandsList:63] AAA
[21:24:44.184] [INFO ] [GL_GraphicsCommandsList:63] AAA
[21:24:44.184] [INFO ] [GL_GraphicsCommandsList:63] AAA
[21:24:44.185] [INFO ] [GL_GraphicsCommandsList:63] AAA
[21:24:44.185] [INFO ] [GL_GraphicsCommandsList:63] AAA
[21:24:44.185] [INFO ] [GL_GraphicsCommandsList:63] AAA
[21:24:44.185] [INFO ] [GL_GraphicsCommandsList:63] AAA
[21:24:44.186] [INFO ] [GL_GraphicsCommandsList:63] AAA
[21:24:44.186] [INFO ] [GL_GraphicsCommandsList:63] AAA
[21:24:44.186] [INFO ] [GL_GraphicsCommandsList:63] AAA
[21:24:44.186] [INFO ] [GL_GraphicsCommandsList:63] AAA
[21:24:44.187] [INFO ] [GL_GraphicsCommandsList:63] AAA
[21:24:44.187] [INFO ] [GL_GraphicsCommandsList:63] AAA
[21:24:44.188] [INFO ] [GL_GraphicsCommandsList:63] AAA
[21:24:44.188] [INFO ] [GL_GraphicsCommandsList:63] AAA
[21:24:44.188] [INFO ] [GL_GraphicsCommandsList:63] AAA
[21:24:44.189] [INFO ] [GL_GraphicsCommandsList:63] AAA
[21:24:44.189] [INFO ] [GL_GraphicsCommandsList:63] AAA
[21:24:44.189] [INFO ] [GL_GraphicsCommandsList:63] AAA
[21:24:44.189] [INFO ] [GL_GraphicsCommandsList:63] AAA
[21:24:44.190] [INFO ] [GL_GraphicsCommandsList:63] AAA
[21:24:44.190] [INFO ] [GL_GraphicsCommandsList:63] AAA
[21:24:44.190] [INFO ] [GL_GraphicsCommandsList:63] AAA
[21:24:44.190] [INFO ] [GL_GraphicsCommandsList:63] AAA
[21:24:44.190] [INFO ] [GL_GraphicsCommandsList:63] AAA
[21:24:44.190] [INFO ] [GL_GraphicsCommandsList:63] AAA
[21:24:44.191] [INFO ] [GL_GraphicsCommandsList:63] AAA
[21:24:44.191] [INFO ] [GL_GraphicsCommandsList:63] AAA
[21:24:44.191] [INFO ] [GL_GraphicsCommandsList:63] AAA
[21:24:44.191] [INFO ] [GL_GraphicsCommandsList:63] AAA
[21:24:44.192] [INFO ] [GL_GraphicsCommandsList:63] AAA
[21:24:44.192] [INFO ] [GL_GraphicsCommandsList:63] AAA
[21:24:44.192] [INFO ] [GL_GraphicsCommandsList:63] AAA
[21:24:44.192] [INFO ] [GL_GraphicsCommandsList:63] AAA
[21:24:44.192] [INFO ] [GL_GraphicsCommandsList:63] AAA
[21:24:44.193] [INFO ] [GL_GraphicsCommandsList:63] AAA
[21:24:44.193] [INFO ] [GL_GraphicsCommandsList:63] AAA
[21:24:44.193] [INFO ] [GL_GraphicsCommandsList:63] AAA
[21:24:44.193] [INFO ] [GL_GraphicsCommandsList:63] AAA
[21:24:44.193] [INFO ] [GL_GraphicsCommandsList:63] AAA
[21:24:44.194] [INFO ] [GL_GraphicsCommandsList:63] AAA
[21:24:44.194] [INFO ] [GL_GraphicsCommandsList:63] AAA
[21:24:44.194] [INFO ] [GL_GraphicsCommandsList:63] AAA
[21:24:44.194] [INFO ] [GL_GraphicsCommandsList:63] AAA
[21:24:44.194] [INFO ] [GL_GraphicsCommandsList:63] AAA
[21:24:44.195] [INFO ] [GL_GraphicsCommandsList:63] AAA
[21:24:44.195] [INFO ] [GL_GraphicsCommandsList:63] AAA
[21:24:44.195] [INFO ] [GL_GraphicsCommandsList:63] AAA
[21:24:44.195] [INFO ] [GL_GraphicsCommandsList:63] AAA
[21:24:44.196] [INFO ] [GL_GraphicsCommandsList:63] AAA
[21:24:44.196] [INFO ] [GL_GraphicsCommandsList:63] AAA
[21:24:44.196] [INFO ] [GL_GraphicsCommandsList:63] AAA
[21:24:44.196] [INFO ] [GL_GraphicsCommandsList:63] AAA
[21:24:44.196] [INFO ] [GL_GraphicsCommandsList:63] AAA
[21:24:44.196] [INFO ] [GL_GraphicsCommandsList:63] AAA
[21:24:44.197] [INFO ] [GL_GraphicsCommandsList:63] AAA
[21:24:44.197] [INFO ] [GL_GraphicsCommandsList:63] AAA
[21:24:44.197] [INFO ] [GL_GraphicsCommandsList:63] AAA
[21:24:44.197] [INFO ] [GL_GraphicsCommandsList:63] AAA
[21:24:44.198] [INFO ] [GL_GraphicsCommandsList:63] AAA
[21:24:44.198] [INFO ] [GL_GraphicsCommandsList:63] AAA
[21:24:44.198] [INFO ] [GL_GraphicsCommandsList:63] AAA
[21:24:44.198] [INFO ] [GL_GraphicsCommandsList:63] AAA
[21:24:44.199] [INFO ] [GL_GraphicsCommandsList:63] AAA
[21:24:44.201] [INFO ] [GL_GraphicsCommandsList:63] AAA
[21:24:44.201] [INFO ] [GL_GraphicsCommandsList:63] AAA
[21:24:44.201] [INFO ] [GL_GraphicsCommandsList:63] AAA
[21:24:44.201] [INFO ] [GL_GraphicsCommandsList:63] AAA
[21:24:44.202] [INFO ] [GL_GraphicsCommandsList:63] AAA
[21:24:44.202] [INFO ] [GL_GraphicsCommandsList:63] AAA
[21:24:44.202] [INFO ] [GL_GraphicsCommandsList:63] AAA
[21:24:44.202] [INFO ] [GL_GraphicsCommandsList:63] AAA
[21:24:44.202] [INFO ] [GL_GraphicsCommandsList:63] AAA
[21:24:44.203] [INFO ] [GL_GraphicsCommandsList:63] AAA
[21:24:44.203] [INFO ] [GL_GraphicsCommandsList:63] AAA
[21:24:44.203] [INFO ] [GL_GraphicsCommandsList:63] AAA
[21:24:44.203] [INFO ] [GL_GraphicsCommandsList:63] AAA
[21:24:44.203] [INFO ] [GL_GraphicsCommandsList:63] AAA
[21:24:44.204] [INFO ] [GL_GraphicsCommandsList:63] AAA
[21:24:44.204] [INFO ] [GL_GraphicsCommandsList:63] AAA
[21:24:44.204] [INFO ] [GL_GraphicsCommandsList:63] AAA
[21:24:44.207] [INFO ] [GL_GraphicsCommandsList:63] AAA
[21:24:44.208] [INFO ] [GL_GraphicsCommandsList:63] AAA
[21:24:44.208] [INFO ] [GL_GraphicsCommandsList:63] AAA
[21:24:44.208] [INFO ] [GL_GraphicsCommandsList:63] AAA
[21:24:44.208] [INFO ] [GL_GraphicsCommandsList:63] AAA
[21:24:44.208] [INFO ] [GL_GraphicsCommandsList:63] AAA
[21:24:44.209] [INFO ] [GL_GraphicsCommandsList:63] AAA
[21:24:44.209] [INFO ] [GL_GraphicsCommandsList:63] AAA
[21:24:44.209] [INFO ] [GL_GraphicsCommandsList:63] AAA
[21:24:44.209] [INFO ] [GL_GraphicsCommandsList:63] AAA
[21:24:44.209] [INFO ] [GL_GraphicsCommandsList:63] AAA
[21:24:44.210] [INFO ] [GL_GraphicsCommandsList:63] AAA
[21:24:44.210] [INFO ] [GL_GraphicsCommandsList:63] AAA
[21:24:44.210] [INFO ] [GL_GraphicsCommandsList:63] AAA
[21:24:44.210] [INFO ] [GL_GraphicsCommandsList:63] AAA
[21:24:44.210] [INFO ] [GL_GraphicsCommandsList:63] AAA
[21:24:44.211] [INFO ] [GL_GraphicsCommandsList:63] AAA
[21:24:44.213] [INFO ] [GL_GraphicsCommandsList:63] AAA
[21:24:44.213] [INFO ] [GL_GraphicsCommandsList:63] AAA
[21:24:44.213] [INFO ] [GL_GraphicsCommandsList:63] AAA
[21:24:44.214] [INFO ] [GL_GraphicsCommandsList:63] AAA
[21:24:44.214] [INFO ] [GL_GraphicsCommandsList:63] AAA
[21:24:44.214] [INFO ] [GL_GraphicsCommandsList:63] AAA
[21:24:44.214] [INFO ] [GL_GraphicsCommandsList:63] AAA
[21:24:44.214] [INFO ] [GL_GraphicsCommandsList:63] AAA
[21:24:44.215] [INFO ] [GL_GraphicsCommandsList:63] AAA
[21:24:44.215] [INFO ] [GL_GraphicsCommandsList:63] AAA
[21:24:44.215] [INFO ] [GL_GraphicsCommandsList:63] AAA
[21:24:44.215] [INFO ] [GL_GraphicsCommandsList:63] AAA
[21:24:44.215] [INFO ] [GL_GraphicsCommandsList:63] AAA
[21:24:44.216] [INFO ] [GL_GraphicsCommandsList:63] AAA
[21:24:44.216] [INFO ] [GL_GraphicsCommandsList:63] AAA
[21:24:44.216] [INFO ] [GL_GraphicsCommandsList:63] AAA
[21:24:44.216] [INFO ] [GL_GraphicsCommandsList:63] AAA
[21:24:44.219] [INFO ] [GL_GraphicsCommandsList:63] AAA
[21:24:44.219] [INFO ] [GL_GraphicsCommandsList:63] AAA
[21:24:44.220] [INFO ] [GL_GraphicsCommandsList:63] AAA
[21:24:44.220] [INFO ] [GL_GraphicsCommandsList:63] AAA
[21:24:44.220] [INFO ] [GL_GraphicsCommandsList:63] AAA
[21:24:44.221] [INFO ] [GL_GraphicsCommandsList:63] AAA
[21:24:44.221] [INFO ] [GL_GraphicsCommandsList:63] AAA
[21:24:44.221] [INFO ] [GL_GraphicsCommandsList:63] AAA
[21:24:44.221] [INFO ] [GL_GraphicsCommandsList:63] AAA
[21:24:44.221] [INFO ] [GL_GraphicsCommandsList:63] AAA
[21:24:44.222] [INFO ] [GL_GraphicsCommandsList:63] AAA
[21:24:44.222] [INFO ] [GL_GraphicsCommandsList:63] AAA
[21:24:44.222] [INFO ] [GL_GraphicsCommandsList:63] AAA
[21:24:44.222] [INFO ] [GL_GraphicsCommandsList:63] AAA
[21:24:44.222] [INFO ] [GL_GraphicsCommandsList:63] AAA
[21:24:44.223] [INFO ] [GL_GraphicsCommandsList:63] AAA
[21:24:44.223] [INFO ] [GL_GraphicsCommandsList:63] AAA
[21:24:44.225] [INFO ] [GL_GraphicsCommandsList:63] AAA
[21:24:44.225] [INFO ] [GL_GraphicsCommandsList:63] AAA
[21:24:44.225] [INFO ] [GL_GraphicsCommandsList:63] AAA
[21:24:44.226] [INFO ] [GL_GraphicsCommandsList:63] AAA
[21:24:44.226] [INFO ] [GL_GraphicsCommandsList:63] AAA
[21:24:44.226] [INFO ] [GL_GraphicsCommandsList:63] AAA
[21:24:44.226] [INFO ] [GL_GraphicsCommandsList:63] AAA
[21:24:44.227] [INFO ] [GL_GraphicsCommandsList:63] AAA
[21:24:44.227] [INFO ] [GL_GraphicsCommandsList:63] AAA
[21:24:44.227] [INFO ] [GL_GraphicsCommandsList:63] AAA
[21:24:44.227] [INFO ] [GL_GraphicsCommandsList:63] AAA
[21:24:44.227] [INFO ] [GL_GraphicsCommandsList:63] AAA
[21:24:44.228] [INFO ] [GL_GraphicsCommandsList:63] AAA
[21:24:44.228] [INFO ] [GL_GraphicsCommandsList:63] AAA
[21:24:44.228] [INFO ] [GL_GraphicsCommandsList:63] AAA
[21:24:44.228] [INFO ] [GL_GraphicsCommandsList:63] AAA
[21:24:44.228] [INFO ] [GL_GraphicsCommandsList:63] AAA
[21:24:44.231] [INFO ] [GL_GraphicsCommandsList:63] AAA
[21:24:44.231] [INFO ] [GL_GraphicsCommandsList:63] AAA
[21:24:44.231] [INFO ] [GL_GraphicsCommandsList:63] AAA
[21:24:44.232] [INFO ] [GL_GraphicsCommandsList:63] AAA
[21:24:44.232] [INFO ] [GL_GraphicsCommandsList:63] AAA
[21:24:44.232] [INFO ] [GL_GraphicsCommandsList:63] AAA
[21:24:44.232] [INFO ] [GL_GraphicsCommandsList:63] AAA
[21:24:44.233] [INFO ] [GL_GraphicsCommandsList:63] AAA
[21:24:44.233] [INFO ] [GL_GraphicsCommandsList:63] AAA
[21:24:44.233] [INFO ] [GL_GraphicsCommandsList:63] AAA
[21:24:44.233] [INFO ] [GL_GraphicsCommandsList:63] AAA
[21:24:44.233] [INFO ] [GL_GraphicsCommandsList:63] AAA
[21:24:44.233] [INFO ] [GL_GraphicsCommandsList:63] AAA
[21:24:44.234] [INFO ] [GL_GraphicsCommandsList:63] AAA
[21:24:44.234] [INFO ] [GL_GraphicsCommandsList:63] AAA
[21:24:44.234] [INFO ] [GL_GraphicsCommandsList:63] AAA
[21:24:44.234] [INFO ] [GL_GraphicsCommandsList:63] AAA
[21:24:44.237] [INFO ] [GL_GraphicsCommandsList:63] AAA
[21:24:44.238] [INFO ] [GL_GraphicsCommandsList:63] AAA
[21:24:44.238] [INFO ] [GL_GraphicsCommandsList:63] AAA
[21:24:44.238] [INFO ] [GL_GraphicsCommandsList:63] AAA
[21:24:44.238] [INFO ] [GL_GraphicsCommandsList:63] AAA
[21:24:44.239] [INFO ] [GL_GraphicsCommandsList:63] AAA
[21:24:44.239] [INFO ] [GL_GraphicsCommandsList:63] AAA
[21:24:44.239] [INFO ] [GL_GraphicsCommandsList:63] AAA
[21:24:44.239] [INFO ] [GL_GraphicsCommandsList:63] AAA
[21:24:44.239] [INFO ] [GL_GraphicsCommandsList:63] AAA
[21:24:44.240] [INFO ] [GL_GraphicsCommandsList:63] AAA
[21:24:44.240] [INFO ] [GL_GraphicsCommandsList:63] AAA
[21:24:44.240] [INFO ] [GL_GraphicsCommandsList:63] AAA
[21:24:44.240] [INFO ] [GL_GraphicsCommandsList:63] AAA
[21:24:44.240] [INFO ] [GL_GraphicsCommandsList:63] AAA
[21:24:44.241] [INFO ] [GL_GraphicsCommandsList:63] AAA
[21:24:44.241] [INFO ] [GL_GraphicsCommandsList:63] AAA
[21:24:44.243] [INFO ] [GL_GraphicsCommandsList:63] AAA
[21:24:44.244] [INFO ] [GL_GraphicsCommandsList:63] AAA
[21:24:44.244] [INFO ] [GL_GraphicsCommandsList:63] AAA
[21:24:44.244] [INFO ] [GL_GraphicsCommandsList:63] AAA
[21:24:44.244] [INFO ] [GL_GraphicsCommandsList:63] AAA
[21:24:44.245] [INFO ] [GL_GraphicsCommandsList:63] AAA
[21:24:44.245] [INFO ] [GL_GraphicsCommandsList:63] AAA
[21:24:44.245] [INFO ] [GL_GraphicsCommandsList:63] AAA
[21:24:44.245] [INFO ] [GL_GraphicsCommandsList:63] AAA
[21:24:44.245] [INFO ] [GL_GraphicsCommandsList:63] AAA
[21:24:44.245] [INFO ] [GL_GraphicsCommandsList:63] AAA
[21:24:44.246] [INFO ] [GL_GraphicsCommandsList:63] AAA
[21:24:44.246] [INFO ] [GL_GraphicsCommandsList:63] AAA
[21:24:44.246] [INFO ] [GL_GraphicsCommandsList:63] AAA
[21:24:44.246] [INFO ] [GL_GraphicsCommandsList:63] AAA
[21:24:44.246] [INFO ] [GL_GraphicsCommandsList:63] AAA
[21:24:44.247] [INFO ] [GL_GraphicsCommandsList:63] AAA
[21:24:44.250] [INFO ] [GL_GraphicsCommandsList:63] AAA
[21:24:44.250] [INFO ] [GL_GraphicsCommandsList:63] AAA
[21:24:44.250] [INFO ] [GL_GraphicsCommandsList:63] AAA
[21:24:44.250] [INFO ] [GL_GraphicsCommandsList:63] AAA
[21:24:44.251] [INFO ] [GL_GraphicsCommandsList:63] AAA
[21:24:44.251] [INFO ] [GL_GraphicsCommandsList:63] AAA
[21:24:44.251] [INFO ] [GL_GraphicsCommandsList:63] AAA
[21:24:44.251] [INFO ] [GL_GraphicsCommandsList:63] AAA
[21:24:44.251] [INFO ] [GL_GraphicsCommandsList:63] AAA
[21:24:44.252] [INFO ] [GL_GraphicsCommandsList:63] AAA
[21:24:44.252] [INFO ] [GL_GraphicsCommandsList:63] AAA
[21:24:44.252] [INFO ] [GL_GraphicsCommandsList:63] AAA
[21:24:44.252] [INFO ] [GL_GraphicsCommandsList:63] AAA
[21:24:44.252] [INFO ] [GL_GraphicsCommandsList:63] AAA
[21:24:44.253] [INFO ] [GL_GraphicsCommandsList:63] AAA
[21:24:44.253] [INFO ] [GL_GraphicsCommandsList:63] AAA
[21:24:44.253] [INFO ] [GL_GraphicsCommandsList:63] AAA
[21:24:44.256] [INFO ] [GL_GraphicsCommandsList:63] AAA
[21:24:44.256] [INFO ] [GL_GraphicsCommandsList:63] AAA
[21:24:44.256] [INFO ] [GL_GraphicsCommandsList:63] AAA
[21:24:44.257] [INFO ] [GL_GraphicsCommandsList:63] AAA
[21:24:44.257] [INFO ] [GL_GraphicsCommandsList:63] AAA
[21:24:44.257] [INFO ] [GL_GraphicsCommandsList:63] AAA
[21:24:44.257] [INFO ] [GL_GraphicsCommandsList:63] AAA
[21:24:44.257] [INFO ] [GL_GraphicsCommandsList:63] AAA
[21:24:44.258] [INFO ] [GL_GraphicsCommandsList:63] AAA
[21:24:44.258] [INFO ] [GL_GraphicsCommandsList:63] AAA
[21:24:44.258] [INFO ] [GL_GraphicsCommandsList:63] AAA
[21:24:44.258] [INFO ] [GL_GraphicsCommandsList:63] AAA
[21:24:44.258] [INFO ] [GL_GraphicsCommandsList:63] AAA
[21:24:44.259] [INFO ] [GL_GraphicsCommandsList:63] AAA
[21:24:44.259] [INFO ] [GL_GraphicsCommandsList:63] AAA
[21:24:44.259] [INFO ] [GL_GraphicsCommandsList:63] AAA
[21:24:44.259] [INFO ] [GL_GraphicsCommandsList:63] AAA
[21:24:44.261] [INFO ] [GL_GraphicsCommandsList:63] AAA
[21:24:44.262] [INFO ] [GL_GraphicsCommandsList:63] AAA
[21:24:44.262] [INFO ] [GL_GraphicsCommandsList:63] AAA
[21:24:44.262] [INFO ] [GL_GraphicsCommandsList:63] AAA
[21:24:44.262] [INFO ] [GL_GraphicsCommandsList:63] AAA
[21:24:44.262] [INFO ] [GL_GraphicsCommandsList:63] AAA
[21:24:44.263] [INFO ] [GL_GraphicsCommandsList:63] AAA
[21:24:44.263] [INFO ] [GL_GraphicsCommandsList:63] AAA
[21:24:44.263] [INFO ] [GL_GraphicsCommandsList:63] AAA
[21:24:44.263] [INFO ] [GL_GraphicsCommandsList:63] AAA
[21:24:44.264] [INFO ] [GL_GraphicsCommandsList:63] AAA
[21:24:44.264] [INFO ] [GL_GraphicsCommandsList:63] AAA
[21:24:44.264] [INFO ] [GL_GraphicsCommandsList:63] AAA
[21:24:44.264] [INFO ] [GL_GraphicsCommandsList:63] AAA
[21:24:44.265] [INFO ] [GL_GraphicsCommandsList:63] AAA
[21:24:44.265] [INFO ] [GL_GraphicsCommandsList:63] AAA
[21:24:44.265] [INFO ] [GL_GraphicsCommandsList:63] AAA
[21:24:44.268] [INFO ] [GL_GraphicsCommandsList:63] AAA
[21:24:44.268] [INFO ] [GL_GraphicsCommandsList:63] AAA
[21:24:44.268] [INFO ] [GL_GraphicsCommandsList:63] AAA
[21:24:44.268] [INFO ] [GL_GraphicsCommandsList:63] AAA
[21:24:44.268] [INFO ] [GL_GraphicsCommandsList:63] AAA
[21:24:44.269] [INFO ] [GL_GraphicsCommandsList:63] AAA
[21:24:44.269] [INFO ] [GL_GraphicsCommandsList:63] AAA
[21:24:44.269] [INFO ] [GL_GraphicsCommandsList:63] AAA
[21:24:44.269] [INFO ] [GL_GraphicsCommandsList:63] AAA
[21:24:44.269] [INFO ] [GL_GraphicsCommandsList:63] AAA
[21:24:44.270] [INFO ] [GL_GraphicsCommandsList:63] AAA
[21:24:44.270] [INFO ] [GL_GraphicsCommandsList:63] AAA
[21:24:44.270] [INFO ] [GL_GraphicsCommandsList:63] AAA
[21:24:44.270] [INFO ] [GL_GraphicsCommandsList:63] AAA
[21:24:44.270] [INFO ] [GL_GraphicsCommandsList:63] AAA
[21:24:44.271] [INFO ] [GL_GraphicsCommandsList:63] AAA
[21:24:44.271] [INFO ] [GL_GraphicsCommandsList:63] AAA
[21:24:44.273] [INFO ] [GL_GraphicsCommandsList:63] AAA
[21:24:44.274] [INFO ] [GL_GraphicsCommandsList:63] AAA
[21:24:44.274] [INFO ] [GL_GraphicsCommandsList:63] AAA
[21:24:44.274] [INFO ] [GL_GraphicsCommandsList:63] AAA
[21:24:44.275] [INFO ] [GL_GraphicsCommandsList:63] AAA
[21:24:44.275] [INFO ] [GL_GraphicsCommandsList:63] AAA
[21:24:44.275] [INFO ] [GL_GraphicsCommandsList:63] AAA
[21:24:44.275] [INFO ] [GL_GraphicsCommandsList:63] AAA
[21:24:44.275] [INFO ] [GL_GraphicsCommandsList:63] AAA
[21:24:44.275] [INFO ] [GL_GraphicsCommandsList:63] AAA
[21:24:44.276] [INFO ] [GL_GraphicsCommandsList:63] AAA
[21:24:44.276] [INFO ] [GL_GraphicsCommandsList:63] AAA
[21:24:44.276] [INFO ] [GL_GraphicsCommandsList:63] AAA
[21:24:44.276] [INFO ] [GL_GraphicsCommandsList:63] AAA
[21:24:44.276] [INFO ] [GL_GraphicsCommandsList:63] AAA
[21:24:44.277] [INFO ] [GL_GraphicsCommandsList:63] AAA
[21:24:44.277] [INFO ] [GL_GraphicsCommandsList:63] AAA
[21:24:44.280] [INFO ] [GL_GraphicsCommandsList:63] AAA
[21:24:44.280] [INFO ] [GL_GraphicsCommandsList:63] AAA
[21:24:44.280] [INFO ] [GL_GraphicsCommandsList:63] AAA
[21:24:44.281] [INFO ] [GL_GraphicsCommandsList:63] AAA
[21:24:44.281] [INFO ] [GL_GraphicsCommandsList:63] AAA
[21:24:44.281] [INFO ] [GL_GraphicsCommandsList:63] AAA
[21:24:44.281] [INFO ] [GL_GraphicsCommandsList:63] AAA
[21:24:44.281] [INFO ] [GL_GraphicsCommandsList:63] AAA
[21:24:44.281] [INFO ] [GL_GraphicsCommandsList:63] AAA
[21:24:44.282] [INFO ] [GL_GraphicsCommandsList:63] AAA
[21:24:44.282] [INFO ] [GL_GraphicsCommandsList:63] AAA
[21:24:44.282] [INFO ] [GL_GraphicsCommandsList:63] AAA
[21:24:44.282] [INFO ] [GL_GraphicsCommandsList:63] AAA
[21:24:44.282] [INFO ] [GL_GraphicsCommandsList:63] AAA
[21:24:44.283] [INFO ] [GL_GraphicsCommandsList:63] AAA
[21:24:44.283] [INFO ] [GL_GraphicsCommandsList:63] AAA
[21:24:44.283] [INFO ] [GL_GraphicsCommandsList:63] AAA
[21:24:44.286] [INFO ] [GL_GraphicsCommandsList:63] AAA
[21:24:44.286] [INFO ] [GL_GraphicsCommandsList:63] AAA
[21:24:44.286] [INFO ] [GL_GraphicsCommandsList:63] AAA
[21:24:44.286] [INFO ] [GL_GraphicsCommandsList:63] AAA
[21:24:44.287] [INFO ] [GL_GraphicsCommandsList:63] AAA
[21:24:44.287] [INFO ] [GL_GraphicsCommandsList:63] AAA
[21:24:44.287] [INFO ] [GL_GraphicsCommandsList:63] AAA
[21:24:44.287] [INFO ] [GL_GraphicsCommandsList:63] AAA
[21:24:44.288] [INFO ] [GL_GraphicsCommandsList:63] AAA
[21:24:44.288] [INFO ] [GL_GraphicsCommandsList:63] AAA
[21:24:44.288] [INFO ] [GL_GraphicsCommandsList:63] AAA
[21:24:44.288] [INFO ] [GL_GraphicsCommandsList:63] AAA
[21:24:44.288] [INFO ] [GL_GraphicsCommandsList:63] AAA
[21:24:44.289] [INFO ] [GL_GraphicsCommandsList:63] AAA
[21:24:44.289] [INFO ] [GL_GraphicsCommandsList:63] AAA
[21:24:44.289] [INFO ] [GL_GraphicsCommandsList:63] AAA
[21:24:44.289] [INFO ] [GL_GraphicsCommandsList:63] AAA
[21:24:44.292] [INFO ] [GL_GraphicsCommandsList:63] AAA
[21:24:44.292] [INFO ] [GL_GraphicsCommandsList:63] AAA
[21:24:44.293] [INFO ] [GL_GraphicsCommandsList:63] AAA
[21:24:44.293] [INFO ] [GL_GraphicsCommandsList:63] AAA
[21:24:44.293] [INFO ] [GL_GraphicsCommandsList:63] AAA
[21:24:44.293] [INFO ] [GL_GraphicsCommandsList:63] AAA
[21:24:44.293] [INFO ] [GL_GraphicsCommandsList:63] AAA
[21:24:44.294] [INFO ] [GL_GraphicsCommandsList:63] AAA
[21:24:44.294] [INFO ] [GL_GraphicsCommandsList:63] AAA
[21:24:44.294] [INFO ] [GL_GraphicsCommandsList:63] AAA
[21:24:44.294] [INFO ] [GL_GraphicsCommandsList:63] AAA
[21:24:44.294] [INFO ] [GL_GraphicsCommandsList:63] AAA
[21:24:44.295] [INFO ] [GL_GraphicsCommandsList:63] AAA
[21:24:44.295] [INFO ] [GL_GraphicsCommandsList:63] AAA
[21:24:44.295] [INFO ] [GL_GraphicsCommandsList:63] AAA
[21:24:44.295] [INFO ] [GL_GraphicsCommandsList:63] AAA
[21:24:44.295] [INFO ] [GL_GraphicsCommandsList:63] AAA
[21:24:44.298] [INFO ] [GL_GraphicsCommandsList:63] AAA
[21:24:44.298] [INFO ] [GL_GraphicsCommandsList:63] AAA
[21:24:44.299] [INFO ] [GL_GraphicsCommandsList:63] AAA
[21:24:44.299] [INFO ] [GL_GraphicsCommandsList:63] AAA
[21:24:44.299] [INFO ] [GL_GraphicsCommandsList:63] AAA
[21:24:44.299] [INFO ] [GL_GraphicsCommandsList:63] AAA
[21:24:44.299] [INFO ] [GL_GraphicsCommandsList:63] AAA
[21:24:44.300] [INFO ] [GL_GraphicsCommandsList:63] AAA
[21:24:44.300] [INFO ] [GL_GraphicsCommandsList:63] AAA
[21:24:44.300] [INFO ] [GL_GraphicsCommandsList:63] AAA
[21:24:44.300] [INFO ] [GL_GraphicsCommandsList:63] AAA
[21:24:44.300] [INFO ] [GL_GraphicsCommandsList:63] AAA
[21:24:44.301] [INFO ] [GL_GraphicsCommandsList:63] AAA
[21:24:44.301] [INFO ] [GL_GraphicsCommandsList:63] AAA
[21:24:44.301] [INFO ] [GL_GraphicsCommandsList:63] AAA
[21:24:44.301] [INFO ] [GL_GraphicsCommandsList:63] AAA
[21:24:44.301] [INFO ] [GL_GraphicsCommandsList:63] AAA
[21:24:44.304] [INFO ] [GL_GraphicsCommandsList:63] AAA
[21:24:44.304] [INFO ] [GL_GraphicsCommandsList:63] AAA
[21:24:44.304] [INFO ] [GL_GraphicsCommandsList:63] AAA
[21:24:44.305] [INFO ] [GL_GraphicsCommandsList:63] AAA
[21:24:44.305] [INFO ] [GL_GraphicsCommandsList:63] AAA
[21:24:44.305] [INFO ] [GL_GraphicsCommandsList:63] AAA
[21:24:44.305] [INFO ] [GL_GraphicsCommandsList:63] AAA
[21:24:44.305] [INFO ] [GL_GraphicsCommandsList:63] AAA
[21:24:44.306] [INFO ] [GL_GraphicsCommandsList:63] AAA
[21:24:44.306] [INFO ] [GL_GraphicsCommandsList:63] AAA
[21:24:44.306] [INFO ] [GL_GraphicsCommandsList:63] AAA
[21:24:44.306] [INFO ] [GL_GraphicsCommandsList:63] AAA
[21:24:44.306] [INFO ] [GL_GraphicsCommandsList:63] AAA
[21:24:44.307] [INFO ] [GL_GraphicsCommandsList:63] AAA
[21:24:44.307] [INFO ] [GL_GraphicsCommandsList:63] AAA
[21:24:44.307] [INFO ] [GL_GraphicsCommandsList:63] AAA
[21:24:44.307] [INFO ] [GL_GraphicsCommandsList:63] AAA
[21:24:44.310] [INFO ] [GL_GraphicsCommandsList:63] AAA
[21:24:44.310] [INFO ] [GL_GraphicsCommandsList:63] AAA
[21:24:44.311] [INFO ] [GL_GraphicsCommandsList:63] AAA
[21:24:44.311] [INFO ] [GL_GraphicsCommandsList:63] AAA
[21:24:44.311] [INFO ] [GL_GraphicsCommandsList:63] AAA
[21:24:44.311] [INFO ] [GL_GraphicsCommandsList:63] AAA
[21:24:44.311] [INFO ] [GL_GraphicsCommandsList:63] AAA
[21:24:44.312] [INFO ] [GL_GraphicsCommandsList:63] AAA
[21:24:44.312] [INFO ] [GL_GraphicsCommandsList:63] AAA
[21:24:44.312] [INFO ] [GL_GraphicsCommandsList:63] AAA
[21:24:44.312] [INFO ] [GL_GraphicsCommandsList:63] AAA
[21:24:44.312] [INFO ] [GL_GraphicsCommandsList:63] AAA
[21:24:44.313] [INFO ] [GL_GraphicsCommandsList:63] AAA
[21:24:44.313] [INFO ] [GL_GraphicsCommandsList:63] AAA
[21:24:44.313] [INFO ] [GL_GraphicsCommandsList:63] AAA
[21:24:44.313] [INFO ] [GL_GraphicsCommandsList:63] AAA
[21:24:44.314] [INFO ] [GL_GraphicsCommandsList:63] AAA
[21:24:44.316] [INFO ] [GL_GraphicsCommandsList:63] AAA
[21:24:44.316] [INFO ] [GL_GraphicsCommandsList:63] AAA
[21:24:44.317] [INFO ] [GL_GraphicsCommandsList:63] AAA
[21:24:44.317] [INFO ] [GL_GraphicsCommandsList:63] AAA
[21:24:44.317] [INFO ] [GL_GraphicsCommandsList:63] AAA
[21:24:44.317] [INFO ] [GL_GraphicsCommandsList:63] AAA
[21:24:44.317] [INFO ] [GL_GraphicsCommandsList:63] AAA
[21:24:44.318] [INFO ] [GL_GraphicsCommandsList:63] AAA
[21:24:44.318] [INFO ] [GL_GraphicsCommandsList:63] AAA
[21:24:44.318] [INFO ] [GL_GraphicsCommandsList:63] AAA
[21:24:44.318] [INFO ] [GL_GraphicsCommandsList:63] AAA
[21:24:44.318] [INFO ] [GL_GraphicsCommandsList:63] AAA
[21:24:44.319] [INFO ] [GL_GraphicsCommandsList:63] AAA
[21:24:44.319] [INFO ] [GL_GraphicsCommandsList:63] AAA
[21:24:44.319] [INFO ] [GL_GraphicsCommandsList:63] AAA
[21:24:44.319] [INFO ] [GL_GraphicsCommandsList:63] AAA
[21:24:44.320] [INFO ] [GL_GraphicsCommandsList:63] AAA
[21:24:44.322] [INFO ] [GL_GraphicsCommandsList:63] AAA
[21:24:44.322] [INFO ] [GL_GraphicsCommandsList:63] AAA
[21:24:44.323] [INFO ] [GL_GraphicsCommandsList:63] AAA
[21:24:44.323] [INFO ] [GL_GraphicsCommandsList:63] AAA
[21:24:44.323] [INFO ] [GL_GraphicsCommandsList:63] AAA
[21:24:44.323] [INFO ] [GL_GraphicsCommandsList:63] AAA
[21:24:44.323] [INFO ] [GL_GraphicsCommandsList:63] AAA
[21:24:44.324] [INFO ] [GL_GraphicsCommandsList:63] AAA
[21:24:44.324] [INFO ] [GL_GraphicsCommandsList:63] AAA
[21:24:44.324] [INFO ] [GL_GraphicsCommandsList:63] AAA
[21:24:44.324] [INFO ] [GL_GraphicsCommandsList:63] AAA
[21:24:44.324] [INFO ] [GL_GraphicsCommandsList:63] AAA
[21:24:44.324] [INFO ] [GL_GraphicsCommandsList:63] AAA
[21:24:44.325] [INFO ] [GL_GraphicsCommandsList:63] AAA
[21:24:44.325] [INFO ] [GL_GraphicsCommandsList:63] AAA
[21:24:44.325] [INFO ] [GL_GraphicsCommandsList:63] AAA
[21:24:44.325] [INFO ] [GL_GraphicsCommandsList:63] AAA
[21:24:44.329] [INFO ] [GL_GraphicsCommandsList:63] AAA
[21:24:44.329] [INFO ] [GL_GraphicsCommandsList:63] AAA
[21:24:44.329] [INFO ] [GL_GraphicsCommandsList:63] AAA
[21:24:44.329] [INFO ] [GL_GraphicsCommandsList:63] AAA
[21:24:44.329] [INFO ] [GL_GraphicsCommandsList:63] AAA
[21:24:44.330] [INFO ] [GL_GraphicsCommandsList:63] AAA
[21:24:44.330] [INFO ] [GL_GraphicsCommandsList:63] AAA
[21:24:44.330] [INFO ] [GL_GraphicsCommandsList:63] AAA
[21:24:44.330] [INFO ] [GL_GraphicsCommandsList:63] AAA
[21:24:44.330] [INFO ] [GL_GraphicsCommandsList:63] AAA
[21:24:44.331] [INFO ] [GL_GraphicsCommandsList:63] AAA
[21:24:44.331] [INFO ] [GL_GraphicsCommandsList:63] AAA
[21:24:44.331] [INFO ] [GL_GraphicsCommandsList:63] AAA
[21:24:44.331] [INFO ] [GL_GraphicsCommandsList:63] AAA
[21:24:44.331] [INFO ] [GL_GraphicsCommandsList:63] AAA
[21:24:44.331] [INFO ] [GL_GraphicsCommandsList:63] AAA
[21:24:44.332] [INFO ] [GL_GraphicsCommandsList:63] AAA
[21:24:44.334] [INFO ] [GL_GraphicsCommandsList:63] AAA
[21:24:44.334] [INFO ] [GL_GraphicsCommandsList:63] AAA
[21:24:44.335] [INFO ] [GL_GraphicsCommandsList:63] AAA
[21:24:44.335] [INFO ] [GL_GraphicsCommandsList:63] AAA
[21:24:44.335] [INFO ] [GL_GraphicsCommandsList:63] AAA
[21:24:44.335] [INFO ] [GL_GraphicsCommandsList:63] AAA
[21:24:44.335] [INFO ] [GL_GraphicsCommandsList:63] AAA
[21:24:44.335] [INFO ] [GL_GraphicsCommandsList:63] AAA
[21:24:44.336] [INFO ] [GL_GraphicsCommandsList:63] AAA
[21:24:44.336] [INFO ] [GL_GraphicsCommandsList:63] AAA
[21:24:44.336] [INFO ] [GL_GraphicsCommandsList:63] AAA
[21:24:44.336] [INFO ] [GL_GraphicsCommandsList:63] AAA
[21:24:44.336] [INFO ] [GL_GraphicsCommandsList:63] AAA
[21:24:44.337] [INFO ] [GL_GraphicsCommandsList:63] AAA
[21:24:44.337] [INFO ] [GL_GraphicsCommandsList:63] AAA
[21:24:44.337] [INFO ] [GL_GraphicsCommandsList:63] AAA
[21:24:44.337] [INFO ] [GL_GraphicsCommandsList:63] AAA
[21:24:44.340] [INFO ] [GL_GraphicsCommandsList:63] AAA
[21:24:44.341] [INFO ] [GL_GraphicsCommandsList:63] AAA
[21:24:44.341] [INFO ] [GL_GraphicsCommandsList:63] AAA
[21:24:44.341] [INFO ] [GL_GraphicsCommandsList:63] AAA
[21:24:44.342] [INFO ] [GL_GraphicsCommandsList:63] AAA
[21:24:44.342] [INFO ] [GL_GraphicsCommandsList:63] AAA
[21:24:44.342] [INFO ] [GL_GraphicsCommandsList:63] AAA
[21:24:44.342] [INFO ] [GL_GraphicsCommandsList:63] AAA
[21:24:44.342] [INFO ] [GL_GraphicsCommandsList:63] AAA
[21:24:44.343] [INFO ] [GL_GraphicsCommandsList:63] AAA
[21:24:44.343] [INFO ] [GL_GraphicsCommandsList:63] AAA
[21:24:44.343] [INFO ] [GL_GraphicsCommandsList:63] AAA
[21:24:44.343] [INFO ] [GL_GraphicsCommandsList:63] AAA
[21:24:44.343] [INFO ] [GL_GraphicsCommandsList:63] AAA
[21:24:44.344] [INFO ] [GL_GraphicsCommandsList:63] AAA
[21:24:44.344] [INFO ] [GL_GraphicsCommandsList:63] AAA
[21:24:44.344] [INFO ] [GL_GraphicsCommandsList:63] AAA
[21:24:44.346] [INFO ] [GL_GraphicsCommandsList:63] AAA
[21:24:44.346] [INFO ] [GL_GraphicsCommandsList:63] AAA
[21:24:44.347] [INFO ] [GL_GraphicsCommandsList:63] AAA
[21:24:44.347] [INFO ] [GL_GraphicsCommandsList:63] AAA
[21:24:44.347] [INFO ] [GL_GraphicsCommandsList:63] AAA
[21:24:44.347] [INFO ] [GL_GraphicsCommandsList:63] AAA
[21:24:44.348] [INFO ] [GL_GraphicsCommandsList:63] AAA
[21:24:44.348] [INFO ] [GL_GraphicsCommandsList:63] AAA
[21:24:44.348] [INFO ] [GL_GraphicsCommandsList:63] AAA
[21:24:44.348] [INFO ] [GL_GraphicsCommandsList:63] AAA
[21:24:44.348] [INFO ] [GL_GraphicsCommandsList:63] AAA
[21:24:44.349] [INFO ] [GL_GraphicsCommandsList:63] AAA
[21:24:44.349] [INFO ] [GL_GraphicsCommandsList:63] AAA
[21:24:44.349] [INFO ] [GL_GraphicsCommandsList:63] AAA
[21:24:44.349] [INFO ] [GL_GraphicsCommandsList:63] AAA
[21:24:44.350] [INFO ] [GL_GraphicsCommandsList:63] AAA
[21:24:44.350] [INFO ] [GL_GraphicsCommandsList:63] AAA
[21:24:44.352] [INFO ] [GL_GraphicsCommandsList:63] AAA
[21:24:44.353] [INFO ] [GL_GraphicsCommandsList:63] AAA
[21:24:44.353] [INFO ] [GL_GraphicsCommandsList:63] AAA
[21:24:44.353] [INFO ] [GL_GraphicsCommandsList:63] AAA
[21:24:44.353] [INFO ] [GL_GraphicsCommandsList:63] AAA
[21:24:44.353] [INFO ] [GL_GraphicsCommandsList:63] AAA
[21:24:44.354] [INFO ] [GL_GraphicsCommandsList:63] AAA
[21:24:44.354] [INFO ] [GL_GraphicsCommandsList:63] AAA
[21:24:44.354] [INFO ] [GL_GraphicsCommandsList:63] AAA
[21:24:44.354] [INFO ] [GL_GraphicsCommandsList:63] AAA
[21:24:44.354] [INFO ] [GL_GraphicsCommandsList:63] AAA
[21:24:44.354] [INFO ] [GL_GraphicsCommandsList:63] AAA
[21:24:44.355] [INFO ] [GL_GraphicsCommandsList:63] AAA
[21:24:44.355] [INFO ] [GL_GraphicsCommandsList:63] AAA
[21:24:44.355] [INFO ] [GL_GraphicsCommandsList:63] AAA
[21:24:44.355] [INFO ] [GL_GraphicsCommandsList:63] AAA
[21:24:44.355] [INFO ] [GL_GraphicsCommandsList:63] AAA
[21:24:44.358] [INFO ] [GL_GraphicsCommandsList:63] AAA
[21:24:44.359] [INFO ] [GL_GraphicsCommandsList:63] AAA
[21:24:44.359] [INFO ] [GL_GraphicsCommandsList:63] AAA
[21:24:44.359] [INFO ] [GL_GraphicsCommandsList:63] AAA
[21:24:44.359] [INFO ] [GL_GraphicsCommandsList:63] AAA
[21:24:44.359] [INFO ] [GL_GraphicsCommandsList:63] AAA
[21:24:44.360] [INFO ] [GL_GraphicsCommandsList:63] AAA
[21:24:44.360] [INFO ] [GL_GraphicsCommandsList:63] AAA
[21:24:44.360] [INFO ] [GL_GraphicsCommandsList:63] AAA
[21:24:44.360] [INFO ] [GL_GraphicsCommandsList:63] AAA
[21:24:44.360] [INFO ] [GL_GraphicsCommandsList:63] AAA
[21:24:44.361] [INFO ] [GL_GraphicsCommandsList:63] AAA
[21:24:44.361] [INFO ] [GL_GraphicsCommandsList:63] AAA
[21:24:44.361] [INFO ] [GL_GraphicsCommandsList:63] AAA
[21:24:44.361] [INFO ] [GL_GraphicsCommandsList:63] AAA
[21:24:44.361] [INFO ] [GL_GraphicsCommandsList:63] AAA
[21:24:44.361] [INFO ] [GL_GraphicsCommandsList:63] AAA
[21:24:44.365] [INFO ] [GL_GraphicsCommandsList:63] AAA
[21:24:44.365] [INFO ] [GL_GraphicsCommandsList:63] AAA
[21:24:44.365] [INFO ] [GL_GraphicsCommandsList:63] AAA
[21:24:44.366] [INFO ] [GL_GraphicsCommandsList:63] AAA
[21:24:44.366] [INFO ] [GL_GraphicsCommandsList:63] AAA
[21:24:44.366] [INFO ] [GL_GraphicsCommandsList:63] AAA
[21:24:44.366] [INFO ] [GL_GraphicsCommandsList:63] AAA
[21:24:44.367] [INFO ] [GL_GraphicsCommandsList:63] AAA
[21:24:44.367] [INFO ] [GL_GraphicsCommandsList:63] AAA
[21:24:44.367] [INFO ] [GL_GraphicsCommandsList:63] AAA
[21:24:44.367] [INFO ] [GL_GraphicsCommandsList:63] AAA
[21:24:44.367] [INFO ] [GL_GraphicsCommandsList:63] AAA
[21:24:44.368] [INFO ] [GL_GraphicsCommandsList:63] AAA
[21:24:44.368] [INFO ] [GL_GraphicsCommandsList:63] AAA
[21:24:44.368] [INFO ] [GL_GraphicsCommandsList:63] AAA
[21:24:44.368] [INFO ] [GL_GraphicsCommandsList:63] AAA
[21:24:44.368] [INFO ] [GL_GraphicsCommandsList:63] AAA
[21:24:44.370] [INFO ] [GL_GraphicsCommandsList:63] AAA
[21:24:44.371] [INFO ] [GL_GraphicsCommandsList:63] AAA
[21:24:44.371] [INFO ] [GL_GraphicsCommandsList:63] AAA
[21:24:44.371] [INFO ] [GL_GraphicsCommandsList:63] AAA
[21:24:44.371] [INFO ] [GL_GraphicsCommandsList:63] AAA
[21:24:44.372] [INFO ] [GL_GraphicsCommandsList:63] AAA
[21:24:44.372] [INFO ] [GL_GraphicsCommandsList:63] AAA
[21:24:44.372] [INFO ] [GL_GraphicsCommandsList:63] AAA
[21:24:44.372] [INFO ] [GL_GraphicsCommandsList:63] AAA
[21:24:44.372] [INFO ] [GL_GraphicsCommandsList:63] AAA
[21:24:44.373] [INFO ] [GL_GraphicsCommandsList:63] AAA
[21:24:44.373] [INFO ] [GL_GraphicsCommandsList:63] AAA
[21:24:44.373] [INFO ] [GL_GraphicsCommandsList:63] AAA
[21:24:44.373] [INFO ] [GL_GraphicsCommandsList:63] AAA
[21:24:44.374] [INFO ] [GL_GraphicsCommandsList:63] AAA
[21:24:44.374] [INFO ] [GL_GraphicsCommandsList:63] AAA
[21:24:44.374] [INFO ] [GL_GraphicsCommandsList:63] AAA
[21:24:44.377] [INFO ] [GL_GraphicsCommandsList:63] AAA
[21:24:44.378] [INFO ] [GL_GraphicsCommandsList:63] AAA
[21:24:44.378] [INFO ] [GL_GraphicsCommandsList:63] AAA
[21:24:44.378] [INFO ] [GL_GraphicsCommandsList:63] AAA
[21:24:44.378] [INFO ] [GL_GraphicsCommandsList:63] AAA
[21:24:44.378] [INFO ] [GL_GraphicsCommandsList:63] AAA
[21:24:44.379] [INFO ] [GL_GraphicsCommandsList:63] AAA
[21:24:44.379] [INFO ] [GL_GraphicsCommandsList:63] AAA
[21:24:44.379] [INFO ] [GL_GraphicsCommandsList:63] AAA
[21:24:44.379] [INFO ] [GL_GraphicsCommandsList:63] AAA
[21:24:44.379] [INFO ] [GL_GraphicsCommandsList:63] AAA
[21:24:44.380] [INFO ] [GL_GraphicsCommandsList:63] AAA
[21:24:44.380] [INFO ] [GL_GraphicsCommandsList:63] AAA
[21:24:44.380] [INFO ] [GL_GraphicsCommandsList:63] AAA
[21:24:44.380] [INFO ] [GL_GraphicsCommandsList:63] AAA
[21:24:44.380] [INFO ] [GL_GraphicsCommandsList:63] AAA
[21:24:44.380] [INFO ] [GL_GraphicsCommandsList:63] AAA
[21:24:44.383] [INFO ] [GL_GraphicsCommandsList:63] AAA
[21:24:44.383] [INFO ] [GL_GraphicsCommandsList:63] AAA
[21:24:44.383] [INFO ] [GL_GraphicsCommandsList:63] AAA
[21:24:44.383] [INFO ] [GL_GraphicsCommandsList:63] AAA
[21:24:44.384] [INFO ] [GL_GraphicsCommandsList:63] AAA
[21:24:44.384] [INFO ] [GL_GraphicsCommandsList:63] AAA
[21:24:44.384] [INFO ] [GL_GraphicsCommandsList:63] AAA
[21:24:44.384] [INFO ] [GL_GraphicsCommandsList:63] AAA
[21:24:44.384] [INFO ] [GL_GraphicsCommandsList:63] AAA
[21:24:44.385] [INFO ] [GL_GraphicsCommandsList:63] AAA
[21:24:44.385] [INFO ] [GL_GraphicsCommandsList:63] AAA
[21:24:44.385] [INFO ] [GL_GraphicsCommandsList:63] AAA
[21:24:44.385] [INFO ] [GL_GraphicsCommandsList:63] AAA
[21:24:44.386] [INFO ] [GL_GraphicsCommandsList:63] AAA
[21:24:44.386] [INFO ] [GL_GraphicsCommandsList:63] AAA
[21:24:44.386] [INFO ] [GL_GraphicsCommandsList:63] AAA
[21:24:44.386] [INFO ] [GL_GraphicsCommandsList:63] AAA
[21:24:44.389] [INFO ] [GL_GraphicsCommandsList:63] AAA
[21:24:44.389] [INFO ] [GL_GraphicsCommandsList:63] AAA
[21:24:44.389] [INFO ] [GL_GraphicsCommandsList:63] AAA
[21:24:44.389] [INFO ] [GL_GraphicsCommandsList:63] AAA
[21:24:44.390] [INFO ] [GL_GraphicsCommandsList:63] AAA
[21:24:44.390] [INFO ] [GL_GraphicsCommandsList:63] AAA
[21:24:44.390] [INFO ] [GL_GraphicsCommandsList:63] AAA
[21:24:44.390] [INFO ] [GL_GraphicsCommandsList:63] AAA
[21:24:44.390] [INFO ] [GL_GraphicsCommandsList:63] AAA
[21:24:44.390] [INFO ] [GL_GraphicsCommandsList:63] AAA
[21:24:44.391] [INFO ] [GL_GraphicsCommandsList:63] AAA
[21:24:44.391] [INFO ] [GL_GraphicsCommandsList:63] AAA
[21:24:44.391] [INFO ] [GL_GraphicsCommandsList:63] AAA
[21:24:44.391] [INFO ] [GL_GraphicsCommandsList:63] AAA
[21:24:44.391] [INFO ] [GL_GraphicsCommandsList:63] AAA
[21:24:44.392] [INFO ] [GL_GraphicsCommandsList:63] AAA
[21:24:44.392] [INFO ] [GL_GraphicsCommandsList:63] AAA
[21:24:44.395] [INFO ] [GL_GraphicsCommandsList:63] AAA
[21:24:44.395] [INFO ] [GL_GraphicsCommandsList:63] AAA
[21:24:44.395] [INFO ] [GL_GraphicsCommandsList:63] AAA
[21:24:44.395] [INFO ] [GL_GraphicsCommandsList:63] AAA
[21:24:44.396] [INFO ] [GL_GraphicsCommandsList:63] AAA
[21:24:44.396] [INFO ] [GL_GraphicsCommandsList:63] AAA
[21:24:44.396] [INFO ] [GL_GraphicsCommandsList:63] AAA
[21:24:44.396] [INFO ] [GL_GraphicsCommandsList:63] AAA
[21:24:44.396] [INFO ] [GL_GraphicsCommandsList:63] AAA
[21:24:44.397] [INFO ] [GL_GraphicsCommandsList:63] AAA
[21:24:44.397] [INFO ] [GL_GraphicsCommandsList:63] AAA
[21:24:44.397] [INFO ] [GL_GraphicsCommandsList:63] AAA
[21:24:44.397] [INFO ] [GL_GraphicsCommandsList:63] AAA
[21:24:44.397] [INFO ] [GL_GraphicsCommandsList:63] AAA
[21:24:44.397] [INFO ] [GL_GraphicsCommandsList:63] AAA
[21:24:44.398] [INFO ] [GL_GraphicsCommandsList:63] AAA
[21:24:44.398] [INFO ] [GL_GraphicsCommandsList:63] AAA
[21:24:44.401] [INFO ] [GL_GraphicsCommandsList:63] AAA
[21:24:44.401] [INFO ] [GL_GraphicsCommandsList:63] AAA
[21:24:44.401] [INFO ] [GL_GraphicsCommandsList:63] AAA
[21:24:44.402] [INFO ] [GL_GraphicsCommandsList:63] AAA
[21:24:44.402] [INFO ] [GL_GraphicsCommandsList:63] AAA
[21:24:44.402] [INFO ] [GL_GraphicsCommandsList:63] AAA
[21:24:44.402] [INFO ] [GL_GraphicsCommandsList:63] AAA
[21:24:44.402] [INFO ] [GL_GraphicsCommandsList:63] AAA
[21:24:44.402] [INFO ] [GL_GraphicsCommandsList:63] AAA
[21:24:44.403] [INFO ] [GL_GraphicsCommandsList:63] AAA
[21:24:44.403] [INFO ] [GL_GraphicsCommandsList:63] AAA
[21:24:44.403] [INFO ] [GL_GraphicsCommandsList:63] AAA
[21:24:44.403] [INFO ] [GL_GraphicsCommandsList:63] AAA
[21:24:44.403] [INFO ] [GL_GraphicsCommandsList:63] AAA
[21:24:44.404] [INFO ] [GL_GraphicsCommandsList:63] AAA
[21:24:44.404] [INFO ] [GL_GraphicsCommandsList:63] AAA
[21:24:44.404] [INFO ] [GL_GraphicsCommandsList:63] AAA
[21:24:44.407] [INFO ] [GL_GraphicsCommandsList:63] AAA
[21:24:44.407] [INFO ] [GL_GraphicsCommandsList:63] AAA
[21:24:44.407] [INFO ] [GL_GraphicsCommandsList:63] AAA
[21:24:44.408] [INFO ] [GL_GraphicsCommandsList:63] AAA
[21:24:44.408] [INFO ] [GL_GraphicsCommandsList:63] AAA
[21:24:44.408] [INFO ] [GL_GraphicsCommandsList:63] AAA
[21:24:44.408] [INFO ] [GL_GraphicsCommandsList:63] AAA
[21:24:44.409] [INFO ] [GL_GraphicsCommandsList:63] AAA
[21:24:44.409] [INFO ] [GL_GraphicsCommandsList:63] AAA
[21:24:44.409] [INFO ] [GL_GraphicsCommandsList:63] AAA
[21:24:44.409] [INFO ] [GL_GraphicsCommandsList:63] AAA
[21:24:44.409] [INFO ] [GL_GraphicsCommandsList:63] AAA
[21:24:44.409] [INFO ] [GL_GraphicsCommandsList:63] AAA
[21:24:44.410] [INFO ] [GL_GraphicsCommandsList:63] AAA
[21:24:44.410] [INFO ] [GL_GraphicsCommandsList:63] AAA
[21:24:44.410] [INFO ] [GL_GraphicsCommandsList:63] AAA
[21:24:44.410] [INFO ] [GL_GraphicsCommandsList:63] AAA
[21:24:44.413] [INFO ] [GL_GraphicsCommandsList:63] AAA
[21:24:44.413] [INFO ] [GL_GraphicsCommandsList:63] AAA
[21:24:44.413] [INFO ] [GL_GraphicsCommandsList:63] AAA
[21:24:44.414] [INFO ] [GL_GraphicsCommandsList:63] AAA
[21:24:44.414] [INFO ] [GL_GraphicsCommandsList:63] AAA
[21:24:44.414] [INFO ] [GL_GraphicsCommandsList:63] AAA
[21:24:44.414] [INFO ] [GL_GraphicsCommandsList:63] AAA
[21:24:44.414] [INFO ] [GL_GraphicsCommandsList:63] AAA
[21:24:44.414] [INFO ] [GL_GraphicsCommandsList:63] AAA
[21:24:44.415] [INFO ] [GL_GraphicsCommandsList:63] AAA
[21:24:44.415] [INFO ] [GL_GraphicsCommandsList:63] AAA
[21:24:44.415] [INFO ] [GL_GraphicsCommandsList:63] AAA
[21:24:44.415] [INFO ] [GL_GraphicsCommandsList:63] AAA
[21:24:44.415] [INFO ] [GL_GraphicsCommandsList:63] AAA
[21:24:44.415] [INFO ] [GL_GraphicsCommandsList:63] AAA
[21:24:44.416] [INFO ] [GL_GraphicsCommandsList:63] AAA
[21:24:44.416] [INFO ] [GL_GraphicsCommandsList:63] AAA
[21:24:44.419] [INFO ] [GL_GraphicsCommandsList:63] AAA
[21:24:44.419] [INFO ] [GL_GraphicsCommandsList:63] AAA
[21:24:44.420] [INFO ] [GL_GraphicsCommandsList:63] AAA
[21:24:44.420] [INFO ] [GL_GraphicsCommandsList:63] AAA
[21:24:44.420] [INFO ] [GL_GraphicsCommandsList:63] AAA
[21:24:44.420] [INFO ] [GL_GraphicsCommandsList:63] AAA
[21:24:44.420] [INFO ] [GL_GraphicsCommandsList:63] AAA
[21:24:44.421] [INFO ] [GL_GraphicsCommandsList:63] AAA
[21:24:44.421] [INFO ] [GL_GraphicsCommandsList:63] AAA
[21:24:44.421] [INFO ] [GL_GraphicsCommandsList:63] AAA
[21:24:44.421] [INFO ] [GL_GraphicsCommandsList:63] AAA
[21:24:44.421] [INFO ] [GL_GraphicsCommandsList:63] AAA
[21:24:44.421] [INFO ] [GL_GraphicsCommandsList:63] AAA
[21:24:44.422] [INFO ] [GL_GraphicsCommandsList:63] AAA
[21:24:44.422] [INFO ] [GL_GraphicsCommandsList:63] AAA
[21:24:44.422] [INFO ] [GL_GraphicsCommandsList:63] AAA
[21:24:44.422] [INFO ] [GL_GraphicsCommandsList:63] AAA
[21:24:44.425] [INFO ] [GL_GraphicsCommandsList:63] AAA
[21:24:44.425] [INFO ] [GL_GraphicsCommandsList:63] AAA
[21:24:44.426] [INFO ] [GL_GraphicsCommandsList:63] AAA
[21:24:44.426] [INFO ] [GL_GraphicsCommandsList:63] AAA
[21:24:44.426] [INFO ] [GL_GraphicsCommandsList:63] AAA
[21:24:44.426] [INFO ] [GL_GraphicsCommandsList:63] AAA
[21:24:44.426] [INFO ] [GL_GraphicsCommandsList:63] AAA
[21:24:44.426] [INFO ] [GL_GraphicsCommandsList:63] AAA
[21:24:44.427] [INFO ] [GL_GraphicsCommandsList:63] AAA
[21:24:44.427] [INFO ] [GL_GraphicsCommandsList:63] AAA
[21:24:44.427] [INFO ] [GL_GraphicsCommandsList:63] AAA
[21:24:44.427] [INFO ] [GL_GraphicsCommandsList:63] AAA
[21:24:44.427] [INFO ] [GL_GraphicsCommandsList:63] AAA
[21:24:44.427] [INFO ] [GL_GraphicsCommandsList:63] AAA
[21:24:44.428] [INFO ] [GL_GraphicsCommandsList:63] AAA
[21:24:44.428] [INFO ] [GL_GraphicsCommandsList:63] AAA
[21:24:44.428] [INFO ] [GL_GraphicsCommandsList:63] AAA
[21:24:44.431] [INFO ] [GL_GraphicsCommandsList:63] AAA
[21:24:44.431] [INFO ] [GL_GraphicsCommandsList:63] AAA
[21:24:44.431] [INFO ] [GL_GraphicsCommandsList:63] AAA
[21:24:44.432] [INFO ] [GL_GraphicsCommandsList:63] AAA
[21:24:44.432] [INFO ] [GL_GraphicsCommandsList:63] AAA
[21:24:44.432] [INFO ] [GL_GraphicsCommandsList:63] AAA
[21:24:44.432] [INFO ] [GL_GraphicsCommandsList:63] AAA
[21:24:44.432] [INFO ] [GL_GraphicsCommandsList:63] AAA
[21:24:44.432] [INFO ] [GL_GraphicsCommandsList:63] AAA
[21:24:44.433] [INFO ] [GL_GraphicsCommandsList:63] AAA
[21:24:44.433] [INFO ] [GL_GraphicsCommandsList:63] AAA
[21:24:44.433] [INFO ] [GL_GraphicsCommandsList:63] AAA
[21:24:44.433] [INFO ] [GL_GraphicsCommandsList:63] AAA
[21:24:44.434] [INFO ] [GL_GraphicsCommandsList:63] AAA
[21:24:44.434] [INFO ] [GL_GraphicsCommandsList:63] AAA
[21:24:44.434] [INFO ] [GL_GraphicsCommandsList:63] AAA
[21:24:44.434] [INFO ] [GL_GraphicsCommandsList:63] AAA
[21:24:44.438] [INFO ] [GL_GraphicsCommandsList:63] AAA
[21:24:44.438] [INFO ] [GL_GraphicsCommandsList:63] AAA
[21:24:44.438] [INFO ] [GL_GraphicsCommandsList:63] AAA
[21:24:44.438] [INFO ] [GL_GraphicsCommandsList:63] AAA
[21:24:44.439] [INFO ] [GL_GraphicsCommandsList:63] AAA
[21:24:44.439] [INFO ] [GL_GraphicsCommandsList:63] AAA
[21:24:44.439] [INFO ] [GL_GraphicsCommandsList:63] AAA
[21:24:44.439] [INFO ] [GL_GraphicsCommandsList:63] AAA
[21:24:44.440] [INFO ] [GL_GraphicsCommandsList:63] AAA
[21:24:44.440] [INFO ] [GL_GraphicsCommandsList:63] AAA
[21:24:44.440] [INFO ] [GL_GraphicsCommandsList:63] AAA
[21:24:44.440] [INFO ] [GL_GraphicsCommandsList:63] AAA
[21:24:44.440] [INFO ] [GL_GraphicsCommandsList:63] AAA
[21:24:44.441] [INFO ] [GL_GraphicsCommandsList:63] AAA
[21:24:44.441] [INFO ] [GL_GraphicsCommandsList:63] AAA
[21:24:44.441] [INFO ] [GL_GraphicsCommandsList:63] AAA
[21:24:44.441] [INFO ] [GL_GraphicsCommandsList:63] AAA
[21:24:44.451] [INFO ] [GL_GraphicsCommandsList:63] AAA
[21:24:44.452] [INFO ] [GL_GraphicsCommandsList:63] AAA
[21:24:44.452] [INFO ] [GL_GraphicsCommandsList:63] AAA
[21:24:44.452] [INFO ] [GL_GraphicsCommandsList:63] AAA
[21:24:44.453] [INFO ] [GL_GraphicsCommandsList:63] AAA
[21:24:44.453] [INFO ] [GL_GraphicsCommandsList:63] AAA
[21:24:44.453] [INFO ] [GL_GraphicsCommandsList:63] AAA
[21:24:44.453] [INFO ] [GL_GraphicsCommandsList:63] AAA
[21:24:44.453] [INFO ] [GL_GraphicsCommandsList:63] AAA
[21:24:44.454] [INFO ] [GL_GraphicsCommandsList:63] AAA
[21:24:44.454] [INFO ] [GL_GraphicsCommandsList:63] AAA
[21:24:44.454] [INFO ] [GL_GraphicsCommandsList:63] AAA
[21:24:44.454] [INFO ] [GL_GraphicsCommandsList:63] AAA
[21:24:44.454] [INFO ] [GL_GraphicsCommandsList:63] AAA
[21:24:44.454] [INFO ] [GL_GraphicsCommandsList:63] AAA
[21:24:44.455] [INFO ] [GL_GraphicsCommandsList:63] AAA
[21:24:44.455] [INFO ] [GL_GraphicsCommandsList:63] AAA
[21:24:44.456] [INFO ] [GL_GraphicsCommandsList:63] AAA
[21:24:44.456] [INFO ] [GL_GraphicsCommandsList:63] AAA
[21:24:44.456] [INFO ] [GL_GraphicsCommandsList:63] AAA
[21:24:44.457] [INFO ] [GL_GraphicsCommandsList:63] AAA
[21:24:44.457] [INFO ] [GL_GraphicsCommandsList:63] AAA
[21:24:44.457] [INFO ] [GL_GraphicsCommandsList:63] AAA
[21:24:44.457] [INFO ] [GL_GraphicsCommandsList:63] AAA
[21:24:44.457] [INFO ] [GL_GraphicsCommandsList:63] AAA
[21:24:44.458] [INFO ] [GL_GraphicsCommandsList:63] AAA
[21:24:44.458] [INFO ] [GL_GraphicsCommandsList:63] AAA
[21:24:44.458] [INFO ] [GL_GraphicsCommandsList:63] AAA
[21:24:44.458] [INFO ] [GL_GraphicsCommandsList:63] AAA
[21:24:44.458] [INFO ] [GL_GraphicsCommandsList:63] AAA
[21:24:44.458] [INFO ] [GL_GraphicsCommandsList:63] AAA
[21:24:44.459] [INFO ] [GL_GraphicsCommandsList:63] AAA
[21:24:44.459] [INFO ] [GL_GraphicsCommandsList:63] AAA
[21:24:44.459] [INFO ] [GL_GraphicsCommandsList:63] AAA
[21:24:44.459] [INFO ] [GL_GraphicsCommandsList:63] AAA
[21:24:44.460] [INFO ] [GL_GraphicsCommandsList:63] AAA
[21:24:44.460] [INFO ] [GL_GraphicsCommandsList:63] AAA
[21:24:44.460] [INFO ] [GL_GraphicsCommandsList:63] AAA
[21:24:44.460] [INFO ] [GL_GraphicsCommandsList:63] AAA
[21:24:44.460] [INFO ] [GL_GraphicsCommandsList:63] AAA
[21:24:44.461] [INFO ] [GL_GraphicsCommandsList:63] AAA
[21:24:44.461] [INFO ] [GL_GraphicsCommandsList:63] AAA
[21:24:44.461] [INFO ] [GL_GraphicsCommandsList:63] AAA
[21:24:44.461] [INFO ] [GL_GraphicsCommandsList:63] AAA
[21:24:44.461] [INFO ] [GL_GraphicsCommandsList:63] AAA
[21:24:44.462] [INFO ] [GL_GraphicsCommandsList:63] AAA
[21:24:44.462] [INFO ] [GL_GraphicsCommandsList:63] AAA
[21:24:44.462] [INFO ] [GL_GraphicsCommandsList:63] AAA
[21:24:44.462] [INFO ] [GL_GraphicsCommandsList:63] AAA
[21:24:44.463] [INFO ] [GL_GraphicsCommandsList:63] AAA
[21:24:44.463] [INFO ] [GL_GraphicsCommandsList:63] AAA
[21:24:44.463] [INFO ] [GL_GraphicsCommandsList:63] AAA
[21:24:44.463] [INFO ] [GL_GraphicsCommandsList:63] AAA
[21:24:44.464] [INFO ] [GL_GraphicsCommandsList:63] AAA
[21:24:44.464] [INFO ] [GL_GraphicsCommandsList:63] AAA
[21:24:44.465] [INFO ] [GL_GraphicsCommandsList:63] AAA
[21:24:44.465] [INFO ] [GL_GraphicsCommandsList:63] AAA
[21:24:44.465] [INFO ] [GL_GraphicsCommandsList:63] AAA
[21:24:44.465] [INFO ] [GL_GraphicsCommandsList:63] AAA
[21:24:44.465] [INFO ] [GL_GraphicsCommandsList:63] AAA
[21:24:44.466] [INFO ] [GL_GraphicsCommandsList:63] AAA
[21:24:44.466] [INFO ] [GL_GraphicsCommandsList:63] AAA
[21:24:44.466] [INFO ] [GL_GraphicsCommandsList:63] AAA
[21:24:44.466] [INFO ] [GL_GraphicsCommandsList:63] AAA
[21:24:44.467] [INFO ] [GL_GraphicsCommandsList:63] AAA
[21:24:44.467] [INFO ] [GL_GraphicsCommandsList:63] AAA
[21:24:44.467] [INFO ] [GL_GraphicsCommandsList:63] AAA
[21:24:44.467] [INFO ] [GL_GraphicsCommandsList:63] AAA
[21:24:44.480] [INFO ] [GL_GraphicsCommandsList:63] AAA
[21:24:44.481] [INFO ] [GL_GraphicsCommandsList:63] AAA
[21:24:44.481] [INFO ] [GL_GraphicsCommandsList:63] AAA
[21:24:44.481] [INFO ] [GL_GraphicsCommandsList:63] AAA
[21:24:44.481] [INFO ] [GL_GraphicsCommandsList:63] AAA
[21:24:44.481] [INFO ] [GL_GraphicsCommandsList:63] AAA
[21:24:44.481] [INFO ] [GL_GraphicsCommandsList:63] AAA
[21:24:44.482] [INFO ] [GL_GraphicsCommandsList:63] AAA
[21:24:44.482] [INFO ] [GL_GraphicsCommandsList:63] AAA
[21:24:44.482] [INFO ] [GL_GraphicsCommandsList:63] AAA
[21:24:44.482] [INFO ] [GL_GraphicsCommandsList:63] AAA
[21:24:44.482] [INFO ] [GL_GraphicsCommandsList:63] AAA
[21:24:44.482] [INFO ] [GL_GraphicsCommandsList:63] AAA
[21:24:44.483] [INFO ] [GL_GraphicsCommandsList:63] AAA
[21:24:44.483] [INFO ] [GL_GraphicsCommandsList:63] AAA
[21:24:44.483] [INFO ] [GL_GraphicsCommandsList:63] AAA
[21:24:44.483] [INFO ] [GL_GraphicsCommandsList:63] AAA
[21:24:44.486] [INFO ] [GL_GraphicsCommandsList:63] AAA
[21:24:44.486] [INFO ] [GL_GraphicsCommandsList:63] AAA
[21:24:44.487] [INFO ] [GL_GraphicsCommandsList:63] AAA
[21:24:44.487] [INFO ] [GL_GraphicsCommandsList:63] AAA
[21:24:44.487] [INFO ] [GL_GraphicsCommandsList:63] AAA
[21:24:44.487] [INFO ] [GL_GraphicsCommandsList:63] AAA
[21:24:44.487] [INFO ] [GL_GraphicsCommandsList:63] AAA
[21:24:44.487] [INFO ] [GL_GraphicsCommandsList:63] AAA
[21:24:44.488] [INFO ] [GL_GraphicsCommandsList:63] AAA
[21:24:44.488] [INFO ] [GL_GraphicsCommandsList:63] AAA
[21:24:44.488] [INFO ] [GL_GraphicsCommandsList:63] AAA
[21:24:44.488] [INFO ] [GL_GraphicsCommandsList:63] AAA
[21:24:44.488] [INFO ] [GL_GraphicsCommandsList:63] AAA
[21:24:44.489] [INFO ] [GL_GraphicsCommandsList:63] AAA
[21:24:44.489] [INFO ] [GL_GraphicsCommandsList:63] AAA
[21:24:44.489] [INFO ] [GL_GraphicsCommandsList:63] AAA
[21:24:44.489] [INFO ] [GL_GraphicsCommandsList:63] AAA
[21:24:44.492] [INFO ] [GL_GraphicsCommandsList:63] AAA
[21:24:44.493] [INFO ] [GL_GraphicsCommandsList:63] AAA
[21:24:44.493] [INFO ] [GL_GraphicsCommandsList:63] AAA
[21:24:44.493] [INFO ] [GL_GraphicsCommandsList:63] AAA
[21:24:44.493] [INFO ] [GL_GraphicsCommandsList:63] AAA
[21:24:44.493] [INFO ] [GL_GraphicsCommandsList:63] AAA
[21:24:44.494] [INFO ] [GL_GraphicsCommandsList:63] AAA
[21:24:44.494] [INFO ] [GL_GraphicsCommandsList:63] AAA
[21:24:44.494] [INFO ] [GL_GraphicsCommandsList:63] AAA
[21:24:44.494] [INFO ] [GL_GraphicsCommandsList:63] AAA
[21:24:44.494] [INFO ] [GL_GraphicsCommandsList:63] AAA
[21:24:44.494] [INFO ] [GL_GraphicsCommandsList:63] AAA
[21:24:44.495] [INFO ] [GL_GraphicsCommandsList:63] AAA
[21:24:44.495] [INFO ] [GL_GraphicsCommandsList:63] AAA
[21:24:44.495] [INFO ] [GL_GraphicsCommandsList:63] AAA
[21:24:44.495] [INFO ] [GL_GraphicsCommandsList:63] AAA
[21:24:44.495] [INFO ] [GL_GraphicsCommandsList:63] AAA
[21:24:44.498] [INFO ] [GL_GraphicsCommandsList:63] AAA
[21:24:44.498] [INFO ] [GL_GraphicsCommandsList:63] AAA
[21:24:44.499] [INFO ] [GL_GraphicsCommandsList:63] AAA
[21:24:44.499] [INFO ] [GL_GraphicsCommandsList:63] AAA
[21:24:44.499] [INFO ] [GL_GraphicsCommandsList:63] AAA
[21:24:44.499] [INFO ] [GL_GraphicsCommandsList:63] AAA
[21:24:44.499] [INFO ] [GL_GraphicsCommandsList:63] AAA
[21:24:44.499] [INFO ] [GL_GraphicsCommandsList:63] AAA
[21:24:44.500] [INFO ] [GL_GraphicsCommandsList:63] AAA
[21:24:44.500] [INFO ] [GL_GraphicsCommandsList:63] AAA
[21:24:44.500] [INFO ] [GL_GraphicsCommandsList:63] AAA
[21:24:44.500] [INFO ] [GL_GraphicsCommandsList:63] AAA
[21:24:44.500] [INFO ] [GL_GraphicsCommandsList:63] AAA
[21:24:44.501] [INFO ] [GL_GraphicsCommandsList:63] AAA
[21:24:44.501] [INFO ] [GL_GraphicsCommandsList:63] AAA
[21:24:44.501] [INFO ] [GL_GraphicsCommandsList:63] AAA
[21:24:44.501] [INFO ] [GL_GraphicsCommandsList:63] AAA
[21:24:44.504] [INFO ] [GL_GraphicsCommandsList:63] AAA
[21:24:44.505] [INFO ] [GL_GraphicsCommandsList:63] AAA
[21:24:44.505] [INFO ] [GL_GraphicsCommandsList:63] AAA
[21:24:44.505] [INFO ] [GL_GraphicsCommandsList:63] AAA
[21:24:44.505] [INFO ] [GL_GraphicsCommandsList:63] AAA
[21:24:44.505] [INFO ] [GL_GraphicsCommandsList:63] AAA
[21:24:44.505] [INFO ] [GL_GraphicsCommandsList:63] AAA
[21:24:44.506] [INFO ] [GL_GraphicsCommandsList:63] AAA
[21:24:44.506] [INFO ] [GL_GraphicsCommandsList:63] AAA
[21:24:44.506] [INFO ] [GL_GraphicsCommandsList:63] AAA
[21:24:44.506] [INFO ] [GL_GraphicsCommandsList:63] AAA
[21:24:44.506] [INFO ] [GL_GraphicsCommandsList:63] AAA
[21:24:44.506] [INFO ] [GL_GraphicsCommandsList:63] AAA
[21:24:44.507] [INFO ] [GL_GraphicsCommandsList:63] AAA
[21:24:44.507] [INFO ] [GL_GraphicsCommandsList:63] AAA
[21:24:44.507] [INFO ] [GL_GraphicsCommandsList:63] AAA
[21:24:44.507] [INFO ] [GL_GraphicsCommandsList:63] AAA
[21:24:44.510] [INFO ] [GL_GraphicsCommandsList:63] AAA
[21:24:44.511] [INFO ] [GL_GraphicsCommandsList:63] AAA
[21:24:44.511] [INFO ] [GL_GraphicsCommandsList:63] AAA
[21:24:44.511] [INFO ] [GL_GraphicsCommandsList:63] AAA
[21:24:44.511] [INFO ] [GL_GraphicsCommandsList:63] AAA
[21:24:44.511] [INFO ] [GL_GraphicsCommandsList:63] AAA
[21:24:44.512] [INFO ] [GL_GraphicsCommandsList:63] AAA
[21:24:44.512] [INFO ] [GL_GraphicsCommandsList:63] AAA
[21:24:44.512] [INFO ] [GL_GraphicsCommandsList:63] AAA
[21:24:44.512] [INFO ] [GL_GraphicsCommandsList:63] AAA
[21:24:44.512] [INFO ] [GL_GraphicsCommandsList:63] AAA
[21:24:44.513] [INFO ] [GL_GraphicsCommandsList:63] AAA
[21:24:44.513] [INFO ] [GL_GraphicsCommandsList:63] AAA
[21:24:44.513] [INFO ] [GL_GraphicsCommandsList:63] AAA
[21:24:44.513] [INFO ] [GL_GraphicsCommandsList:63] AAA
[21:24:44.513] [INFO ] [GL_GraphicsCommandsList:63] AAA
[21:24:44.514] [INFO ] [GL_GraphicsCommandsList:63] AAA
[21:24:44.516] [INFO ] [GL_GraphicsCommandsList:63] AAA
[21:24:44.516] [INFO ] [GL_GraphicsCommandsList:63] AAA
[21:24:44.516] [INFO ] [GL_GraphicsCommandsList:63] AAA
[21:24:44.517] [INFO ] [GL_GraphicsCommandsList:63] AAA
[21:24:44.517] [INFO ] [GL_GraphicsCommandsList:63] AAA
[21:24:44.517] [INFO ] [GL_GraphicsCommandsList:63] AAA
[21:24:44.517] [INFO ] [GL_GraphicsCommandsList:63] AAA
[21:24:44.517] [INFO ] [GL_GraphicsCommandsList:63] AAA
[21:24:44.518] [INFO ] [GL_GraphicsCommandsList:63] AAA
[21:24:44.518] [INFO ] [GL_GraphicsCommandsList:63] AAA
[21:24:44.518] [INFO ] [GL_GraphicsCommandsList:63] AAA
[21:24:44.518] [INFO ] [GL_GraphicsCommandsList:63] AAA
[21:24:44.518] [INFO ] [GL_GraphicsCommandsList:63] AAA
[21:24:44.518] [INFO ] [GL_GraphicsCommandsList:63] AAA
[21:24:44.519] [INFO ] [GL_GraphicsCommandsList:63] AAA
[21:24:44.519] [INFO ] [GL_GraphicsCommandsList:63] AAA
[21:24:44.519] [INFO ] [GL_GraphicsCommandsList:63] AAA
[21:24:44.522] [INFO ] [GL_GraphicsCommandsList:63] AAA
[21:24:44.523] [INFO ] [GL_GraphicsCommandsList:63] AAA
[21:24:44.523] [INFO ] [GL_GraphicsCommandsList:63] AAA
[21:24:44.523] [INFO ] [GL_GraphicsCommandsList:63] AAA
[21:24:44.523] [INFO ] [GL_GraphicsCommandsList:63] AAA
[21:24:44.523] [INFO ] [GL_GraphicsCommandsList:63] AAA
[21:24:44.523] [INFO ] [GL_GraphicsCommandsList:63] AAA
[21:24:44.524] [INFO ] [GL_GraphicsCommandsList:63] AAA
[21:24:44.524] [INFO ] [GL_GraphicsCommandsList:63] AAA
[21:24:44.524] [INFO ] [GL_GraphicsCommandsList:63] AAA
[21:24:44.524] [INFO ] [GL_GraphicsCommandsList:63] AAA
[21:24:44.524] [INFO ] [GL_GraphicsCommandsList:63] AAA
[21:24:44.525] [INFO ] [GL_GraphicsCommandsList:63] AAA
[21:24:44.525] [INFO ] [GL_GraphicsCommandsList:63] AAA
[21:24:44.525] [INFO ] [GL_GraphicsCommandsList:63] AAA
[21:24:44.525] [INFO ] [GL_GraphicsCommandsList:63] AAA
[21:24:44.525] [INFO ] [GL_GraphicsCommandsList:63] AAA
[21:24:44.528] [INFO ] [GL_GraphicsCommandsList:63] AAA
[21:24:44.529] [INFO ] [GL_GraphicsCommandsList:63] AAA
[21:24:44.529] [INFO ] [GL_GraphicsCommandsList:63] AAA
[21:24:44.529] [INFO ] [GL_GraphicsCommandsList:63] AAA
[21:24:44.529] [INFO ] [GL_GraphicsCommandsList:63] AAA
[21:24:44.529] [INFO ] [GL_GraphicsCommandsList:63] AAA
[21:24:44.530] [INFO ] [GL_GraphicsCommandsList:63] AAA
[21:24:44.530] [INFO ] [GL_GraphicsCommandsList:63] AAA
[21:24:44.530] [INFO ] [GL_GraphicsCommandsList:63] AAA
[21:24:44.530] [INFO ] [GL_GraphicsCommandsList:63] AAA
[21:24:44.530] [INFO ] [GL_GraphicsCommandsList:63] AAA
[21:24:44.530] [INFO ] [GL_GraphicsCommandsList:63] AAA
[21:24:44.531] [INFO ] [GL_GraphicsCommandsList:63] AAA
[21:24:44.531] [INFO ] [GL_GraphicsCommandsList:63] AAA
[21:24:44.531] [INFO ] [GL_GraphicsCommandsList:63] AAA
[21:24:44.531] [INFO ] [GL_GraphicsCommandsList:63] AAA
[21:24:44.531] [INFO ] [GL_GraphicsCommandsList:63] AAA
[21:24:44.534] [INFO ] [GL_GraphicsCommandsList:63] AAA
[21:24:44.534] [INFO ] [GL_GraphicsCommandsList:63] AAA
[21:24:44.535] [INFO ] [GL_GraphicsCommandsList:63] AAA
[21:24:44.535] [INFO ] [GL_GraphicsCommandsList:63] AAA
[21:24:44.535] [INFO ] [GL_GraphicsCommandsList:63] AAA
[21:24:44.535] [INFO ] [GL_GraphicsCommandsList:63] AAA
[21:24:44.535] [INFO ] [GL_GraphicsCommandsList:63] AAA
[21:24:44.535] [INFO ] [GL_GraphicsCommandsList:63] AAA
[21:24:44.536] [INFO ] [GL_GraphicsCommandsList:63] AAA
[21:24:44.536] [INFO ] [GL_GraphicsCommandsList:63] AAA
[21:24:44.536] [INFO ] [GL_GraphicsCommandsList:63] AAA
[21:24:44.536] [INFO ] [GL_GraphicsCommandsList:63] AAA
[21:24:44.536] [INFO ] [GL_GraphicsCommandsList:63] AAA
[21:24:44.536] [INFO ] [GL_GraphicsCommandsList:63] AAA
[21:24:44.537] [INFO ] [GL_GraphicsCommandsList:63] AAA
[21:24:44.537] [INFO ] [GL_GraphicsCommandsList:63] AAA
[21:24:44.537] [INFO ] [GL_GraphicsCommandsList:63] AAA
[21:24:44.540] [INFO ] [GL_GraphicsCommandsList:63] AAA
[21:24:44.541] [INFO ] [GL_GraphicsCommandsList:63] AAA
[21:24:44.541] [INFO ] [GL_GraphicsCommandsList:63] AAA
[21:24:44.541] [INFO ] [GL_GraphicsCommandsList:63] AAA
[21:24:44.541] [INFO ] [GL_GraphicsCommandsList:63] AAA
[21:24:44.541] [INFO ] [GL_GraphicsCommandsList:63] AAA
[21:24:44.542] [INFO ] [GL_GraphicsCommandsList:63] AAA
[21:24:44.542] [INFO ] [GL_GraphicsCommandsList:63] AAA
[21:24:44.542] [INFO ] [GL_GraphicsCommandsList:63] AAA
[21:24:44.542] [INFO ] [GL_GraphicsCommandsList:63] AAA
[21:24:44.542] [INFO ] [GL_GraphicsCommandsList:63] AAA
[21:24:44.543] [INFO ] [GL_GraphicsCommandsList:63] AAA
[21:24:44.543] [INFO ] [GL_GraphicsCommandsList:63] AAA
[21:24:44.543] [INFO ] [GL_GraphicsCommandsList:63] AAA
[21:24:44.543] [INFO ] [GL_GraphicsCommandsList:63] AAA
[21:24:44.543] [INFO ] [GL_GraphicsCommandsList:63] AAA
[21:24:44.543] [INFO ] [GL_GraphicsCommandsList:63] AAA
[21:24:44.546] [INFO ] [GL_GraphicsCommandsList:63] AAA
[21:24:44.547] [INFO ] [GL_GraphicsCommandsList:63] AAA
[21:24:44.547] [INFO ] [GL_GraphicsCommandsList:63] AAA
[21:24:44.547] [INFO ] [GL_GraphicsCommandsList:63] AAA
[21:24:44.547] [INFO ] [GL_GraphicsCommandsList:63] AAA
[21:24:44.547] [INFO ] [GL_GraphicsCommandsList:63] AAA
[21:24:44.547] [INFO ] [GL_GraphicsCommandsList:63] AAA
[21:24:44.548] [INFO ] [GL_GraphicsCommandsList:63] AAA
[21:24:44.548] [INFO ] [GL_GraphicsCommandsList:63] AAA
[21:24:44.548] [INFO ] [GL_GraphicsCommandsList:63] AAA
[21:24:44.548] [INFO ] [GL_GraphicsCommandsList:63] AAA
[21:24:44.548] [INFO ] [GL_GraphicsCommandsList:63] AAA
[21:24:44.548] [INFO ] [GL_GraphicsCommandsList:63] AAA
[21:24:44.549] [INFO ] [GL_GraphicsCommandsList:63] AAA
[21:24:44.549] [INFO ] [GL_GraphicsCommandsList:63] AAA
[21:24:44.549] [INFO ] [GL_GraphicsCommandsList:63] AAA
[21:24:44.549] [INFO ] [GL_GraphicsCommandsList:63] AAA
[21:24:44.553] [INFO ] [GL_GraphicsCommandsList:63] AAA
[21:24:44.554] [INFO ] [GL_GraphicsCommandsList:63] AAA
[21:24:44.554] [INFO ] [GL_GraphicsCommandsList:63] AAA
[21:24:44.554] [INFO ] [GL_GraphicsCommandsList:63] AAA
[21:24:44.554] [INFO ] [GL_GraphicsCommandsList:63] AAA
[21:24:44.555] [INFO ] [GL_GraphicsCommandsList:63] AAA
[21:24:44.555] [INFO ] [GL_GraphicsCommandsList:63] AAA
[21:24:44.555] [INFO ] [GL_GraphicsCommandsList:63] AAA
[21:24:44.555] [INFO ] [GL_GraphicsCommandsList:63] AAA
[21:24:44.555] [INFO ] [GL_GraphicsCommandsList:63] AAA
[21:24:44.556] [INFO ] [GL_GraphicsCommandsList:63] AAA
[21:24:44.556] [INFO ] [GL_GraphicsCommandsList:63] AAA
[21:24:44.556] [INFO ] [GL_GraphicsCommandsList:63] AAA
[21:24:44.556] [INFO ] [GL_GraphicsCommandsList:63] AAA
[21:24:44.556] [INFO ] [GL_GraphicsCommandsList:63] AAA
[21:24:44.556] [INFO ] [GL_GraphicsCommandsList:63] AAA
[21:24:44.557] [INFO ] [GL_GraphicsCommandsList:63] AAA
[21:24:44.560] [INFO ] [GL_GraphicsCommandsList:63] AAA
[21:24:44.561] [INFO ] [GL_GraphicsCommandsList:63] AAA
[21:24:44.561] [INFO ] [GL_GraphicsCommandsList:63] AAA
[21:24:44.561] [INFO ] [GL_GraphicsCommandsList:63] AAA
[21:24:44.561] [INFO ] [GL_GraphicsCommandsList:63] AAA
[21:24:44.562] [INFO ] [GL_GraphicsCommandsList:63] AAA
[21:24:44.562] [INFO ] [GL_GraphicsCommandsList:63] AAA
[21:24:44.562] [INFO ] [GL_GraphicsCommandsList:63] AAA
[21:24:44.562] [INFO ] [GL_GraphicsCommandsList:63] AAA
[21:24:44.562] [INFO ] [GL_GraphicsCommandsList:63] AAA
[21:24:44.563] [INFO ] [GL_GraphicsCommandsList:63] AAA
[21:24:44.563] [INFO ] [GL_GraphicsCommandsList:63] AAA
[21:24:44.563] [INFO ] [GL_GraphicsCommandsList:63] AAA
[21:24:44.564] [INFO ] [GL_GraphicsCommandsList:63] AAA
[21:24:44.564] [INFO ] [GL_GraphicsCommandsList:63] AAA
[21:24:44.564] [INFO ] [GL_GraphicsCommandsList:63] AAA
[21:24:44.564] [INFO ] [GL_GraphicsCommandsList:63] AAA
[21:24:44.565] [INFO ] [GL_GraphicsCommandsList:63] AAA
[21:24:44.565] [INFO ] [GL_GraphicsCommandsList:63] AAA
[21:24:44.566] [INFO ] [GL_GraphicsCommandsList:63] AAA
[21:24:44.566] [INFO ] [GL_GraphicsCommandsList:63] AAA
[21:24:44.566] [INFO ] [GL_GraphicsCommandsList:63] AAA
[21:24:44.566] [INFO ] [GL_GraphicsCommandsList:63] AAA
[21:24:44.566] [INFO ] [GL_GraphicsCommandsList:63] AAA
[21:24:44.567] [INFO ] [GL_GraphicsCommandsList:63] AAA
[21:24:44.567] [INFO ] [GL_GraphicsCommandsList:63] AAA
[21:24:44.567] [INFO ] [GL_GraphicsCommandsList:63] AAA
[21:24:44.567] [INFO ] [GL_GraphicsCommandsList:63] AAA
[21:24:44.567] [INFO ] [GL_GraphicsCommandsList:63] AAA
[21:24:44.567] [INFO ] [GL_GraphicsCommandsList:63] AAA
[21:24:44.567] [INFO ] [GL_GraphicsCommandsList:63] AAA
[21:24:44.568] [INFO ] [GL_GraphicsCommandsList:63] AAA
[21:24:44.568] [INFO ] [GL_GraphicsCommandsList:63] AAA
[21:24:44.568] [INFO ] [GL_GraphicsCommandsList:63] AAA
[21:24:44.570] [INFO ] [GL_GraphicsCommandsList:63] AAA
[21:24:44.571] [INFO ] [GL_GraphicsCommandsList:63] AAA
[21:24:44.571] [INFO ] [GL_GraphicsCommandsList:63] AAA
[21:24:44.571] [INFO ] [GL_GraphicsCommandsList:63] AAA
[21:24:44.571] [INFO ] [GL_GraphicsCommandsList:63] AAA
[21:24:44.571] [INFO ] [GL_GraphicsCommandsList:63] AAA
[21:24:44.572] [INFO ] [GL_GraphicsCommandsList:63] AAA
[21:24:44.572] [INFO ] [GL_GraphicsCommandsList:63] AAA
[21:24:44.572] [INFO ] [GL_GraphicsCommandsList:63] AAA
[21:24:44.572] [INFO ] [GL_GraphicsCommandsList:63] AAA
[21:24:44.572] [INFO ] [GL_GraphicsCommandsList:63] AAA
[21:24:44.573] [INFO ] [GL_GraphicsCommandsList:63] AAA
[21:24:44.573] [INFO ] [GL_GraphicsCommandsList:63] AAA
[21:24:44.573] [INFO ] [GL_GraphicsCommandsList:63] AAA
[21:24:44.573] [INFO ] [GL_GraphicsCommandsList:63] AAA
[21:24:44.574] [INFO ] [GL_GraphicsCommandsList:63] AAA
[21:24:44.574] [INFO ] [GL_GraphicsCommandsList:63] AAA
[21:24:44.576] [INFO ] [GL_GraphicsCommandsList:63] AAA
[21:24:44.577] [INFO ] [GL_GraphicsCommandsList:63] AAA
[21:24:44.577] [INFO ] [GL_GraphicsCommandsList:63] AAA
[21:24:44.578] [INFO ] [GL_GraphicsCommandsList:63] AAA
[21:24:44.578] [INFO ] [GL_GraphicsCommandsList:63] AAA
[21:24:44.578] [INFO ] [GL_GraphicsCommandsList:63] AAA
[21:24:44.578] [INFO ] [GL_GraphicsCommandsList:63] AAA
[21:24:44.578] [INFO ] [GL_GraphicsCommandsList:63] AAA
[21:24:44.578] [INFO ] [GL_GraphicsCommandsList:63] AAA
[21:24:44.579] [INFO ] [GL_GraphicsCommandsList:63] AAA
[21:24:44.579] [INFO ] [GL_GraphicsCommandsList:63] AAA
[21:24:44.579] [INFO ] [GL_GraphicsCommandsList:63] AAA
[21:24:44.579] [INFO ] [GL_GraphicsCommandsList:63] AAA
[21:24:44.579] [INFO ] [GL_GraphicsCommandsList:63] AAA
[21:24:44.579] [INFO ] [GL_GraphicsCommandsList:63] AAA
[21:24:44.580] [INFO ] [GL_GraphicsCommandsList:63] AAA
[21:24:44.580] [INFO ] [GL_GraphicsCommandsList:63] AAA
