================================================================================
Engine Log - Started at 2026-03-04 21:21:48
================================================================================

[21:21:48.203] [INFO ] VoxelEngine initialized from Desktop platform with VoxelGames runtime.
[21:21:48.214] [INFO ] [Game:42] Game.A was called!
[21:21:48.215] [INFO ] [Program:38] Creating engine
[21:21:48.216] [INFO ] [TestRuntimeContext:21] TestRuntimeContext created
[21:21:48.217] [INFO ] [Heartbeat:55] Frame rate limit disabled (unlimited FPS)
[21:21:48.217] [INFO ] [Program:45] Starting engine...
[21:21:48.218] [LINE ] ================================================================================
[21:21:48.218] [INFO ] [Engine:26] Starting engine runtime...
[21:21:48.222] [INFO ] [DesktopWindow:26] Creating window: 'Voxel Engine' (800x600)
[21:21:48.302] [INFO ] [DesktopWindow:40] Desktop window created successfully.
[21:21:48.307] [EXTRAINFO] [ServiceContainer:22] [ServiceContainer] Registering service VoxelEngine.Graphics.GraphicsContext
[21:21:48.608] [INFO ] [Engine:53] Post init...
[21:21:48.609] [INFO ] [TestRuntimeContext:32] TestRuntimeContext Initialized
[21:21:48.611] [EXTRAINFO] [ServiceContainer:22] [ServiceContainer] Registering service VoxelEngine.Core.CamerasRegistries
[21:21:48.627] [INFO ] [GameLoader:17] Loading game from C:\Users\Dmitrist10\Desktop\VoxelGames\Source\Project_08_VE\Source\Resources\Games\Game_01\Main\bin\net11.0\Game_01.dll
[21:21:48.633] [EXTRAINFO] [Heartbeat:62] Starting Heartbeat
[21:21:59.937] [INFO ] [DesktopWindow:53] Desktop window closing...
[21:21:59.937] [EXTRAINFO] [Heartbeat:111] Heartbeat Stopped
[21:21:59.937] [INFO ] [Engine:36] Application terminated.
[21:21:59.937] [LINE ] ================================================================================
[21:21:59.938] [INFO ] [Program:64] Application Completed.
Exiting with code 0

================================================================================
Engine Log - Ended at 2026-03-04 21:21:59
================================================================================
