================================================================================
Engine Log - Started at 2026-03-04 22:24:09
================================================================================

[22:24:09.681] [INFO ] VoxelEngine initialized from Desktop platform with VoxelGames runtime.
[22:24:09.693] [INFO ] [Game:40] Game.A was called!
[22:24:09.693] [INFO ] [Program:38] Creating engine
[22:24:09.747] [INFO ] [TestRuntimeContext:21] TestRuntimeContext created
[22:24:09.749] [INFO ] [Heartbeat:55] Frame rate limit disabled (unlimited FPS)
[22:24:09.749] [INFO ] [Program:45] Starting engine...
[22:24:09.750] [LINE ] ================================================================================
[22:24:09.750] [INFO ] [Engine:26] Starting engine runtime...
[22:24:09.753] [INFO ] [DesktopWindow:26] Creating window: 'Voxel Engine' (800x600)
[22:24:09.845] [INFO ] [DesktopWindow:40] Desktop window created successfully.
[22:24:09.850] [EXTRAINFO] [ServiceContainer:22] [ServiceContainer] Registering service VoxelEngine.Graphics.GraphicsContext
[22:24:10.162] [INFO ] [Engine:64] Post init...
[22:24:10.163] [INFO ] [TestRuntimeContext:32] TestRuntimeContext Initialized
[22:24:10.165] [EXTRAINFO] [ServiceContainer:22] [ServiceContainer] Registering service VoxelEngine.Core.CamerasRegistries
[22:24:10.169] [EXTRAINFO] [ServiceContainer:22] [ServiceContainer] Registering service VoxelEngine.Client.Rendering.RenderManager
[22:24:10.170] [INFO ] [LauncherLayer:17] LauncherLayer.Initialize was called!
[22:24:10.171] [INFO ] [GameLoader:17] Loading game from C:\Users\Dmitrist10\Desktop\VoxelGames\Source\Project_08_VE\Source\Resources\Games\Game_01\Main\bin\net11.0\Game_01.dll
[22:24:10.218] [INFO ] [Game:19] Game.OnInitialize was called!
[22:24:10.218] [INFO ] [Game:25] Game.StartMatch was called!
[22:24:10.219] [EXTRAINFO] [UniverseManager:13] A new Universe was created
[22:24:10.233] [EXTRAINFO] [Universe.API:13] A new Scene was created
[22:24:10.234] [INFO ] [ClientHost:26] Scene loaded
[22:24:10.236] [DEBUG] [GameSetup:13] GameSetup.SetUp was called!
[22:24:10.314] [INFO ] [GameLayer:17] GameLayer.Initialize was called!
[22:24:10.315] [EXTRAINFO] [Heartbeat:62] Starting Heartbeat
[22:24:18.861] [INFO ] [DesktopWindow:53] Desktop window closing...
[22:24:18.861] [EXTRAINFO] [Heartbeat:111] Heartbeat Stopped
[22:24:18.862] [INFO ] [Engine:36] Application terminated.
[22:24:18.862] [LINE ] ================================================================================
[22:24:18.862] [INFO ] [Program:64] Application Completed.
Exiting with code 0

================================================================================
Engine Log - Ended at 2026-03-04 22:24:18
================================================================================
