================================================================================
Engine Log - Started at 2026-03-04 18:24:25
================================================================================

[18:24:25.871] [INFO ] VoxelEngine initialized from Desktop platform with VoxelGames runtime.
[18:24:25.881] [INFO ] [Program:37] Creating engine
[18:24:25.923] [INFO ] [TestRuntimeContext:16] TestRuntimeContext created
[18:24:25.925] [INFO ] [Heartbeat:55] Frame rate limit disabled (unlimited FPS)
[18:24:25.925] [INFO ] [Program:44] Starting engine...
[18:24:25.925] [LINE ] ================================================================================
[18:24:25.928] [INFO ] [Engine:26] Starting engine runtime...
[18:24:26.184] [INFO ] [DesktopWindow:26] Creating window: 'Voxel Engine' (800x600)
[18:24:26.399] [INFO ] [DesktopWindow:40] Desktop window created successfully.
[18:24:26.524] [EXTRAINFO] [ServiceContainer:22] [ServiceContainer] Registering service VoxelEngine.Graphics.GraphicsContext
[18:24:26.867] [INFO ] [Engine:53] Post init...
[18:24:26.868] [INFO ] [TestRuntimeContext:24] TestRuntimeContext Initialized
[18:24:26.870] [EXTRAINFO] [ServiceContainer:22] [ServiceContainer] Registering service VoxelEngine.Core.CamerasRegistries
[18:24:26.885] [EXTRAINFO] [Heartbeat:62] Starting Heartbeat
[18:24:28.800] [INFO ] [DesktopWindow:53] Desktop window closing...
[18:24:28.800] [EXTRAINFO] [Heartbeat:111] Heartbeat Stopped
[18:24:28.801] [INFO ] [Engine:36] Application terminated.
[18:24:28.801] [LINE ] ================================================================================
[18:24:28.801] [INFO ] [Program:63] Application Completed.
Exiting with code 0

================================================================================
Engine Log - Ended at 2026-03-04 18:24:28
================================================================================
