================================================================================
Engine Log - Started at 2026-03-08 18:55:58
================================================================================

[18:55:58.682] [INFO ] VoxelEngine initialized from Desktop platform with VoxelGames runtime.
[18:55:58.692] [INFO ] [Game:40] Game.A was called!
[18:55:58.692] [INFO ] [Program:38] Creating engine
[18:55:58.693] [INFO ] [TestRuntimeContext:21] TestRuntimeContext created
[18:55:58.695] [INFO ] [Heartbeat:55] Frame rate limit disabled (unlimited FPS)
[18:55:58.695] [INFO ] [Program:45] Starting engine...
[18:55:58.695] [LINE ] ================================================================================
[18:55:58.696] [INFO ] [Engine:29] Starting engine runtime...
[18:55:58.699] [INFO ] [DesktopWindow:26] Creating window: 'Voxel Engine' (800x600)
[18:55:58.772] [INFO ] [DesktopWindow:40] Desktop window created successfully.
[18:55:58.777] [EXTRAINFO] [ServiceContainer:22] [ServiceContainer] Registering service VoxelEngine.Graphics.GraphicsContext
[18:55:58.781] [EXTRAINFO] [ServiceContainer:22] [ServiceContainer] Registering service VoxelEngine.Core.Runtime.ModulesManager
[18:55:59.245] [EXTRAINFO] [ServiceContainer:22] [ServiceContainer] Registering service VoxelEngine.Audio.IAudio
[18:55:59.258] [EXTRAINFO] [ServiceContainer:22] [ServiceContainer] Registering service VoxelEngine.IO.FileManager
[18:55:59.259] [EXTRAINFO] [ServiceContainer:22] [ServiceContainer] Registering service VoxelEngine.Core.AssetsManager
[18:55:59.259] [INFO ] [Engine:88] Post init...
[18:55:59.260] [INFO ] [TestRuntimeContext:32] TestRuntimeContext Initialized
[18:55:59.261] [EXTRAINFO] [ServiceContainer:22] [ServiceContainer] Registering service VoxelEngine.Core.CamerasRegistries
[18:55:59.263] [EXTRAINFO] [ServiceContainer:22] [ServiceContainer] Registering service VoxelEngine.Graphics.Rendering.RenderManager
[18:55:59.264] [INFO ] [LauncherLayer:17] LauncherLayer.Initialize was called!
[18:55:59.265] [INFO ] [GameLoader:19] Loading game from C:\Users\Dmitrist10\Desktop\VoxelGames\Source\Project_08_VE\Source\Resources\Games\Game_01\Main\bin\net11.0\Game_01.dll
[18:55:59.267] [INFO ] [Game:19] Game.OnInitialize was called!
[18:55:59.268] [INFO ] [Game:25] Game.StartMatch was called!
[18:55:59.269] [EXTRAINFO] [UniverseManager:13] A new Universe was created
[18:55:59.283] [EXTRAINFO] [Universe.API:13] A new Scene was created
[18:55:59.283] [INFO ] [ClientHost:27] Scene loaded
[18:55:59.288] [DEBUG] [GameSetup:15] GameSetup.SetUp was called!
[18:55:59.449] [INFO ] [GameLayer:17] GameLayer.Initialize was called!
[18:55:59.450] [EXTRAINFO] [Heartbeat:62] Starting Heartbeat
[18:55:59.480] [DEBUG] [EP_Audio:27] Update
[18:55:59.502] [DEBUG] [EP_Audio:27] Update
[18:55:59.701] [DEBUG] [EP_Audio:27] Update
[18:56:01.583] [DEBUG] [EP_Audio:27] Update
[18:56:01.584] [DEBUG] [EP_Audio:27] Update
[18:56:01.590] [DEBUG] [EP_Audio:27] Update
[18:56:01.595] [DEBUG] [EP_Audio:27] Update
[18:56:01.601] [DEBUG] [EP_Audio:27] Update
[18:56:01.607] [DEBUG] [EP_Audio:27] Update
[18:56:01.613] [DEBUG] [EP_Audio:27] Update
[18:56:01.619] [DEBUG] [EP_Audio:27] Update
[18:56:01.625] [DEBUG] [EP_Audio:27] Update
[18:56:01.631] [DEBUG] [EP_Audio:27] Update
[18:56:01.637] [DEBUG] [EP_Audio:27] Update
[18:56:01.643] [DEBUG] [EP_Audio:27] Update
[18:56:01.649] [DEBUG] [EP_Audio:27] Update
[18:56:01.655] [DEBUG] [EP_Audio:27] Update
[18:56:01.662] [DEBUG] [EP_Audio:27] Update
[18:56:01.668] [DEBUG] [EP_Audio:27] Update
[18:56:01.673] [DEBUG] [EP_Audio:27] Update
[18:56:01.679] [DEBUG] [EP_Audio:27] Update
[18:56:01.686] [DEBUG] [EP_Audio:27] Update
[18:56:01.692] [DEBUG] [EP_Audio:27] Update
[18:56:01.698] [DEBUG] [EP_Audio:27] Update
[18:56:01.704] [DEBUG] [EP_Audio:27] Update
[18:56:01.710] [DEBUG] [EP_Audio:27] Update
[18:56:01.716] [DEBUG] [EP_Audio:27] Update
[18:56:01.722] [DEBUG] [EP_Audio:27] Update
[18:56:01.728] [DEBUG] [EP_Audio:27] Update
[18:56:01.734] [DEBUG] [EP_Audio:27] Update
[18:56:01.740] [DEBUG] [EP_Audio:27] Update
[18:56:01.746] [DEBUG] [EP_Audio:27] Update
[18:56:01.752] [DEBUG] [EP_Audio:27] Update
[18:56:01.764] [DEBUG] [EP_Audio:27] Update
[18:56:01.776] [DEBUG] [EP_Audio:27] Update
[18:56:01.786] [DEBUG] [EP_Audio:27] Update
[18:56:01.794] [DEBUG] [EP_Audio:27] Update
[18:56:01.804] [DEBUG] [EP_Audio:27] Update
[18:56:01.811] [DEBUG] [EP_Audio:27] Update
[18:56:01.824] [DEBUG] [EP_Audio:27] Update
[18:56:01.831] [DEBUG] [EP_Audio:27] Update
[18:56:01.842] [DEBUG] [EP_Audio:27] Update
[18:56:01.852] [DEBUG] [EP_Audio:27] Update
[18:56:01.860] [DEBUG] [EP_Audio:27] Update
[18:56:01.868] [DEBUG] [EP_Audio:27] Update
[18:56:01.877] [DEBUG] [EP_Audio:27] Update
[18:56:01.889] [DEBUG] [EP_Audio:27] Update
[18:56:01.896] [DEBUG] [EP_Audio:27] Update
[18:56:01.904] [DEBUG] [EP_Audio:27] Update
[18:56:01.914] [DEBUG] [EP_Audio:27] Update
[18:56:01.922] [DEBUG] [EP_Audio:27] Update
[18:56:01.931] [DEBUG] [EP_Audio:27] Update
[18:56:01.939] [DEBUG] [EP_Audio:27] Update
[18:56:01.947] [DEBUG] [EP_Audio:27] Update
[18:56:01.953] [DEBUG] [EP_Audio:27] Update
[18:56:01.962] [DEBUG] [EP_Audio:27] Update
[18:56:01.970] [DEBUG] [EP_Audio:27] Update
[18:56:01.979] [DEBUG] [EP_Audio:27] Update
[18:56:01.985] [DEBUG] [EP_Audio:27] Update
[18:56:01.990] [DEBUG] [EP_Audio:27] Update
[18:56:01.996] [DEBUG] [EP_Audio:27] Update
[18:56:02.002] [DEBUG] [EP_Audio:27] Update
[18:56:02.007] [DEBUG] [EP_Audio:27] Update
[18:56:02.019] [DEBUG] [EP_Audio:27] Update
[18:56:02.020] [DEBUG] [EP_Audio:27] Update
[18:56:02.026] [DEBUG] [EP_Audio:27] Update
[18:56:02.032] [DEBUG] [EP_Audio:27] Update
[18:56:02.037] [DEBUG] [EP_Audio:27] Update
[18:56:02.043] [DEBUG] [EP_Audio:27] Update
[18:56:02.049] [DEBUG] [EP_Audio:27] Update
[18:56:02.055] [DEBUG] [EP_Audio:27] Update
[18:56:02.061] [DEBUG] [EP_Audio:27] Update
[18:56:02.067] [DEBUG] [EP_Audio:27] Update
[18:56:02.073] [DEBUG] [EP_Audio:27] Update
[18:56:02.079] [DEBUG] [EP_Audio:27] Update
[18:56:02.085] [DEBUG] [EP_Audio:27] Update
[18:56:02.091] [DEBUG] [EP_Audio:27] Update
[18:56:02.097] [DEBUG] [EP_Audio:27] Update
[18:56:02.103] [DEBUG] [EP_Audio:27] Update
[18:56:02.110] [DEBUG] [EP_Audio:27] Update
[18:56:02.116] [DEBUG] [EP_Audio:27] Update
[18:56:02.122] [DEBUG] [EP_Audio:27] Update
[18:56:02.128] [DEBUG] [EP_Audio:27] Update
[18:56:02.134] [DEBUG] [EP_Audio:27] Update
[18:56:02.140] [DEBUG] [EP_Audio:27] Update
[18:56:02.146] [DEBUG] [EP_Audio:27] Update
[18:56:02.152] [DEBUG] [EP_Audio:27] Update
[18:56:02.158] [DEBUG] [EP_Audio:27] Update
[18:56:02.164] [DEBUG] [EP_Audio:27] Update
[18:56:02.170] [DEBUG] [EP_Audio:27] Update
[18:56:02.176] [DEBUG] [EP_Audio:27] Update
[18:56:02.182] [DEBUG] [EP_Audio:27] Update
[18:56:02.188] [DEBUG] [EP_Audio:27] Update
[18:56:02.194] [DEBUG] [EP_Audio:27] Update
[18:56:02.200] [DEBUG] [EP_Audio:27] Update
[18:56:02.207] [DEBUG] [EP_Audio:27] Update
[18:56:02.213] [DEBUG] [EP_Audio:27] Update
[18:56:02.219] [DEBUG] [EP_Audio:27] Update
[18:56:02.225] [DEBUG] [EP_Audio:27] Update
[18:56:02.231] [DEBUG] [EP_Audio:27] Update
[18:56:02.237] [DEBUG] [EP_Audio:27] Update
[18:56:02.243] [DEBUG] [EP_Audio:27] Update
[18:56:02.249] [DEBUG] [EP_Audio:27] Update
[18:56:02.255] [DEBUG] [EP_Audio:27] Update
[18:56:02.261] [DEBUG] [EP_Audio:27] Update
[18:56:02.267] [DEBUG] [EP_Audio:27] Update
[18:56:02.273] [DEBUG] [EP_Audio:27] Update
[18:56:02.279] [DEBUG] [EP_Audio:27] Update
[18:56:02.285] [DEBUG] [EP_Audio:27] Update
[18:56:02.291] [DEBUG] [EP_Audio:27] Update
[18:56:02.298] [DEBUG] [EP_Audio:27] Update
[18:56:02.304] [DEBUG] [EP_Audio:27] Update
[18:56:02.310] [DEBUG] [EP_Audio:27] Update
[18:56:02.316] [DEBUG] [EP_Audio:27] Update
[18:56:02.322] [DEBUG] [EP_Audio:27] Update
[18:56:02.328] [DEBUG] [EP_Audio:27] Update
[18:56:02.334] [DEBUG] [EP_Audio:27] Update
[18:56:02.340] [DEBUG] [EP_Audio:27] Update
[18:56:02.346] [DEBUG] [EP_Audio:27] Update
[18:56:02.352] [DEBUG] [EP_Audio:27] Update
[18:56:02.358] [DEBUG] [EP_Audio:27] Update
[18:56:02.364] [DEBUG] [EP_Audio:27] Update
[18:56:02.370] [DEBUG] [EP_Audio:27] Update
[18:56:02.376] [DEBUG] [EP_Audio:27] Update
[18:56:02.382] [DEBUG] [EP_Audio:27] Update
[18:56:02.388] [DEBUG] [EP_Audio:27] Update
[18:56:02.394] [DEBUG] [EP_Audio:27] Update
[18:56:02.400] [DEBUG] [EP_Audio:27] Update
[18:56:02.407] [DEBUG] [EP_Audio:27] Update
[18:56:02.413] [DEBUG] [EP_Audio:27] Update
[18:56:02.419] [DEBUG] [EP_Audio:27] Update
[18:56:02.425] [DEBUG] [EP_Audio:27] Update
[18:56:02.431] [DEBUG] [EP_Audio:27] Update
[18:56:02.437] [DEBUG] [EP_Audio:27] Update
[18:56:02.443] [DEBUG] [EP_Audio:27] Update
[18:56:02.449] [DEBUG] [EP_Audio:27] Update
[18:56:02.455] [DEBUG] [EP_Audio:27] Update
[18:56:02.461] [DEBUG] [EP_Audio:27] Update
[18:56:02.467] [DEBUG] [EP_Audio:27] Update
[18:56:02.473] [DEBUG] [EP_Audio:27] Update
[18:56:02.479] [DEBUG] [EP_Audio:27] Update
[18:56:02.485] [DEBUG] [EP_Audio:27] Update
[18:56:02.491] [DEBUG] [EP_Audio:27] Update
[18:56:02.497] [DEBUG] [EP_Audio:27] Update
[18:56:02.504] [DEBUG] [EP_Audio:27] Update
[18:56:02.510] [DEBUG] [EP_Audio:27] Update
[18:56:02.516] [DEBUG] [EP_Audio:27] Update
[18:56:02.522] [DEBUG] [EP_Audio:27] Update
[18:56:02.528] [DEBUG] [EP_Audio:27] Update
[18:56:02.534] [DEBUG] [EP_Audio:27] Update
[18:56:02.540] [DEBUG] [EP_Audio:27] Update
[18:56:02.546] [DEBUG] [EP_Audio:27] Update
[18:56:02.552] [DEBUG] [EP_Audio:27] Update
[18:56:02.558] [DEBUG] [EP_Audio:27] Update
[18:56:02.564] [DEBUG] [EP_Audio:27] Update
[18:56:02.571] [DEBUG] [EP_Audio:27] Update
[18:56:02.577] [DEBUG] [EP_Audio:27] Update
[18:56:02.583] [DEBUG] [EP_Audio:27] Update
[18:56:02.589] [DEBUG] [EP_Audio:27] Update
[18:56:02.595] [DEBUG] [EP_Audio:27] Update
[18:56:02.601] [DEBUG] [EP_Audio:27] Update
[18:56:02.607] [DEBUG] [EP_Audio:27] Update
[18:56:02.613] [DEBUG] [EP_Audio:27] Update
[18:56:02.619] [DEBUG] [EP_Audio:27] Update
[18:56:02.625] [DEBUG] [EP_Audio:27] Update
[18:56:02.631] [DEBUG] [EP_Audio:27] Update
[18:56:02.637] [DEBUG] [EP_Audio:27] Update
[18:56:02.643] [DEBUG] [EP_Audio:27] Update
[18:56:02.649] [DEBUG] [EP_Audio:27] Update
[18:56:02.655] [DEBUG] [EP_Audio:27] Update
[18:56:02.661] [DEBUG] [EP_Audio:27] Update
[18:56:02.667] [DEBUG] [EP_Audio:27] Update
[18:56:02.673] [DEBUG] [EP_Audio:27] Update
[18:56:02.679] [DEBUG] [EP_Audio:27] Update
[18:56:02.686] [DEBUG] [EP_Audio:27] Update
[18:56:02.691] [DEBUG] [EP_Audio:27] Update
[18:56:02.698] [DEBUG] [EP_Audio:27] Update
[18:56:02.704] [DEBUG] [EP_Audio:27] Update
[18:56:02.710] [DEBUG] [EP_Audio:27] Update
[18:56:02.716] [DEBUG] [EP_Audio:27] Update
[18:56:02.722] [DEBUG] [EP_Audio:27] Update
[18:56:02.728] [DEBUG] [EP_Audio:27] Update
[18:56:02.734] [DEBUG] [EP_Audio:27] Update
[18:56:02.740] [DEBUG] [EP_Audio:27] Update
[18:56:02.746] [DEBUG] [EP_Audio:27] Update
[18:56:02.752] [DEBUG] [EP_Audio:27] Update
[18:56:02.758] [DEBUG] [EP_Audio:27] Update
[18:56:02.764] [DEBUG] [EP_Audio:27] Update
[18:56:02.770] [DEBUG] [EP_Audio:27] Update
[18:56:02.776] [DEBUG] [EP_Audio:27] Update
[18:56:02.782] [DEBUG] [EP_Audio:27] Update
[18:56:02.788] [DEBUG] [EP_Audio:27] Update
[18:56:02.795] [DEBUG] [EP_Audio:27] Update
[18:56:02.801] [DEBUG] [EP_Audio:27] Update
[18:56:02.807] [DEBUG] [EP_Audio:27] Update
[18:56:02.813] [DEBUG] [EP_Audio:27] Update
[18:56:02.819] [DEBUG] [EP_Audio:27] Update
[18:56:02.825] [DEBUG] [EP_Audio:27] Update
[18:56:02.831] [DEBUG] [EP_Audio:27] Update
[18:56:02.837] [DEBUG] [EP_Audio:27] Update
[18:56:02.843] [DEBUG] [EP_Audio:27] Update
[18:56:02.849] [DEBUG] [EP_Audio:27] Update
[18:56:02.855] [DEBUG] [EP_Audio:27] Update
[18:56:02.861] [DEBUG] [EP_Audio:27] Update
[18:56:02.867] [DEBUG] [EP_Audio:27] Update
[18:56:02.874] [DEBUG] [EP_Audio:27] Update
[18:56:02.879] [DEBUG] [EP_Audio:27] Update
[18:56:02.885] [DEBUG] [EP_Audio:27] Update
[18:56:02.891] [DEBUG] [EP_Audio:27] Update
[18:56:02.897] [DEBUG] [EP_Audio:27] Update
[18:56:02.904] [DEBUG] [EP_Audio:27] Update
[18:56:02.910] [DEBUG] [EP_Audio:27] Update
[18:56:02.916] [DEBUG] [EP_Audio:27] Update
[18:56:02.922] [DEBUG] [EP_Audio:27] Update
[18:56:02.928] [DEBUG] [EP_Audio:27] Update
[18:56:02.934] [DEBUG] [EP_Audio:27] Update
[18:56:02.940] [DEBUG] [EP_Audio:27] Update
[18:56:02.946] [DEBUG] [EP_Audio:27] Update
[18:56:02.952] [DEBUG] [EP_Audio:27] Update
[18:56:02.958] [DEBUG] [EP_Audio:27] Update
[18:56:02.964] [DEBUG] [EP_Audio:27] Update
[18:56:02.970] [DEBUG] [EP_Audio:27] Update
[18:56:02.976] [DEBUG] [EP_Audio:27] Update
[18:56:02.983] [DEBUG] [EP_Audio:27] Update
[18:56:02.989] [DEBUG] [EP_Audio:27] Update
[18:56:02.994] [DEBUG] [EP_Audio:27] Update
[18:56:03.001] [DEBUG] [EP_Audio:27] Update
[18:56:03.007] [DEBUG] [EP_Audio:27] Update
[18:56:03.013] [DEBUG] [EP_Audio:27] Update
[18:56:03.019] [DEBUG] [EP_Audio:27] Update
[18:56:03.025] [DEBUG] [EP_Audio:27] Update
[18:56:03.031] [DEBUG] [EP_Audio:27] Update
[18:56:03.037] [DEBUG] [EP_Audio:27] Update
[18:56:03.043] [DEBUG] [EP_Audio:27] Update
[18:56:03.049] [DEBUG] [EP_Audio:27] Update
[18:56:03.055] [DEBUG] [EP_Audio:27] Update
[18:56:03.061] [DEBUG] [EP_Audio:27] Update
[18:56:03.067] [DEBUG] [EP_Audio:27] Update
[18:56:03.073] [DEBUG] [EP_Audio:27] Update
[18:56:03.079] [DEBUG] [EP_Audio:27] Update
[18:56:03.086] [DEBUG] [EP_Audio:27] Update
[18:56:03.092] [DEBUG] [EP_Audio:27] Update
[18:56:03.101] [DEBUG] [EP_Audio:27] Update
[18:56:03.104] [DEBUG] [EP_Audio:27] Update
[18:56:03.110] [DEBUG] [EP_Audio:27] Update
[18:56:03.116] [DEBUG] [EP_Audio:27] Update
[18:56:03.122] [DEBUG] [EP_Audio:27] Update
[18:56:03.128] [DEBUG] [EP_Audio:27] Update
[18:56:03.134] [DEBUG] [EP_Audio:27] Update
[18:56:03.141] [DEBUG] [EP_Audio:27] Update
[18:56:03.147] [DEBUG] [EP_Audio:27] Update
[18:56:03.153] [DEBUG] [EP_Audio:27] Update
[18:56:03.158] [DEBUG] [EP_Audio:27] Update
[18:56:03.165] [DEBUG] [EP_Audio:27] Update
[18:56:03.171] [DEBUG] [EP_Audio:27] Update
[18:56:03.177] [DEBUG] [EP_Audio:27] Update
[18:56:03.183] [DEBUG] [EP_Audio:27] Update
[18:56:03.190] [DEBUG] [EP_Audio:27] Update
[18:56:03.195] [DEBUG] [EP_Audio:27] Update
[18:56:03.201] [DEBUG] [EP_Audio:27] Update
[18:56:03.207] [DEBUG] [EP_Audio:27] Update
[18:56:03.213] [DEBUG] [EP_Audio:27] Update
[18:56:03.219] [DEBUG] [EP_Audio:27] Update
[18:56:03.225] [DEBUG] [EP_Audio:27] Update
[18:56:03.231] [DEBUG] [EP_Audio:27] Update
[18:56:03.237] [DEBUG] [EP_Audio:27] Update
[18:56:03.243] [DEBUG] [EP_Audio:27] Update
[18:56:03.250] [DEBUG] [EP_Audio:27] Update
[18:56:03.255] [DEBUG] [EP_Audio:27] Update
[18:56:03.263] [DEBUG] [EP_Audio:27] Update
[18:56:03.268] [DEBUG] [EP_Audio:27] Update
[18:56:03.274] [DEBUG] [EP_Audio:27] Update
[18:56:03.280] [DEBUG] [EP_Audio:27] Update
[18:56:03.286] [DEBUG] [EP_Audio:27] Update
[18:56:03.292] [DEBUG] [EP_Audio:27] Update
[18:56:03.298] [DEBUG] [EP_Audio:27] Update
[18:56:03.304] [DEBUG] [EP_Audio:27] Update
[18:56:03.310] [DEBUG] [EP_Audio:27] Update
[18:56:03.316] [DEBUG] [EP_Audio:27] Update
[18:56:03.322] [DEBUG] [EP_Audio:27] Update
[18:56:03.328] [DEBUG] [EP_Audio:27] Update
[18:56:03.334] [DEBUG] [EP_Audio:27] Update
[18:56:03.341] [DEBUG] [EP_Audio:27] Update
[18:56:03.346] [DEBUG] [EP_Audio:27] Update
[18:56:03.352] [DEBUG] [EP_Audio:27] Update
[18:56:03.359] [DEBUG] [EP_Audio:27] Update
[18:56:03.364] [DEBUG] [EP_Audio:27] Update
[18:56:03.371] [DEBUG] [EP_Audio:27] Update
[18:56:03.376] [DEBUG] [EP_Audio:27] Update
[18:56:03.382] [DEBUG] [EP_Audio:27] Update
[18:56:03.401] [DEBUG] [EP_Audio:27] Update
[18:56:03.404] [DEBUG] [EP_Audio:27] Update
[18:56:03.406] [DEBUG] [EP_Audio:27] Update
[18:56:03.410] [DEBUG] [EP_Audio:27] Update
[18:56:03.415] [DEBUG] [EP_Audio:27] Update
[18:56:03.421] [DEBUG] [EP_Audio:27] Update
[18:56:03.427] [DEBUG] [EP_Audio:27] Update
[18:56:03.432] [DEBUG] [EP_Audio:27] Update
[18:56:03.441] [DEBUG] [EP_Audio:27] Update
[18:56:03.443] [DEBUG] [EP_Audio:27] Update
[18:56:03.455] [DEBUG] [EP_Audio:27] Update
[18:56:03.457] [DEBUG] [EP_Audio:27] Update
[18:56:03.463] [DEBUG] [EP_Audio:27] Update
[18:56:03.468] [DEBUG] [EP_Audio:27] Update
[18:56:03.474] [DEBUG] [EP_Audio:27] Update
[18:56:03.480] [DEBUG] [EP_Audio:27] Update
[18:56:03.509] [DEBUG] [EP_Audio:27] Update
[18:56:03.810] [DEBUG] [EP_Audio:27] Update
[18:56:03.811] [DEBUG] [EP_Audio:27] Update
[18:56:03.815] [DEBUG] [EP_Audio:27] Update
[18:56:03.821] [DEBUG] [EP_Audio:27] Update
[18:56:03.826] [DEBUG] [EP_Audio:27] Update
[18:56:03.832] [DEBUG] [EP_Audio:27] Update
[18:56:03.837] [DEBUG] [EP_Audio:27] Update
[18:56:03.843] [DEBUG] [EP_Audio:27] Update
[18:56:03.849] [DEBUG] [EP_Audio:27] Update
[18:56:03.855] [DEBUG] [EP_Audio:27] Update
[18:56:03.861] [DEBUG] [EP_Audio:27] Update
[18:56:03.867] [DEBUG] [EP_Audio:27] Update
[18:56:03.873] [DEBUG] [EP_Audio:27] Update
[18:56:03.879] [DEBUG] [EP_Audio:27] Update
[18:56:03.885] [DEBUG] [EP_Audio:27] Update
[18:56:03.891] [DEBUG] [EP_Audio:27] Update
[18:56:03.898] [DEBUG] [EP_Audio:27] Update
[18:56:03.904] [DEBUG] [EP_Audio:27] Update
[18:56:03.910] [DEBUG] [EP_Audio:27] Update
[18:56:03.916] [DEBUG] [EP_Audio:27] Update
[18:56:03.922] [DEBUG] [EP_Audio:27] Update
[18:56:03.928] [DEBUG] [EP_Audio:27] Update
[18:56:03.934] [DEBUG] [EP_Audio:27] Update
[18:56:03.940] [DEBUG] [EP_Audio:27] Update
[18:56:03.946] [DEBUG] [EP_Audio:27] Update
[18:56:03.952] [DEBUG] [EP_Audio:27] Update
[18:56:03.958] [DEBUG] [EP_Audio:27] Update
[18:56:03.964] [DEBUG] [EP_Audio:27] Update
[18:56:03.970] [DEBUG] [EP_Audio:27] Update
[18:56:03.977] [DEBUG] [EP_Audio:27] Update
[18:56:03.982] [DEBUG] [EP_Audio:27] Update
[18:56:03.988] [DEBUG] [EP_Audio:27] Update
[18:56:03.994] [DEBUG] [EP_Audio:27] Update
[18:56:04.000] [DEBUG] [EP_Audio:27] Update
[18:56:04.007] [DEBUG] [EP_Audio:27] Update
[18:56:04.013] [DEBUG] [EP_Audio:27] Update
[18:56:04.019] [DEBUG] [EP_Audio:27] Update
[18:56:04.025] [DEBUG] [EP_Audio:27] Update
[18:56:04.031] [DEBUG] [EP_Audio:27] Update
[18:56:04.037] [DEBUG] [EP_Audio:27] Update
[18:56:04.043] [DEBUG] [EP_Audio:27] Update
[18:56:04.049] [DEBUG] [EP_Audio:27] Update
[18:56:04.055] [DEBUG] [EP_Audio:27] Update
[18:56:04.061] [DEBUG] [EP_Audio:27] Update
[18:56:04.067] [DEBUG] [EP_Audio:27] Update
[18:56:04.073] [DEBUG] [EP_Audio:27] Update
[18:56:04.079] [DEBUG] [EP_Audio:27] Update
[18:56:04.085] [DEBUG] [EP_Audio:27] Update
[18:56:04.091] [DEBUG] [EP_Audio:27] Update
[18:56:04.097] [DEBUG] [EP_Audio:27] Update
[18:56:04.104] [DEBUG] [EP_Audio:27] Update
[18:56:04.110] [DEBUG] [EP_Audio:27] Update
[18:56:04.116] [DEBUG] [EP_Audio:27] Update
[18:56:04.122] [DEBUG] [EP_Audio:27] Update
[18:56:04.128] [DEBUG] [EP_Audio:27] Update
[18:56:04.134] [DEBUG] [EP_Audio:27] Update
[18:56:04.140] [DEBUG] [EP_Audio:27] Update
[18:56:04.146] [DEBUG] [EP_Audio:27] Update
[18:56:04.152] [DEBUG] [EP_Audio:27] Update
[18:56:04.158] [DEBUG] [EP_Audio:27] Update
[18:56:04.164] [DEBUG] [EP_Audio:27] Update
[18:56:04.170] [DEBUG] [EP_Audio:27] Update
[18:56:04.176] [DEBUG] [EP_Audio:27] Update
[18:56:04.182] [DEBUG] [EP_Audio:27] Update
[18:56:04.188] [DEBUG] [EP_Audio:27] Update
[18:56:04.194] [DEBUG] [EP_Audio:27] Update
[18:56:04.200] [DEBUG] [EP_Audio:27] Update
[18:56:04.207] [DEBUG] [EP_Audio:27] Update
[18:56:04.213] [DEBUG] [EP_Audio:27] Update
[18:56:04.219] [DEBUG] [EP_Audio:27] Update
[18:56:04.225] [DEBUG] [EP_Audio:27] Update
[18:56:04.231] [DEBUG] [EP_Audio:27] Update
[18:56:04.237] [DEBUG] [EP_Audio:27] Update
[18:56:04.243] [DEBUG] [EP_Audio:27] Update
[18:56:04.249] [DEBUG] [EP_Audio:27] Update
[18:56:04.255] [DEBUG] [EP_Audio:27] Update
[18:56:04.261] [DEBUG] [EP_Audio:27] Update
[18:56:04.267] [DEBUG] [EP_Audio:27] Update
[18:56:04.274] [DEBUG] [EP_Audio:27] Update
[18:56:04.280] [DEBUG] [EP_Audio:27] Update
[18:56:04.285] [DEBUG] [EP_Audio:27] Update
[18:56:04.291] [DEBUG] [EP_Audio:27] Update
[18:56:04.297] [DEBUG] [EP_Audio:27] Update
[18:56:04.304] [DEBUG] [EP_Audio:27] Update
[18:56:04.310] [DEBUG] [EP_Audio:27] Update
[18:56:04.316] [DEBUG] [EP_Audio:27] Update
[18:56:04.322] [DEBUG] [EP_Audio:27] Update
[18:56:04.328] [DEBUG] [EP_Audio:27] Update
[18:56:04.334] [DEBUG] [EP_Audio:27] Update
[18:56:04.341] [DEBUG] [EP_Audio:27] Update
[18:56:04.346] [DEBUG] [EP_Audio:27] Update
[18:56:04.352] [DEBUG] [EP_Audio:27] Update
[18:56:04.358] [DEBUG] [EP_Audio:27] Update
[18:56:04.364] [DEBUG] [EP_Audio:27] Update
[18:56:04.371] [DEBUG] [EP_Audio:27] Update
[18:56:04.376] [DEBUG] [EP_Audio:27] Update
[18:56:04.383] [DEBUG] [EP_Audio:27] Update
[18:56:04.389] [DEBUG] [EP_Audio:27] Update
[18:56:04.395] [DEBUG] [EP_Audio:27] Update
[18:56:04.401] [DEBUG] [EP_Audio:27] Update
[18:56:04.407] [DEBUG] [EP_Audio:27] Update
[18:56:04.413] [DEBUG] [EP_Audio:27] Update
[18:56:04.419] [DEBUG] [EP_Audio:27] Update
[18:56:04.425] [DEBUG] [EP_Audio:27] Update
[18:56:04.431] [DEBUG] [EP_Audio:27] Update
[18:56:04.437] [DEBUG] [EP_Audio:27] Update
[18:56:04.443] [DEBUG] [EP_Audio:27] Update
[18:56:04.449] [DEBUG] [EP_Audio:27] Update
[18:56:04.455] [DEBUG] [EP_Audio:27] Update
[18:56:04.462] [DEBUG] [EP_Audio:27] Update
[18:56:04.467] [DEBUG] [EP_Audio:27] Update
[18:56:04.474] [DEBUG] [EP_Audio:27] Update
[18:56:04.479] [DEBUG] [EP_Audio:27] Update
[18:56:04.486] [DEBUG] [EP_Audio:27] Update
[18:56:04.492] [DEBUG] [EP_Audio:27] Update
[18:56:04.498] [DEBUG] [EP_Audio:27] Update
[18:56:04.504] [DEBUG] [EP_Audio:27] Update
[18:56:04.510] [DEBUG] [EP_Audio:27] Update
[18:56:04.516] [DEBUG] [EP_Audio:27] Update
[18:56:04.522] [DEBUG] [EP_Audio:27] Update
[18:56:04.528] [DEBUG] [EP_Audio:27] Update
[18:56:04.534] [DEBUG] [EP_Audio:27] Update
[18:56:04.540] [DEBUG] [EP_Audio:27] Update
[18:56:04.546] [DEBUG] [EP_Audio:27] Update
[18:56:04.552] [DEBUG] [EP_Audio:27] Update
[18:56:04.558] [DEBUG] [EP_Audio:27] Update
[18:56:04.565] [DEBUG] [EP_Audio:27] Update
[18:56:04.571] [DEBUG] [EP_Audio:27] Update
[18:56:04.576] [DEBUG] [EP_Audio:27] Update
[18:56:04.583] [DEBUG] [EP_Audio:27] Update
[18:56:04.589] [DEBUG] [EP_Audio:27] Update
[18:56:04.595] [DEBUG] [EP_Audio:27] Update
[18:56:04.601] [DEBUG] [EP_Audio:27] Update
[18:56:04.607] [DEBUG] [EP_Audio:27] Update
[18:56:04.613] [DEBUG] [EP_Audio:27] Update
[18:56:04.619] [DEBUG] [EP_Audio:27] Update
[18:56:04.625] [DEBUG] [EP_Audio:27] Update
[18:56:04.631] [DEBUG] [EP_Audio:27] Update
[18:56:04.637] [DEBUG] [EP_Audio:27] Update
[18:56:04.643] [DEBUG] [EP_Audio:27] Update
[18:56:04.649] [DEBUG] [EP_Audio:27] Update
[18:56:04.655] [DEBUG] [EP_Audio:27] Update
[18:56:04.661] [DEBUG] [EP_Audio:27] Update
[18:56:04.668] [DEBUG] [EP_Audio:27] Update
[18:56:04.673] [DEBUG] [EP_Audio:27] Update
[18:56:04.679] [DEBUG] [EP_Audio:27] Update
[18:56:04.685] [DEBUG] [EP_Audio:27] Update
[18:56:04.692] [DEBUG] [EP_Audio:27] Update
[18:56:04.698] [DEBUG] [EP_Audio:27] Update
[18:56:04.704] [DEBUG] [EP_Audio:27] Update
[18:56:04.710] [DEBUG] [EP_Audio:27] Update
[18:56:04.716] [DEBUG] [EP_Audio:27] Update
[18:56:04.722] [DEBUG] [EP_Audio:27] Update
[18:56:04.728] [DEBUG] [EP_Audio:27] Update
[18:56:04.734] [DEBUG] [EP_Audio:27] Update
[18:56:04.740] [DEBUG] [EP_Audio:27] Update
[18:56:04.746] [DEBUG] [EP_Audio:27] Update
[18:56:04.752] [DEBUG] [EP_Audio:27] Update
[18:56:04.758] [DEBUG] [EP_Audio:27] Update
[18:56:04.764] [DEBUG] [EP_Audio:27] Update
[18:56:04.770] [DEBUG] [EP_Audio:27] Update
[18:56:04.777] [DEBUG] [EP_Audio:27] Update
[18:56:04.782] [DEBUG] [EP_Audio:27] Update
[18:56:04.788] [DEBUG] [EP_Audio:27] Update
[18:56:04.794] [DEBUG] [EP_Audio:27] Update
[18:56:04.801] [DEBUG] [EP_Audio:27] Update
[18:56:04.807] [DEBUG] [EP_Audio:27] Update
[18:56:04.813] [DEBUG] [EP_Audio:27] Update
[18:56:04.819] [DEBUG] [EP_Audio:27] Update
[18:56:04.825] [DEBUG] [EP_Audio:27] Update
[18:56:04.831] [DEBUG] [EP_Audio:27] Update
[18:56:04.837] [DEBUG] [EP_Audio:27] Update
[18:56:04.843] [DEBUG] [EP_Audio:27] Update
[18:56:04.849] [DEBUG] [EP_Audio:27] Update
[18:56:04.855] [DEBUG] [EP_Audio:27] Update
[18:56:04.863] [DEBUG] [EP_Audio:27] Update
[18:56:04.868] [DEBUG] [EP_Audio:27] Update
[18:56:04.873] [DEBUG] [EP_Audio:27] Update
[18:56:04.880] [DEBUG] [EP_Audio:27] Update
[18:56:04.886] [DEBUG] [EP_Audio:27] Update
[18:56:04.892] [DEBUG] [EP_Audio:27] Update
[18:56:04.898] [DEBUG] [EP_Audio:27] Update
[18:56:04.904] [DEBUG] [EP_Audio:27] Update
[18:56:04.910] [DEBUG] [EP_Audio:27] Update
[18:56:04.919] [DEBUG] [EP_Audio:27] Update
[18:56:04.922] [DEBUG] [EP_Audio:27] Update
[18:56:04.928] [DEBUG] [EP_Audio:27] Update
[18:56:04.934] [DEBUG] [EP_Audio:27] Update
[18:56:04.940] [DEBUG] [EP_Audio:27] Update
[18:56:04.946] [DEBUG] [EP_Audio:27] Update
[18:56:04.952] [DEBUG] [EP_Audio:27] Update
[18:56:04.958] [DEBUG] [EP_Audio:27] Update
[18:56:04.965] [DEBUG] [EP_Audio:27] Update
[18:56:04.971] [DEBUG] [EP_Audio:27] Update
[18:56:04.976] [DEBUG] [EP_Audio:27] Update
[18:56:04.983] [DEBUG] [EP_Audio:27] Update
[18:56:04.989] [DEBUG] [EP_Audio:27] Update
[18:56:04.995] [DEBUG] [EP_Audio:27] Update
[18:56:05.001] [DEBUG] [EP_Audio:27] Update
[18:56:05.007] [DEBUG] [EP_Audio:27] Update
[18:56:05.013] [DEBUG] [EP_Audio:27] Update
[18:56:05.019] [DEBUG] [EP_Audio:27] Update
[18:56:05.025] [DEBUG] [EP_Audio:27] Update
[18:56:05.031] [DEBUG] [EP_Audio:27] Update
[18:56:05.037] [DEBUG] [EP_Audio:27] Update
[18:56:05.043] [DEBUG] [EP_Audio:27] Update
[18:56:05.049] [DEBUG] [EP_Audio:27] Update
[18:56:05.055] [DEBUG] [EP_Audio:27] Update
[18:56:05.061] [DEBUG] [EP_Audio:27] Update
[18:56:05.068] [DEBUG] [EP_Audio:27] Update
[18:56:05.074] [DEBUG] [EP_Audio:27] Update
[18:56:05.080] [DEBUG] [EP_Audio:27] Update
[18:56:05.086] [DEBUG] [EP_Audio:27] Update
[18:56:05.092] [DEBUG] [EP_Audio:27] Update
[18:56:05.098] [DEBUG] [EP_Audio:27] Update
[18:56:05.104] [DEBUG] [EP_Audio:27] Update
[18:56:05.110] [DEBUG] [EP_Audio:27] Update
[18:56:05.116] [DEBUG] [EP_Audio:27] Update
[18:56:05.122] [DEBUG] [EP_Audio:27] Update
[18:56:05.128] [DEBUG] [EP_Audio:27] Update
[18:56:05.134] [DEBUG] [EP_Audio:27] Update
[18:56:05.140] [DEBUG] [EP_Audio:27] Update
[18:56:05.146] [DEBUG] [EP_Audio:27] Update
[18:56:05.152] [DEBUG] [EP_Audio:27] Update
[18:56:05.161] [DEBUG] [EP_Audio:27] Update
[18:56:05.164] [DEBUG] [EP_Audio:27] Update
[18:56:05.171] [DEBUG] [EP_Audio:27] Update
[18:56:05.177] [DEBUG] [EP_Audio:27] Update
[18:56:05.183] [DEBUG] [EP_Audio:27] Update
[18:56:05.189] [DEBUG] [EP_Audio:27] Update
[18:56:05.195] [DEBUG] [EP_Audio:27] Update
[18:56:05.201] [DEBUG] [EP_Audio:27] Update
[18:56:05.207] [DEBUG] [EP_Audio:27] Update
[18:56:05.213] [DEBUG] [EP_Audio:27] Update
[18:56:05.219] [DEBUG] [EP_Audio:27] Update
[18:56:05.226] [DEBUG] [EP_Audio:27] Update
[18:56:05.231] [DEBUG] [EP_Audio:27] Update
[18:56:05.237] [DEBUG] [EP_Audio:27] Update
[18:56:05.243] [DEBUG] [EP_Audio:27] Update
[18:56:05.250] [DEBUG] [EP_Audio:27] Update
[18:56:05.256] [DEBUG] [EP_Audio:27] Update
[18:56:05.261] [DEBUG] [EP_Audio:27] Update
[18:56:05.268] [DEBUG] [EP_Audio:27] Update
[18:56:05.274] [DEBUG] [EP_Audio:27] Update
[18:56:05.280] [DEBUG] [EP_Audio:27] Update
[18:56:05.286] [DEBUG] [EP_Audio:27] Update
[18:56:05.292] [DEBUG] [EP_Audio:27] Update
[18:56:05.298] [DEBUG] [EP_Audio:27] Update
[18:56:05.304] [DEBUG] [EP_Audio:27] Update
[18:56:05.310] [DEBUG] [EP_Audio:27] Update
[18:56:05.316] [DEBUG] [EP_Audio:27] Update
[18:56:05.322] [DEBUG] [EP_Audio:27] Update
[18:56:05.329] [DEBUG] [EP_Audio:27] Update
[18:56:05.335] [DEBUG] [EP_Audio:27] Update
[18:56:05.340] [DEBUG] [EP_Audio:27] Update
[18:56:05.346] [DEBUG] [EP_Audio:27] Update
[18:56:05.352] [DEBUG] [EP_Audio:27] Update
[18:56:05.358] [DEBUG] [EP_Audio:27] Update
[18:56:05.365] [DEBUG] [EP_Audio:27] Update
[18:56:05.370] [DEBUG] [EP_Audio:27] Update
[18:56:05.377] [DEBUG] [EP_Audio:27] Update
[18:56:05.383] [DEBUG] [EP_Audio:27] Update
[18:56:05.389] [DEBUG] [EP_Audio:27] Update
[18:56:05.395] [DEBUG] [EP_Audio:27] Update
[18:56:05.401] [DEBUG] [EP_Audio:27] Update
[18:56:05.407] [DEBUG] [EP_Audio:27] Update
[18:56:05.413] [DEBUG] [EP_Audio:27] Update
[18:56:05.419] [DEBUG] [EP_Audio:27] Update
[18:56:05.425] [DEBUG] [EP_Audio:27] Update
[18:56:05.431] [DEBUG] [EP_Audio:27] Update
[18:56:05.437] [DEBUG] [EP_Audio:27] Update
[18:56:05.443] [DEBUG] [EP_Audio:27] Update
[18:56:05.449] [DEBUG] [EP_Audio:27] Update
[18:56:05.455] [DEBUG] [EP_Audio:27] Update
[18:56:05.461] [DEBUG] [EP_Audio:27] Update
[18:56:05.468] [DEBUG] [EP_Audio:27] Update
[18:56:05.473] [DEBUG] [EP_Audio:27] Update
[18:56:05.480] [DEBUG] [EP_Audio:27] Update
[18:56:05.486] [DEBUG] [EP_Audio:27] Update
[18:56:05.492] [DEBUG] [EP_Audio:27] Update
[18:56:05.498] [DEBUG] [EP_Audio:27] Update
[18:56:05.504] [DEBUG] [EP_Audio:27] Update
[18:56:05.510] [DEBUG] [EP_Audio:27] Update
[18:56:05.516] [DEBUG] [EP_Audio:27] Update
[18:56:05.522] [DEBUG] [EP_Audio:27] Update
[18:56:05.528] [DEBUG] [EP_Audio:27] Update
[18:56:05.534] [DEBUG] [EP_Audio:27] Update
[18:56:05.540] [DEBUG] [EP_Audio:27] Update
[18:56:05.546] [DEBUG] [EP_Audio:27] Update
[18:56:05.553] [DEBUG] [EP_Audio:27] Update
[18:56:05.558] [DEBUG] [EP_Audio:27] Update
[18:56:05.564] [DEBUG] [EP_Audio:27] Update
[18:56:05.570] [DEBUG] [EP_Audio:27] Update
[18:56:05.577] [DEBUG] [EP_Audio:27] Update
[18:56:05.582] [DEBUG] [EP_Audio:27] Update
[18:56:05.589] [DEBUG] [EP_Audio:27] Update
[18:56:05.595] [DEBUG] [EP_Audio:27] Update
[18:56:05.601] [DEBUG] [EP_Audio:27] Update
[18:56:05.607] [DEBUG] [EP_Audio:27] Update
[18:56:05.613] [DEBUG] [EP_Audio:27] Update
[18:56:05.619] [DEBUG] [EP_Audio:27] Update
[18:56:05.626] [DEBUG] [EP_Audio:27] Update
[18:56:05.631] [DEBUG] [EP_Audio:27] Update
[18:56:05.637] [DEBUG] [EP_Audio:27] Update
[18:56:05.643] [DEBUG] [EP_Audio:27] Update
[18:56:05.649] [DEBUG] [EP_Audio:27] Update
[18:56:05.677] [DEBUG] [EP_Audio:27] Update
[18:56:05.934] [DEBUG] [EP_Audio:27] Update
[18:56:05.935] [DEBUG] [EP_Audio:27] Update
[18:56:05.940] [DEBUG] [EP_Audio:27] Update
[18:56:05.946] [DEBUG] [EP_Audio:27] Update
[18:56:05.953] [DEBUG] [EP_Audio:27] Update
[18:56:05.958] [DEBUG] [EP_Audio:27] Update
[18:56:05.964] [DEBUG] [EP_Audio:27] Update
[18:56:05.970] [DEBUG] [EP_Audio:27] Update
[18:56:05.976] [DEBUG] [EP_Audio:27] Update
[18:56:05.982] [DEBUG] [EP_Audio:27] Update
[18:56:05.989] [DEBUG] [EP_Audio:27] Update
[18:56:05.995] [DEBUG] [EP_Audio:27] Update
[18:56:06.001] [DEBUG] [EP_Audio:27] Update
[18:56:06.007] [DEBUG] [EP_Audio:27] Update
[18:56:06.013] [DEBUG] [EP_Audio:27] Update
[18:56:06.019] [DEBUG] [EP_Audio:27] Update
[18:56:06.025] [DEBUG] [EP_Audio:27] Update
[18:56:06.031] [DEBUG] [EP_Audio:27] Update
[18:56:06.037] [DEBUG] [EP_Audio:27] Update
[18:56:06.043] [DEBUG] [EP_Audio:27] Update
[18:56:06.049] [DEBUG] [EP_Audio:27] Update
[18:56:06.055] [DEBUG] [EP_Audio:27] Update
[18:56:06.061] [DEBUG] [EP_Audio:27] Update
[18:56:06.067] [DEBUG] [EP_Audio:27] Update
[18:56:06.073] [DEBUG] [EP_Audio:27] Update
[18:56:06.080] [DEBUG] [EP_Audio:27] Update
[18:56:06.086] [DEBUG] [EP_Audio:27] Update
[18:56:06.091] [DEBUG] [EP_Audio:27] Update
[18:56:06.097] [DEBUG] [EP_Audio:27] Update
[18:56:06.104] [DEBUG] [EP_Audio:27] Update
[18:56:06.111] [DEBUG] [EP_Audio:27] Update
[18:56:06.116] [DEBUG] [EP_Audio:27] Update
[18:56:06.122] [DEBUG] [EP_Audio:27] Update
[18:56:06.128] [DEBUG] [EP_Audio:27] Update
[18:56:06.134] [DEBUG] [EP_Audio:27] Update
[18:56:06.140] [DEBUG] [EP_Audio:27] Update
[18:56:06.146] [DEBUG] [EP_Audio:27] Update
[18:56:06.152] [DEBUG] [EP_Audio:27] Update
[18:56:06.158] [DEBUG] [EP_Audio:27] Update
[18:56:06.164] [DEBUG] [EP_Audio:27] Update
[18:56:06.170] [DEBUG] [EP_Audio:27] Update
[18:56:06.176] [DEBUG] [EP_Audio:27] Update
[18:56:06.182] [DEBUG] [EP_Audio:27] Update
[18:56:06.189] [DEBUG] [EP_Audio:27] Update
[18:56:06.195] [DEBUG] [EP_Audio:27] Update
[18:56:06.200] [DEBUG] [EP_Audio:27] Update
[18:56:06.207] [DEBUG] [EP_Audio:27] Update
[18:56:06.213] [DEBUG] [EP_Audio:27] Update
[18:56:06.219] [DEBUG] [EP_Audio:27] Update
[18:56:06.225] [DEBUG] [EP_Audio:27] Update
[18:56:06.231] [DEBUG] [EP_Audio:27] Update
[18:56:06.237] [DEBUG] [EP_Audio:27] Update
[18:56:06.243] [DEBUG] [EP_Audio:27] Update
[18:56:06.249] [DEBUG] [EP_Audio:27] Update
[18:56:06.255] [DEBUG] [EP_Audio:27] Update
[18:56:06.261] [DEBUG] [EP_Audio:27] Update
[18:56:06.267] [DEBUG] [EP_Audio:27] Update
[18:56:06.273] [DEBUG] [EP_Audio:27] Update
[18:56:06.280] [DEBUG] [EP_Audio:27] Update
[18:56:06.288] [DEBUG] [EP_Audio:27] Update
[18:56:06.291] [DEBUG] [EP_Audio:27] Update
[18:56:06.298] [DEBUG] [EP_Audio:27] Update
[18:56:06.304] [DEBUG] [EP_Audio:27] Update
[18:56:06.312] [DEBUG] [EP_Audio:27] Update
[18:56:06.317] [DEBUG] [EP_Audio:27] Update
[18:56:06.322] [DEBUG] [EP_Audio:27] Update
[18:56:06.329] [DEBUG] [EP_Audio:27] Update
[18:56:06.334] [DEBUG] [EP_Audio:27] Update
[18:56:06.342] [DEBUG] [EP_Audio:27] Update
[18:56:06.346] [DEBUG] [EP_Audio:27] Update
[18:56:06.352] [DEBUG] [EP_Audio:27] Update
[18:56:06.358] [DEBUG] [EP_Audio:27] Update
[18:56:06.364] [DEBUG] [EP_Audio:27] Update
[18:56:06.371] [DEBUG] [EP_Audio:27] Update
[18:56:06.377] [DEBUG] [EP_Audio:27] Update
[18:56:06.382] [DEBUG] [EP_Audio:27] Update
[18:56:06.389] [DEBUG] [EP_Audio:27] Update
[18:56:06.395] [DEBUG] [EP_Audio:27] Update
[18:56:06.401] [DEBUG] [EP_Audio:27] Update
[18:56:06.407] [DEBUG] [EP_Audio:27] Update
[18:56:06.413] [DEBUG] [EP_Audio:27] Update
[18:56:06.419] [DEBUG] [EP_Audio:27] Update
[18:56:06.425] [DEBUG] [EP_Audio:27] Update
[18:56:06.431] [DEBUG] [EP_Audio:27] Update
[18:56:06.437] [DEBUG] [EP_Audio:27] Update
[18:56:06.443] [DEBUG] [EP_Audio:27] Update
[18:56:06.449] [DEBUG] [EP_Audio:27] Update
[18:56:06.455] [DEBUG] [EP_Audio:27] Update
[18:56:06.461] [DEBUG] [EP_Audio:27] Update
[18:56:06.467] [DEBUG] [EP_Audio:27] Update
[18:56:06.473] [DEBUG] [EP_Audio:27] Update
[18:56:06.479] [DEBUG] [EP_Audio:27] Update
[18:56:06.486] [DEBUG] [EP_Audio:27] Update
[18:56:06.492] [DEBUG] [EP_Audio:27] Update
[18:56:06.497] [DEBUG] [EP_Audio:27] Update
[18:56:06.504] [DEBUG] [EP_Audio:27] Update
[18:56:06.510] [DEBUG] [EP_Audio:27] Update
[18:56:06.517] [DEBUG] [EP_Audio:27] Update
[18:56:06.522] [DEBUG] [EP_Audio:27] Update
[18:56:06.528] [DEBUG] [EP_Audio:27] Update
[18:56:06.534] [DEBUG] [EP_Audio:27] Update
[18:56:06.540] [DEBUG] [EP_Audio:27] Update
[18:56:06.546] [DEBUG] [EP_Audio:27] Update
[18:56:06.552] [DEBUG] [EP_Audio:27] Update
[18:56:06.558] [DEBUG] [EP_Audio:27] Update
[18:56:06.564] [DEBUG] [EP_Audio:27] Update
[18:56:06.570] [DEBUG] [EP_Audio:27] Update
[18:56:06.577] [DEBUG] [EP_Audio:27] Update
[18:56:06.582] [DEBUG] [EP_Audio:27] Update
[18:56:06.588] [DEBUG] [EP_Audio:27] Update
[18:56:06.594] [DEBUG] [EP_Audio:27] Update
[18:56:06.600] [DEBUG] [EP_Audio:27] Update
[18:56:06.607] [DEBUG] [EP_Audio:27] Update
[18:56:06.613] [DEBUG] [EP_Audio:27] Update
[18:56:06.619] [DEBUG] [EP_Audio:27] Update
[18:56:06.625] [DEBUG] [EP_Audio:27] Update
[18:56:06.631] [DEBUG] [EP_Audio:27] Update
[18:56:06.637] [DEBUG] [EP_Audio:27] Update
[18:56:06.643] [DEBUG] [EP_Audio:27] Update
[18:56:06.649] [DEBUG] [EP_Audio:27] Update
[18:56:06.655] [DEBUG] [EP_Audio:27] Update
[18:56:06.661] [DEBUG] [EP_Audio:27] Update
[18:56:06.667] [DEBUG] [EP_Audio:27] Update
[18:56:06.674] [DEBUG] [EP_Audio:27] Update
[18:56:06.679] [DEBUG] [EP_Audio:27] Update
[18:56:06.685] [DEBUG] [EP_Audio:27] Update
[18:56:06.691] [DEBUG] [EP_Audio:27] Update
[18:56:06.697] [DEBUG] [EP_Audio:27] Update
[18:56:06.704] [DEBUG] [EP_Audio:27] Update
[18:56:06.710] [DEBUG] [EP_Audio:27] Update
[18:56:06.716] [DEBUG] [EP_Audio:27] Update
[18:56:06.722] [DEBUG] [EP_Audio:27] Update
[18:56:06.728] [DEBUG] [EP_Audio:27] Update
[18:56:06.734] [DEBUG] [EP_Audio:27] Update
[18:56:06.740] [DEBUG] [EP_Audio:27] Update
[18:56:06.746] [DEBUG] [EP_Audio:27] Update
[18:56:06.753] [DEBUG] [EP_Audio:27] Update
[18:56:06.758] [DEBUG] [EP_Audio:27] Update
[18:56:06.764] [DEBUG] [EP_Audio:27] Update
[18:56:06.771] [DEBUG] [EP_Audio:27] Update
[18:56:06.777] [DEBUG] [EP_Audio:27] Update
[18:56:06.783] [DEBUG] [EP_Audio:27] Update
[18:56:06.788] [DEBUG] [EP_Audio:27] Update
[18:56:06.795] [DEBUG] [EP_Audio:27] Update
[18:56:06.801] [DEBUG] [EP_Audio:27] Update
[18:56:06.807] [DEBUG] [EP_Audio:27] Update
[18:56:06.813] [DEBUG] [EP_Audio:27] Update
[18:56:06.819] [DEBUG] [EP_Audio:27] Update
[18:56:06.825] [DEBUG] [EP_Audio:27] Update
[18:56:06.831] [DEBUG] [EP_Audio:27] Update
[18:56:06.837] [DEBUG] [EP_Audio:27] Update
[18:56:06.843] [DEBUG] [EP_Audio:27] Update
[18:56:06.849] [DEBUG] [EP_Audio:27] Update
[18:56:06.855] [DEBUG] [EP_Audio:27] Update
[18:56:06.861] [DEBUG] [EP_Audio:27] Update
[18:56:06.867] [DEBUG] [EP_Audio:27] Update
[18:56:06.873] [DEBUG] [EP_Audio:27] Update
[18:56:06.880] [DEBUG] [EP_Audio:27] Update
[18:56:06.885] [DEBUG] [EP_Audio:27] Update
[18:56:06.891] [DEBUG] [EP_Audio:27] Update
[18:56:06.897] [DEBUG] [EP_Audio:27] Update
[18:56:06.904] [DEBUG] [EP_Audio:27] Update
[18:56:06.910] [DEBUG] [EP_Audio:27] Update
[18:56:06.916] [DEBUG] [EP_Audio:27] Update
[18:56:06.922] [DEBUG] [EP_Audio:27] Update
[18:56:06.928] [DEBUG] [EP_Audio:27] Update
[18:56:06.934] [DEBUG] [EP_Audio:27] Update
[18:56:06.940] [DEBUG] [EP_Audio:27] Update
[18:56:06.947] [DEBUG] [EP_Audio:27] Update
[18:56:06.952] [DEBUG] [EP_Audio:27] Update
[18:56:06.958] [DEBUG] [EP_Audio:27] Update
[18:56:06.964] [DEBUG] [EP_Audio:27] Update
[18:56:06.971] [DEBUG] [EP_Audio:27] Update
[18:56:06.976] [DEBUG] [EP_Audio:27] Update
[18:56:06.982] [DEBUG] [EP_Audio:27] Update
[18:56:06.988] [DEBUG] [EP_Audio:27] Update
[18:56:06.995] [DEBUG] [EP_Audio:27] Update
[18:56:07.001] [DEBUG] [EP_Audio:27] Update
[18:56:07.007] [DEBUG] [EP_Audio:27] Update
[18:56:07.013] [DEBUG] [EP_Audio:27] Update
[18:56:07.019] [DEBUG] [EP_Audio:27] Update
[18:56:07.025] [DEBUG] [EP_Audio:27] Update
[18:56:07.031] [DEBUG] [EP_Audio:27] Update
[18:56:07.037] [DEBUG] [EP_Audio:27] Update
[18:56:07.043] [DEBUG] [EP_Audio:27] Update
[18:56:07.049] [DEBUG] [EP_Audio:27] Update
[18:56:07.055] [DEBUG] [EP_Audio:27] Update
[18:56:07.061] [DEBUG] [EP_Audio:27] Update
[18:56:07.067] [DEBUG] [EP_Audio:27] Update
[18:56:07.073] [DEBUG] [EP_Audio:27] Update
[18:56:07.080] [DEBUG] [EP_Audio:27] Update
[18:56:07.085] [DEBUG] [EP_Audio:27] Update
[18:56:07.091] [DEBUG] [EP_Audio:27] Update
[18:56:07.097] [DEBUG] [EP_Audio:27] Update
[18:56:07.104] [DEBUG] [EP_Audio:27] Update
[18:56:07.110] [DEBUG] [EP_Audio:27] Update
[18:56:07.116] [DEBUG] [EP_Audio:27] Update
[18:56:07.122] [DEBUG] [EP_Audio:27] Update
[18:56:07.128] [DEBUG] [EP_Audio:27] Update
[18:56:07.134] [DEBUG] [EP_Audio:27] Update
[18:56:07.140] [DEBUG] [EP_Audio:27] Update
[18:56:07.146] [DEBUG] [EP_Audio:27] Update
[18:56:07.152] [DEBUG] [EP_Audio:27] Update
[18:56:07.158] [DEBUG] [EP_Audio:27] Update
[18:56:07.164] [DEBUG] [EP_Audio:27] Update
[18:56:07.171] [DEBUG] [EP_Audio:27] Update
[18:56:07.176] [DEBUG] [EP_Audio:27] Update
[18:56:07.182] [DEBUG] [EP_Audio:27] Update
[18:56:07.188] [DEBUG] [EP_Audio:27] Update
[18:56:07.194] [DEBUG] [EP_Audio:27] Update
[18:56:07.201] [DEBUG] [EP_Audio:27] Update
[18:56:07.207] [DEBUG] [EP_Audio:27] Update
[18:56:07.213] [DEBUG] [EP_Audio:27] Update
[18:56:07.219] [DEBUG] [EP_Audio:27] Update
[18:56:07.225] [DEBUG] [EP_Audio:27] Update
[18:56:07.231] [DEBUG] [EP_Audio:27] Update
[18:56:07.237] [DEBUG] [EP_Audio:27] Update
[18:56:07.243] [DEBUG] [EP_Audio:27] Update
[18:56:07.249] [DEBUG] [EP_Audio:27] Update
[18:56:07.255] [DEBUG] [EP_Audio:27] Update
[18:56:07.261] [DEBUG] [EP_Audio:27] Update
[18:56:07.267] [DEBUG] [EP_Audio:27] Update
[18:56:07.273] [DEBUG] [EP_Audio:27] Update
[18:56:07.280] [DEBUG] [EP_Audio:27] Update
[18:56:07.285] [DEBUG] [EP_Audio:27] Update
[18:56:07.291] [DEBUG] [EP_Audio:27] Update
[18:56:07.298] [DEBUG] [EP_Audio:27] Update
[18:56:07.304] [DEBUG] [EP_Audio:27] Update
[18:56:07.311] [DEBUG] [EP_Audio:27] Update
[18:56:07.316] [DEBUG] [EP_Audio:27] Update
[18:56:07.322] [DEBUG] [EP_Audio:27] Update
[18:56:07.328] [DEBUG] [EP_Audio:27] Update
[18:56:07.334] [DEBUG] [EP_Audio:27] Update
[18:56:07.341] [DEBUG] [EP_Audio:27] Update
[18:56:07.346] [DEBUG] [EP_Audio:27] Update
[18:56:07.352] [DEBUG] [EP_Audio:27] Update
[18:56:07.358] [DEBUG] [EP_Audio:27] Update
[18:56:07.364] [DEBUG] [EP_Audio:27] Update
[18:56:07.370] [DEBUG] [EP_Audio:27] Update
[18:56:07.377] [DEBUG] [EP_Audio:27] Update
[18:56:07.382] [DEBUG] [EP_Audio:27] Update
[18:56:07.408] [DEBUG] [EP_Audio:27] Update
[18:56:07.648] [DEBUG] [EP_Audio:27] Update
[18:56:07.805] [DEBUG] [EP_Audio:27] Update
[18:56:07.806] [DEBUG] [EP_Audio:27] Update
[18:56:07.813] [DEBUG] [EP_Audio:27] Update
[18:56:07.819] [DEBUG] [EP_Audio:27] Update
[18:56:07.825] [DEBUG] [EP_Audio:27] Update
[18:56:07.831] [DEBUG] [EP_Audio:27] Update
[18:56:07.847] [DEBUG] [EP_Audio:27] Update
[18:56:07.990] [DEBUG] [EP_Audio:27] Update
[18:56:07.992] [DEBUG] [EP_Audio:27] Update
[18:56:07.996] [DEBUG] [EP_Audio:27] Update
[18:56:08.001] [DEBUG] [EP_Audio:27] Update
[18:56:08.007] [DEBUG] [EP_Audio:27] Update
[18:56:08.013] [DEBUG] [EP_Audio:27] Update
[18:56:08.019] [DEBUG] [EP_Audio:27] Update
[18:56:08.025] [DEBUG] [EP_Audio:27] Update
[18:56:08.031] [DEBUG] [EP_Audio:27] Update
[18:56:08.037] [DEBUG] [EP_Audio:27] Update
[18:56:08.043] [DEBUG] [EP_Audio:27] Update
[18:56:08.049] [DEBUG] [EP_Audio:27] Update
[18:56:08.055] [DEBUG] [EP_Audio:27] Update
[18:56:08.062] [DEBUG] [EP_Audio:27] Update
[18:56:08.067] [DEBUG] [EP_Audio:27] Update
[18:56:08.074] [DEBUG] [EP_Audio:27] Update
[18:56:08.079] [DEBUG] [EP_Audio:27] Update
[18:56:08.085] [DEBUG] [EP_Audio:27] Update
[18:56:08.092] [DEBUG] [EP_Audio:27] Update
[18:56:08.098] [DEBUG] [EP_Audio:27] Update
[18:56:08.104] [DEBUG] [EP_Audio:27] Update
[18:56:08.110] [DEBUG] [EP_Audio:27] Update
[18:56:08.116] [DEBUG] [EP_Audio:27] Update
[18:56:08.122] [DEBUG] [EP_Audio:27] Update
[18:56:08.128] [DEBUG] [EP_Audio:27] Update
[18:56:08.134] [DEBUG] [EP_Audio:27] Update
[18:56:08.140] [DEBUG] [EP_Audio:27] Update
[18:56:08.146] [DEBUG] [EP_Audio:27] Update
[18:56:08.152] [DEBUG] [EP_Audio:27] Update
[18:56:08.158] [DEBUG] [EP_Audio:27] Update
[18:56:08.164] [DEBUG] [EP_Audio:27] Update
[18:56:08.171] [DEBUG] [EP_Audio:27] Update
[18:56:08.176] [DEBUG] [EP_Audio:27] Update
[18:56:08.182] [DEBUG] [EP_Audio:27] Update
[18:56:08.188] [DEBUG] [EP_Audio:27] Update
[18:56:08.194] [DEBUG] [EP_Audio:27] Update
[18:56:08.201] [DEBUG] [EP_Audio:27] Update
[18:56:08.207] [DEBUG] [EP_Audio:27] Update
[18:56:08.213] [DEBUG] [EP_Audio:27] Update
[18:56:08.219] [DEBUG] [EP_Audio:27] Update
[18:56:08.225] [DEBUG] [EP_Audio:27] Update
[18:56:08.231] [DEBUG] [EP_Audio:27] Update
[18:56:08.255] [DEBUG] [EP_Audio:27] Update
[18:56:08.493] [DEBUG] [EP_Audio:27] Update
[18:56:08.497] [DEBUG] [EP_Audio:27] Update
[18:56:08.504] [DEBUG] [EP_Audio:27] Update
[18:56:08.510] [DEBUG] [EP_Audio:27] Update
[18:56:08.516] [DEBUG] [EP_Audio:27] Update
[18:56:08.522] [DEBUG] [EP_Audio:27] Update
[18:56:08.528] [DEBUG] [EP_Audio:27] Update
[18:56:08.534] [DEBUG] [EP_Audio:27] Update
[18:56:08.540] [DEBUG] [EP_Audio:27] Update
[18:56:08.546] [DEBUG] [EP_Audio:27] Update
[18:56:08.552] [DEBUG] [EP_Audio:27] Update
[18:56:08.558] [DEBUG] [EP_Audio:27] Update
[18:56:08.564] [DEBUG] [EP_Audio:27] Update
[18:56:08.570] [DEBUG] [EP_Audio:27] Update
[18:56:08.576] [DEBUG] [EP_Audio:27] Update
[18:56:08.582] [DEBUG] [EP_Audio:27] Update
[18:56:08.589] [DEBUG] [EP_Audio:27] Update
[18:56:08.595] [DEBUG] [EP_Audio:27] Update
[18:56:08.601] [DEBUG] [EP_Audio:27] Update
[18:56:08.607] [DEBUG] [EP_Audio:27] Update
[18:56:08.613] [DEBUG] [EP_Audio:27] Update
[18:56:08.619] [DEBUG] [EP_Audio:27] Update
[18:56:08.625] [DEBUG] [EP_Audio:27] Update
[18:56:08.631] [DEBUG] [EP_Audio:27] Update
[18:56:08.637] [DEBUG] [EP_Audio:27] Update
[18:56:08.643] [DEBUG] [EP_Audio:27] Update
[18:56:08.649] [DEBUG] [EP_Audio:27] Update
[18:56:08.655] [DEBUG] [EP_Audio:27] Update
[18:56:08.661] [DEBUG] [EP_Audio:27] Update
[18:56:08.667] [DEBUG] [EP_Audio:27] Update
[18:56:08.673] [DEBUG] [EP_Audio:27] Update
[18:56:08.679] [DEBUG] [EP_Audio:27] Update
[18:56:08.686] [DEBUG] [EP_Audio:27] Update
[18:56:08.692] [DEBUG] [EP_Audio:27] Update
[18:56:08.698] [DEBUG] [EP_Audio:27] Update
[18:56:08.704] [DEBUG] [EP_Audio:27] Update
[18:56:08.710] [DEBUG] [EP_Audio:27] Update
[18:56:08.716] [DEBUG] [EP_Audio:27] Update
[18:56:08.722] [DEBUG] [EP_Audio:27] Update
[18:56:08.728] [DEBUG] [EP_Audio:27] Update
[18:56:08.737] [DEBUG] [EP_Audio:27] Update
[18:56:08.740] [DEBUG] [EP_Audio:27] Update
[18:56:08.747] [DEBUG] [EP_Audio:27] Update
[18:56:08.753] [DEBUG] [EP_Audio:27] Update
[18:56:08.760] [DEBUG] [EP_Audio:27] Update
[18:56:08.766] [DEBUG] [EP_Audio:27] Update
[18:56:08.771] [DEBUG] [EP_Audio:27] Update
[18:56:08.777] [DEBUG] [EP_Audio:27] Update
[18:56:08.783] [DEBUG] [EP_Audio:27] Update
[18:56:08.789] [DEBUG] [EP_Audio:27] Update
[18:56:08.796] [DEBUG] [EP_Audio:27] Update
[18:56:08.801] [DEBUG] [EP_Audio:27] Update
[18:56:08.811] [DEBUG] [EP_Audio:27] Update
[18:56:08.813] [DEBUG] [EP_Audio:27] Update
[18:56:08.821] [DEBUG] [EP_Audio:27] Update
[18:56:08.825] [DEBUG] [EP_Audio:27] Update
[18:56:08.831] [DEBUG] [EP_Audio:27] Update
[18:56:08.837] [DEBUG] [EP_Audio:27] Update
[18:56:08.844] [DEBUG] [EP_Audio:27] Update
[18:56:08.850] [DEBUG] [EP_Audio:27] Update
[18:56:08.856] [DEBUG] [EP_Audio:27] Update
[18:56:08.862] [DEBUG] [EP_Audio:27] Update
[18:56:08.868] [DEBUG] [EP_Audio:27] Update
[18:56:08.875] [DEBUG] [EP_Audio:27] Update
[18:56:08.880] [DEBUG] [EP_Audio:27] Update
[18:56:08.886] [DEBUG] [EP_Audio:27] Update
[18:56:08.892] [DEBUG] [EP_Audio:27] Update
[18:56:08.898] [DEBUG] [EP_Audio:27] Update
[18:56:08.904] [DEBUG] [EP_Audio:27] Update
[18:56:08.910] [DEBUG] [EP_Audio:27] Update
[18:56:08.916] [DEBUG] [EP_Audio:27] Update
[18:56:08.922] [DEBUG] [EP_Audio:27] Update
[18:56:08.928] [DEBUG] [EP_Audio:27] Update
[18:56:08.934] [DEBUG] [EP_Audio:27] Update
[18:56:08.940] [DEBUG] [EP_Audio:27] Update
[18:56:08.947] [DEBUG] [EP_Audio:27] Update
[18:56:08.953] [DEBUG] [EP_Audio:27] Update
[18:56:08.959] [DEBUG] [EP_Audio:27] Update
[18:56:08.965] [DEBUG] [EP_Audio:27] Update
[18:56:08.971] [DEBUG] [EP_Audio:27] Update
[18:56:08.977] [DEBUG] [EP_Audio:27] Update
[18:56:08.983] [DEBUG] [EP_Audio:27] Update
[18:56:08.989] [DEBUG] [EP_Audio:27] Update
[18:56:08.995] [DEBUG] [EP_Audio:27] Update
[18:56:09.002] [DEBUG] [EP_Audio:27] Update
[18:56:09.007] [DEBUG] [EP_Audio:27] Update
[18:56:09.013] [DEBUG] [EP_Audio:27] Update
[18:56:09.019] [DEBUG] [EP_Audio:27] Update
[18:56:09.025] [DEBUG] [EP_Audio:27] Update
[18:56:09.031] [DEBUG] [EP_Audio:27] Update
[18:56:09.037] [DEBUG] [EP_Audio:27] Update
[18:56:09.043] [DEBUG] [EP_Audio:27] Update
[18:56:09.050] [DEBUG] [EP_Audio:27] Update
[18:56:09.056] [DEBUG] [EP_Audio:27] Update
[18:56:09.062] [DEBUG] [EP_Audio:27] Update
[18:56:09.068] [DEBUG] [EP_Audio:27] Update
[18:56:09.074] [DEBUG] [EP_Audio:27] Update
[18:56:09.080] [DEBUG] [EP_Audio:27] Update
[18:56:09.086] [DEBUG] [EP_Audio:27] Update
[18:56:09.092] [DEBUG] [EP_Audio:27] Update
[18:56:09.098] [DEBUG] [EP_Audio:27] Update
[18:56:09.104] [DEBUG] [EP_Audio:27] Update
[18:56:09.110] [DEBUG] [EP_Audio:27] Update
[18:56:09.116] [DEBUG] [EP_Audio:27] Update
[18:56:09.122] [DEBUG] [EP_Audio:27] Update
[18:56:09.128] [DEBUG] [EP_Audio:27] Update
[18:56:09.134] [DEBUG] [EP_Audio:27] Update
[18:56:09.140] [DEBUG] [EP_Audio:27] Update
[18:56:09.147] [DEBUG] [EP_Audio:27] Update
[18:56:09.153] [DEBUG] [EP_Audio:27] Update
[18:56:09.159] [DEBUG] [EP_Audio:27] Update
[18:56:09.165] [DEBUG] [EP_Audio:27] Update
[18:56:09.171] [DEBUG] [EP_Audio:27] Update
[18:56:09.178] [DEBUG] [EP_Audio:27] Update
[18:56:09.183] [DEBUG] [EP_Audio:27] Update
[18:56:09.189] [DEBUG] [EP_Audio:27] Update
[18:56:09.195] [DEBUG] [EP_Audio:27] Update
[18:56:09.201] [DEBUG] [EP_Audio:27] Update
[18:56:09.207] [DEBUG] [EP_Audio:27] Update
[18:56:09.213] [DEBUG] [EP_Audio:27] Update
[18:56:09.219] [DEBUG] [EP_Audio:27] Update
[18:56:09.225] [DEBUG] [EP_Audio:27] Update
[18:56:09.231] [DEBUG] [EP_Audio:27] Update
[18:56:09.237] [DEBUG] [EP_Audio:27] Update
[18:56:09.244] [DEBUG] [EP_Audio:27] Update
[18:56:09.250] [DEBUG] [EP_Audio:27] Update
[18:56:09.256] [DEBUG] [EP_Audio:27] Update
[18:56:09.262] [DEBUG] [EP_Audio:27] Update
[18:56:09.268] [DEBUG] [EP_Audio:27] Update
[18:56:09.274] [DEBUG] [EP_Audio:27] Update
[18:56:09.279] [DEBUG] [EP_Audio:27] Update
[18:56:09.285] [DEBUG] [EP_Audio:27] Update
[18:56:09.291] [DEBUG] [EP_Audio:27] Update
[18:56:09.297] [DEBUG] [EP_Audio:27] Update
[18:56:09.304] [DEBUG] [EP_Audio:27] Update
[18:56:09.310] [DEBUG] [EP_Audio:27] Update
[18:56:09.316] [DEBUG] [EP_Audio:27] Update
[18:56:09.390] [INFO ] [DesktopWindow:53] Desktop window closing...
[18:56:09.390] [EXTRAINFO] [Heartbeat:111] Heartbeat Stopped
[18:56:09.391] [INFO ] [Engine:39] Application terminated.
[18:56:09.391] [LINE ] ================================================================================
[18:56:09.391] [INFO ] [Program:64] Application Completed.
Exiting with code 0

================================================================================
Engine Log - Ended at 2026-03-08 18:56:09
================================================================================
