================================================================================
Engine Log - Started at 2026-03-08 15:01:27
================================================================================

[15:01:27.257] [INFO ] VoxelEngine initialized from Desktop platform with VoxelGames runtime.
[15:01:27.269] [INFO ] [Game:40] Game.A was called!
[15:01:27.270] [INFO ] [Program:38] Creating engine
[15:01:27.271] [INFO ] [TestRuntimeContext:21] TestRuntimeContext created
[15:01:27.272] [INFO ] [Heartbeat:55] Frame rate limit disabled (unlimited FPS)
[15:01:27.272] [INFO ] [Program:45] Starting engine...
[15:01:27.273] [LINE ] ================================================================================
[15:01:27.273] [INFO ] [Engine:28] Starting engine runtime...
[15:01:27.277] [INFO ] [DesktopWindow:26] Creating window: 'Voxel Engine' (800x600)
[15:01:27.358] [INFO ] [DesktopWindow:40] Desktop window created successfully.
[15:01:27.363] [EXTRAINFO] [ServiceContainer:22] [ServiceContainer] Registering service VoxelEngine.Graphics.GraphicsContext
[15:01:27.366] [EXTRAINFO] [ServiceContainer:22] [ServiceContainer] Registering service VoxelEngine.Core.Runtime.ModulesManager
[15:01:27.720] [EXTRAINFO] [ServiceContainer:22] [ServiceContainer] Registering service VoxelEngine.IO.FileManager
[15:01:27.721] [EXTRAINFO] [ServiceContainer:22] [ServiceContainer] Registering service VoxelEngine.Core.AssetsManager
[15:01:27.722] [INFO ] [Engine:84] Post init...
[15:01:27.722] [INFO ] [TestRuntimeContext:32] TestRuntimeContext Initialized
[15:01:27.724] [EXTRAINFO] [ServiceContainer:22] [ServiceContainer] Registering service VoxelEngine.Core.CamerasRegistries
[15:01:27.725] [EXTRAINFO] [ServiceContainer:22] [ServiceContainer] Registering service VoxelEngine.Graphics.Rendering.RenderManager
[15:01:27.726] [INFO ] [LauncherLayer:17] LauncherLayer.Initialize was called!
[15:01:27.727] [INFO ] [GameLoader:19] Loading game from C:\Users\Dmitrist10\Desktop\VoxelGames\Source\Project_08_VE\Source\Resources\Games\Game_01\Main\bin\net11.0\Game_01.dll
[15:01:27.730] [INFO ] [Game:19] Game.OnInitialize was called!
[15:01:27.730] [INFO ] [Game:25] Game.StartMatch was called!
[15:01:27.731] [EXTRAINFO] [UniverseManager:13] A new Universe was created
[15:01:27.744] [EXTRAINFO] [Universe.API:13] A new Scene was created
[15:01:27.744] [INFO ] [ClientHost:26] Scene loaded
[15:01:27.821] [DEBUG] [GameSetup:14] GameSetup.SetUp was called!
[15:01:27.951] [INFO ] [GameLayer:17] GameLayer.Initialize was called!
[15:01:27.952] [EXTRAINFO] [Heartbeat:62] Starting Heartbeat
[15:01:28.066] [INFO ] [ChunksStreamer:84] added
[15:01:28.066] [INFO ] [ChunksStreamer:84] added
[15:01:28.067] [INFO ] [ChunksStreamer:84] added
[15:01:28.067] [INFO ] [ChunksStreamer:84] added
[15:01:28.067] [INFO ] [ChunksStreamer:84] added
[15:01:28.067] [INFO ] [ChunksStreamer:84] added
[15:01:28.067] [INFO ] [ChunksStreamer:84] added
[15:01:28.068] [INFO ] [ChunksStreamer:84] added
[15:01:28.068] [INFO ] [ChunksStreamer:84] added
[15:01:28.068] [INFO ] [ChunksStreamer:84] added
[15:01:28.068] [INFO ] [ChunksStreamer:84] added
[15:01:28.069] [INFO ] [ChunksStreamer:84] added
[15:01:28.069] [INFO ] [ChunksStreamer:84] added
[15:01:28.069] [INFO ] [ChunksStreamer:84] added
[15:01:28.069] [INFO ] [ChunksStreamer:84] added
[15:01:28.069] [INFO ] [ChunksStreamer:84] added
[15:01:28.069] [INFO ] [ChunksStreamer:84] added
[15:01:28.069] [INFO ] [ChunksStreamer:84] added
[15:01:28.070] [INFO ] [ChunksStreamer:84] added
[15:01:28.070] [INFO ] [ChunksStreamer:84] added
[15:01:28.070] [INFO ] [ChunksStreamer:84] added
[15:01:28.070] [INFO ] [ChunksStreamer:84] added
[15:01:28.070] [INFO ] [ChunksStreamer:84] added
[15:01:28.071] [INFO ] [ChunksStreamer:84] added
[15:01:28.071] [INFO ] [ChunksStreamer:84] added
[15:01:28.071] [INFO ] [ChunksStreamer:84] added
[15:01:28.071] [INFO ] [ChunksStreamer:84] added
[15:01:28.071] [INFO ] [ChunksStreamer:84] added
[15:01:28.071] [INFO ] [ChunksStreamer:84] added
[15:01:28.072] [INFO ] [ChunksStreamer:84] added
[15:01:28.072] [INFO ] [ChunksStreamer:84] added
[15:01:28.072] [INFO ] [ChunksStreamer:84] added
[15:01:28.072] [INFO ] [ChunksStreamer:84] added
[15:01:28.072] [INFO ] [ChunksStreamer:84] added
[15:01:28.073] [INFO ] [ChunksStreamer:84] added
[15:01:28.073] [INFO ] [ChunksStreamer:84] added
[15:01:28.073] [INFO ] [ChunksStreamer:84] added
[15:01:28.073] [INFO ] [ChunksStreamer:84] added
[15:01:28.073] [INFO ] [ChunksStreamer:84] added
[15:01:28.074] [INFO ] [ChunksStreamer:84] added
[15:01:28.074] [INFO ] [ChunksStreamer:84] added
[15:01:28.074] [INFO ] [ChunksStreamer:84] added
[15:01:28.074] [INFO ] [ChunksStreamer:84] added
[15:01:28.074] [INFO ] [ChunksStreamer:84] added
[15:01:28.075] [INFO ] [ChunksStreamer:84] added
[15:01:28.075] [INFO ] [ChunksStreamer:84] added
[15:01:28.075] [INFO ] [ChunksStreamer:84] added
[15:01:28.075] [INFO ] [ChunksStreamer:84] added
[15:01:28.075] [INFO ] [ChunksStreamer:84] added
[15:01:28.075] [INFO ] [ChunksStreamer:84] added
[15:01:28.076] [INFO ] [ChunksStreamer:84] added
[15:01:28.076] [INFO ] [ChunksStreamer:84] added
[15:01:28.076] [INFO ] [ChunksStreamer:84] added
[15:01:28.076] [INFO ] [ChunksStreamer:84] added
[15:01:28.076] [INFO ] [ChunksStreamer:84] added
[15:01:28.076] [INFO ] [ChunksStreamer:84] added
[15:01:28.077] [INFO ] [ChunksStreamer:84] added
[15:01:28.077] [INFO ] [ChunksStreamer:84] added
[15:01:28.077] [INFO ] [ChunksStreamer:84] added
[15:01:28.077] [INFO ] [ChunksStreamer:84] added
[15:01:28.077] [INFO ] [ChunksStreamer:84] added
[15:01:28.077] [INFO ] [ChunksStreamer:84] added
[15:01:28.077] [INFO ] [ChunksStreamer:84] added
[15:01:28.078] [INFO ] [ChunksStreamer:84] added
[15:01:28.078] [INFO ] [ChunksStreamer:84] added
[15:01:28.078] [INFO ] [ChunksStreamer:84] added
[15:01:28.078] [INFO ] [ChunksStreamer:84] added
[15:01:28.078] [INFO ] [ChunksStreamer:84] added
[15:01:28.079] [INFO ] [ChunksStreamer:84] added
[15:01:28.079] [INFO ] [ChunksStreamer:84] added
[15:01:28.079] [INFO ] [ChunksStreamer:84] added
[15:01:28.079] [INFO ] [ChunksStreamer:84] added
[15:01:28.079] [INFO ] [ChunksStreamer:84] added
[15:01:28.080] [INFO ] [ChunksStreamer:84] added
[15:01:28.080] [INFO ] [ChunksStreamer:84] added
[15:01:28.080] [INFO ] [ChunksStreamer:84] added
[15:01:28.080] [INFO ] [ChunksStreamer:84] added
[15:01:28.080] [INFO ] [ChunksStreamer:84] added
[15:01:28.081] [INFO ] [ChunksStreamer:84] added
[15:01:28.081] [INFO ] [ChunksStreamer:84] added
[15:01:28.081] [INFO ] [ChunksStreamer:84] added
[15:01:28.081] [INFO ] [ChunksStreamer:84] added
[15:01:28.081] [INFO ] [ChunksStreamer:84] added
[15:01:28.081] [INFO ] [ChunksStreamer:84] added
[15:01:28.081] [INFO ] [ChunksStreamer:84] added
[15:01:28.082] [INFO ] [ChunksStreamer:84] added
[15:01:28.082] [INFO ] [ChunksStreamer:84] added
[15:01:28.082] [INFO ] [ChunksStreamer:84] added
[15:01:28.082] [INFO ] [ChunksStreamer:84] added
[15:01:28.082] [INFO ] [ChunksStreamer:84] added
[15:01:28.083] [INFO ] [ChunksStreamer:84] added
[15:01:28.083] [INFO ] [ChunksStreamer:84] added
[15:01:28.083] [INFO ] [ChunksStreamer:84] added
[15:01:28.083] [INFO ] [ChunksStreamer:84] added
[15:01:28.083] [INFO ] [ChunksStreamer:84] added
[15:01:28.083] [INFO ] [ChunksStreamer:84] added
[15:01:28.084] [INFO ] [ChunksStreamer:84] added
[15:01:28.084] [INFO ] [ChunksStreamer:84] added
[15:01:28.084] [INFO ] [ChunksStreamer:84] added
[15:01:28.084] [INFO ] [ChunksStreamer:84] added
[15:01:28.084] [INFO ] [ChunksStreamer:84] added
[15:01:28.085] [INFO ] [ChunksStreamer:84] added
[15:01:28.085] [INFO ] [ChunksStreamer:84] added
[15:01:28.085] [INFO ] [ChunksStreamer:84] added
[15:01:28.085] [INFO ] [ChunksStreamer:84] added
[15:01:28.085] [INFO ] [ChunksStreamer:84] added
[15:01:28.086] [INFO ] [ChunksStreamer:84] added
[15:01:28.086] [INFO ] [ChunksStreamer:84] added
[15:01:28.086] [INFO ] [ChunksStreamer:84] added
[15:01:28.086] [INFO ] [ChunksStreamer:84] added
[15:01:28.086] [INFO ] [ChunksStreamer:84] added
[15:01:28.087] [INFO ] [ChunksStreamer:84] added
[15:01:28.087] [INFO ] [ChunksStreamer:84] added
[15:01:28.087] [INFO ] [ChunksStreamer:84] added
[15:01:28.087] [INFO ] [ChunksStreamer:84] added
[15:01:28.087] [INFO ] [ChunksStreamer:84] added
[15:01:28.088] [INFO ] [ChunksStreamer:84] added
[15:01:28.088] [INFO ] [ChunksStreamer:84] added
[15:01:28.088] [INFO ] [ChunksStreamer:84] added
[15:01:28.088] [INFO ] [ChunksStreamer:84] added
[15:01:28.088] [INFO ] [ChunksStreamer:84] added
[15:01:28.088] [INFO ] [ChunksStreamer:84] added
[15:01:28.089] [INFO ] [ChunksStreamer:84] added
[15:01:28.089] [INFO ] [ChunksStorage:30] BBB
[15:01:28.091] [INFO ] [ChunksStorage:30] BBB
[15:01:28.092] [INFO ] [ChunksStorage:30] BBB
[15:01:28.092] [INFO ] [ChunksStorage:30] BBB
[15:01:28.093] [INFO ] [ChunksStorage:30] BBB
[15:01:28.093] [INFO ] [ChunksStorage:30] BBB
[15:01:28.094] [INFO ] [ChunksStorage:30] BBB
[15:01:28.094] [INFO ] [ChunksStorage:30] BBB
[15:01:28.094] [INFO ] [ChunksStorage:30] BBB
[15:01:28.095] [INFO ] [ChunksStorage:30] BBB
[15:01:28.095] [INFO ] [ChunksStorage:30] BBB
[15:01:28.095] [INFO ] [ChunksStorage:30] BBB
[15:01:28.096] [INFO ] [ChunksStorage:30] BBB
[15:01:28.096] [INFO ] [ChunksStorage:30] BBB
[15:01:28.097] [INFO ] [ChunksStorage:30] BBB
[15:01:28.097] [INFO ] [ChunksStorage:30] BBB
[15:01:28.098] [INFO ] [ChunksStorage:30] BBB
[15:01:28.098] [INFO ] [ChunksStorage:30] BBB
[15:01:28.099] [INFO ] [ChunksStorage:30] BBB
[15:01:28.099] [INFO ] [ChunksStorage:30] BBB
[15:01:28.100] [INFO ] [ChunksStorage:30] BBB
[15:01:28.100] [INFO ] [ChunksStorage:30] BBB
[15:01:28.100] [INFO ] [ChunksStorage:30] BBB
[15:01:28.101] [INFO ] [ChunksStorage:30] BBB
[15:01:28.101] [INFO ] [ChunksStorage:30] BBB
[15:01:28.102] [INFO ] [ChunksStorage:30] BBB
[15:01:28.102] [INFO ] [ChunksStorage:30] BBB
[15:01:28.103] [INFO ] [ChunksStorage:30] BBB
[15:01:28.103] [INFO ] [ChunksStorage:30] BBB
[15:01:28.104] [INFO ] [ChunksStorage:30] BBB
[15:01:28.104] [INFO ] [ChunksStorage:30] BBB
[15:01:28.105] [INFO ] [ChunksStorage:30] BBB
[15:01:28.105] [INFO ] [ChunksStorage:30] BBB
[15:01:28.106] [INFO ] [ChunksStorage:30] BBB
[15:01:28.106] [INFO ] [ChunksStorage:30] BBB
[15:01:28.106] [INFO ] [ChunksStorage:30] BBB
[15:01:28.107] [INFO ] [ChunksStorage:30] BBB
[15:01:28.107] [INFO ] [ChunksStorage:30] BBB
[15:01:28.108] [INFO ] [ChunksStorage:30] BBB
[15:01:28.108] [INFO ] [ChunksStorage:30] BBB
[15:01:28.108] [INFO ] [ChunksStorage:30] BBB
[15:01:28.109] [INFO ] [ChunksStorage:30] BBB
[15:01:28.109] [INFO ] [ChunksStorage:30] BBB
[15:01:28.110] [INFO ] [ChunksStorage:30] BBB
[15:01:28.110] [INFO ] [ChunksStorage:30] BBB
[15:01:28.111] [INFO ] [ChunksStorage:30] BBB
[15:01:28.111] [INFO ] [ChunksStorage:30] BBB
[15:01:28.111] [INFO ] [ChunksStorage:30] BBB
[15:01:28.112] [INFO ] [ChunksStorage:30] BBB
[15:01:28.112] [INFO ] [ChunksStorage:30] BBB
[15:01:28.113] [INFO ] [ChunksStorage:30] BBB
[15:01:28.113] [INFO ] [ChunksStorage:30] BBB
[15:01:28.113] [INFO ] [ChunksStorage:30] BBB
[15:01:28.114] [INFO ] [ChunksStorage:30] BBB
[15:01:28.114] [INFO ] [ChunksStorage:30] BBB
[15:01:28.114] [INFO ] [ChunksStorage:30] BBB
[15:01:28.115] [INFO ] [ChunksStorage:30] BBB
[15:01:28.115] [INFO ] [ChunksStorage:30] BBB
[15:01:28.116] [INFO ] [ChunksStorage:30] BBB
[15:01:28.116] [INFO ] [ChunksStorage:30] BBB
[15:01:28.117] [INFO ] [ChunksStorage:30] BBB
[15:01:28.117] [INFO ] [ChunksStorage:30] BBB
[15:01:28.118] [INFO ] [ChunksStorage:30] BBB
[15:01:28.118] [INFO ] [ChunksStorage:30] BBB
[15:01:28.118] [INFO ] [ChunksStorage:30] BBB
[15:01:28.119] [INFO ] [ChunksStorage:30] BBB
[15:01:28.119] [INFO ] [ChunksStorage:30] BBB
[15:01:28.119] [INFO ] [ChunksStorage:30] BBB
[15:01:28.120] [INFO ] [ChunksStorage:30] BBB
[15:01:28.120] [INFO ] [ChunksStorage:30] BBB
[15:01:28.121] [INFO ] [ChunksStorage:30] BBB
[15:01:28.121] [INFO ] [ChunksStorage:30] BBB
[15:01:28.121] [INFO ] [ChunksStorage:30] BBB
[15:01:28.122] [INFO ] [ChunksStorage:30] BBB
[15:01:28.122] [INFO ] [ChunksStorage:30] BBB
[15:01:28.123] [INFO ] [ChunksStorage:30] BBB
[15:01:28.123] [INFO ] [ChunksStorage:30] BBB
[15:01:28.124] [INFO ] [ChunksStorage:30] BBB
[15:01:28.124] [INFO ] [ChunksStorage:30] BBB
[15:01:28.124] [INFO ] [ChunksStorage:30] BBB
[15:01:28.125] [INFO ] [ChunksStorage:30] BBB
[15:01:28.125] [INFO ] [ChunksStorage:30] BBB
[15:01:28.126] [INFO ] [ChunksStorage:30] BBB
[15:01:28.126] [INFO ] [ChunksStorage:30] BBB
[15:01:28.127] [INFO ] [ChunksStorage:30] BBB
[15:01:28.128] [INFO ] [ChunksStorage:30] BBB
[15:01:28.130] [INFO ] [ChunksStorage:30] BBB
[15:01:28.131] [INFO ] [ChunksStorage:30] BBB
[15:01:28.131] [INFO ] [ChunksStorage:30] BBB
[15:01:28.131] [INFO ] [ChunksStorage:30] BBB
[15:01:28.132] [INFO ] [ChunksStorage:30] BBB
[15:01:28.132] [INFO ] [ChunksStorage:30] BBB
[15:01:28.133] [INFO ] [ChunksStorage:30] BBB
[15:01:28.133] [INFO ] [ChunksStorage:30] BBB
[15:01:28.133] [INFO ] [ChunksStorage:30] BBB
[15:01:28.134] [INFO ] [ChunksStorage:30] BBB
[15:01:28.134] [INFO ] [ChunksStorage:30] BBB
[15:01:28.135] [INFO ] [ChunksStorage:30] BBB
[15:01:28.135] [INFO ] [ChunksStorage:30] BBB
[15:01:28.135] [INFO ] [ChunksStorage:30] BBB
[15:01:28.136] [INFO ] [ChunksStorage:30] BBB
[15:01:28.136] [INFO ] [ChunksStorage:30] BBB
[15:01:28.136] [INFO ] [ChunksStorage:30] BBB
[15:01:28.137] [INFO ] [ChunksStorage:30] BBB
[15:01:28.137] [INFO ] [ChunksStorage:30] BBB
[15:01:28.138] [INFO ] [ChunksStorage:30] BBB
[15:01:28.138] [INFO ] [ChunksStorage:30] BBB
[15:01:28.138] [INFO ] [ChunksStorage:30] BBB
[15:01:28.139] [INFO ] [ChunksStorage:30] BBB
[15:01:28.139] [INFO ] [ChunksStorage:30] BBB
[15:01:28.142] [INFO ] [ChunksStorage:30] BBB
[15:01:28.142] [INFO ] [ChunksStorage:30] BBB
[15:01:28.143] [INFO ] [ChunksStorage:30] BBB
[15:01:28.143] [INFO ] [ChunksStorage:30] BBB
[15:01:28.143] [INFO ] [ChunksStorage:30] BBB
[15:01:28.144] [INFO ] [ChunksStorage:30] BBB
[15:01:28.144] [INFO ] [ChunksStorage:30] BBB
[15:01:28.145] [INFO ] [ChunksStorage:30] BBB
[15:01:28.145] [INFO ] [ChunksStorage:30] BBB
[15:01:28.146] [INFO ] [ChunksStorage:30] BBB
[15:01:28.146] [INFO ] [ChunksStorage:30] BBB
[15:01:28.147] [INFO ] [ChunksStorage:30] BBB
[15:01:28.147] [INFO ] [ChunksStorage:30] BBB
[15:01:29.702] [INFO ] [ChunksStreamer:84] added
[15:01:29.703] [INFO ] [ChunksStreamer:84] added
[15:01:29.703] [INFO ] [ChunksStreamer:84] added
[15:01:29.703] [INFO ] [ChunksStreamer:84] added
[15:01:29.703] [INFO ] [ChunksStreamer:84] added
[15:01:29.703] [INFO ] [ChunksStreamer:84] added
[15:01:29.704] [INFO ] [ChunksStreamer:84] added
[15:01:29.704] [INFO ] [ChunksStreamer:84] added
[15:01:29.704] [INFO ] [ChunksStreamer:84] added
[15:01:29.704] [INFO ] [ChunksStreamer:84] added
[15:01:29.704] [INFO ] [ChunksStreamer:84] added
[15:01:29.704] [INFO ] [ChunksStreamer:84] added
[15:01:29.705] [INFO ] [ChunksStreamer:84] added
[15:01:29.705] [INFO ] [ChunksStreamer:84] added
[15:01:29.705] [INFO ] [ChunksStreamer:84] added
[15:01:29.705] [INFO ] [ChunksStreamer:84] added
[15:01:29.705] [INFO ] [ChunksStreamer:84] added
[15:01:29.705] [INFO ] [ChunksStreamer:84] added
[15:01:29.706] [INFO ] [ChunksStreamer:84] added
[15:01:29.706] [INFO ] [ChunksStreamer:84] added
[15:01:29.706] [INFO ] [ChunksStreamer:84] added
[15:01:29.706] [INFO ] [ChunksStreamer:84] added
[15:01:29.706] [INFO ] [ChunksStreamer:84] added
[15:01:29.706] [INFO ] [ChunksStreamer:84] added
[15:01:29.707] [INFO ] [ChunksStreamer:84] added
[15:01:29.707] [INFO ] [ChunksStreamer:84] added
[15:01:29.707] [INFO ] [ChunksStreamer:84] added
[15:01:29.707] [INFO ] [ChunksStreamer:84] added
[15:01:29.707] [INFO ] [ChunksStreamer:84] added
[15:01:29.707] [INFO ] [ChunksStorage:30] BBB
[15:01:29.708] [INFO ] [ChunksStorage:30] BBB
[15:01:29.708] [INFO ] [ChunksStorage:30] BBB
[15:01:29.708] [INFO ] [ChunksStorage:30] BBB
[15:01:29.709] [INFO ] [ChunksStorage:30] BBB
[15:01:29.709] [INFO ] [ChunksStorage:30] BBB
[15:01:29.710] [INFO ] [ChunksStorage:30] BBB
[15:01:29.710] [INFO ] [ChunksStorage:30] BBB
[15:01:29.711] [INFO ] [ChunksStorage:30] BBB
[15:01:29.711] [INFO ] [ChunksStorage:30] BBB
[15:01:29.712] [INFO ] [ChunksStorage:30] BBB
[15:01:29.712] [INFO ] [ChunksStorage:30] BBB
[15:01:29.713] [INFO ] [ChunksStorage:30] BBB
[15:01:29.713] [INFO ] [ChunksStorage:30] BBB
[15:01:29.713] [INFO ] [ChunksStorage:30] BBB
[15:01:29.714] [INFO ] [ChunksStorage:30] BBB
[15:01:29.714] [INFO ] [ChunksStorage:30] BBB
[15:01:29.714] [INFO ] [ChunksStorage:30] BBB
[15:01:29.715] [INFO ] [ChunksStorage:30] BBB
[15:01:29.715] [INFO ] [ChunksStorage:30] BBB
[15:01:29.716] [INFO ] [ChunksStorage:30] BBB
[15:01:29.716] [INFO ] [ChunksStorage:30] BBB
[15:01:29.716] [INFO ] [ChunksStorage:30] BBB
[15:01:29.717] [INFO ] [ChunksStorage:30] BBB
[15:01:29.717] [INFO ] [ChunksStorage:30] BBB
[15:01:29.717] [INFO ] [ChunksStorage:30] BBB
[15:01:29.718] [INFO ] [ChunksStorage:30] BBB
[15:01:29.718] [INFO ] [ChunksStorage:30] BBB
[15:01:29.718] [INFO ] [ChunksStorage:30] BBB
[15:01:30.192] [INFO ] [ChunksStreamer:84] added
[15:01:30.192] [INFO ] [ChunksStreamer:84] added
[15:01:30.192] [INFO ] [ChunksStreamer:84] added
[15:01:30.193] [INFO ] [ChunksStreamer:84] added
[15:01:30.193] [INFO ] [ChunksStreamer:84] added
[15:01:30.193] [INFO ] [ChunksStreamer:84] added
[15:01:30.193] [INFO ] [ChunksStreamer:84] added
[15:01:30.193] [INFO ] [ChunksStreamer:84] added
[15:01:30.193] [INFO ] [ChunksStreamer:84] added
[15:01:30.194] [INFO ] [ChunksStreamer:84] added
[15:01:30.194] [INFO ] [ChunksStreamer:84] added
[15:01:30.194] [INFO ] [ChunksStreamer:84] added
[15:01:30.194] [INFO ] [ChunksStreamer:84] added
[15:01:30.194] [INFO ] [ChunksStreamer:84] added
[15:01:30.194] [INFO ] [ChunksStreamer:84] added
[15:01:30.195] [INFO ] [ChunksStreamer:84] added
[15:01:30.195] [INFO ] [ChunksStreamer:84] added
[15:01:30.195] [INFO ] [ChunksStreamer:84] added
[15:01:30.195] [INFO ] [ChunksStreamer:84] added
[15:01:30.195] [INFO ] [ChunksStreamer:84] added
[15:01:30.196] [INFO ] [ChunksStreamer:84] added
[15:01:30.196] [INFO ] [ChunksStreamer:84] added
[15:01:30.196] [INFO ] [ChunksStreamer:84] added
[15:01:30.196] [INFO ] [ChunksStreamer:84] added
[15:01:30.196] [INFO ] [ChunksStreamer:84] added
[15:01:30.196] [INFO ] [ChunksStorage:30] BBB
[15:01:30.197] [INFO ] [ChunksStorage:30] BBB
[15:01:30.197] [INFO ] [ChunksStorage:30] BBB
[15:01:30.197] [INFO ] [ChunksStorage:30] BBB
[15:01:30.198] [INFO ] [ChunksStorage:30] BBB
[15:01:30.198] [INFO ] [ChunksStorage:30] BBB
[15:01:30.198] [INFO ] [ChunksStorage:30] BBB
[15:01:30.199] [INFO ] [ChunksStorage:30] BBB
[15:01:30.199] [INFO ] [ChunksStorage:30] BBB
[15:01:30.200] [INFO ] [ChunksStorage:30] BBB
[15:01:30.200] [INFO ] [ChunksStorage:30] BBB
[15:01:30.200] [INFO ] [ChunksStorage:30] BBB
[15:01:30.201] [INFO ] [ChunksStorage:30] BBB
[15:01:30.201] [INFO ] [ChunksStorage:30] BBB
[15:01:30.201] [INFO ] [ChunksStorage:30] BBB
[15:01:30.202] [INFO ] [ChunksStorage:30] BBB
[15:01:30.202] [INFO ] [ChunksStorage:30] BBB
[15:01:30.202] [INFO ] [ChunksStorage:30] BBB
[15:01:30.203] [INFO ] [ChunksStorage:30] BBB
[15:01:30.203] [INFO ] [ChunksStorage:30] BBB
[15:01:30.204] [INFO ] [ChunksStorage:30] BBB
[15:01:30.204] [INFO ] [ChunksStorage:30] BBB
[15:01:30.204] [INFO ] [ChunksStorage:30] BBB
[15:01:30.205] [INFO ] [ChunksStorage:30] BBB
[15:01:30.205] [INFO ] [ChunksStorage:30] BBB
[15:01:38.047] [INFO ] [ChunksStreamer:84] added
[15:01:38.047] [INFO ] [ChunksStreamer:84] added
[15:01:38.047] [INFO ] [ChunksStreamer:84] added
[15:01:38.047] [INFO ] [ChunksStreamer:84] added
[15:01:38.048] [INFO ] [ChunksStreamer:84] added
[15:01:38.048] [INFO ] [ChunksStreamer:84] added
[15:01:38.048] [INFO ] [ChunksStreamer:84] added
[15:01:38.048] [INFO ] [ChunksStreamer:84] added
[15:01:38.048] [INFO ] [ChunksStreamer:84] added
[15:01:38.049] [INFO ] [ChunksStreamer:84] added
[15:01:38.049] [INFO ] [ChunksStreamer:84] added
[15:01:38.049] [INFO ] [ChunksStreamer:84] added
[15:01:38.049] [INFO ] [ChunksStreamer:84] added
[15:01:38.049] [INFO ] [ChunksStreamer:84] added
[15:01:38.050] [INFO ] [ChunksStreamer:84] added
[15:01:38.050] [INFO ] [ChunksStreamer:84] added
[15:01:38.050] [INFO ] [ChunksStreamer:84] added
[15:01:38.050] [INFO ] [ChunksStreamer:84] added
[15:01:38.050] [INFO ] [ChunksStreamer:84] added
[15:01:38.050] [INFO ] [ChunksStreamer:84] added
[15:01:38.050] [INFO ] [ChunksStreamer:84] added
[15:01:38.051] [INFO ] [ChunksStreamer:84] added
[15:01:38.051] [INFO ] [ChunksStreamer:84] added
[15:01:38.051] [INFO ] [ChunksStreamer:84] added
[15:01:38.051] [INFO ] [ChunksStreamer:84] added
[15:01:38.051] [INFO ] [ChunksStorage:30] BBB
[15:01:38.052] [INFO ] [ChunksStorage:30] BBB
[15:01:38.052] [INFO ] [ChunksStorage:30] BBB
[15:01:38.052] [INFO ] [ChunksStorage:30] BBB
[15:01:38.052] [INFO ] [ChunksStorage:30] BBB
[15:01:38.053] [INFO ] [ChunksStorage:30] BBB
[15:01:38.053] [INFO ] [ChunksStorage:30] BBB
[15:01:38.053] [INFO ] [ChunksStorage:30] BBB
[15:01:38.054] [INFO ] [ChunksStorage:30] BBB
[15:01:38.054] [INFO ] [ChunksStorage:30] BBB
[15:01:38.054] [INFO ] [ChunksStorage:30] BBB
[15:01:38.055] [INFO ] [ChunksStorage:30] BBB
[15:01:38.055] [INFO ] [ChunksStorage:30] BBB
[15:01:38.056] [INFO ] [ChunksStorage:30] BBB
[15:01:38.056] [INFO ] [ChunksStorage:30] BBB
[15:01:38.056] [INFO ] [ChunksStorage:30] BBB
[15:01:38.057] [INFO ] [ChunksStorage:30] BBB
[15:01:38.057] [INFO ] [ChunksStorage:30] BBB
[15:01:38.058] [INFO ] [ChunksStorage:30] BBB
[15:01:38.058] [INFO ] [ChunksStorage:30] BBB
[15:01:38.059] [INFO ] [ChunksStorage:30] BBB
[15:01:38.059] [INFO ] [ChunksStorage:30] BBB
[15:01:38.059] [INFO ] [ChunksStorage:30] BBB
[15:01:38.060] [INFO ] [ChunksStorage:30] BBB
[15:01:38.060] [INFO ] [ChunksStorage:30] BBB
[15:01:38.674] [INFO ] [ChunksStreamer:84] added
[15:01:38.675] [INFO ] [ChunksStreamer:84] added
[15:01:38.675] [INFO ] [ChunksStreamer:84] added
[15:01:38.675] [INFO ] [ChunksStreamer:84] added
[15:01:38.675] [INFO ] [ChunksStreamer:84] added
[15:01:38.675] [INFO ] [ChunksStreamer:84] added
[15:01:38.676] [INFO ] [ChunksStreamer:84] added
[15:01:38.676] [INFO ] [ChunksStreamer:84] added
[15:01:38.676] [INFO ] [ChunksStreamer:84] added
[15:01:38.676] [INFO ] [ChunksStreamer:84] added
[15:01:38.676] [INFO ] [ChunksStreamer:84] added
[15:01:38.676] [INFO ] [ChunksStreamer:84] added
[15:01:38.677] [INFO ] [ChunksStreamer:84] added
[15:01:38.677] [INFO ] [ChunksStreamer:84] added
[15:01:38.677] [INFO ] [ChunksStreamer:84] added
[15:01:38.677] [INFO ] [ChunksStreamer:84] added
[15:01:38.677] [INFO ] [ChunksStreamer:84] added
[15:01:38.677] [INFO ] [ChunksStreamer:84] added
[15:01:38.677] [INFO ] [ChunksStreamer:84] added
[15:01:38.678] [INFO ] [ChunksStreamer:84] added
[15:01:38.678] [INFO ] [ChunksStreamer:84] added
[15:01:38.678] [INFO ] [ChunksStreamer:84] added
[15:01:38.679] [INFO ] [ChunksStorage:30] BBB
[15:01:38.679] [INFO ] [ChunksStorage:30] BBB
[15:01:38.679] [INFO ] [ChunksStorage:30] BBB
[15:01:38.680] [INFO ] [ChunksStorage:30] BBB
[15:01:38.680] [INFO ] [ChunksStorage:30] BBB
[15:01:38.680] [INFO ] [ChunksStorage:30] BBB
[15:01:38.681] [INFO ] [ChunksStorage:30] BBB
[15:01:38.681] [INFO ] [ChunksStorage:30] BBB
[15:01:38.681] [INFO ] [ChunksStorage:30] BBB
[15:01:38.682] [INFO ] [ChunksStorage:30] BBB
[15:01:38.683] [INFO ] [ChunksStorage:30] BBB
[15:01:38.683] [INFO ] [ChunksStorage:30] BBB
[15:01:38.683] [INFO ] [ChunksStorage:30] BBB
[15:01:38.684] [INFO ] [ChunksStorage:30] BBB
[15:01:38.684] [INFO ] [ChunksStorage:30] BBB
[15:01:38.685] [INFO ] [ChunksStorage:30] BBB
[15:01:38.685] [INFO ] [ChunksStorage:30] BBB
[15:01:38.686] [INFO ] [ChunksStorage:30] BBB
[15:01:38.686] [INFO ] [ChunksStorage:30] BBB
[15:01:38.686] [INFO ] [ChunksStorage:30] BBB
[15:01:38.687] [INFO ] [ChunksStorage:30] BBB
[15:01:38.687] [INFO ] [ChunksStorage:30] BBB
[15:01:42.621] [INFO ] [DesktopWindow:53] Desktop window closing...
[15:01:42.621] [EXTRAINFO] [Heartbeat:111] Heartbeat Stopped
[15:01:42.622] [INFO ] [Engine:38] Application terminated.
[15:01:42.622] [LINE ] ================================================================================
[15:01:42.622] [INFO ] [Program:64] Application Completed.
Exiting with code 0

================================================================================
Engine Log - Ended at 2026-03-08 15:01:42
================================================================================
