================================================================================
Engine Log - Started at 2026-03-08 10:41:19
================================================================================

[10:41:19.949] [INFO ] VoxelEngine initialized from Desktop platform with VoxelGames runtime.
[10:41:19.960] [INFO ] [Game:40] Game.A was called!
[10:41:19.960] [INFO ] [Program:38] Creating engine
[10:41:20.024] [INFO ] [TestRuntimeContext:21] TestRuntimeContext created
[10:41:20.026] [INFO ] [Heartbeat:55] Frame rate limit disabled (unlimited FPS)
[10:41:20.026] [INFO ] [Program:45] Starting engine...
[10:41:20.030] [LINE ] ================================================================================
[10:41:20.031] [INFO ] [Engine:27] Starting engine runtime...
[10:41:20.088] [INFO ] [DesktopWindow:26] Creating window: 'Voxel Engine' (800x600)
[10:41:20.163] [INFO ] [DesktopWindow:40] Desktop window created successfully.
[10:41:20.169] [EXTRAINFO] [ServiceContainer:22] [ServiceContainer] Registering service VoxelEngine.Graphics.GraphicsContext
[10:41:20.585] [EXTRAINFO] [ServiceContainer:22] [ServiceContainer] Registering service VoxelEngine.IO.FileManager
[10:41:20.587] [EXTRAINFO] [ServiceContainer:22] [ServiceContainer] Registering service VoxelEngine.Core.AssetsManager
[10:41:20.587] [INFO ] [Engine:74] Post init...
[10:41:20.588] [INFO ] [TestRuntimeContext:32] TestRuntimeContext Initialized
[10:41:20.590] [EXTRAINFO] [ServiceContainer:22] [ServiceContainer] Registering service VoxelEngine.Core.CamerasRegistries
[10:41:20.592] [EXTRAINFO] [ServiceContainer:22] [ServiceContainer] Registering service VoxelEngine.Graphics.Rendering.RenderManager
[10:41:20.594] [INFO ] [LauncherLayer:17] LauncherLayer.Initialize was called!
[10:41:20.594] [INFO ] [GameLoader:19] Loading game from C:\Users\Dmitrist10\Desktop\VoxelGames\Source\Project_08_VE\Source\Resources\Games\Game_01\Main\bin\net11.0\Game_01.dll
[10:41:20.642] [INFO ] [Game:19] Game.OnInitialize was called!
[10:41:20.642] [INFO ] [Game:25] Game.StartMatch was called!
[10:41:20.643] [EXTRAINFO] [UniverseManager:13] A new Universe was created
[10:41:20.656] [EXTRAINFO] [Universe.API:13] A new Scene was created
[10:41:20.657] [INFO ] [ClientHost:26] Scene loaded
[10:41:20.727] [DEBUG] [GameSetup:14] GameSetup.SetUp was called!
[10:41:20.861] [EXTRAINFO] [ServiceContainer:22] [ServiceContainer] Registering service VoxelEngine.Packages.Voxel.BlocksRegistrie
[10:41:20.888] [INFO ] [GameLayer:17] GameLayer.Initialize was called!
[10:41:20.889] [EXTRAINFO] [Heartbeat:62] Starting Heartbeat
[10:41:32.053] [INFO ] [DesktopWindow:53] Desktop window closing...
[10:41:32.053] [EXTRAINFO] [Heartbeat:111] Heartbeat Stopped
[10:41:32.053] [INFO ] [Engine:37] Application terminated.
[10:41:32.053] [LINE ] ================================================================================
[10:41:32.054] [INFO ] [Program:64] Application Completed.
Exiting with code 0

================================================================================
Engine Log - Ended at 2026-03-08 10:41:32
================================================================================
