================================================================================
Engine Log - Started at 2026-03-08 15:02:19
================================================================================

[15:02:19.067] [INFO ] VoxelEngine initialized from Desktop platform with VoxelGames runtime.
[15:02:19.077] [INFO ] [Game:40] Game.A was called!
[15:02:19.078] [INFO ] [Program:38] Creating engine
[15:02:19.079] [INFO ] [TestRuntimeContext:21] TestRuntimeContext created
[15:02:19.080] [INFO ] [Heartbeat:55] Frame rate limit disabled (unlimited FPS)
[15:02:19.080] [INFO ] [Program:45] Starting engine...
[15:02:19.081] [LINE ] ================================================================================
[15:02:19.081] [INFO ] [Engine:28] Starting engine runtime...
[15:02:19.084] [INFO ] [DesktopWindow:26] Creating window: 'Voxel Engine' (800x600)
[15:02:19.157] [INFO ] [DesktopWindow:40] Desktop window created successfully.
[15:02:19.161] [EXTRAINFO] [ServiceContainer:22] [ServiceContainer] Registering service VoxelEngine.Graphics.GraphicsContext
[15:02:19.164] [EXTRAINFO] [ServiceContainer:22] [ServiceContainer] Registering service VoxelEngine.Core.Runtime.ModulesManager
[15:02:19.501] [EXTRAINFO] [ServiceContainer:22] [ServiceContainer] Registering service VoxelEngine.IO.FileManager
[15:02:19.502] [EXTRAINFO] [ServiceContainer:22] [ServiceContainer] Registering service VoxelEngine.Core.AssetsManager
[15:02:19.503] [INFO ] [Engine:84] Post init...
[15:02:19.503] [INFO ] [TestRuntimeContext:32] TestRuntimeContext Initialized
[15:02:19.505] [EXTRAINFO] [ServiceContainer:22] [ServiceContainer] Registering service VoxelEngine.Core.CamerasRegistries
[15:02:19.506] [EXTRAINFO] [ServiceContainer:22] [ServiceContainer] Registering service VoxelEngine.Graphics.Rendering.RenderManager
[15:02:19.507] [INFO ] [LauncherLayer:17] LauncherLayer.Initialize was called!
[15:02:19.508] [INFO ] [GameLoader:19] Loading game from C:\Users\Dmitrist10\Desktop\VoxelGames\Source\Project_08_VE\Source\Resources\Games\Game_01\Main\bin\net11.0\Game_01.dll
[15:02:19.511] [INFO ] [Game:19] Game.OnInitialize was called!
[15:02:19.511] [INFO ] [Game:25] Game.StartMatch was called!
[15:02:19.512] [EXTRAINFO] [UniverseManager:13] A new Universe was created
[15:02:19.526] [EXTRAINFO] [Universe.API:13] A new Scene was created
[15:02:19.526] [INFO ] [ClientHost:26] Scene loaded
[15:02:19.597] [DEBUG] [GameSetup:14] GameSetup.SetUp was called!
[15:02:19.736] [INFO ] [GameLayer:17] GameLayer.Initialize was called!
[15:02:19.737] [EXTRAINFO] [Heartbeat:62] Starting Heartbeat
[15:02:19.861] [INFO ] [ChunksStreamer:84] added
[15:02:19.861] [INFO ] [ChunksStreamer:84] added
[15:02:19.861] [INFO ] [ChunksStreamer:84] added
[15:02:19.862] [INFO ] [ChunksStreamer:84] added
[15:02:19.862] [INFO ] [ChunksStreamer:84] added
[15:02:19.862] [INFO ] [ChunksStreamer:84] added
[15:02:19.862] [INFO ] [ChunksStreamer:84] added
[15:02:19.862] [INFO ] [ChunksStreamer:84] added
[15:02:19.863] [INFO ] [ChunksStreamer:84] added
[15:02:19.863] [INFO ] [ChunksStreamer:84] added
[15:02:19.863] [INFO ] [ChunksStreamer:84] added
[15:02:19.863] [INFO ] [ChunksStreamer:84] added
[15:02:19.863] [INFO ] [ChunksStreamer:84] added
[15:02:19.864] [INFO ] [ChunksStreamer:84] added
[15:02:19.864] [INFO ] [ChunksStreamer:84] added
[15:02:19.864] [INFO ] [ChunksStreamer:84] added
[15:02:19.864] [INFO ] [ChunksStreamer:84] added
[15:02:19.864] [INFO ] [ChunksStreamer:84] added
[15:02:19.864] [INFO ] [ChunksStreamer:84] added
[15:02:19.865] [INFO ] [ChunksStreamer:84] added
[15:02:19.865] [INFO ] [ChunksStreamer:84] added
[15:02:19.865] [INFO ] [ChunksStreamer:84] added
[15:02:19.865] [INFO ] [ChunksStreamer:84] added
[15:02:19.865] [INFO ] [ChunksStreamer:84] added
[15:02:19.866] [INFO ] [ChunksStreamer:84] added
[15:02:19.866] [INFO ] [ChunksStreamer:84] added
[15:02:19.866] [INFO ] [ChunksStreamer:84] added
[15:02:19.866] [INFO ] [ChunksStreamer:84] added
[15:02:19.866] [INFO ] [ChunksStreamer:84] added
[15:02:19.866] [INFO ] [ChunksStreamer:84] added
[15:02:19.867] [INFO ] [ChunksStreamer:84] added
[15:02:19.867] [INFO ] [ChunksStreamer:84] added
[15:02:19.867] [INFO ] [ChunksStreamer:84] added
[15:02:19.867] [INFO ] [ChunksStreamer:84] added
[15:02:19.868] [INFO ] [ChunksStreamer:84] added
[15:02:19.868] [INFO ] [ChunksStreamer:84] added
[15:02:19.868] [INFO ] [ChunksStreamer:84] added
[15:02:19.868] [INFO ] [ChunksStreamer:84] added
[15:02:19.868] [INFO ] [ChunksStreamer:84] added
[15:02:19.868] [INFO ] [ChunksStreamer:84] added
[15:02:19.869] [INFO ] [ChunksStreamer:84] added
[15:02:19.869] [INFO ] [ChunksStreamer:84] added
[15:02:19.869] [INFO ] [ChunksStreamer:84] added
[15:02:19.869] [INFO ] [ChunksStreamer:84] added
[15:02:19.869] [INFO ] [ChunksStreamer:84] added
[15:02:19.870] [INFO ] [ChunksStreamer:84] added
[15:02:19.870] [INFO ] [ChunksStreamer:84] added
[15:02:19.870] [INFO ] [ChunksStreamer:84] added
[15:02:19.870] [INFO ] [ChunksStreamer:84] added
[15:02:19.870] [INFO ] [ChunksStreamer:84] added
[15:02:19.870] [INFO ] [ChunksStreamer:84] added
[15:02:19.871] [INFO ] [ChunksStreamer:84] added
[15:02:19.871] [INFO ] [ChunksStreamer:84] added
[15:02:19.871] [INFO ] [ChunksStreamer:84] added
[15:02:19.871] [INFO ] [ChunksStreamer:84] added
[15:02:19.871] [INFO ] [ChunksStreamer:84] added
[15:02:19.872] [INFO ] [ChunksStreamer:84] added
[15:02:19.872] [INFO ] [ChunksStreamer:84] added
[15:02:19.872] [INFO ] [ChunksStreamer:84] added
[15:02:19.872] [INFO ] [ChunksStreamer:84] added
[15:02:19.872] [INFO ] [ChunksStreamer:84] added
[15:02:19.873] [INFO ] [ChunksStreamer:84] added
[15:02:19.873] [INFO ] [ChunksStreamer:84] added
[15:02:19.873] [INFO ] [ChunksStreamer:84] added
[15:02:19.873] [INFO ] [ChunksStreamer:84] added
[15:02:19.874] [INFO ] [ChunksStreamer:84] added
[15:02:19.874] [INFO ] [ChunksStreamer:84] added
[15:02:19.874] [INFO ] [ChunksStreamer:84] added
[15:02:19.874] [INFO ] [ChunksStreamer:84] added
[15:02:19.874] [INFO ] [ChunksStreamer:84] added
[15:02:19.875] [INFO ] [ChunksStreamer:84] added
[15:02:19.875] [INFO ] [ChunksStreamer:84] added
[15:02:19.875] [INFO ] [ChunksStreamer:84] added
[15:02:19.875] [INFO ] [ChunksStreamer:84] added
[15:02:19.875] [INFO ] [ChunksStreamer:84] added
[15:02:19.876] [INFO ] [ChunksStreamer:84] added
[15:02:19.876] [INFO ] [ChunksStreamer:84] added
[15:02:19.876] [INFO ] [ChunksStreamer:84] added
[15:02:19.876] [INFO ] [ChunksStreamer:84] added
[15:02:19.876] [INFO ] [ChunksStreamer:84] added
[15:02:19.877] [INFO ] [ChunksStreamer:84] added
[15:02:19.877] [INFO ] [ChunksStreamer:84] added
[15:02:19.877] [INFO ] [ChunksStreamer:84] added
[15:02:19.877] [INFO ] [ChunksStreamer:84] added
[15:02:19.877] [INFO ] [ChunksStreamer:84] added
[15:02:19.877] [INFO ] [ChunksStreamer:84] added
[15:02:19.878] [INFO ] [ChunksStreamer:84] added
[15:02:19.878] [INFO ] [ChunksStreamer:84] added
[15:02:19.878] [INFO ] [ChunksStreamer:84] added
[15:02:19.878] [INFO ] [ChunksStreamer:84] added
[15:02:19.878] [INFO ] [ChunksStreamer:84] added
[15:02:19.878] [INFO ] [ChunksStreamer:84] added
[15:02:19.879] [INFO ] [ChunksStreamer:84] added
[15:02:19.879] [INFO ] [ChunksStreamer:84] added
[15:02:19.879] [INFO ] [ChunksStreamer:84] added
[15:02:19.879] [INFO ] [ChunksStreamer:84] added
[15:02:19.879] [INFO ] [ChunksStreamer:84] added
[15:02:19.879] [INFO ] [ChunksStreamer:84] added
[15:02:19.880] [INFO ] [ChunksStreamer:84] added
[15:02:19.880] [INFO ] [ChunksStreamer:84] added
[15:02:19.880] [INFO ] [ChunksStreamer:84] added
[15:02:19.880] [INFO ] [ChunksStreamer:84] added
[15:02:19.880] [INFO ] [ChunksStreamer:84] added
[15:02:19.881] [INFO ] [ChunksStreamer:84] added
[15:02:19.881] [INFO ] [ChunksStreamer:84] added
[15:02:19.881] [INFO ] [ChunksStreamer:84] added
[15:02:19.881] [INFO ] [ChunksStreamer:84] added
[15:02:19.881] [INFO ] [ChunksStreamer:84] added
[15:02:19.881] [INFO ] [ChunksStreamer:84] added
[15:02:19.882] [INFO ] [ChunksStreamer:84] added
[15:02:19.882] [INFO ] [ChunksStreamer:84] added
[15:02:19.882] [INFO ] [ChunksStreamer:84] added
[15:02:19.882] [INFO ] [ChunksStreamer:84] added
[15:02:19.882] [INFO ] [ChunksStreamer:84] added
[15:02:19.883] [INFO ] [ChunksStreamer:84] added
[15:02:19.883] [INFO ] [ChunksStreamer:84] added
[15:02:19.883] [INFO ] [ChunksStreamer:84] added
[15:02:19.883] [INFO ] [ChunksStreamer:84] added
[15:02:19.883] [INFO ] [ChunksStreamer:84] added
[15:02:19.883] [INFO ] [ChunksStreamer:84] added
[15:02:19.884] [INFO ] [ChunksStreamer:84] added
[15:02:19.884] [INFO ] [ChunksStreamer:84] added
[15:02:19.884] [INFO ] [ChunksStreamer:84] added
[15:02:19.885] [INFO ] [ChunksStorage:30] BBB
[15:02:19.887] [INFO ] [ChunksStorage:30] BBB
[15:02:19.887] [INFO ] [ChunksStorage:30] BBB
[15:02:19.888] [INFO ] [ChunksStorage:30] BBB
[15:02:19.889] [INFO ] [ChunksStorage:30] BBB
[15:02:19.889] [INFO ] [ChunksStorage:30] BBB
[15:02:19.889] [INFO ] [ChunksStorage:30] BBB
[15:02:19.890] [INFO ] [ChunksStorage:30] BBB
[15:02:19.890] [INFO ] [ChunksStorage:30] BBB
[15:02:19.890] [INFO ] [ChunksStorage:30] BBB
[15:02:19.891] [INFO ] [ChunksStorage:30] BBB
[15:02:19.891] [INFO ] [ChunksStorage:30] BBB
[15:02:19.891] [INFO ] [ChunksStorage:30] BBB
[15:02:19.891] [INFO ] [ChunksStorage:30] BBB
[15:02:19.892] [INFO ] [ChunksStorage:30] BBB
[15:02:19.892] [INFO ] [ChunksStorage:30] BBB
[15:02:19.892] [INFO ] [ChunksStorage:30] BBB
[15:02:19.893] [INFO ] [ChunksStorage:30] BBB
[15:02:19.893] [INFO ] [ChunksStorage:30] BBB
[15:02:19.893] [INFO ] [ChunksStorage:30] BBB
[15:02:19.893] [INFO ] [ChunksStorage:30] BBB
[15:02:19.894] [INFO ] [ChunksStorage:30] BBB
[15:02:19.894] [INFO ] [ChunksStorage:30] BBB
[15:02:19.894] [INFO ] [ChunksStorage:30] BBB
[15:02:19.895] [INFO ] [ChunksStorage:30] BBB
[15:02:19.895] [INFO ] [ChunksStorage:30] BBB
[15:02:19.895] [INFO ] [ChunksStorage:30] BBB
[15:02:19.896] [INFO ] [ChunksStorage:30] BBB
[15:02:19.896] [INFO ] [ChunksStorage:30] BBB
[15:02:19.896] [INFO ] [ChunksStorage:30] BBB
[15:02:19.897] [INFO ] [ChunksStorage:30] BBB
[15:02:19.897] [INFO ] [ChunksStorage:30] BBB
[15:02:19.898] [INFO ] [ChunksStorage:30] BBB
[15:02:19.898] [INFO ] [ChunksStorage:30] BBB
[15:02:19.898] [INFO ] [ChunksStorage:30] BBB
[15:02:19.898] [INFO ] [ChunksStorage:30] BBB
[15:02:19.899] [INFO ] [ChunksStorage:30] BBB
[15:02:19.899] [INFO ] [ChunksStorage:30] BBB
[15:02:19.899] [INFO ] [ChunksStorage:30] BBB
[15:02:19.900] [INFO ] [ChunksStorage:30] BBB
[15:02:19.900] [INFO ] [ChunksStorage:30] BBB
[15:02:19.900] [INFO ] [ChunksStorage:30] BBB
[15:02:19.901] [INFO ] [ChunksStorage:30] BBB
[15:02:19.901] [INFO ] [ChunksStorage:30] BBB
[15:02:19.901] [INFO ] [ChunksStorage:30] BBB
[15:02:19.901] [INFO ] [ChunksStorage:30] BBB
[15:02:19.901] [INFO ] [ChunksStorage:30] BBB
[15:02:19.902] [INFO ] [ChunksStorage:30] BBB
[15:02:19.902] [INFO ] [ChunksStorage:30] BBB
[15:02:19.903] [INFO ] [ChunksStorage:30] BBB
[15:02:19.904] [INFO ] [ChunksStorage:30] BBB
[15:02:19.904] [INFO ] [ChunksStorage:30] BBB
[15:02:19.905] [INFO ] [ChunksStorage:30] BBB
[15:02:19.905] [INFO ] [ChunksStorage:30] BBB
[15:02:19.906] [INFO ] [ChunksStorage:30] BBB
[15:02:19.906] [INFO ] [ChunksStorage:30] BBB
[15:02:19.907] [INFO ] [ChunksStorage:30] BBB
[15:02:19.907] [INFO ] [ChunksStorage:30] BBB
[15:02:19.907] [INFO ] [ChunksStorage:30] BBB
[15:02:19.908] [INFO ] [ChunksStorage:30] BBB
[15:02:19.908] [INFO ] [ChunksStorage:30] BBB
[15:02:19.908] [INFO ] [ChunksStorage:30] BBB
[15:02:19.908] [INFO ] [ChunksStorage:30] BBB
[15:02:19.909] [INFO ] [ChunksStorage:30] BBB
[15:02:19.909] [INFO ] [ChunksStorage:30] BBB
[15:02:19.909] [INFO ] [ChunksStorage:30] BBB
[15:02:19.909] [INFO ] [ChunksStorage:30] BBB
[15:02:19.910] [INFO ] [ChunksStorage:30] BBB
[15:02:19.910] [INFO ] [ChunksStorage:30] BBB
[15:02:19.910] [INFO ] [ChunksStorage:30] BBB
[15:02:19.910] [INFO ] [ChunksStorage:30] BBB
[15:02:19.911] [INFO ] [ChunksStorage:30] BBB
[15:02:19.911] [INFO ] [ChunksStorage:30] BBB
[15:02:19.911] [INFO ] [ChunksStorage:30] BBB
[15:02:19.912] [INFO ] [ChunksStorage:30] BBB
[15:02:19.912] [INFO ] [ChunksStorage:30] BBB
[15:02:19.912] [INFO ] [ChunksStorage:30] BBB
[15:02:19.913] [INFO ] [ChunksStorage:30] BBB
[15:02:19.913] [INFO ] [ChunksStorage:30] BBB
[15:02:19.913] [INFO ] [ChunksStorage:30] BBB
[15:02:19.914] [INFO ] [ChunksStorage:30] BBB
[15:02:19.914] [INFO ] [ChunksStorage:30] BBB
[15:02:19.914] [INFO ] [ChunksStorage:30] BBB
[15:02:19.915] [INFO ] [ChunksStorage:30] BBB
[15:02:19.916] [INFO ] [ChunksStorage:30] BBB
[15:02:19.917] [INFO ] [ChunksStorage:30] BBB
[15:02:19.919] [INFO ] [ChunksStorage:30] BBB
[15:02:19.919] [INFO ] [ChunksStorage:30] BBB
[15:02:19.919] [INFO ] [ChunksStorage:30] BBB
[15:02:19.920] [INFO ] [ChunksStorage:30] BBB
[15:02:19.920] [INFO ] [ChunksStorage:30] BBB
[15:02:19.920] [INFO ] [ChunksStorage:30] BBB
[15:02:19.920] [INFO ] [ChunksStorage:30] BBB
[15:02:19.920] [INFO ] [ChunksStorage:30] BBB
[15:02:19.921] [INFO ] [ChunksStorage:30] BBB
[15:02:19.921] [INFO ] [ChunksStorage:30] BBB
[15:02:19.921] [INFO ] [ChunksStorage:30] BBB
[15:02:19.921] [INFO ] [ChunksStorage:30] BBB
[15:02:19.921] [INFO ] [ChunksStorage:30] BBB
[15:02:19.922] [INFO ] [ChunksStorage:30] BBB
[15:02:19.922] [INFO ] [ChunksStorage:30] BBB
[15:02:19.922] [INFO ] [ChunksStorage:30] BBB
[15:02:19.922] [INFO ] [ChunksStorage:30] BBB
[15:02:19.923] [INFO ] [ChunksStorage:30] BBB
[15:02:19.923] [INFO ] [ChunksStorage:30] BBB
[15:02:19.924] [INFO ] [ChunksStorage:30] BBB
[15:02:19.924] [INFO ] [ChunksStorage:30] BBB
[15:02:19.924] [INFO ] [ChunksStorage:30] BBB
[15:02:19.925] [INFO ] [ChunksStorage:30] BBB
[15:02:19.925] [INFO ] [ChunksStorage:30] BBB
[15:02:19.927] [INFO ] [ChunksStorage:30] BBB
[15:02:19.927] [INFO ] [ChunksStorage:30] BBB
[15:02:19.927] [INFO ] [ChunksStorage:30] BBB
[15:02:19.927] [INFO ] [ChunksStorage:30] BBB
[15:02:19.928] [INFO ] [ChunksStorage:30] BBB
[15:02:19.928] [INFO ] [ChunksStorage:30] BBB
[15:02:19.928] [INFO ] [ChunksStorage:30] BBB
[15:02:19.929] [INFO ] [ChunksStorage:30] BBB
[15:02:19.929] [INFO ] [ChunksStorage:30] BBB
[15:02:19.929] [INFO ] [ChunksStorage:30] BBB
[15:02:19.930] [INFO ] [ChunksStorage:30] BBB
[15:02:19.930] [INFO ] [ChunksStorage:30] BBB
[15:02:19.930] [INFO ] [ChunksStorage:30] BBB
[15:02:21.789] [INFO ] [ChunksStreamer:84] added
[15:02:21.789] [INFO ] [ChunksStreamer:84] added
[15:02:21.789] [INFO ] [ChunksStreamer:84] added
[15:02:21.789] [INFO ] [ChunksStreamer:84] added
[15:02:21.790] [INFO ] [ChunksStreamer:84] added
[15:02:21.790] [INFO ] [ChunksStreamer:84] added
[15:02:21.790] [INFO ] [ChunksStreamer:84] added
[15:02:21.790] [INFO ] [ChunksStreamer:84] added
[15:02:21.790] [INFO ] [ChunksStreamer:84] added
[15:02:21.790] [INFO ] [ChunksStreamer:84] added
[15:02:21.791] [INFO ] [ChunksStreamer:84] added
[15:02:21.791] [INFO ] [ChunksStreamer:84] added
[15:02:21.791] [INFO ] [ChunksStreamer:84] added
[15:02:21.791] [INFO ] [ChunksStreamer:84] added
[15:02:21.791] [INFO ] [ChunksStreamer:84] added
[15:02:21.791] [INFO ] [ChunksStreamer:84] added
[15:02:21.792] [INFO ] [ChunksStreamer:84] added
[15:02:21.792] [INFO ] [ChunksStreamer:84] added
[15:02:21.792] [INFO ] [ChunksStreamer:84] added
[15:02:21.792] [INFO ] [ChunksStreamer:84] added
[15:02:21.792] [INFO ] [ChunksStreamer:84] added
[15:02:21.792] [INFO ] [ChunksStreamer:84] added
[15:02:21.793] [INFO ] [ChunksStreamer:84] added
[15:02:21.793] [INFO ] [ChunksStreamer:84] added
[15:02:21.793] [INFO ] [ChunksStreamer:84] added
[15:02:21.793] [INFO ] [ChunksStreamer:84] added
[15:02:21.793] [INFO ] [ChunksStreamer:84] added
[15:02:21.793] [INFO ] [ChunksStreamer:84] added
[15:02:21.794] [INFO ] [ChunksStreamer:84] added
[15:02:21.794] [INFO ] [ChunksStreamer:84] added
[15:02:21.794] [INFO ] [ChunksStreamer:84] added
[15:02:21.794] [INFO ] [ChunksStreamer:84] added
[15:02:21.794] [INFO ] [ChunksStreamer:84] added
[15:02:21.795] [INFO ] [ChunksStreamer:84] added
[15:02:21.795] [INFO ] [ChunksStreamer:84] added
[15:02:21.795] [INFO ] [ChunksStreamer:84] added
[15:02:21.795] [INFO ] [ChunksStreamer:84] added
[15:02:21.795] [INFO ] [ChunksStreamer:84] added
[15:02:21.796] [INFO ] [ChunksStreamer:84] added
[15:02:21.796] [INFO ] [ChunksStreamer:84] added
[15:02:21.796] [INFO ] [ChunksStreamer:84] added
[15:02:21.796] [INFO ] [ChunksStreamer:84] added
[15:02:21.796] [INFO ] [ChunksStreamer:84] added
[15:02:21.796] [INFO ] [ChunksStorage:30] BBB
[15:02:21.797] [INFO ] [ChunksStorage:30] BBB
[15:02:21.797] [INFO ] [ChunksStorage:30] BBB
[15:02:21.797] [INFO ] [ChunksStorage:30] BBB
[15:02:21.798] [INFO ] [ChunksStorage:30] BBB
[15:02:21.798] [INFO ] [ChunksStorage:30] BBB
[15:02:21.798] [INFO ] [ChunksStorage:30] BBB
[15:02:21.799] [INFO ] [ChunksStorage:30] BBB
[15:02:21.799] [INFO ] [ChunksStorage:30] BBB
[15:02:21.799] [INFO ] [ChunksStorage:30] BBB
[15:02:21.800] [INFO ] [ChunksStorage:30] BBB
[15:02:21.800] [INFO ] [ChunksStorage:30] BBB
[15:02:21.800] [INFO ] [ChunksStorage:30] BBB
[15:02:21.800] [INFO ] [ChunksStorage:30] BBB
[15:02:21.801] [INFO ] [ChunksStorage:30] BBB
[15:02:21.801] [INFO ] [ChunksStorage:30] BBB
[15:02:21.801] [INFO ] [ChunksStorage:30] BBB
[15:02:21.802] [INFO ] [ChunksStorage:30] BBB
[15:02:21.802] [INFO ] [ChunksStorage:30] BBB
[15:02:21.802] [INFO ] [ChunksStorage:30] BBB
[15:02:21.802] [INFO ] [ChunksStorage:30] BBB
[15:02:21.802] [INFO ] [ChunksStorage:30] BBB
[15:02:21.803] [INFO ] [ChunksStorage:30] BBB
[15:02:21.803] [INFO ] [ChunksStorage:30] BBB
[15:02:21.804] [INFO ] [ChunksStorage:30] BBB
[15:02:21.804] [INFO ] [ChunksStorage:30] BBB
[15:02:21.804] [INFO ] [ChunksStorage:30] BBB
[15:02:21.804] [INFO ] [ChunksStorage:30] BBB
[15:02:21.805] [INFO ] [ChunksStorage:30] BBB
[15:02:21.805] [INFO ] [ChunksStorage:30] BBB
[15:02:21.805] [INFO ] [ChunksStorage:30] BBB
[15:02:21.806] [INFO ] [ChunksStorage:30] BBB
[15:02:21.806] [INFO ] [ChunksStorage:30] BBB
[15:02:21.806] [INFO ] [ChunksStorage:30] BBB
[15:02:21.807] [INFO ] [ChunksStorage:30] BBB
[15:02:21.807] [INFO ] [ChunksStorage:30] BBB
[15:02:21.807] [INFO ] [ChunksStorage:30] BBB
[15:02:21.808] [INFO ] [ChunksStorage:30] BBB
[15:02:21.808] [INFO ] [ChunksStorage:30] BBB
[15:02:21.808] [INFO ] [ChunksStorage:30] BBB
[15:02:21.809] [INFO ] [ChunksStorage:30] BBB
[15:02:21.809] [INFO ] [ChunksStorage:30] BBB
[15:02:21.809] [INFO ] [ChunksStorage:30] BBB
[15:02:21.837] [INFO ] [ChunksStreamer:84] added
[15:02:21.838] [INFO ] [ChunksStreamer:84] added
[15:02:21.838] [INFO ] [ChunksStreamer:84] added
[15:02:21.838] [INFO ] [ChunksStreamer:84] added
[15:02:21.838] [INFO ] [ChunksStreamer:84] added
[15:02:21.839] [INFO ] [ChunksStreamer:84] added
[15:02:21.839] [INFO ] [ChunksStreamer:84] added
[15:02:21.839] [INFO ] [ChunksStreamer:84] added
[15:02:21.839] [INFO ] [ChunksStreamer:84] added
[15:02:21.839] [INFO ] [ChunksStreamer:84] added
[15:02:21.840] [INFO ] [ChunksStreamer:84] added
[15:02:21.840] [INFO ] [ChunksStorage:30] BBB
[15:02:21.840] [INFO ] [ChunksStorage:30] BBB
[15:02:21.840] [INFO ] [ChunksStorage:30] BBB
[15:02:21.841] [INFO ] [ChunksStorage:30] BBB
[15:02:21.841] [INFO ] [ChunksStorage:30] BBB
[15:02:21.841] [INFO ] [ChunksStorage:30] BBB
[15:02:21.841] [INFO ] [ChunksStorage:30] BBB
[15:02:21.842] [INFO ] [ChunksStorage:30] BBB
[15:02:21.842] [INFO ] [ChunksStorage:30] BBB
[15:02:21.842] [INFO ] [ChunksStorage:30] BBB
[15:02:21.842] [INFO ] [ChunksStorage:30] BBB
[15:02:25.940] [INFO ] [ChunksStreamer:84] added
[15:02:25.940] [INFO ] [ChunksStreamer:84] added
[15:02:25.940] [INFO ] [ChunksStreamer:84] added
[15:02:25.941] [INFO ] [ChunksStreamer:84] added
[15:02:25.941] [INFO ] [ChunksStreamer:84] added
[15:02:25.941] [INFO ] [ChunksStreamer:84] added
[15:02:25.941] [INFO ] [ChunksStreamer:84] added
[15:02:25.941] [INFO ] [ChunksStreamer:84] added
[15:02:25.942] [INFO ] [ChunksStreamer:84] added
[15:02:25.942] [INFO ] [ChunksStreamer:84] added
[15:02:25.942] [INFO ] [ChunksStreamer:84] added
[15:02:25.942] [INFO ] [ChunksStreamer:84] added
[15:02:25.942] [INFO ] [ChunksStreamer:84] added
[15:02:25.942] [INFO ] [ChunksStreamer:84] added
[15:02:25.943] [INFO ] [ChunksStreamer:84] added
[15:02:25.943] [INFO ] [ChunksStreamer:84] added
[15:02:25.943] [INFO ] [ChunksStreamer:84] added
[15:02:25.943] [INFO ] [ChunksStreamer:84] added
[15:02:25.943] [INFO ] [ChunksStreamer:84] added
[15:02:25.943] [INFO ] [ChunksStreamer:84] added
[15:02:25.943] [INFO ] [ChunksStreamer:84] added
[15:02:25.944] [INFO ] [ChunksStreamer:84] added
[15:02:25.944] [INFO ] [ChunksStorage:30] BBB
[15:02:25.944] [INFO ] [ChunksStorage:30] BBB
[15:02:25.944] [INFO ] [ChunksStorage:30] BBB
[15:02:25.945] [INFO ] [ChunksStorage:30] BBB
[15:02:25.945] [INFO ] [ChunksStorage:30] BBB
[15:02:25.945] [INFO ] [ChunksStorage:30] BBB
[15:02:25.946] [INFO ] [ChunksStorage:30] BBB
[15:02:25.946] [INFO ] [ChunksStorage:30] BBB
[15:02:25.946] [INFO ] [ChunksStorage:30] BBB
[15:02:25.947] [INFO ] [ChunksStorage:30] BBB
[15:02:25.947] [INFO ] [ChunksStorage:30] BBB
[15:02:25.947] [INFO ] [ChunksStorage:30] BBB
[15:02:25.948] [INFO ] [ChunksStorage:30] BBB
[15:02:25.948] [INFO ] [ChunksStorage:30] BBB
[15:02:25.949] [INFO ] [ChunksStorage:30] BBB
[15:02:25.949] [INFO ] [ChunksStorage:30] BBB
[15:02:25.950] [INFO ] [ChunksStorage:30] BBB
[15:02:25.950] [INFO ] [ChunksStorage:30] BBB
[15:02:25.950] [INFO ] [ChunksStorage:30] BBB
[15:02:25.951] [INFO ] [ChunksStorage:30] BBB
[15:02:25.951] [INFO ] [ChunksStorage:30] BBB
[15:02:25.952] [INFO ] [ChunksStorage:30] BBB
[15:02:27.589] [INFO ] [ChunksStreamer:84] added
[15:02:27.589] [INFO ] [ChunksStreamer:84] added
[15:02:27.589] [INFO ] [ChunksStreamer:84] added
[15:02:27.589] [INFO ] [ChunksStreamer:84] added
[15:02:27.589] [INFO ] [ChunksStreamer:84] added
[15:02:27.590] [INFO ] [ChunksStreamer:84] added
[15:02:27.590] [INFO ] [ChunksStreamer:84] added
[15:02:27.590] [INFO ] [ChunksStreamer:84] added
[15:02:27.590] [INFO ] [ChunksStreamer:84] added
[15:02:27.590] [INFO ] [ChunksStreamer:84] added
[15:02:27.591] [INFO ] [ChunksStorage:30] BBB
[15:02:27.591] [INFO ] [ChunksStorage:30] BBB
[15:02:27.591] [INFO ] [ChunksStorage:30] BBB
[15:02:27.592] [INFO ] [ChunksStorage:30] BBB
[15:02:27.592] [INFO ] [ChunksStorage:30] BBB
[15:02:27.592] [INFO ] [ChunksStorage:30] BBB
[15:02:27.593] [INFO ] [ChunksStorage:30] BBB
[15:02:27.593] [INFO ] [ChunksStorage:30] BBB
[15:02:27.593] [INFO ] [ChunksStorage:30] BBB
[15:02:27.594] [INFO ] [ChunksStorage:30] BBB
[15:02:30.237] [INFO ] [ChunksStreamer:84] added
[15:02:30.237] [INFO ] [ChunksStreamer:84] added
[15:02:30.237] [INFO ] [ChunksStreamer:84] added
[15:02:30.238] [INFO ] [ChunksStreamer:84] added
[15:02:30.238] [INFO ] [ChunksStreamer:84] added
[15:02:30.238] [INFO ] [ChunksStreamer:84] added
[15:02:30.238] [INFO ] [ChunksStreamer:84] added
[15:02:30.238] [INFO ] [ChunksStreamer:84] added
[15:02:30.238] [INFO ] [ChunksStreamer:84] added
[15:02:30.239] [INFO ] [ChunksStorage:30] BBB
[15:02:30.239] [INFO ] [ChunksStorage:30] BBB
[15:02:30.239] [INFO ] [ChunksStorage:30] BBB
[15:02:30.240] [INFO ] [ChunksStorage:30] BBB
[15:02:30.240] [INFO ] [ChunksStorage:30] BBB
[15:02:30.240] [INFO ] [ChunksStorage:30] BBB
[15:02:30.240] [INFO ] [ChunksStorage:30] BBB
[15:02:30.240] [INFO ] [ChunksStorage:30] BBB
[15:02:30.240] [INFO ] [ChunksStorage:30] BBB
[15:02:39.142] [INFO ] [DesktopWindow:53] Desktop window closing...
[15:02:39.143] [EXTRAINFO] [Heartbeat:111] Heartbeat Stopped
[15:02:39.143] [INFO ] [Engine:38] Application terminated.
[15:02:39.143] [LINE ] ================================================================================
[15:02:39.143] [INFO ] [Program:64] Application Completed.
Exiting with code 0

================================================================================
Engine Log - Ended at 2026-03-08 15:02:39
================================================================================
