================================================================================
Engine Log - Started at 2026-03-06 15:33:37
================================================================================

[15:33:37.956] [INFO ] VoxelEngine initialized from Desktop platform with VoxelGames runtime.
[15:33:37.967] [INFO ] [Game:40] Game.A was called!
[15:33:37.967] [INFO ] [Program:38] Creating engine
[15:33:38.035] [INFO ] [TestRuntimeContext:21] TestRuntimeContext created
[15:33:38.037] [INFO ] [Heartbeat:55] Frame rate limit disabled (unlimited FPS)
[15:33:38.037] [INFO ] [Program:45] Starting engine...
[15:33:38.037] [LINE ] ================================================================================
[15:33:38.038] [INFO ] [Engine:26] Starting engine runtime...
[15:33:38.104] [INFO ] [DesktopWindow:26] Creating window: 'Voxel Engine' (800x600)
[15:33:38.180] [INFO ] [DesktopWindow:40] Desktop window created successfully.
[15:33:38.184] [EXTRAINFO] [ServiceContainer:22] [ServiceContainer] Registering service VoxelEngine.Graphics.GraphicsContext
[15:33:38.599] [EXTRAINFO] [ServiceContainer:22] [ServiceContainer] Registering service VoxelEngine.Core.AssetsManager
[15:33:38.600] [INFO ] [Engine:68] Post init...
[15:33:38.600] [INFO ] [TestRuntimeContext:32] TestRuntimeContext Initialized
[15:33:38.602] [EXTRAINFO] [ServiceContainer:22] [ServiceContainer] Registering service VoxelEngine.Core.CamerasRegistries
[15:33:38.605] [EXTRAINFO] [ServiceContainer:22] [ServiceContainer] Registering service VoxelEngine.Graphics.Rendering.RenderManager
[15:33:38.606] [INFO ] [LauncherLayer:17] LauncherLayer.Initialize was called!
[15:33:38.606] [INFO ] [GameLoader:17] Loading game from C:\Users\Dmitrist10\Desktop\VoxelGames\Source\Project_08_VE\Source\Resources\Games\Game_01\Main\bin\net11.0\Game_01.dll
[15:33:38.609] [INFO ] [Game:19] Game.OnInitialize was called!
[15:33:38.609] [INFO ] [Game:25] Game.StartMatch was called!
[15:33:38.610] [EXTRAINFO] [UniverseManager:13] A new Universe was created
[15:33:38.627] [EXTRAINFO] [Universe.API:13] A new Scene was created
[15:33:38.627] [INFO ] [ClientHost:26] Scene loaded
[15:33:38.630] [DEBUG] [GameSetup:13] GameSetup.SetUp was called!
[15:33:38.708] [INFO ] [GameLayer:17] GameLayer.Initialize was called!
[15:33:38.709] [EXTRAINFO] [Heartbeat:62] Starting Heartbeat
[15:33:43.003] [INFO ] [DesktopWindow:53] Desktop window closing...
[15:33:43.004] [EXTRAINFO] [Heartbeat:111] Heartbeat Stopped
[15:33:43.004] [INFO ] [Engine:36] Application terminated.
[15:33:43.004] [LINE ] ================================================================================
[15:33:43.004] [INFO ] [Program:64] Application Completed.
Exiting with code 0

================================================================================
Engine Log - Ended at 2026-03-06 15:33:43
================================================================================
