================================================================================
Engine Log - Started at 2026-03-04 22:17:40
================================================================================

[22:17:40.228] [INFO ] VoxelEngine initialized from Desktop platform with VoxelGames runtime.
[22:17:40.239] [INFO ] [Game:40] Game.A was called!
[22:17:40.239] [INFO ] [Program:38] Creating engine
[22:17:40.240] [INFO ] [TestRuntimeContext:21] TestRuntimeContext created
[22:17:40.242] [INFO ] [Heartbeat:55] Frame rate limit disabled (unlimited FPS)
[22:17:40.242] [INFO ] [Program:45] Starting engine...
[22:17:40.243] [LINE ] ================================================================================
[22:17:40.243] [INFO ] [Engine:26] Starting engine runtime...
[22:17:40.246] [INFO ] [DesktopWindow:26] Creating window: 'Voxel Engine' (800x600)
[22:17:40.328] [INFO ] [DesktopWindow:40] Desktop window created successfully.
[22:17:40.332] [EXTRAINFO] [ServiceContainer:22] [ServiceContainer] Registering service VoxelEngine.Graphics.GraphicsContext
[22:17:40.619] [INFO ] [Engine:64] Post init...
[22:17:40.619] [INFO ] [TestRuntimeContext:32] TestRuntimeContext Initialized
[22:17:40.621] [EXTRAINFO] [ServiceContainer:22] [ServiceContainer] Registering service VoxelEngine.Core.CamerasRegistries
[22:17:40.624] [EXTRAINFO] [ServiceContainer:22] [ServiceContainer] Registering service VoxelEngine.Client.Rendering.RenderManager
[22:17:40.625] [INFO ] [LauncherLayer:17] LauncherLayer.Initialize was called!
[22:17:40.625] [INFO ] [GameLoader:17] Loading game from C:\Users\Dmitrist10\Desktop\VoxelGames\Source\Project_08_VE\Source\Resources\Games\Game_01\Main\bin\net11.0\Game_01.dll
[22:17:40.693] [INFO ] [Game:19] Game.OnInitialize was called!
[22:17:40.694] [INFO ] [Game:25] Game.StartMatch was called!
[22:17:40.694] [EXTRAINFO] [UniverseManager:13] A new Universe was created
[22:17:40.713] [EXTRAINFO] [Universe.API:13] A new Scene was created
[22:17:40.716] [INFO ] [ClientHost:26] Scene loaded
[22:17:40.724] [DEBUG] [GameSetup:13] GameSetup.SetUp was called!
[22:17:40.771] [INFO ] [GameLayer:17] GameLayer.Initialize was called!
[22:17:40.772] [EXTRAINFO] [Heartbeat:62] Starting Heartbeat
[22:17:54.292] [INFO ] [DesktopWindow:53] Desktop window closing...
[22:17:54.293] [EXTRAINFO] [Heartbeat:111] Heartbeat Stopped
[22:17:54.293] [INFO ] [Engine:36] Application terminated.
[22:17:54.293] [LINE ] ================================================================================
[22:17:54.293] [INFO ] [Program:64] Application Completed.
Exiting with code 0

================================================================================
Engine Log - Ended at 2026-03-04 22:17:54
================================================================================
