================================================================================
Engine Log - Started at 2026-03-08 09:57:47
================================================================================

[09:57:47.709] [INFO ] VoxelEngine initialized from Desktop platform with VoxelGames runtime.
[09:57:47.720] [INFO ] [Game:40] Game.A was called!
[09:57:47.720] [INFO ] [Program:38] Creating engine
[09:57:47.723] [INFO ] [TestRuntimeContext:21] TestRuntimeContext created
[09:57:47.725] [INFO ] [Heartbeat:55] Frame rate limit disabled (unlimited FPS)
[09:57:47.725] [INFO ] [Program:45] Starting engine...
[09:57:47.726] [LINE ] ================================================================================
[09:57:47.726] [INFO ] [Engine:27] Starting engine runtime...
[09:57:47.794] [INFO ] [DesktopWindow:26] Creating window: 'Voxel Engine' (800x600)
[09:57:47.879] [INFO ] [DesktopWindow:40] Desktop window created successfully.
[09:57:47.884] [EXTRAINFO] [ServiceContainer:22] [ServiceContainer] Registering service VoxelEngine.Graphics.GraphicsContext
[09:57:48.163] [EXTRAINFO] [ServiceContainer:22] [ServiceContainer] Registering service VoxelEngine.IO.FileManager
[09:57:48.165] [EXTRAINFO] [ServiceContainer:22] [ServiceContainer] Registering service VoxelEngine.Core.AssetsManager
[09:57:48.165] [INFO ] [Engine:74] Post init...
[09:57:48.166] [INFO ] [TestRuntimeContext:32] TestRuntimeContext Initialized
[09:57:48.167] [EXTRAINFO] [ServiceContainer:22] [ServiceContainer] Registering service VoxelEngine.Core.CamerasRegistries
[09:57:48.169] [EXTRAINFO] [ServiceContainer:22] [ServiceContainer] Registering service VoxelEngine.Graphics.Rendering.RenderManager
[09:57:48.170] [INFO ] [LauncherLayer:17] LauncherLayer.Initialize was called!
[09:57:48.171] [INFO ] [GameLoader:19] Loading game from C:\Users\Dmitrist10\Desktop\VoxelGames\Source\Project_08_VE\Source\Resources\Games\Game_01\Main\bin\net11.0\Game_01.dll
[09:57:48.229] [INFO ] [Game:19] Game.OnInitialize was called!
[09:57:48.229] [INFO ] [Game:25] Game.StartMatch was called!
[09:57:48.230] [EXTRAINFO] [UniverseManager:13] A new Universe was created
[09:57:48.245] [EXTRAINFO] [Universe.API:13] A new Scene was created
[09:57:48.246] [INFO ] [ClientHost:26] Scene loaded
[09:57:48.336] [DEBUG] [GameSetup:14] GameSetup.SetUp was called!
[09:57:48.594] [INFO ] [GameLayer:17] GameLayer.Initialize was called!
[09:57:48.595] [EXTRAINFO] [Heartbeat:62] Starting Heartbeat
[09:57:48.643] [INFO ] [ChunksStreamer:64] Chunk not found
[09:57:48.650] [INFO ] [ChunksStreamer:68] hfrjhir
[09:57:48.651] [INFO ] [ChunksStreamer:64] Chunk not found
[09:57:48.652] [INFO ] [ChunksStreamer:68] hfrjhir
[09:57:48.652] [INFO ] [ChunksStreamer:64] Chunk not found
[09:57:48.653] [INFO ] [ChunksStreamer:68] hfrjhir
[09:57:48.653] [INFO ] [ChunksStreamer:64] Chunk not found
[09:57:48.653] [INFO ] [ChunksStreamer:68] hfrjhir
[09:57:48.654] [INFO ] [ChunksStreamer:64] Chunk not found
[09:57:48.654] [INFO ] [ChunksStreamer:68] hfrjhir
[09:57:48.654] [INFO ] [ChunksStreamer:64] Chunk not found
[09:57:48.654] [INFO ] [ChunksStreamer:68] hfrjhir
[09:57:48.655] [INFO ] [ChunksStreamer:64] Chunk not found
[09:57:48.655] [INFO ] [ChunksStreamer:68] hfrjhir
[09:57:48.655] [INFO ] [ChunksStreamer:64] Chunk not found
[09:57:48.655] [INFO ] [ChunksStreamer:68] hfrjhir
[09:57:48.656] [INFO ] [ChunksStreamer:64] Chunk not found
[09:57:48.656] [INFO ] [ChunksStreamer:68] hfrjhir
[09:57:48.656] [INFO ] [ChunksStreamer:64] Chunk not found
[09:57:48.660] [INFO ] [ChunksStreamer:68] hfrjhir
[09:57:48.660] [INFO ] [ChunksStreamer:64] Chunk not found
[09:57:48.663] [INFO ] [ChunksStreamer:68] hfrjhir
[09:57:48.664] [INFO ] [ChunksStreamer:64] Chunk not found
[09:57:48.667] [INFO ] [ChunksStreamer:68] hfrjhir
[09:57:48.667] [INFO ] [ChunksStreamer:64] Chunk not found
[09:57:48.671] [INFO ] [ChunksStreamer:68] hfrjhir
[09:57:48.672] [INFO ] [ChunksStreamer:64] Chunk not found
[09:57:48.675] [INFO ] [ChunksStreamer:68] hfrjhir
[09:57:48.676] [INFO ] [ChunksStreamer:64] Chunk not found
[09:57:48.678] [INFO ] [ChunksStreamer:68] hfrjhir
[09:57:48.679] [INFO ] [ChunksStreamer:64] Chunk not found
[09:57:48.682] [INFO ] [ChunksStreamer:68] hfrjhir
[09:57:48.682] [INFO ] [ChunksStreamer:64] Chunk not found
[09:57:48.685] [INFO ] [ChunksStreamer:68] hfrjhir
[09:57:48.685] [INFO ] [ChunksStreamer:64] Chunk not found
[09:57:48.689] [INFO ] [ChunksStreamer:68] hfrjhir
[09:57:48.689] [INFO ] [ChunksStreamer:64] Chunk not found
[09:57:48.692] [INFO ] [ChunksStreamer:68] hfrjhir
[09:57:48.692] [INFO ] [ChunksStreamer:64] Chunk not found
[09:57:48.697] [INFO ] [ChunksStreamer:68] hfrjhir
[09:57:48.697] [INFO ] [ChunksStreamer:64] Chunk not found
[09:57:48.701] [INFO ] [ChunksStreamer:68] hfrjhir
[09:57:48.701] [INFO ] [ChunksStreamer:64] Chunk not found
[09:57:48.704] [INFO ] [ChunksStreamer:68] hfrjhir
[09:57:48.705] [INFO ] [ChunksStreamer:64] Chunk not found
[09:57:48.705] [INFO ] [ChunksStreamer:68] hfrjhir
[09:57:48.706] [INFO ] [ChunksStreamer:64] Chunk not found
[09:57:48.706] [INFO ] [ChunksStreamer:68] hfrjhir
[09:57:48.706] [INFO ] [ChunksStreamer:64] Chunk not found
[09:57:48.707] [INFO ] [ChunksStreamer:68] hfrjhir
[09:57:48.707] [INFO ] [ChunksStreamer:64] Chunk not found
[09:57:48.707] [INFO ] [ChunksStreamer:68] hfrjhir
[09:57:48.708] [INFO ] [ChunksStreamer:64] Chunk not found
[09:57:48.708] [INFO ] [ChunksStreamer:68] hfrjhir
[09:57:48.708] [INFO ] [ChunksStreamer:64] Chunk not found
[09:57:48.709] [INFO ] [ChunksStreamer:68] hfrjhir
[09:57:48.709] [INFO ] [ChunksStreamer:64] Chunk not found
[09:57:48.709] [INFO ] [ChunksStreamer:68] hfrjhir
[09:57:48.709] [INFO ] [ChunksStreamer:64] Chunk not found
[09:57:48.710] [INFO ] [ChunksStreamer:68] hfrjhir
[09:57:48.710] [INFO ] [ChunksStreamer:64] Chunk not found
[09:57:48.710] [INFO ] [ChunksStreamer:68] hfrjhir
[09:57:48.710] [INFO ] [ChunksStreamer:64] Chunk not found
[09:57:48.711] [INFO ] [ChunksStreamer:68] hfrjhir
[09:57:48.711] [INFO ] [ChunksStreamer:64] Chunk not found
[09:57:48.715] [INFO ] [ChunksStreamer:68] hfrjhir
[09:57:48.715] [INFO ] [ChunksStreamer:64] Chunk not found
[09:57:48.719] [INFO ] [ChunksStreamer:68] hfrjhir
[09:57:48.719] [INFO ] [ChunksStreamer:64] Chunk not found
[09:57:48.723] [INFO ] [ChunksStreamer:68] hfrjhir
[09:57:48.724] [INFO ] [ChunksStreamer:64] Chunk not found
[09:57:48.729] [INFO ] [ChunksStreamer:68] hfrjhir
[09:57:48.729] [INFO ] [ChunksStreamer:64] Chunk not found
[09:57:48.732] [INFO ] [ChunksStreamer:68] hfrjhir
[09:57:48.733] [INFO ] [ChunksStreamer:64] Chunk not found
[09:57:48.736] [INFO ] [ChunksStreamer:68] hfrjhir
[09:57:48.737] [INFO ] [ChunksStreamer:64] Chunk not found
[09:57:48.741] [INFO ] [ChunksStreamer:68] hfrjhir
[09:57:48.741] [INFO ] [ChunksStreamer:64] Chunk not found
[09:57:48.745] [INFO ] [ChunksStreamer:68] hfrjhir
[09:57:48.745] [INFO ] [ChunksStreamer:64] Chunk not found
[09:57:48.748] [INFO ] [ChunksStreamer:68] hfrjhir
[09:57:48.748] [INFO ] [ChunksStreamer:64] Chunk not found
[09:57:48.752] [INFO ] [ChunksStreamer:68] hfrjhir
[09:57:48.752] [INFO ] [ChunksStreamer:64] Chunk not found
[09:57:48.755] [INFO ] [ChunksStreamer:68] hfrjhir
[09:57:48.756] [INFO ] [ChunksStreamer:64] Chunk not found
[09:57:48.758] [INFO ] [ChunksStreamer:68] hfrjhir
[09:57:48.759] [INFO ] [ChunksStreamer:64] Chunk not found
[09:57:48.762] [INFO ] [ChunksStreamer:68] hfrjhir
[09:57:48.762] [INFO ] [ChunksStreamer:64] Chunk not found
[09:57:48.765] [INFO ] [ChunksStreamer:68] hfrjhir
[09:57:48.765] [INFO ] [ChunksStreamer:64] Chunk not found
[09:57:48.768] [INFO ] [ChunksStreamer:68] hfrjhir
[09:57:48.768] [INFO ] [ChunksStreamer:64] Chunk not found
[09:57:48.768] [INFO ] [ChunksStreamer:68] hfrjhir
[09:57:48.769] [INFO ] [ChunksStreamer:64] Chunk not found
[09:57:48.769] [INFO ] [ChunksStreamer:68] hfrjhir
[09:57:48.769] [INFO ] [ChunksStreamer:64] Chunk not found
[09:57:48.770] [INFO ] [ChunksStreamer:68] hfrjhir
[09:57:48.770] [INFO ] [ChunksStreamer:64] Chunk not found
[09:57:48.770] [INFO ] [ChunksStreamer:68] hfrjhir
[09:57:48.770] [INFO ] [ChunksStreamer:64] Chunk not found
[09:57:48.771] [INFO ] [ChunksStreamer:68] hfrjhir
[09:57:48.771] [INFO ] [ChunksStreamer:64] Chunk not found
[09:57:48.771] [INFO ] [ChunksStreamer:68] hfrjhir
[09:57:48.771] [INFO ] [ChunksStreamer:64] Chunk not found
[09:57:48.772] [INFO ] [ChunksStreamer:68] hfrjhir
[09:57:48.772] [INFO ] [ChunksStreamer:64] Chunk not found
[09:57:48.772] [INFO ] [ChunksStreamer:68] hfrjhir
[09:57:48.772] [INFO ] [ChunksStreamer:64] Chunk not found
[09:57:48.773] [INFO ] [ChunksStreamer:68] hfrjhir
[09:57:48.773] [INFO ] [ChunksStreamer:64] Chunk not found
[09:57:48.773] [INFO ] [ChunksStreamer:68] hfrjhir
[09:57:48.774] [INFO ] [ChunksStreamer:64] Chunk not found
[09:57:48.774] [INFO ] [ChunksStreamer:68] hfrjhir
[09:57:48.774] [INFO ] [ChunksStreamer:64] Chunk not found
[09:57:48.777] [INFO ] [ChunksStreamer:68] hfrjhir
[09:57:48.777] [INFO ] [ChunksStreamer:64] Chunk not found
[09:57:48.780] [INFO ] [ChunksStreamer:68] hfrjhir
[09:57:48.781] [INFO ] [ChunksStreamer:64] Chunk not found
[09:57:48.784] [INFO ] [ChunksStreamer:68] hfrjhir
[09:57:48.784] [INFO ] [ChunksStreamer:64] Chunk not found
[09:57:48.787] [INFO ] [ChunksStreamer:68] hfrjhir
[09:57:48.787] [INFO ] [ChunksStreamer:64] Chunk not found
[09:57:48.790] [INFO ] [ChunksStreamer:68] hfrjhir
[09:57:48.790] [INFO ] [ChunksStreamer:64] Chunk not found
[09:57:48.793] [INFO ] [ChunksStreamer:68] hfrjhir
[09:57:48.794] [INFO ] [ChunksStreamer:64] Chunk not found
[09:57:48.797] [INFO ] [ChunksStreamer:68] hfrjhir
[09:57:48.797] [INFO ] [ChunksStreamer:64] Chunk not found
[09:57:48.800] [INFO ] [ChunksStreamer:68] hfrjhir
[09:57:48.800] [INFO ] [ChunksStreamer:64] Chunk not found
[09:57:48.803] [INFO ] [ChunksStreamer:68] hfrjhir
[09:57:48.803] [INFO ] [ChunksStreamer:64] Chunk not found
[09:57:48.806] [INFO ] [ChunksStreamer:68] hfrjhir
[09:57:48.806] [INFO ] [ChunksStreamer:64] Chunk not found
[09:57:48.809] [INFO ] [ChunksStreamer:68] hfrjhir
[09:57:48.809] [INFO ] [ChunksStreamer:64] Chunk not found
[09:57:48.813] [INFO ] [ChunksStreamer:68] hfrjhir
[09:57:48.813] [INFO ] [ChunksStreamer:64] Chunk not found
[09:57:48.815] [INFO ] [ChunksStreamer:68] hfrjhir
[09:57:48.816] [INFO ] [ChunksStreamer:64] Chunk not found
[09:57:48.818] [INFO ] [ChunksStreamer:68] hfrjhir
[09:57:48.819] [INFO ] [ChunksStreamer:64] Chunk not found
[09:57:48.821] [INFO ] [ChunksStreamer:68] hfrjhir
[09:57:48.822] [INFO ] [ChunksStreamer:64] Chunk not found
[09:57:48.824] [INFO ] [ChunksStreamer:68] hfrjhir
[09:57:48.825] [INFO ] [ChunksStreamer:64] Chunk not found
[09:57:48.828] [INFO ] [ChunksStreamer:68] hfrjhir
[09:57:48.828] [INFO ] [ChunksStreamer:64] Chunk not found
[09:57:48.831] [INFO ] [ChunksStreamer:68] hfrjhir
[09:57:48.831] [INFO ] [ChunksStreamer:64] Chunk not found
[09:57:48.832] [INFO ] [ChunksStreamer:68] hfrjhir
[09:57:48.832] [INFO ] [ChunksStreamer:64] Chunk not found
[09:57:48.833] [INFO ] [ChunksStreamer:68] hfrjhir
[09:57:48.833] [INFO ] [ChunksStreamer:64] Chunk not found
[09:57:48.833] [INFO ] [ChunksStreamer:68] hfrjhir
[09:57:48.833] [INFO ] [ChunksStreamer:64] Chunk not found
[09:57:48.834] [INFO ] [ChunksStreamer:68] hfrjhir
[09:57:48.834] [INFO ] [ChunksStreamer:64] Chunk not found
[09:57:48.834] [INFO ] [ChunksStreamer:68] hfrjhir
[09:57:48.834] [INFO ] [ChunksStreamer:64] Chunk not found
[09:57:48.835] [INFO ] [ChunksStreamer:68] hfrjhir
[09:57:48.835] [INFO ] [ChunksStreamer:64] Chunk not found
[09:57:48.835] [INFO ] [ChunksStreamer:68] hfrjhir
[09:57:48.836] [INFO ] [ChunksStreamer:64] Chunk not found
[09:57:48.836] [INFO ] [ChunksStreamer:68] hfrjhir
[09:57:48.836] [INFO ] [ChunksStreamer:64] Chunk not found
[09:57:48.836] [INFO ] [ChunksStreamer:68] hfrjhir
[09:57:48.837] [INFO ] [ChunksStreamer:64] Chunk not found
[09:57:48.837] [INFO ] [ChunksStreamer:68] hfrjhir
[09:57:48.837] [INFO ] [ChunksStreamer:64] Chunk not found
[09:57:48.840] [INFO ] [ChunksStreamer:68] hfrjhir
[09:57:48.841] [INFO ] [ChunksStreamer:64] Chunk not found
[09:57:48.844] [INFO ] [ChunksStreamer:68] hfrjhir
[09:57:48.844] [INFO ] [ChunksStreamer:64] Chunk not found
[09:57:48.848] [INFO ] [ChunksStreamer:68] hfrjhir
[09:57:48.849] [INFO ] [ChunksStreamer:64] Chunk not found
[09:57:48.852] [INFO ] [ChunksStreamer:68] hfrjhir
[09:57:48.852] [INFO ] [ChunksStreamer:64] Chunk not found
[09:57:48.855] [INFO ] [ChunksStreamer:68] hfrjhir
[09:57:48.856] [INFO ] [ChunksStreamer:64] Chunk not found
[09:57:48.858] [INFO ] [ChunksStreamer:68] hfrjhir
[09:57:48.858] [INFO ] [ChunksStreamer:64] Chunk not found
[09:57:48.861] [INFO ] [ChunksStreamer:68] hfrjhir
[09:57:48.861] [INFO ] [ChunksStreamer:64] Chunk not found
[09:57:48.864] [INFO ] [ChunksStreamer:68] hfrjhir
[09:57:48.864] [INFO ] [ChunksStreamer:64] Chunk not found
[09:57:48.867] [INFO ] [ChunksStreamer:68] hfrjhir
[09:57:48.867] [INFO ] [ChunksStreamer:64] Chunk not found
[09:57:48.871] [INFO ] [ChunksStreamer:68] hfrjhir
[09:57:48.871] [INFO ] [ChunksStreamer:64] Chunk not found
[09:57:48.874] [INFO ] [ChunksStreamer:68] hfrjhir
[09:57:48.874] [INFO ] [ChunksStreamer:64] Chunk not found
[09:57:48.877] [INFO ] [ChunksStreamer:68] hfrjhir
[09:57:48.877] [INFO ] [ChunksStreamer:64] Chunk not found
[09:57:48.879] [INFO ] [ChunksStreamer:68] hfrjhir
[09:57:48.880] [INFO ] [ChunksStreamer:64] Chunk not found
[09:57:48.882] [INFO ] [ChunksStreamer:68] hfrjhir
[09:57:48.883] [INFO ] [ChunksStreamer:64] Chunk not found
[09:57:48.885] [INFO ] [ChunksStreamer:68] hfrjhir
[09:57:48.885] [INFO ] [ChunksStreamer:64] Chunk not found
[09:57:48.885] [INFO ] [ChunksStreamer:68] hfrjhir
[09:57:48.886] [INFO ] [ChunksStreamer:64] Chunk not found
[09:57:48.886] [INFO ] [ChunksStreamer:68] hfrjhir
[09:57:48.886] [INFO ] [ChunksStreamer:64] Chunk not found
[09:57:48.887] [INFO ] [ChunksStreamer:68] hfrjhir
[09:57:48.887] [INFO ] [ChunksStreamer:64] Chunk not found
[09:57:48.887] [INFO ] [ChunksStreamer:68] hfrjhir
[09:57:48.888] [INFO ] [ChunksStreamer:64] Chunk not found
[09:57:48.888] [INFO ] [ChunksStreamer:68] hfrjhir
[09:57:48.888] [INFO ] [ChunksStreamer:64] Chunk not found
[09:57:48.889] [INFO ] [ChunksStreamer:68] hfrjhir
[09:57:48.889] [INFO ] [ChunksStreamer:64] Chunk not found
[09:57:48.889] [INFO ] [ChunksStreamer:68] hfrjhir
[09:57:48.889] [INFO ] [ChunksStreamer:64] Chunk not found
[09:57:48.890] [INFO ] [ChunksStreamer:68] hfrjhir
[09:57:48.890] [INFO ] [ChunksStreamer:64] Chunk not found
[09:57:48.892] [INFO ] [ChunksStreamer:68] hfrjhir
[09:57:48.893] [INFO ] [ChunksStreamer:64] Chunk not found
[09:57:48.895] [INFO ] [ChunksStreamer:68] hfrjhir
[09:57:48.896] [INFO ] [ChunksStreamer:64] Chunk not found
[09:57:48.898] [INFO ] [ChunksStreamer:68] hfrjhir
[09:57:48.898] [INFO ] [ChunksStreamer:64] Chunk not found
[09:57:48.901] [INFO ] [ChunksStreamer:68] hfrjhir
[09:57:48.901] [INFO ] [ChunksStreamer:64] Chunk not found
[09:57:48.905] [INFO ] [ChunksStreamer:68] hfrjhir
[09:57:48.905] [INFO ] [ChunksStreamer:64] Chunk not found
[09:57:48.909] [INFO ] [ChunksStreamer:68] hfrjhir
[09:57:48.909] [INFO ] [ChunksStreamer:64] Chunk not found
[09:57:48.912] [INFO ] [ChunksStreamer:68] hfrjhir
[09:57:48.912] [INFO ] [ChunksStreamer:64] Chunk not found
[09:57:48.915] [INFO ] [ChunksStreamer:68] hfrjhir
[09:57:48.915] [INFO ] [ChunksStreamer:64] Chunk not found
[09:57:48.919] [INFO ] [ChunksStreamer:68] hfrjhir
[09:57:48.919] [INFO ] [ChunksStreamer:64] Chunk not found
[09:57:48.921] [INFO ] [ChunksStreamer:68] hfrjhir
[09:57:48.922] [INFO ] [ChunksStreamer:64] Chunk not found
[09:57:48.924] [INFO ] [ChunksStreamer:68] hfrjhir
[09:57:48.925] [INFO ] [ChunksStreamer:64] Chunk not found
[09:57:48.927] [INFO ] [ChunksStreamer:68] hfrjhir
[09:57:48.928] [INFO ] [ChunksStreamer:64] Chunk not found
[09:57:48.931] [INFO ] [ChunksStreamer:68] hfrjhir
[09:57:48.931] [INFO ] [ChunksStreamer:64] Chunk not found
[09:57:48.934] [INFO ] [ChunksStreamer:68] hfrjhir
[09:57:54.094] [INFO ] [DesktopWindow:53] Desktop window closing...
[09:57:54.095] [EXTRAINFO] [Heartbeat:111] Heartbeat Stopped
[09:57:54.095] [INFO ] [Engine:37] Application terminated.
[09:57:54.095] [LINE ] ================================================================================
[09:57:54.095] [INFO ] [Program:64] Application Completed.
Exiting with code 0

================================================================================
Engine Log - Ended at 2026-03-08 09:57:54
================================================================================
