================================================================================
Engine Log - Started at 2026-03-04 17:01:16
================================================================================

[17:01:16.441] [INFO ] VoxelEngine initialized from Desktop platform with VoxelGames runtime.
[17:01:16.454] [INFO ] [Program:37] Creating engine
[17:01:16.505] [INFO ] [TestRuntimeContext:16] TestRuntimeContext created
[17:01:16.506] [INFO ] [Heartbeat:55] Frame rate limit disabled (unlimited FPS)
[17:01:16.506] [INFO ] [Program:44] Starting engine...
[17:01:16.506] [LINE ] ================================================================================
[17:01:16.507] [INFO ] [Engine:26] Starting engine runtime...
[17:01:16.561] [INFO ] [DesktopWindow:26] Creating window: 'Voxel Engine' (800x600)
[17:01:16.666] [INFO ] [DesktopWindow:40] Desktop window created successfully.
[17:01:16.671] [EXTRAINFO] [ServiceContainer:22] [ServiceContainer] Registering service VoxelEngine.Graphics.GraphicsContext
[17:01:17.022] [INFO ] [Engine:53] Post init...
[17:01:17.022] [INFO ] [TestRuntimeContext:24] TestRuntimeContext Initialized
[17:01:17.024] [EXTRAINFO] [ServiceContainer:22] [ServiceContainer] Registering service VoxelEngine.Core.CamerasRegistries
[17:01:17.027] [EXTRAINFO] [Heartbeat:62] Starting Heartbeat
[17:01:21.546] [INFO ] [DesktopWindow:53] Desktop window closing...
[17:01:21.546] [EXTRAINFO] [Heartbeat:111] Heartbeat Stopped
[17:01:21.547] [INFO ] [Engine:36] Application terminated.
[17:01:21.547] [LINE ] ================================================================================
[17:01:21.547] [INFO ] [Program:63] Application Completed.
Exiting with code 0

================================================================================
Engine Log - Ended at 2026-03-04 17:01:21
================================================================================
