================================================================================
Engine Log - Started at 2026-03-06 18:03:11
================================================================================

[18:03:11.438] [INFO ] VoxelEngine initialized from Desktop platform with VoxelGames runtime.
[18:03:11.455] [INFO ] [Game:40] Game.A was called!
[18:03:11.455] [INFO ] [Program:38] Creating engine
[18:03:11.456] [INFO ] [Program:95] Using Veldrid graphics backend (default). Pass '--renderer-opengl' to override.
[18:03:11.457] [INFO ] [TestRuntimeContext:21] TestRuntimeContext created
[18:03:11.460] [INFO ] [Heartbeat:55] Frame rate limit disabled (unlimited FPS)
[18:03:11.460] [INFO ] [Program:45] Starting engine...
[18:03:11.461] [LINE ] ================================================================================
[18:03:11.461] [INFO ] [Engine:27] Starting engine runtime...
[18:03:11.466] [INFO ] [DesktopWindow:26] Creating window: 'Voxel Engine [Veldrid]' (800x600)
[18:03:11.587] [INFO ] [DesktopWindow:40] Desktop window created successfully.
[18:03:11.591] [EXTRAINFO] [ServiceContainer:22] [ServiceContainer] Registering service VoxelEngine.Graphics.GraphicsContext
[18:03:12.299] [INFO ] [VEL_GraphicsDevice:43] [Veldrid] Initialising graphics device...
[18:03:12.596] [INFO ] [VEL_GraphicsDevice:64] [Veldrid] Graphics device ready.
[18:03:12.612] [EXTRAINFO] [ServiceContainer:22] [ServiceContainer] Registering service VoxelEngine.Core.AssetsManager
[18:03:12.612] [INFO ] [Engine:70] Post init...
[18:03:12.613] [INFO ] [TestRuntimeContext:32] TestRuntimeContext Initialized
[18:03:12.615] [EXTRAINFO] [ServiceContainer:22] [ServiceContainer] Registering service VoxelEngine.Core.CamerasRegistries
[18:03:12.620] [EXTRAINFO] [ServiceContainer:22] [ServiceContainer] Registering service VoxelEngine.Graphics.Rendering.RenderManager
[18:03:12.621] [INFO ] [LauncherLayer:17] LauncherLayer.Initialize was called!
[18:03:12.622] [INFO ] [GameLoader:17] Loading game from C:\Users\Dmitrist10\Desktop\VoxelGames\Source\Project_08_VE\Source\Resources\Games\Game_01\Main\bin\net11.0\Game_01.dll
[18:03:12.625] [INFO ] [Game:19] Game.OnInitialize was called!
[18:03:12.626] [INFO ] [Game:25] Game.StartMatch was called!
[18:03:12.627] [EXTRAINFO] [UniverseManager:13] A new Universe was created
[18:03:12.646] [EXTRAINFO] [Universe.API:13] A new Scene was created
[18:03:12.647] [INFO ] [ClientHost:26] Scene loaded
[18:03:12.651] [DEBUG] [GameSetup:14] GameSetup.SetUp was called!
[18:03:12.996] [ERROR] [TestRuntimeContext:59] Loading Game Failed! Compilation failed: <veldrid-spirv-input>:6: error: 'location' : SPIR-V requires location for user input/output
 stacktrace:   at Veldrid.SPIRV.SpirvCompilation.CompileGlslToSpirv(UInt32 sourceLength, Byte* sourceTextPtr, String fileName, ShaderStages stage, Boolean debug, UInt32 macroCount, NativeMacroDefinition* macros)
   at Veldrid.SPIRV.SpirvCompilation.CompileVertexFragment(Byte[] vsBytes, Byte[] fsBytes, CrossCompileTarget target, CrossCompileOptions options)
   at Veldrid.SPIRV.ResourceFactoryExtensions.CreateFromSpirv(ResourceFactory factory, ShaderDescription vertexShaderDescription, ShaderDescription fragmentShaderDescription, CrossCompileOptions options)
   at Veldrid.SPIRV.ResourceFactoryExtensions.CreateFromSpirv(ResourceFactory factory, ShaderDescription vertexShaderDescription, ShaderDescription fragmentShaderDescription)
   at VoxelEngine.Graphics.Veldrid.VEL_GraphicsFactory.CreatePipeline(PipelineDescription& description) in C:\Users\Dmitrist10\Desktop\VoxelGames\Source\Project_08_VE\Source\VoxelEngine\Engine\Modules\Graphics\Graphics.Veldrid\Source\VEL_GraphicsFactory.cs:line 85
   at VoxelEngine.Graphics.Veldrid.VEL_GraphicsFactory.VoxelEngine.Graphics.IGraphicsFactory.CreatePipeline(PipelineDescription& description)
   at CustomGame.BuildInAssets.GetPBRMaterial() in C:\Users\Dmitrist10\Desktop\VoxelGames\Source\Project_08_VE\Source\Resources\Games\Game_01\Main\Source\GameSetup.cs:line 59
   at CustomGame.GameSetup.SetUp(Scene scene) in C:\Users\Dmitrist10\Desktop\VoxelGames\Source\Project_08_VE\Source\Resources\Games\Game_01\Main\Source\GameSetup.cs:line 18
   at CustomGame.Game.StartMatch() in C:\Users\Dmitrist10\Desktop\VoxelGames\Source\Project_08_VE\Source\Resources\Games\Game_01\Main\Source\Game.cs:line 29
   at VoxelEngine.Runtime.Contexts.TestingContext.TestRuntimeContext.LoadGame(String path) in C:\Users\Dmitrist10\Desktop\VoxelGames\Source\Project_08_VE\Source\VoxelEngine\Runtime\Contexts\TestingContext\Source\TestRuntimeContext.cs:line 55
[18:03:12.997] [INFO ] [GameLayer:17] GameLayer.Initialize was called!
[18:03:12.997] [EXTRAINFO] [Heartbeat:62] Starting Heartbeat
[18:04:39.353] [INFO ] [DesktopWindow:53] Desktop window closing...
[18:04:39.354] [EXTRAINFO] [Heartbeat:111] Heartbeat Stopped
[18:04:39.354] [INFO ] [Engine:37] Application terminated.
[18:04:39.354] [LINE ] ================================================================================
[18:04:39.354] [INFO ] [Program:64] Application Completed.
Exiting with code 0

================================================================================
Engine Log - Ended at 2026-03-06 18:04:39
================================================================================
