================================================================================
Engine Log - Started at 2026-03-08 17:45:50
================================================================================

[17:45:50.109] [INFO ] VoxelEngine initialized from Desktop platform with VoxelGames runtime.
[17:45:50.120] [INFO ] [Game:40] Game.A was called!
[17:45:50.120] [INFO ] [Program:38] Creating engine
[17:45:50.123] [INFO ] [TestRuntimeContext:21] TestRuntimeContext created
[17:45:50.125] [INFO ] [Heartbeat:55] Frame rate limit disabled (unlimited FPS)
[17:45:50.125] [INFO ] [Program:45] Starting engine...
[17:45:50.126] [LINE ] ================================================================================
[17:45:50.126] [INFO ] [Engine:29] Starting engine runtime...
[17:45:50.188] [INFO ] [DesktopWindow:26] Creating window: 'Voxel Engine' (800x600)
[17:45:50.273] [INFO ] [DesktopWindow:40] Desktop window created successfully.
[17:45:50.277] [EXTRAINFO] [ServiceContainer:22] [ServiceContainer] Registering service VoxelEngine.Graphics.GraphicsContext
[17:45:50.393] [EXTRAINFO] [ServiceContainer:22] [ServiceContainer] Registering service VoxelEngine.Core.Runtime.ModulesManager
[17:45:50.904] [EXTRAINFO] [ServiceContainer:22] [ServiceContainer] Registering service VoxelEngine.IO.FileManager
[17:45:50.906] [EXTRAINFO] [ServiceContainer:22] [ServiceContainer] Registering service VoxelEngine.Core.AssetsManager
[17:45:50.907] [INFO ] [Engine:88] Post init...
[17:45:50.907] [INFO ] [TestRuntimeContext:32] TestRuntimeContext Initialized
[17:45:50.909] [EXTRAINFO] [ServiceContainer:22] [ServiceContainer] Registering service VoxelEngine.Core.CamerasRegistries
[17:45:50.911] [EXTRAINFO] [ServiceContainer:22] [ServiceContainer] Registering service VoxelEngine.Graphics.Rendering.RenderManager
[17:45:50.912] [INFO ] [LauncherLayer:17] LauncherLayer.Initialize was called!
[17:45:50.913] [INFO ] [GameLoader:19] Loading game from C:\Users\Dmitrist10\Desktop\VoxelGames\Source\Project_08_VE\Source\Resources\Games\Game_01\Main\bin\net11.0\Game_01.dll
[17:45:50.976] [INFO ] [Game:19] Game.OnInitialize was called!
[17:45:50.977] [INFO ] [Game:25] Game.StartMatch was called!
[17:45:50.978] [EXTRAINFO] [UniverseManager:13] A new Universe was created
[17:45:50.992] [EXTRAINFO] [Universe.API:13] A new Scene was created
[17:45:50.992] [INFO ] [ClientHost:26] Scene loaded
[17:45:51.076] [DEBUG] [GameSetup:14] GameSetup.SetUp was called!
[17:45:51.243] [INFO ] [GameLayer:17] GameLayer.Initialize was called!
[17:45:51.244] [EXTRAINFO] [Heartbeat:62] Starting Heartbeat
