================================================================================
Engine Log - Started at 2026-03-07 23:17:23
================================================================================

[23:17:23.807] [INFO ] VoxelEngine initialized from Desktop platform with VoxelGames runtime.
[23:17:23.817] [INFO ] [Game:40] Game.A was called!
[23:17:23.818] [INFO ] [Program:38] Creating engine
[23:17:23.819] [INFO ] [TestRuntimeContext:21] TestRuntimeContext created
[23:17:23.820] [INFO ] [Heartbeat:55] Frame rate limit disabled (unlimited FPS)
[23:17:23.821] [INFO ] [Program:45] Starting engine...
[23:17:23.821] [LINE ] ================================================================================
[23:17:23.821] [INFO ] [Engine:27] Starting engine runtime...
[23:17:23.824] [INFO ] [DesktopWindow:26] Creating window: 'Voxel Engine' (800x600)
[23:17:23.900] [INFO ] [DesktopWindow:40] Desktop window created successfully.
[23:17:23.903] [EXTRAINFO] [ServiceContainer:22] [ServiceContainer] Registering service VoxelEngine.Graphics.GraphicsContext
[23:17:24.167] [EXTRAINFO] [ServiceContainer:22] [ServiceContainer] Registering service VoxelEngine.IO.FileManager
[23:17:24.169] [EXTRAINFO] [ServiceContainer:22] [ServiceContainer] Registering service VoxelEngine.Core.AssetsManager
[23:17:24.169] [INFO ] [Engine:74] Post init...
[23:17:24.170] [INFO ] [TestRuntimeContext:32] TestRuntimeContext Initialized
[23:17:24.172] [EXTRAINFO] [ServiceContainer:22] [ServiceContainer] Registering service VoxelEngine.Core.CamerasRegistries
[23:17:24.174] [EXTRAINFO] [ServiceContainer:22] [ServiceContainer] Registering service VoxelEngine.Graphics.Rendering.RenderManager
[23:17:24.175] [INFO ] [LauncherLayer:17] LauncherLayer.Initialize was called!
[23:17:24.176] [INFO ] [GameLoader:19] Loading game from C:\Users\Dmitrist10\Desktop\VoxelGames\Source\Project_08_VE\Source\Resources\Games\Game_01\Main\bin\net11.0\Game_01.dll
[23:17:24.231] [INFO ] [Game:19] Game.OnInitialize was called!
[23:17:24.232] [INFO ] [Game:25] Game.StartMatch was called!
[23:17:24.232] [EXTRAINFO] [UniverseManager:13] A new Universe was created
[23:17:24.247] [EXTRAINFO] [Universe.API:13] A new Scene was created
[23:17:24.247] [INFO ] [ClientHost:26] Scene loaded
[23:17:24.337] [DEBUG] [GameSetup:14] GameSetup.SetUp was called!
[23:17:24.534] [INFO ] [GameLayer:17] GameLayer.Initialize was called!
[23:17:24.535] [EXTRAINFO] [Heartbeat:62] Starting Heartbeat
[23:17:36.468] [INFO ] [DesktopWindow:53] Desktop window closing...
[23:17:36.469] [EXTRAINFO] [Heartbeat:111] Heartbeat Stopped
[23:17:36.469] [INFO ] [Engine:37] Application terminated.
[23:17:36.469] [LINE ] ================================================================================
[23:17:36.469] [INFO ] [Program:64] Application Completed.
Exiting with code 0

================================================================================
Engine Log - Ended at 2026-03-07 23:17:36
================================================================================
