================================================================================
Engine Log - Started at 2026-03-08 17:40:44
================================================================================

[17:40:44.007] [INFO ] VoxelEngine initialized from Desktop platform with VoxelGames runtime.
[17:40:44.023] [INFO ] [Game:40] Game.A was called!
[17:40:44.024] [INFO ] [Program:38] Creating engine
[17:40:44.026] [INFO ] [TestRuntimeContext:21] TestRuntimeContext created
[17:40:44.029] [INFO ] [Heartbeat:55] Frame rate limit disabled (unlimited FPS)
[17:40:44.029] [INFO ] [Program:45] Starting engine...
[17:40:44.030] [LINE ] ================================================================================
[17:40:44.030] [INFO ] [Engine:29] Starting engine runtime...
[17:40:44.035] [INFO ] [DesktopWindow:26] Creating window: 'Voxel Engine' (800x600)
[17:40:44.135] [INFO ] [DesktopWindow:40] Desktop window created successfully.
[17:40:44.139] [EXTRAINFO] [ServiceContainer:22] [ServiceContainer] Registering service VoxelEngine.Graphics.GraphicsContext
[17:40:44.406] [EXTRAINFO] [ServiceContainer:22] [ServiceContainer] Registering service VoxelEngine.Core.Runtime.ModulesManager
[17:40:45.032] [EXTRAINFO] [ServiceContainer:22] [ServiceContainer] Registering service VoxelEngine.IO.FileManager
[17:40:45.033] [EXTRAINFO] [ServiceContainer:22] [ServiceContainer] Registering service VoxelEngine.Core.AssetsManager
[17:40:45.034] [INFO ] [Engine:88] Post init...
[17:40:45.034] [INFO ] [TestRuntimeContext:32] TestRuntimeContext Initialized
[17:40:45.036] [EXTRAINFO] [ServiceContainer:22] [ServiceContainer] Registering service VoxelEngine.Core.CamerasRegistries
[17:40:45.038] [EXTRAINFO] [ServiceContainer:22] [ServiceContainer] Registering service VoxelEngine.Graphics.Rendering.RenderManager
[17:40:45.039] [INFO ] [LauncherLayer:17] LauncherLayer.Initialize was called!
[17:40:45.040] [INFO ] [GameLoader:19] Loading game from C:\Users\Dmitrist10\Desktop\VoxelGames\Source\Project_08_VE\Source\Resources\Games\Game_01\Main\bin\net11.0\Game_01.dll
[17:40:45.044] [INFO ] [Game:19] Game.OnInitialize was called!
[17:40:45.044] [INFO ] [Game:25] Game.StartMatch was called!
[17:40:45.045] [EXTRAINFO] [UniverseManager:13] A new Universe was created
[17:40:45.061] [EXTRAINFO] [Universe.API:13] A new Scene was created
[17:40:45.061] [INFO ] [ClientHost:26] Scene loaded
[17:40:45.065] [DEBUG] [GameSetup:14] GameSetup.SetUp was called!
[17:40:45.250] [INFO ] [GameLayer:17] GameLayer.Initialize was called!
[17:40:45.251] [EXTRAINFO] [Heartbeat:62] Starting Heartbeat
[17:41:56.491] [INFO ] [DesktopWindow:53] Desktop window closing...
[17:41:56.492] [EXTRAINFO] [Heartbeat:111] Heartbeat Stopped
[17:41:56.492] [INFO ] [Engine:39] Application terminated.
[17:41:56.492] [LINE ] ================================================================================
[17:41:56.492] [INFO ] [Program:64] Application Completed.
Exiting with code 0

================================================================================
Engine Log - Ended at 2026-03-08 17:41:56
================================================================================
