================================================================================
Engine Log - Started at 2026-03-04 22:00:19
================================================================================

[22:00:19.145] [INFO ] VoxelEngine initialized from Desktop platform with VoxelGames runtime.
[22:00:19.157] [INFO ] [Game:40] Game.A was called!
[22:00:19.158] [INFO ] [Program:38] Creating engine
[22:00:19.223] [INFO ] [TestRuntimeContext:21] TestRuntimeContext created
[22:00:19.224] [INFO ] [Heartbeat:55] Frame rate limit disabled (unlimited FPS)
[22:00:19.225] [INFO ] [Program:45] Starting engine...
[22:00:19.226] [LINE ] ================================================================================
[22:00:19.226] [INFO ] [Engine:26] Starting engine runtime...
[22:00:19.230] [INFO ] [DesktopWindow:26] Creating window: 'Voxel Engine' (800x600)
[22:00:19.333] [INFO ] [DesktopWindow:40] Desktop window created successfully.
[22:00:19.337] [EXTRAINFO] [ServiceContainer:22] [ServiceContainer] Registering service VoxelEngine.Graphics.GraphicsContext
[22:00:19.674] [INFO ] [Engine:53] Post init...
[22:00:19.675] [INFO ] [TestRuntimeContext:32] TestRuntimeContext Initialized
[22:00:19.677] [EXTRAINFO] [ServiceContainer:22] [ServiceContainer] Registering service VoxelEngine.Core.CamerasRegistries
[22:00:19.681] [EXTRAINFO] [ServiceContainer:22] [ServiceContainer] Registering service VoxelEngine.Client.Rendering.RenderManager
[22:00:19.684] [INFO ] [LauncherLayer:17] LauncherLayer.Initialize was called!
[22:00:19.685] [INFO ] [GameLoader:17] Loading game from C:\Users\Dmitrist10\Desktop\VoxelGames\Source\Project_08_VE\Source\Resources\Games\Game_01\Main\bin\net11.0\Game_01.dll
[22:00:19.687] [INFO ] [Game:19] Game.OnInitialize was called!
[22:00:19.688] [INFO ] [Game:25] Game.StartMatch was called!
[22:00:19.688] [EXTRAINFO] [UniverseManager:13] A new Universe was created
[22:00:19.721] [EXTRAINFO] [Universe.API:13] A new Scene was created
[22:00:19.722] [INFO ] [ClientHost:26] Scene loaded
[22:00:19.725] [DEBUG] [GameSetup:13] GameSetup.SetUp was called!
[22:00:19.767] [INFO ] [GameLayer:17] GameLayer.Initialize was called!
[22:00:19.768] [EXTRAINFO] [Heartbeat:62] Starting Heartbeat
