================================================================================
Engine Log - Started at 2026-03-03 21:19:31
================================================================================

[21:19:31.292] [INFO ] VoxelEngine initialized from Desktop platform with VoxelGames runtime.
[21:19:31.304] [INFO ] [Program:37] Creating engine
[21:19:31.354] [INFO ] [TestRuntimeContext:16] TestRuntimeContext created
[21:19:31.357] [INFO ] [Heartbeat:55] Frame rate limit disabled (unlimited FPS)
[21:19:31.357] [INFO ] [Program:44] Starting engine...
[21:19:31.358] [LINE ] ================================================================================
[21:19:31.358] [INFO ] [Engine:26] Starting engine runtime...
[21:19:31.363] [INFO ] [DesktopWindow:26] Creating window: 'Voxel Engine' (800x600)
[21:19:31.471] [INFO ] [DesktopWindow:40] Desktop window created successfully.
[21:19:31.476] [EXTRAINFO] [ServiceContainer:22] [ServiceContainer] Registering service VoxelEngine.Graphics.GraphicsContext
[21:19:31.762] [INFO ] [Engine:53] Post init...
[21:19:31.763] [INFO ] [TestRuntimeContext:24] TestRuntimeContext Initialized
[21:19:31.764] [EXTRAINFO] [ServiceContainer:22] [ServiceContainer] Registering service VoxelEngine.Core.CamerasRegistries
[21:19:31.765] [EXTRAINFO] [Heartbeat:62] Starting Heartbeat
[21:19:31.773] [LINE ] ================================================================================
[21:19:31.774] [LINE ] ================================================================================
[21:19:31.774] [ERROR] [Program:53] Exception: Object reference not set to an instance of an object.
[21:19:31.809] [ERROR] [Program:59] Exception Stack Trace:    at VoxelEngine.Client.Rendering.RP_ClearColor.Execute(ReadOnlySpan`1 renderCommands) in C:\Users\Dmitrist10\Desktop\VoxelGames\Source\Project_08_VE\Source\VoxelEngine\Engine\Hosts\Client\Source\Rendering\RenderPasses\RP_ClearColor.cs:line 15
   at VoxelEngine.Client.Rendering.RenderGraph.Execute(ReadOnlySpan`1 renderCommands) in C:\Users\Dmitrist10\Desktop\VoxelGames\Source\Project_08_VE\Source\VoxelEngine\Engine\Hosts\Client\Source\Rendering\RenderGraph.cs:line 28
   at VoxelEngine.Client.Rendering.RenderManager.Render() in C:\Users\Dmitrist10\Desktop\VoxelGames\Source\Project_08_VE\Source\VoxelEngine\Engine\Hosts\Client\Source\Rendering\RenderManager.cs:line 32
   at VoxelEngine.Client.ClientHost.Render() in C:\Users\Dmitrist10\Desktop\VoxelGames\Source\Project_08_VE\Source\VoxelEngine\Engine\Hosts\Client\Source\ClientHost.cs:line 27
   at VoxelEngine.Runtime.Contexts.TestingContext.TestRuntimeContext.Render() in C:\Users\Dmitrist10\Desktop\VoxelGames\Source\Project_08_VE\Source\VoxelEngine\Runtime\Contexts\TestingContext\Source\TestRuntimeContext.cs:line 43
   at VoxelEngine.Core.Runtime.Heartbeat.Start(IUpdateCallbacksHandler callbacks, IWindowSurface window) in C:\Users\Dmitrist10\Desktop\VoxelGames\Source\Project_08_VE\Source\VoxelEngine\Engine\Core\Engine.Core.Runtime\Source\Heartbeat.cs:line 104
   at VoxelEngine.Core.Runtime.Engine.StartRuntime() in C:\Users\Dmitrist10\Desktop\VoxelGames\Source\Project_08_VE\Source\VoxelEngine\Engine\Core\Engine.Core.Runtime\Source\Engine.cs:line 61
   at VoxelEngine.Core.Runtime.Engine.Run() in C:\Users\Dmitrist10\Desktop\VoxelGames\Source\Project_08_VE\Source\VoxelEngine\Engine\Core\Engine.Core.Runtime\Source\Engine.cs:line 32
   at VoxelEngine.Runtime.Platforms.Desktop.Program.Main(String[] args) in C:\Users\Dmitrist10\Desktop\VoxelGames\Source\Project_08_VE\Source\VoxelEngine\Runtime\Platforms\Platforms.Desktop\Program.cs:line 45
[21:19:31.810] [INFO ] [Program:63] Application Completed.
Exiting with code 0

================================================================================
Engine Log - Ended at 2026-03-03 21:19:31
================================================================================
