================================================================================
Engine Log - Started at 2026-03-07 22:44:02
================================================================================

[22:44:02.587] [INFO ] VoxelEngine initialized from Desktop platform with VoxelGames runtime.
[22:44:02.597] [INFO ] [Game:40] Game.A was called!
[22:44:02.597] [INFO ] [Program:38] Creating engine
[22:44:02.598] [INFO ] [TestRuntimeContext:21] TestRuntimeContext created
[22:44:02.600] [INFO ] [Heartbeat:55] Frame rate limit disabled (unlimited FPS)
[22:44:02.600] [INFO ] [Program:45] Starting engine...
[22:44:02.601] [LINE ] ================================================================================
[22:44:02.601] [INFO ] [Engine:27] Starting engine runtime...
[22:44:02.604] [INFO ] [DesktopWindow:26] Creating window: 'Voxel Engine' (800x600)
[22:44:02.691] [INFO ] [DesktopWindow:40] Desktop window created successfully.
[22:44:02.696] [EXTRAINFO] [ServiceContainer:22] [ServiceContainer] Registering service VoxelEngine.Graphics.GraphicsContext
[22:44:02.965] [EXTRAINFO] [ServiceContainer:22] [ServiceContainer] Registering service VoxelEngine.IO.FileManager
[22:44:02.966] [EXTRAINFO] [ServiceContainer:22] [ServiceContainer] Registering service VoxelEngine.Core.AssetsManager
[22:44:02.966] [INFO ] [Engine:74] Post init...
[22:44:02.967] [INFO ] [TestRuntimeContext:32] TestRuntimeContext Initialized
[22:44:02.969] [EXTRAINFO] [ServiceContainer:22] [ServiceContainer] Registering service VoxelEngine.Core.CamerasRegistries
[22:44:02.972] [EXTRAINFO] [ServiceContainer:22] [ServiceContainer] Registering service VoxelEngine.Graphics.Rendering.RenderManager
[22:44:02.973] [INFO ] [LauncherLayer:17] LauncherLayer.Initialize was called!
[22:44:02.974] [INFO ] [GameLoader:19] Loading game from C:\Users\Dmitrist10\Desktop\VoxelGames\Source\Project_08_VE\Source\Resources\Games\Game_01\Main\bin\net11.0\Game_01.dll
[22:44:03.025] [INFO ] [Game:19] Game.OnInitialize was called!
[22:44:03.025] [INFO ] [Game:25] Game.StartMatch was called!
[22:44:03.026] [EXTRAINFO] [UniverseManager:13] A new Universe was created
[22:44:03.040] [EXTRAINFO] [Universe.API:13] A new Scene was created
[22:44:03.041] [INFO ] [ClientHost:26] Scene loaded
[22:44:03.043] [DEBUG] [GameSetup:13] GameSetup.SetUp was called!
[22:44:03.170] [INFO ] [GameLayer:17] GameLayer.Initialize was called!
[22:44:03.171] [EXTRAINFO] [Heartbeat:62] Starting Heartbeat
[22:44:14.166] [INFO ] [DesktopWindow:53] Desktop window closing...
[22:44:14.167] [EXTRAINFO] [Heartbeat:111] Heartbeat Stopped
[22:44:14.167] [INFO ] [Engine:37] Application terminated.
[22:44:14.167] [LINE ] ================================================================================
[22:44:14.167] [INFO ] [Program:64] Application Completed.
Exiting with code 0

================================================================================
Engine Log - Ended at 2026-03-07 22:44:14
================================================================================
