================================================================================
Engine Log - Started at 2026-03-07 22:43:54
================================================================================

[22:43:54.127] [INFO ] VoxelEngine initialized from Desktop platform with VoxelGames runtime.
[22:43:54.137] [INFO ] [Game:40] Game.A was called!
[22:43:54.137] [INFO ] [Program:38] Creating engine
[22:43:54.138] [INFO ] [TestRuntimeContext:21] TestRuntimeContext created
[22:43:54.140] [INFO ] [Heartbeat:55] Frame rate limit disabled (unlimited FPS)
[22:43:54.140] [INFO ] [Program:45] Starting engine...
[22:43:54.143] [LINE ] ================================================================================
[22:43:54.143] [INFO ] [Engine:27] Starting engine runtime...
[22:43:54.146] [INFO ] [DesktopWindow:26] Creating window: 'Voxel Engine' (800x600)
[22:43:54.223] [INFO ] [DesktopWindow:40] Desktop window created successfully.
[22:43:54.227] [EXTRAINFO] [ServiceContainer:22] [ServiceContainer] Registering service VoxelEngine.Graphics.GraphicsContext
[22:43:54.487] [EXTRAINFO] [ServiceContainer:22] [ServiceContainer] Registering service VoxelEngine.IO.FileManager
[22:43:54.489] [EXTRAINFO] [ServiceContainer:22] [ServiceContainer] Registering service VoxelEngine.Core.AssetsManager
[22:43:54.489] [INFO ] [Engine:74] Post init...
[22:43:54.490] [INFO ] [TestRuntimeContext:32] TestRuntimeContext Initialized
[22:43:54.491] [EXTRAINFO] [ServiceContainer:22] [ServiceContainer] Registering service VoxelEngine.Core.CamerasRegistries
[22:43:54.494] [EXTRAINFO] [ServiceContainer:22] [ServiceContainer] Registering service VoxelEngine.Graphics.Rendering.RenderManager
[22:43:54.496] [INFO ] [LauncherLayer:17] LauncherLayer.Initialize was called!
[22:43:54.497] [INFO ] [GameLoader:19] Loading game from C:\Users\Dmitrist10\Desktop\VoxelGames\Source\Project_08_VE\Source\Resources\Games\Game_01\Main\bin\net11.0\Game_01.dll
[22:43:54.503] [INFO ] [Game:19] Game.OnInitialize was called!
[22:43:54.504] [INFO ] [Game:25] Game.StartMatch was called!
[22:43:54.504] [EXTRAINFO] [UniverseManager:13] A new Universe was created
[22:43:54.521] [EXTRAINFO] [Universe.API:13] A new Scene was created
[22:43:54.522] [INFO ] [ClientHost:26] Scene loaded
[22:43:54.525] [DEBUG] [GameSetup:13] GameSetup.SetUp was called!
[22:43:54.669] [INFO ] [GameLayer:17] GameLayer.Initialize was called!
[22:43:54.669] [EXTRAINFO] [Heartbeat:62] Starting Heartbeat
[22:43:54.709] [ERROR] [GL_GraphicsCommandsList:186] Crashed while executing rendering commands stacktrace:    at VoxelEngine.Graphics.OpenGL.GL_GraphicsCommandsList.Execute() in C:\Users\Dmitrist10\Desktop\VoxelGames\Source\Project_08_VE\Source\VoxelEngine\Engine\Modules\Graphics\Graphics.OpenGL\Source\GL_GraphicsCommandsList.cs:line 135
[22:43:54.717] [ERROR] [GL_GraphicsCommandsList:186] Crashed while executing rendering commands stacktrace:    at VoxelEngine.Graphics.OpenGL.GL_GraphicsCommandsList.Execute() in C:\Users\Dmitrist10\Desktop\VoxelGames\Source\Project_08_VE\Source\VoxelEngine\Engine\Modules\Graphics\Graphics.OpenGL\Source\GL_GraphicsCommandsList.cs:line 135
[22:43:54.718] [ERROR] [GL_GraphicsCommandsList:186] Crashed while executing rendering commands stacktrace:    at VoxelEngine.Graphics.OpenGL.GL_GraphicsCommandsList.Execute() in C:\Users\Dmitrist10\Desktop\VoxelGames\Source\Project_08_VE\Source\VoxelEngine\Engine\Modules\Graphics\Graphics.OpenGL\Source\GL_GraphicsCommandsList.cs:line 135
[22:43:54.799] [ERROR] [GL_GraphicsCommandsList:186] Crashed while executing rendering commands stacktrace:    at VoxelEngine.Graphics.OpenGL.GL_GraphicsCommandsList.Execute() in C:\Users\Dmitrist10\Desktop\VoxelGames\Source\Project_08_VE\Source\VoxelEngine\Engine\Modules\Graphics\Graphics.OpenGL\Source\GL_GraphicsCommandsList.cs:line 135
[22:43:54.803] [ERROR] [GL_GraphicsCommandsList:186] Crashed while executing rendering commands stacktrace:    at VoxelEngine.Graphics.OpenGL.GL_GraphicsCommandsList.Execute() in C:\Users\Dmitrist10\Desktop\VoxelGames\Source\Project_08_VE\Source\VoxelEngine\Engine\Modules\Graphics\Graphics.OpenGL\Source\GL_GraphicsCommandsList.cs:line 135
[22:43:54.809] [ERROR] [GL_GraphicsCommandsList:186] Crashed while executing rendering commands stacktrace:    at VoxelEngine.Graphics.OpenGL.GL_GraphicsCommandsList.Execute() in C:\Users\Dmitrist10\Desktop\VoxelGames\Source\Project_08_VE\Source\VoxelEngine\Engine\Modules\Graphics\Graphics.OpenGL\Source\GL_GraphicsCommandsList.cs:line 135
[22:43:54.816] [ERROR] [GL_GraphicsCommandsList:186] Crashed while executing rendering commands stacktrace:    at VoxelEngine.Graphics.OpenGL.GL_GraphicsCommandsList.Execute() in C:\Users\Dmitrist10\Desktop\VoxelGames\Source\Project_08_VE\Source\VoxelEngine\Engine\Modules\Graphics\Graphics.OpenGL\Source\GL_GraphicsCommandsList.cs:line 135
[22:43:54.820] [ERROR] [GL_GraphicsCommandsList:186] Crashed while executing rendering commands stacktrace:    at VoxelEngine.Graphics.OpenGL.GL_GraphicsCommandsList.Execute() in C:\Users\Dmitrist10\Desktop\VoxelGames\Source\Project_08_VE\Source\VoxelEngine\Engine\Modules\Graphics\Graphics.OpenGL\Source\GL_GraphicsCommandsList.cs:line 135
[22:43:54.826] [ERROR] [GL_GraphicsCommandsList:186] Crashed while executing rendering commands stacktrace:    at VoxelEngine.Graphics.OpenGL.GL_GraphicsCommandsList.Execute() in C:\Users\Dmitrist10\Desktop\VoxelGames\Source\Project_08_VE\Source\VoxelEngine\Engine\Modules\Graphics\Graphics.OpenGL\Source\GL_GraphicsCommandsList.cs:line 135
[22:43:54.833] [ERROR] [GL_GraphicsCommandsList:186] Crashed while executing rendering commands stacktrace:    at VoxelEngine.Graphics.OpenGL.GL_GraphicsCommandsList.Execute() in C:\Users\Dmitrist10\Desktop\VoxelGames\Source\Project_08_VE\Source\VoxelEngine\Engine\Modules\Graphics\Graphics.OpenGL\Source\GL_GraphicsCommandsList.cs:line 135
[22:43:54.837] [ERROR] [GL_GraphicsCommandsList:186] Crashed while executing rendering commands stacktrace:    at VoxelEngine.Graphics.OpenGL.GL_GraphicsCommandsList.Execute() in C:\Users\Dmitrist10\Desktop\VoxelGames\Source\Project_08_VE\Source\VoxelEngine\Engine\Modules\Graphics\Graphics.OpenGL\Source\GL_GraphicsCommandsList.cs:line 135
[22:43:54.843] [ERROR] [GL_GraphicsCommandsList:186] Crashed while executing rendering commands stacktrace:    at VoxelEngine.Graphics.OpenGL.GL_GraphicsCommandsList.Execute() in C:\Users\Dmitrist10\Desktop\VoxelGames\Source\Project_08_VE\Source\VoxelEngine\Engine\Modules\Graphics\Graphics.OpenGL\Source\GL_GraphicsCommandsList.cs:line 135
[22:43:54.848] [ERROR] [GL_GraphicsCommandsList:186] Crashed while executing rendering commands stacktrace:    at VoxelEngine.Graphics.OpenGL.GL_GraphicsCommandsList.Execute() in C:\Users\Dmitrist10\Desktop\VoxelGames\Source\Project_08_VE\Source\VoxelEngine\Engine\Modules\Graphics\Graphics.OpenGL\Source\GL_GraphicsCommandsList.cs:line 135
[22:43:54.854] [ERROR] [GL_GraphicsCommandsList:186] Crashed while executing rendering commands stacktrace:    at VoxelEngine.Graphics.OpenGL.GL_GraphicsCommandsList.Execute() in C:\Users\Dmitrist10\Desktop\VoxelGames\Source\Project_08_VE\Source\VoxelEngine\Engine\Modules\Graphics\Graphics.OpenGL\Source\GL_GraphicsCommandsList.cs:line 135
[22:43:54.859] [ERROR] [GL_GraphicsCommandsList:186] Crashed while executing rendering commands stacktrace:    at VoxelEngine.Graphics.OpenGL.GL_GraphicsCommandsList.Execute() in C:\Users\Dmitrist10\Desktop\VoxelGames\Source\Project_08_VE\Source\VoxelEngine\Engine\Modules\Graphics\Graphics.OpenGL\Source\GL_GraphicsCommandsList.cs:line 135
[22:43:54.872] [ERROR] [GL_GraphicsCommandsList:186] Crashed while executing rendering commands stacktrace:    at VoxelEngine.Graphics.OpenGL.GL_GraphicsCommandsList.Execute() in C:\Users\Dmitrist10\Desktop\VoxelGames\Source\Project_08_VE\Source\VoxelEngine\Engine\Modules\Graphics\Graphics.OpenGL\Source\GL_GraphicsCommandsList.cs:line 135
[22:43:54.874] [ERROR] [GL_GraphicsCommandsList:186] Crashed while executing rendering commands stacktrace:    at VoxelEngine.Graphics.OpenGL.GL_GraphicsCommandsList.Execute() in C:\Users\Dmitrist10\Desktop\VoxelGames\Source\Project_08_VE\Source\VoxelEngine\Engine\Modules\Graphics\Graphics.OpenGL\Source\GL_GraphicsCommandsList.cs:line 135
[22:43:54.878] [ERROR] [GL_GraphicsCommandsList:186] Crashed while executing rendering commands stacktrace:    at VoxelEngine.Graphics.OpenGL.GL_GraphicsCommandsList.Execute() in C:\Users\Dmitrist10\Desktop\VoxelGames\Source\Project_08_VE\Source\VoxelEngine\Engine\Modules\Graphics\Graphics.OpenGL\Source\GL_GraphicsCommandsList.cs:line 135
[22:43:54.884] [ERROR] [GL_GraphicsCommandsList:186] Crashed while executing rendering commands stacktrace:    at VoxelEngine.Graphics.OpenGL.GL_GraphicsCommandsList.Execute() in C:\Users\Dmitrist10\Desktop\VoxelGames\Source\Project_08_VE\Source\VoxelEngine\Engine\Modules\Graphics\Graphics.OpenGL\Source\GL_GraphicsCommandsList.cs:line 135
[22:43:54.890] [ERROR] [GL_GraphicsCommandsList:186] Crashed while executing rendering commands stacktrace:    at VoxelEngine.Graphics.OpenGL.GL_GraphicsCommandsList.Execute() in C:\Users\Dmitrist10\Desktop\VoxelGames\Source\Project_08_VE\Source\VoxelEngine\Engine\Modules\Graphics\Graphics.OpenGL\Source\GL_GraphicsCommandsList.cs:line 135
[22:43:54.896] [ERROR] [GL_GraphicsCommandsList:186] Crashed while executing rendering commands stacktrace:    at VoxelEngine.Graphics.OpenGL.GL_GraphicsCommandsList.Execute() in C:\Users\Dmitrist10\Desktop\VoxelGames\Source\Project_08_VE\Source\VoxelEngine\Engine\Modules\Graphics\Graphics.OpenGL\Source\GL_GraphicsCommandsList.cs:line 135
[22:43:54.902] [ERROR] [GL_GraphicsCommandsList:186] Crashed while executing rendering commands stacktrace:    at VoxelEngine.Graphics.OpenGL.GL_GraphicsCommandsList.Execute() in C:\Users\Dmitrist10\Desktop\VoxelGames\Source\Project_08_VE\Source\VoxelEngine\Engine\Modules\Graphics\Graphics.OpenGL\Source\GL_GraphicsCommandsList.cs:line 135
[22:43:54.908] [ERROR] [GL_GraphicsCommandsList:186] Crashed while executing rendering commands stacktrace:    at VoxelEngine.Graphics.OpenGL.GL_GraphicsCommandsList.Execute() in C:\Users\Dmitrist10\Desktop\VoxelGames\Source\Project_08_VE\Source\VoxelEngine\Engine\Modules\Graphics\Graphics.OpenGL\Source\GL_GraphicsCommandsList.cs:line 135
[22:43:54.915] [ERROR] [GL_GraphicsCommandsList:186] Crashed while executing rendering commands stacktrace:    at VoxelEngine.Graphics.OpenGL.GL_GraphicsCommandsList.Execute() in C:\Users\Dmitrist10\Desktop\VoxelGames\Source\Project_08_VE\Source\VoxelEngine\Engine\Modules\Graphics\Graphics.OpenGL\Source\GL_GraphicsCommandsList.cs:line 135
[22:43:54.920] [ERROR] [GL_GraphicsCommandsList:186] Crashed while executing rendering commands stacktrace:    at VoxelEngine.Graphics.OpenGL.GL_GraphicsCommandsList.Execute() in C:\Users\Dmitrist10\Desktop\VoxelGames\Source\Project_08_VE\Source\VoxelEngine\Engine\Modules\Graphics\Graphics.OpenGL\Source\GL_GraphicsCommandsList.cs:line 135
[22:43:54.926] [ERROR] [GL_GraphicsCommandsList:186] Crashed while executing rendering commands stacktrace:    at VoxelEngine.Graphics.OpenGL.GL_GraphicsCommandsList.Execute() in C:\Users\Dmitrist10\Desktop\VoxelGames\Source\Project_08_VE\Source\VoxelEngine\Engine\Modules\Graphics\Graphics.OpenGL\Source\GL_GraphicsCommandsList.cs:line 135
[22:43:54.932] [ERROR] [GL_GraphicsCommandsList:186] Crashed while executing rendering commands stacktrace:    at VoxelEngine.Graphics.OpenGL.GL_GraphicsCommandsList.Execute() in C:\Users\Dmitrist10\Desktop\VoxelGames\Source\Project_08_VE\Source\VoxelEngine\Engine\Modules\Graphics\Graphics.OpenGL\Source\GL_GraphicsCommandsList.cs:line 135
[22:43:54.939] [ERROR] [GL_GraphicsCommandsList:186] Crashed while executing rendering commands stacktrace:    at VoxelEngine.Graphics.OpenGL.GL_GraphicsCommandsList.Execute() in C:\Users\Dmitrist10\Desktop\VoxelGames\Source\Project_08_VE\Source\VoxelEngine\Engine\Modules\Graphics\Graphics.OpenGL\Source\GL_GraphicsCommandsList.cs:line 135
[22:43:54.945] [ERROR] [GL_GraphicsCommandsList:186] Crashed while executing rendering commands stacktrace:    at VoxelEngine.Graphics.OpenGL.GL_GraphicsCommandsList.Execute() in C:\Users\Dmitrist10\Desktop\VoxelGames\Source\Project_08_VE\Source\VoxelEngine\Engine\Modules\Graphics\Graphics.OpenGL\Source\GL_GraphicsCommandsList.cs:line 135
[22:43:54.951] [ERROR] [GL_GraphicsCommandsList:186] Crashed while executing rendering commands stacktrace:    at VoxelEngine.Graphics.OpenGL.GL_GraphicsCommandsList.Execute() in C:\Users\Dmitrist10\Desktop\VoxelGames\Source\Project_08_VE\Source\VoxelEngine\Engine\Modules\Graphics\Graphics.OpenGL\Source\GL_GraphicsCommandsList.cs:line 135
[22:43:54.956] [ERROR] [GL_GraphicsCommandsList:186] Crashed while executing rendering commands stacktrace:    at VoxelEngine.Graphics.OpenGL.GL_GraphicsCommandsList.Execute() in C:\Users\Dmitrist10\Desktop\VoxelGames\Source\Project_08_VE\Source\VoxelEngine\Engine\Modules\Graphics\Graphics.OpenGL\Source\GL_GraphicsCommandsList.cs:line 135
[22:43:54.963] [ERROR] [GL_GraphicsCommandsList:186] Crashed while executing rendering commands stacktrace:    at VoxelEngine.Graphics.OpenGL.GL_GraphicsCommandsList.Execute() in C:\Users\Dmitrist10\Desktop\VoxelGames\Source\Project_08_VE\Source\VoxelEngine\Engine\Modules\Graphics\Graphics.OpenGL\Source\GL_GraphicsCommandsList.cs:line 135
[22:43:54.968] [ERROR] [GL_GraphicsCommandsList:186] Crashed while executing rendering commands stacktrace:    at VoxelEngine.Graphics.OpenGL.GL_GraphicsCommandsList.Execute() in C:\Users\Dmitrist10\Desktop\VoxelGames\Source\Project_08_VE\Source\VoxelEngine\Engine\Modules\Graphics\Graphics.OpenGL\Source\GL_GraphicsCommandsList.cs:line 135
[22:43:54.975] [ERROR] [GL_GraphicsCommandsList:186] Crashed while executing rendering commands stacktrace:    at VoxelEngine.Graphics.OpenGL.GL_GraphicsCommandsList.Execute() in C:\Users\Dmitrist10\Desktop\VoxelGames\Source\Project_08_VE\Source\VoxelEngine\Engine\Modules\Graphics\Graphics.OpenGL\Source\GL_GraphicsCommandsList.cs:line 135
[22:43:54.980] [ERROR] [GL_GraphicsCommandsList:186] Crashed while executing rendering commands stacktrace:    at VoxelEngine.Graphics.OpenGL.GL_GraphicsCommandsList.Execute() in C:\Users\Dmitrist10\Desktop\VoxelGames\Source\Project_08_VE\Source\VoxelEngine\Engine\Modules\Graphics\Graphics.OpenGL\Source\GL_GraphicsCommandsList.cs:line 135
[22:43:54.987] [ERROR] [GL_GraphicsCommandsList:186] Crashed while executing rendering commands stacktrace:    at VoxelEngine.Graphics.OpenGL.GL_GraphicsCommandsList.Execute() in C:\Users\Dmitrist10\Desktop\VoxelGames\Source\Project_08_VE\Source\VoxelEngine\Engine\Modules\Graphics\Graphics.OpenGL\Source\GL_GraphicsCommandsList.cs:line 135
[22:43:54.993] [ERROR] [GL_GraphicsCommandsList:186] Crashed while executing rendering commands stacktrace:    at VoxelEngine.Graphics.OpenGL.GL_GraphicsCommandsList.Execute() in C:\Users\Dmitrist10\Desktop\VoxelGames\Source\Project_08_VE\Source\VoxelEngine\Engine\Modules\Graphics\Graphics.OpenGL\Source\GL_GraphicsCommandsList.cs:line 135
[22:43:54.999] [ERROR] [GL_GraphicsCommandsList:186] Crashed while executing rendering commands stacktrace:    at VoxelEngine.Graphics.OpenGL.GL_GraphicsCommandsList.Execute() in C:\Users\Dmitrist10\Desktop\VoxelGames\Source\Project_08_VE\Source\VoxelEngine\Engine\Modules\Graphics\Graphics.OpenGL\Source\GL_GraphicsCommandsList.cs:line 135
[22:43:55.005] [ERROR] [GL_GraphicsCommandsList:186] Crashed while executing rendering commands stacktrace:    at VoxelEngine.Graphics.OpenGL.GL_GraphicsCommandsList.Execute() in C:\Users\Dmitrist10\Desktop\VoxelGames\Source\Project_08_VE\Source\VoxelEngine\Engine\Modules\Graphics\Graphics.OpenGL\Source\GL_GraphicsCommandsList.cs:line 135
[22:43:55.011] [ERROR] [GL_GraphicsCommandsList:186] Crashed while executing rendering commands stacktrace:    at VoxelEngine.Graphics.OpenGL.GL_GraphicsCommandsList.Execute() in C:\Users\Dmitrist10\Desktop\VoxelGames\Source\Project_08_VE\Source\VoxelEngine\Engine\Modules\Graphics\Graphics.OpenGL\Source\GL_GraphicsCommandsList.cs:line 135
[22:43:55.017] [ERROR] [GL_GraphicsCommandsList:186] Crashed while executing rendering commands stacktrace:    at VoxelEngine.Graphics.OpenGL.GL_GraphicsCommandsList.Execute() in C:\Users\Dmitrist10\Desktop\VoxelGames\Source\Project_08_VE\Source\VoxelEngine\Engine\Modules\Graphics\Graphics.OpenGL\Source\GL_GraphicsCommandsList.cs:line 135
[22:43:55.024] [ERROR] [GL_GraphicsCommandsList:186] Crashed while executing rendering commands stacktrace:    at VoxelEngine.Graphics.OpenGL.GL_GraphicsCommandsList.Execute() in C:\Users\Dmitrist10\Desktop\VoxelGames\Source\Project_08_VE\Source\VoxelEngine\Engine\Modules\Graphics\Graphics.OpenGL\Source\GL_GraphicsCommandsList.cs:line 135
[22:43:55.029] [ERROR] [GL_GraphicsCommandsList:186] Crashed while executing rendering commands stacktrace:    at VoxelEngine.Graphics.OpenGL.GL_GraphicsCommandsList.Execute() in C:\Users\Dmitrist10\Desktop\VoxelGames\Source\Project_08_VE\Source\VoxelEngine\Engine\Modules\Graphics\Graphics.OpenGL\Source\GL_GraphicsCommandsList.cs:line 135
[22:43:55.035] [ERROR] [GL_GraphicsCommandsList:186] Crashed while executing rendering commands stacktrace:    at VoxelEngine.Graphics.OpenGL.GL_GraphicsCommandsList.Execute() in C:\Users\Dmitrist10\Desktop\VoxelGames\Source\Project_08_VE\Source\VoxelEngine\Engine\Modules\Graphics\Graphics.OpenGL\Source\GL_GraphicsCommandsList.cs:line 135
[22:43:55.041] [ERROR] [GL_GraphicsCommandsList:186] Crashed while executing rendering commands stacktrace:    at VoxelEngine.Graphics.OpenGL.GL_GraphicsCommandsList.Execute() in C:\Users\Dmitrist10\Desktop\VoxelGames\Source\Project_08_VE\Source\VoxelEngine\Engine\Modules\Graphics\Graphics.OpenGL\Source\GL_GraphicsCommandsList.cs:line 135
[22:43:55.048] [ERROR] [GL_GraphicsCommandsList:186] Crashed while executing rendering commands stacktrace:    at VoxelEngine.Graphics.OpenGL.GL_GraphicsCommandsList.Execute() in C:\Users\Dmitrist10\Desktop\VoxelGames\Source\Project_08_VE\Source\VoxelEngine\Engine\Modules\Graphics\Graphics.OpenGL\Source\GL_GraphicsCommandsList.cs:line 135
[22:43:55.053] [ERROR] [GL_GraphicsCommandsList:186] Crashed while executing rendering commands stacktrace:    at VoxelEngine.Graphics.OpenGL.GL_GraphicsCommandsList.Execute() in C:\Users\Dmitrist10\Desktop\VoxelGames\Source\Project_08_VE\Source\VoxelEngine\Engine\Modules\Graphics\Graphics.OpenGL\Source\GL_GraphicsCommandsList.cs:line 135
[22:43:55.060] [ERROR] [GL_GraphicsCommandsList:186] Crashed while executing rendering commands stacktrace:    at VoxelEngine.Graphics.OpenGL.GL_GraphicsCommandsList.Execute() in C:\Users\Dmitrist10\Desktop\VoxelGames\Source\Project_08_VE\Source\VoxelEngine\Engine\Modules\Graphics\Graphics.OpenGL\Source\GL_GraphicsCommandsList.cs:line 135
[22:43:55.065] [ERROR] [GL_GraphicsCommandsList:186] Crashed while executing rendering commands stacktrace:    at VoxelEngine.Graphics.OpenGL.GL_GraphicsCommandsList.Execute() in C:\Users\Dmitrist10\Desktop\VoxelGames\Source\Project_08_VE\Source\VoxelEngine\Engine\Modules\Graphics\Graphics.OpenGL\Source\GL_GraphicsCommandsList.cs:line 135
[22:43:55.072] [ERROR] [GL_GraphicsCommandsList:186] Crashed while executing rendering commands stacktrace:    at VoxelEngine.Graphics.OpenGL.GL_GraphicsCommandsList.Execute() in C:\Users\Dmitrist10\Desktop\VoxelGames\Source\Project_08_VE\Source\VoxelEngine\Engine\Modules\Graphics\Graphics.OpenGL\Source\GL_GraphicsCommandsList.cs:line 135
[22:43:55.078] [ERROR] [GL_GraphicsCommandsList:186] Crashed while executing rendering commands stacktrace:    at VoxelEngine.Graphics.OpenGL.GL_GraphicsCommandsList.Execute() in C:\Users\Dmitrist10\Desktop\VoxelGames\Source\Project_08_VE\Source\VoxelEngine\Engine\Modules\Graphics\Graphics.OpenGL\Source\GL_GraphicsCommandsList.cs:line 135
[22:43:55.084] [ERROR] [GL_GraphicsCommandsList:186] Crashed while executing rendering commands stacktrace:    at VoxelEngine.Graphics.OpenGL.GL_GraphicsCommandsList.Execute() in C:\Users\Dmitrist10\Desktop\VoxelGames\Source\Project_08_VE\Source\VoxelEngine\Engine\Modules\Graphics\Graphics.OpenGL\Source\GL_GraphicsCommandsList.cs:line 135
[22:43:55.090] [ERROR] [GL_GraphicsCommandsList:186] Crashed while executing rendering commands stacktrace:    at VoxelEngine.Graphics.OpenGL.GL_GraphicsCommandsList.Execute() in C:\Users\Dmitrist10\Desktop\VoxelGames\Source\Project_08_VE\Source\VoxelEngine\Engine\Modules\Graphics\Graphics.OpenGL\Source\GL_GraphicsCommandsList.cs:line 135
[22:43:55.096] [ERROR] [GL_GraphicsCommandsList:186] Crashed while executing rendering commands stacktrace:    at VoxelEngine.Graphics.OpenGL.GL_GraphicsCommandsList.Execute() in C:\Users\Dmitrist10\Desktop\VoxelGames\Source\Project_08_VE\Source\VoxelEngine\Engine\Modules\Graphics\Graphics.OpenGL\Source\GL_GraphicsCommandsList.cs:line 135
[22:43:55.102] [ERROR] [GL_GraphicsCommandsList:186] Crashed while executing rendering commands stacktrace:    at VoxelEngine.Graphics.OpenGL.GL_GraphicsCommandsList.Execute() in C:\Users\Dmitrist10\Desktop\VoxelGames\Source\Project_08_VE\Source\VoxelEngine\Engine\Modules\Graphics\Graphics.OpenGL\Source\GL_GraphicsCommandsList.cs:line 135
[22:43:55.108] [ERROR] [GL_GraphicsCommandsList:186] Crashed while executing rendering commands stacktrace:    at VoxelEngine.Graphics.OpenGL.GL_GraphicsCommandsList.Execute() in C:\Users\Dmitrist10\Desktop\VoxelGames\Source\Project_08_VE\Source\VoxelEngine\Engine\Modules\Graphics\Graphics.OpenGL\Source\GL_GraphicsCommandsList.cs:line 135
[22:43:55.114] [ERROR] [GL_GraphicsCommandsList:186] Crashed while executing rendering commands stacktrace:    at VoxelEngine.Graphics.OpenGL.GL_GraphicsCommandsList.Execute() in C:\Users\Dmitrist10\Desktop\VoxelGames\Source\Project_08_VE\Source\VoxelEngine\Engine\Modules\Graphics\Graphics.OpenGL\Source\GL_GraphicsCommandsList.cs:line 135
[22:43:55.121] [ERROR] [GL_GraphicsCommandsList:186] Crashed while executing rendering commands stacktrace:    at VoxelEngine.Graphics.OpenGL.GL_GraphicsCommandsList.Execute() in C:\Users\Dmitrist10\Desktop\VoxelGames\Source\Project_08_VE\Source\VoxelEngine\Engine\Modules\Graphics\Graphics.OpenGL\Source\GL_GraphicsCommandsList.cs:line 135
[22:43:55.126] [ERROR] [GL_GraphicsCommandsList:186] Crashed while executing rendering commands stacktrace:    at VoxelEngine.Graphics.OpenGL.GL_GraphicsCommandsList.Execute() in C:\Users\Dmitrist10\Desktop\VoxelGames\Source\Project_08_VE\Source\VoxelEngine\Engine\Modules\Graphics\Graphics.OpenGL\Source\GL_GraphicsCommandsList.cs:line 135
[22:43:55.133] [ERROR] [GL_GraphicsCommandsList:186] Crashed while executing rendering commands stacktrace:    at VoxelEngine.Graphics.OpenGL.GL_GraphicsCommandsList.Execute() in C:\Users\Dmitrist10\Desktop\VoxelGames\Source\Project_08_VE\Source\VoxelEngine\Engine\Modules\Graphics\Graphics.OpenGL\Source\GL_GraphicsCommandsList.cs:line 135
[22:43:55.138] [ERROR] [GL_GraphicsCommandsList:186] Crashed while executing rendering commands stacktrace:    at VoxelEngine.Graphics.OpenGL.GL_GraphicsCommandsList.Execute() in C:\Users\Dmitrist10\Desktop\VoxelGames\Source\Project_08_VE\Source\VoxelEngine\Engine\Modules\Graphics\Graphics.OpenGL\Source\GL_GraphicsCommandsList.cs:line 135
[22:43:55.145] [ERROR] [GL_GraphicsCommandsList:186] Crashed while executing rendering commands stacktrace:    at VoxelEngine.Graphics.OpenGL.GL_GraphicsCommandsList.Execute() in C:\Users\Dmitrist10\Desktop\VoxelGames\Source\Project_08_VE\Source\VoxelEngine\Engine\Modules\Graphics\Graphics.OpenGL\Source\GL_GraphicsCommandsList.cs:line 135
[22:43:55.150] [ERROR] [GL_GraphicsCommandsList:186] Crashed while executing rendering commands stacktrace:    at VoxelEngine.Graphics.OpenGL.GL_GraphicsCommandsList.Execute() in C:\Users\Dmitrist10\Desktop\VoxelGames\Source\Project_08_VE\Source\VoxelEngine\Engine\Modules\Graphics\Graphics.OpenGL\Source\GL_GraphicsCommandsList.cs:line 135
[22:43:55.157] [ERROR] [GL_GraphicsCommandsList:186] Crashed while executing rendering commands stacktrace:    at VoxelEngine.Graphics.OpenGL.GL_GraphicsCommandsList.Execute() in C:\Users\Dmitrist10\Desktop\VoxelGames\Source\Project_08_VE\Source\VoxelEngine\Engine\Modules\Graphics\Graphics.OpenGL\Source\GL_GraphicsCommandsList.cs:line 135
[22:43:55.163] [ERROR] [GL_GraphicsCommandsList:186] Crashed while executing rendering commands stacktrace:    at VoxelEngine.Graphics.OpenGL.GL_GraphicsCommandsList.Execute() in C:\Users\Dmitrist10\Desktop\VoxelGames\Source\Project_08_VE\Source\VoxelEngine\Engine\Modules\Graphics\Graphics.OpenGL\Source\GL_GraphicsCommandsList.cs:line 135
[22:43:55.169] [ERROR] [GL_GraphicsCommandsList:186] Crashed while executing rendering commands stacktrace:    at VoxelEngine.Graphics.OpenGL.GL_GraphicsCommandsList.Execute() in C:\Users\Dmitrist10\Desktop\VoxelGames\Source\Project_08_VE\Source\VoxelEngine\Engine\Modules\Graphics\Graphics.OpenGL\Source\GL_GraphicsCommandsList.cs:line 135
[22:43:55.174] [ERROR] [GL_GraphicsCommandsList:186] Crashed while executing rendering commands stacktrace:    at VoxelEngine.Graphics.OpenGL.GL_GraphicsCommandsList.Execute() in C:\Users\Dmitrist10\Desktop\VoxelGames\Source\Project_08_VE\Source\VoxelEngine\Engine\Modules\Graphics\Graphics.OpenGL\Source\GL_GraphicsCommandsList.cs:line 135
[22:43:55.181] [ERROR] [GL_GraphicsCommandsList:186] Crashed while executing rendering commands stacktrace:    at VoxelEngine.Graphics.OpenGL.GL_GraphicsCommandsList.Execute() in C:\Users\Dmitrist10\Desktop\VoxelGames\Source\Project_08_VE\Source\VoxelEngine\Engine\Modules\Graphics\Graphics.OpenGL\Source\GL_GraphicsCommandsList.cs:line 135
[22:43:55.187] [ERROR] [GL_GraphicsCommandsList:186] Crashed while executing rendering commands stacktrace:    at VoxelEngine.Graphics.OpenGL.GL_GraphicsCommandsList.Execute() in C:\Users\Dmitrist10\Desktop\VoxelGames\Source\Project_08_VE\Source\VoxelEngine\Engine\Modules\Graphics\Graphics.OpenGL\Source\GL_GraphicsCommandsList.cs:line 135
[22:43:55.194] [ERROR] [GL_GraphicsCommandsList:186] Crashed while executing rendering commands stacktrace:    at VoxelEngine.Graphics.OpenGL.GL_GraphicsCommandsList.Execute() in C:\Users\Dmitrist10\Desktop\VoxelGames\Source\Project_08_VE\Source\VoxelEngine\Engine\Modules\Graphics\Graphics.OpenGL\Source\GL_GraphicsCommandsList.cs:line 135
[22:43:55.199] [ERROR] [GL_GraphicsCommandsList:186] Crashed while executing rendering commands stacktrace:    at VoxelEngine.Graphics.OpenGL.GL_GraphicsCommandsList.Execute() in C:\Users\Dmitrist10\Desktop\VoxelGames\Source\Project_08_VE\Source\VoxelEngine\Engine\Modules\Graphics\Graphics.OpenGL\Source\GL_GraphicsCommandsList.cs:line 135
[22:43:55.206] [ERROR] [GL_GraphicsCommandsList:186] Crashed while executing rendering commands stacktrace:    at VoxelEngine.Graphics.OpenGL.GL_GraphicsCommandsList.Execute() in C:\Users\Dmitrist10\Desktop\VoxelGames\Source\Project_08_VE\Source\VoxelEngine\Engine\Modules\Graphics\Graphics.OpenGL\Source\GL_GraphicsCommandsList.cs:line 135
[22:43:55.211] [ERROR] [GL_GraphicsCommandsList:186] Crashed while executing rendering commands stacktrace:    at VoxelEngine.Graphics.OpenGL.GL_GraphicsCommandsList.Execute() in C:\Users\Dmitrist10\Desktop\VoxelGames\Source\Project_08_VE\Source\VoxelEngine\Engine\Modules\Graphics\Graphics.OpenGL\Source\GL_GraphicsCommandsList.cs:line 135
[22:43:55.218] [ERROR] [GL_GraphicsCommandsList:186] Crashed while executing rendering commands stacktrace:    at VoxelEngine.Graphics.OpenGL.GL_GraphicsCommandsList.Execute() in C:\Users\Dmitrist10\Desktop\VoxelGames\Source\Project_08_VE\Source\VoxelEngine\Engine\Modules\Graphics\Graphics.OpenGL\Source\GL_GraphicsCommandsList.cs:line 135
[22:43:55.223] [ERROR] [GL_GraphicsCommandsList:186] Crashed while executing rendering commands stacktrace:    at VoxelEngine.Graphics.OpenGL.GL_GraphicsCommandsList.Execute() in C:\Users\Dmitrist10\Desktop\VoxelGames\Source\Project_08_VE\Source\VoxelEngine\Engine\Modules\Graphics\Graphics.OpenGL\Source\GL_GraphicsCommandsList.cs:line 135
[22:43:55.230] [ERROR] [GL_GraphicsCommandsList:186] Crashed while executing rendering commands stacktrace:    at VoxelEngine.Graphics.OpenGL.GL_GraphicsCommandsList.Execute() in C:\Users\Dmitrist10\Desktop\VoxelGames\Source\Project_08_VE\Source\VoxelEngine\Engine\Modules\Graphics\Graphics.OpenGL\Source\GL_GraphicsCommandsList.cs:line 135
[22:43:55.236] [ERROR] [GL_GraphicsCommandsList:186] Crashed while executing rendering commands stacktrace:    at VoxelEngine.Graphics.OpenGL.GL_GraphicsCommandsList.Execute() in C:\Users\Dmitrist10\Desktop\VoxelGames\Source\Project_08_VE\Source\VoxelEngine\Engine\Modules\Graphics\Graphics.OpenGL\Source\GL_GraphicsCommandsList.cs:line 135
[22:43:55.242] [ERROR] [GL_GraphicsCommandsList:186] Crashed while executing rendering commands stacktrace:    at VoxelEngine.Graphics.OpenGL.GL_GraphicsCommandsList.Execute() in C:\Users\Dmitrist10\Desktop\VoxelGames\Source\Project_08_VE\Source\VoxelEngine\Engine\Modules\Graphics\Graphics.OpenGL\Source\GL_GraphicsCommandsList.cs:line 135
[22:43:55.247] [ERROR] [GL_GraphicsCommandsList:186] Crashed while executing rendering commands stacktrace:    at VoxelEngine.Graphics.OpenGL.GL_GraphicsCommandsList.Execute() in C:\Users\Dmitrist10\Desktop\VoxelGames\Source\Project_08_VE\Source\VoxelEngine\Engine\Modules\Graphics\Graphics.OpenGL\Source\GL_GraphicsCommandsList.cs:line 135
[22:43:55.254] [ERROR] [GL_GraphicsCommandsList:186] Crashed while executing rendering commands stacktrace:    at VoxelEngine.Graphics.OpenGL.GL_GraphicsCommandsList.Execute() in C:\Users\Dmitrist10\Desktop\VoxelGames\Source\Project_08_VE\Source\VoxelEngine\Engine\Modules\Graphics\Graphics.OpenGL\Source\GL_GraphicsCommandsList.cs:line 135
[22:43:55.260] [ERROR] [GL_GraphicsCommandsList:186] Crashed while executing rendering commands stacktrace:    at VoxelEngine.Graphics.OpenGL.GL_GraphicsCommandsList.Execute() in C:\Users\Dmitrist10\Desktop\VoxelGames\Source\Project_08_VE\Source\VoxelEngine\Engine\Modules\Graphics\Graphics.OpenGL\Source\GL_GraphicsCommandsList.cs:line 135
[22:43:55.266] [ERROR] [GL_GraphicsCommandsList:186] Crashed while executing rendering commands stacktrace:    at VoxelEngine.Graphics.OpenGL.GL_GraphicsCommandsList.Execute() in C:\Users\Dmitrist10\Desktop\VoxelGames\Source\Project_08_VE\Source\VoxelEngine\Engine\Modules\Graphics\Graphics.OpenGL\Source\GL_GraphicsCommandsList.cs:line 135
[22:43:55.272] [ERROR] [GL_GraphicsCommandsList:186] Crashed while executing rendering commands stacktrace:    at VoxelEngine.Graphics.OpenGL.GL_GraphicsCommandsList.Execute() in C:\Users\Dmitrist10\Desktop\VoxelGames\Source\Project_08_VE\Source\VoxelEngine\Engine\Modules\Graphics\Graphics.OpenGL\Source\GL_GraphicsCommandsList.cs:line 135
[22:43:55.279] [ERROR] [GL_GraphicsCommandsList:186] Crashed while executing rendering commands stacktrace:    at VoxelEngine.Graphics.OpenGL.GL_GraphicsCommandsList.Execute() in C:\Users\Dmitrist10\Desktop\VoxelGames\Source\Project_08_VE\Source\VoxelEngine\Engine\Modules\Graphics\Graphics.OpenGL\Source\GL_GraphicsCommandsList.cs:line 135
[22:43:55.284] [ERROR] [GL_GraphicsCommandsList:186] Crashed while executing rendering commands stacktrace:    at VoxelEngine.Graphics.OpenGL.GL_GraphicsCommandsList.Execute() in C:\Users\Dmitrist10\Desktop\VoxelGames\Source\Project_08_VE\Source\VoxelEngine\Engine\Modules\Graphics\Graphics.OpenGL\Source\GL_GraphicsCommandsList.cs:line 135
[22:43:55.291] [ERROR] [GL_GraphicsCommandsList:186] Crashed while executing rendering commands stacktrace:    at VoxelEngine.Graphics.OpenGL.GL_GraphicsCommandsList.Execute() in C:\Users\Dmitrist10\Desktop\VoxelGames\Source\Project_08_VE\Source\VoxelEngine\Engine\Modules\Graphics\Graphics.OpenGL\Source\GL_GraphicsCommandsList.cs:line 135
[22:43:55.296] [ERROR] [GL_GraphicsCommandsList:186] Crashed while executing rendering commands stacktrace:    at VoxelEngine.Graphics.OpenGL.GL_GraphicsCommandsList.Execute() in C:\Users\Dmitrist10\Desktop\VoxelGames\Source\Project_08_VE\Source\VoxelEngine\Engine\Modules\Graphics\Graphics.OpenGL\Source\GL_GraphicsCommandsList.cs:line 135
[22:43:55.303] [ERROR] [GL_GraphicsCommandsList:186] Crashed while executing rendering commands stacktrace:    at VoxelEngine.Graphics.OpenGL.GL_GraphicsCommandsList.Execute() in C:\Users\Dmitrist10\Desktop\VoxelGames\Source\Project_08_VE\Source\VoxelEngine\Engine\Modules\Graphics\Graphics.OpenGL\Source\GL_GraphicsCommandsList.cs:line 135
[22:43:55.308] [ERROR] [GL_GraphicsCommandsList:186] Crashed while executing rendering commands stacktrace:    at VoxelEngine.Graphics.OpenGL.GL_GraphicsCommandsList.Execute() in C:\Users\Dmitrist10\Desktop\VoxelGames\Source\Project_08_VE\Source\VoxelEngine\Engine\Modules\Graphics\Graphics.OpenGL\Source\GL_GraphicsCommandsList.cs:line 135
[22:43:55.315] [ERROR] [GL_GraphicsCommandsList:186] Crashed while executing rendering commands stacktrace:    at VoxelEngine.Graphics.OpenGL.GL_GraphicsCommandsList.Execute() in C:\Users\Dmitrist10\Desktop\VoxelGames\Source\Project_08_VE\Source\VoxelEngine\Engine\Modules\Graphics\Graphics.OpenGL\Source\GL_GraphicsCommandsList.cs:line 135
[22:43:55.321] [ERROR] [GL_GraphicsCommandsList:186] Crashed while executing rendering commands stacktrace:    at VoxelEngine.Graphics.OpenGL.GL_GraphicsCommandsList.Execute() in C:\Users\Dmitrist10\Desktop\VoxelGames\Source\Project_08_VE\Source\VoxelEngine\Engine\Modules\Graphics\Graphics.OpenGL\Source\GL_GraphicsCommandsList.cs:line 135
[22:43:55.327] [ERROR] [GL_GraphicsCommandsList:186] Crashed while executing rendering commands stacktrace:    at VoxelEngine.Graphics.OpenGL.GL_GraphicsCommandsList.Execute() in C:\Users\Dmitrist10\Desktop\VoxelGames\Source\Project_08_VE\Source\VoxelEngine\Engine\Modules\Graphics\Graphics.OpenGL\Source\GL_GraphicsCommandsList.cs:line 135
[22:43:55.332] [ERROR] [GL_GraphicsCommandsList:186] Crashed while executing rendering commands stacktrace:    at VoxelEngine.Graphics.OpenGL.GL_GraphicsCommandsList.Execute() in C:\Users\Dmitrist10\Desktop\VoxelGames\Source\Project_08_VE\Source\VoxelEngine\Engine\Modules\Graphics\Graphics.OpenGL\Source\GL_GraphicsCommandsList.cs:line 135
[22:43:55.339] [ERROR] [GL_GraphicsCommandsList:186] Crashed while executing rendering commands stacktrace:    at VoxelEngine.Graphics.OpenGL.GL_GraphicsCommandsList.Execute() in C:\Users\Dmitrist10\Desktop\VoxelGames\Source\Project_08_VE\Source\VoxelEngine\Engine\Modules\Graphics\Graphics.OpenGL\Source\GL_GraphicsCommandsList.cs:line 135
[22:43:55.344] [ERROR] [GL_GraphicsCommandsList:186] Crashed while executing rendering commands stacktrace:    at VoxelEngine.Graphics.OpenGL.GL_GraphicsCommandsList.Execute() in C:\Users\Dmitrist10\Desktop\VoxelGames\Source\Project_08_VE\Source\VoxelEngine\Engine\Modules\Graphics\Graphics.OpenGL\Source\GL_GraphicsCommandsList.cs:line 135
[22:43:55.351] [ERROR] [GL_GraphicsCommandsList:186] Crashed while executing rendering commands stacktrace:    at VoxelEngine.Graphics.OpenGL.GL_GraphicsCommandsList.Execute() in C:\Users\Dmitrist10\Desktop\VoxelGames\Source\Project_08_VE\Source\VoxelEngine\Engine\Modules\Graphics\Graphics.OpenGL\Source\GL_GraphicsCommandsList.cs:line 135
[22:43:55.356] [ERROR] [GL_GraphicsCommandsList:186] Crashed while executing rendering commands stacktrace:    at VoxelEngine.Graphics.OpenGL.GL_GraphicsCommandsList.Execute() in C:\Users\Dmitrist10\Desktop\VoxelGames\Source\Project_08_VE\Source\VoxelEngine\Engine\Modules\Graphics\Graphics.OpenGL\Source\GL_GraphicsCommandsList.cs:line 135
[22:43:55.363] [ERROR] [GL_GraphicsCommandsList:186] Crashed while executing rendering commands stacktrace:    at VoxelEngine.Graphics.OpenGL.GL_GraphicsCommandsList.Execute() in C:\Users\Dmitrist10\Desktop\VoxelGames\Source\Project_08_VE\Source\VoxelEngine\Engine\Modules\Graphics\Graphics.OpenGL\Source\GL_GraphicsCommandsList.cs:line 135
[22:43:55.369] [ERROR] [GL_GraphicsCommandsList:186] Crashed while executing rendering commands stacktrace:    at VoxelEngine.Graphics.OpenGL.GL_GraphicsCommandsList.Execute() in C:\Users\Dmitrist10\Desktop\VoxelGames\Source\Project_08_VE\Source\VoxelEngine\Engine\Modules\Graphics\Graphics.OpenGL\Source\GL_GraphicsCommandsList.cs:line 135
[22:43:55.382] [ERROR] [GL_GraphicsCommandsList:186] Crashed while executing rendering commands stacktrace:    at VoxelEngine.Graphics.OpenGL.GL_GraphicsCommandsList.Execute() in C:\Users\Dmitrist10\Desktop\VoxelGames\Source\Project_08_VE\Source\VoxelEngine\Engine\Modules\Graphics\Graphics.OpenGL\Source\GL_GraphicsCommandsList.cs:line 135
[22:43:55.386] [ERROR] [GL_GraphicsCommandsList:186] Crashed while executing rendering commands stacktrace:    at VoxelEngine.Graphics.OpenGL.GL_GraphicsCommandsList.Execute() in C:\Users\Dmitrist10\Desktop\VoxelGames\Source\Project_08_VE\Source\VoxelEngine\Engine\Modules\Graphics\Graphics.OpenGL\Source\GL_GraphicsCommandsList.cs:line 135
[22:43:55.392] [ERROR] [GL_GraphicsCommandsList:186] Crashed while executing rendering commands stacktrace:    at VoxelEngine.Graphics.OpenGL.GL_GraphicsCommandsList.Execute() in C:\Users\Dmitrist10\Desktop\VoxelGames\Source\Project_08_VE\Source\VoxelEngine\Engine\Modules\Graphics\Graphics.OpenGL\Source\GL_GraphicsCommandsList.cs:line 135
[22:43:55.398] [ERROR] [GL_GraphicsCommandsList:186] Crashed while executing rendering commands stacktrace:    at VoxelEngine.Graphics.OpenGL.GL_GraphicsCommandsList.Execute() in C:\Users\Dmitrist10\Desktop\VoxelGames\Source\Project_08_VE\Source\VoxelEngine\Engine\Modules\Graphics\Graphics.OpenGL\Source\GL_GraphicsCommandsList.cs:line 135
[22:43:55.405] [ERROR] [GL_GraphicsCommandsList:186] Crashed while executing rendering commands stacktrace:    at VoxelEngine.Graphics.OpenGL.GL_GraphicsCommandsList.Execute() in C:\Users\Dmitrist10\Desktop\VoxelGames\Source\Project_08_VE\Source\VoxelEngine\Engine\Modules\Graphics\Graphics.OpenGL\Source\GL_GraphicsCommandsList.cs:line 135
[22:43:55.408] [ERROR] [GL_GraphicsCommandsList:186] Crashed while executing rendering commands stacktrace:    at VoxelEngine.Graphics.OpenGL.GL_GraphicsCommandsList.Execute() in C:\Users\Dmitrist10\Desktop\VoxelGames\Source\Project_08_VE\Source\VoxelEngine\Engine\Modules\Graphics\Graphics.OpenGL\Source\GL_GraphicsCommandsList.cs:line 135
[22:43:55.413] [ERROR] [GL_GraphicsCommandsList:186] Crashed while executing rendering commands stacktrace:    at VoxelEngine.Graphics.OpenGL.GL_GraphicsCommandsList.Execute() in C:\Users\Dmitrist10\Desktop\VoxelGames\Source\Project_08_VE\Source\VoxelEngine\Engine\Modules\Graphics\Graphics.OpenGL\Source\GL_GraphicsCommandsList.cs:line 135
[22:43:55.418] [ERROR] [GL_GraphicsCommandsList:186] Crashed while executing rendering commands stacktrace:    at VoxelEngine.Graphics.OpenGL.GL_GraphicsCommandsList.Execute() in C:\Users\Dmitrist10\Desktop\VoxelGames\Source\Project_08_VE\Source\VoxelEngine\Engine\Modules\Graphics\Graphics.OpenGL\Source\GL_GraphicsCommandsList.cs:line 135
[22:43:55.425] [ERROR] [GL_GraphicsCommandsList:186] Crashed while executing rendering commands stacktrace:    at VoxelEngine.Graphics.OpenGL.GL_GraphicsCommandsList.Execute() in C:\Users\Dmitrist10\Desktop\VoxelGames\Source\Project_08_VE\Source\VoxelEngine\Engine\Modules\Graphics\Graphics.OpenGL\Source\GL_GraphicsCommandsList.cs:line 135
[22:43:55.430] [ERROR] [GL_GraphicsCommandsList:186] Crashed while executing rendering commands stacktrace:    at VoxelEngine.Graphics.OpenGL.GL_GraphicsCommandsList.Execute() in C:\Users\Dmitrist10\Desktop\VoxelGames\Source\Project_08_VE\Source\VoxelEngine\Engine\Modules\Graphics\Graphics.OpenGL\Source\GL_GraphicsCommandsList.cs:line 135
[22:43:55.436] [ERROR] [GL_GraphicsCommandsList:186] Crashed while executing rendering commands stacktrace:    at VoxelEngine.Graphics.OpenGL.GL_GraphicsCommandsList.Execute() in C:\Users\Dmitrist10\Desktop\VoxelGames\Source\Project_08_VE\Source\VoxelEngine\Engine\Modules\Graphics\Graphics.OpenGL\Source\GL_GraphicsCommandsList.cs:line 135
[22:43:55.443] [ERROR] [GL_GraphicsCommandsList:186] Crashed while executing rendering commands stacktrace:    at VoxelEngine.Graphics.OpenGL.GL_GraphicsCommandsList.Execute() in C:\Users\Dmitrist10\Desktop\VoxelGames\Source\Project_08_VE\Source\VoxelEngine\Engine\Modules\Graphics\Graphics.OpenGL\Source\GL_GraphicsCommandsList.cs:line 135
[22:43:55.448] [ERROR] [GL_GraphicsCommandsList:186] Crashed while executing rendering commands stacktrace:    at VoxelEngine.Graphics.OpenGL.GL_GraphicsCommandsList.Execute() in C:\Users\Dmitrist10\Desktop\VoxelGames\Source\Project_08_VE\Source\VoxelEngine\Engine\Modules\Graphics\Graphics.OpenGL\Source\GL_GraphicsCommandsList.cs:line 135
[22:43:55.454] [ERROR] [GL_GraphicsCommandsList:186] Crashed while executing rendering commands stacktrace:    at VoxelEngine.Graphics.OpenGL.GL_GraphicsCommandsList.Execute() in C:\Users\Dmitrist10\Desktop\VoxelGames\Source\Project_08_VE\Source\VoxelEngine\Engine\Modules\Graphics\Graphics.OpenGL\Source\GL_GraphicsCommandsList.cs:line 135
[22:43:55.461] [ERROR] [GL_GraphicsCommandsList:186] Crashed while executing rendering commands stacktrace:    at VoxelEngine.Graphics.OpenGL.GL_GraphicsCommandsList.Execute() in C:\Users\Dmitrist10\Desktop\VoxelGames\Source\Project_08_VE\Source\VoxelEngine\Engine\Modules\Graphics\Graphics.OpenGL\Source\GL_GraphicsCommandsList.cs:line 135
[22:43:55.466] [ERROR] [GL_GraphicsCommandsList:186] Crashed while executing rendering commands stacktrace:    at VoxelEngine.Graphics.OpenGL.GL_GraphicsCommandsList.Execute() in C:\Users\Dmitrist10\Desktop\VoxelGames\Source\Project_08_VE\Source\VoxelEngine\Engine\Modules\Graphics\Graphics.OpenGL\Source\GL_GraphicsCommandsList.cs:line 135
[22:43:55.474] [ERROR] [GL_GraphicsCommandsList:186] Crashed while executing rendering commands stacktrace:    at VoxelEngine.Graphics.OpenGL.GL_GraphicsCommandsList.Execute() in C:\Users\Dmitrist10\Desktop\VoxelGames\Source\Project_08_VE\Source\VoxelEngine\Engine\Modules\Graphics\Graphics.OpenGL\Source\GL_GraphicsCommandsList.cs:line 135
[22:43:55.478] [ERROR] [GL_GraphicsCommandsList:186] Crashed while executing rendering commands stacktrace:    at VoxelEngine.Graphics.OpenGL.GL_GraphicsCommandsList.Execute() in C:\Users\Dmitrist10\Desktop\VoxelGames\Source\Project_08_VE\Source\VoxelEngine\Engine\Modules\Graphics\Graphics.OpenGL\Source\GL_GraphicsCommandsList.cs:line 135
[22:43:55.485] [ERROR] [GL_GraphicsCommandsList:186] Crashed while executing rendering commands stacktrace:    at VoxelEngine.Graphics.OpenGL.GL_GraphicsCommandsList.Execute() in C:\Users\Dmitrist10\Desktop\VoxelGames\Source\Project_08_VE\Source\VoxelEngine\Engine\Modules\Graphics\Graphics.OpenGL\Source\GL_GraphicsCommandsList.cs:line 135
[22:43:55.490] [ERROR] [GL_GraphicsCommandsList:186] Crashed while executing rendering commands stacktrace:    at VoxelEngine.Graphics.OpenGL.GL_GraphicsCommandsList.Execute() in C:\Users\Dmitrist10\Desktop\VoxelGames\Source\Project_08_VE\Source\VoxelEngine\Engine\Modules\Graphics\Graphics.OpenGL\Source\GL_GraphicsCommandsList.cs:line 135
[22:43:55.497] [ERROR] [GL_GraphicsCommandsList:186] Crashed while executing rendering commands stacktrace:    at VoxelEngine.Graphics.OpenGL.GL_GraphicsCommandsList.Execute() in C:\Users\Dmitrist10\Desktop\VoxelGames\Source\Project_08_VE\Source\VoxelEngine\Engine\Modules\Graphics\Graphics.OpenGL\Source\GL_GraphicsCommandsList.cs:line 135
[22:43:55.503] [ERROR] [GL_GraphicsCommandsList:186] Crashed while executing rendering commands stacktrace:    at VoxelEngine.Graphics.OpenGL.GL_GraphicsCommandsList.Execute() in C:\Users\Dmitrist10\Desktop\VoxelGames\Source\Project_08_VE\Source\VoxelEngine\Engine\Modules\Graphics\Graphics.OpenGL\Source\GL_GraphicsCommandsList.cs:line 135
[22:43:55.509] [ERROR] [GL_GraphicsCommandsList:186] Crashed while executing rendering commands stacktrace:    at VoxelEngine.Graphics.OpenGL.GL_GraphicsCommandsList.Execute() in C:\Users\Dmitrist10\Desktop\VoxelGames\Source\Project_08_VE\Source\VoxelEngine\Engine\Modules\Graphics\Graphics.OpenGL\Source\GL_GraphicsCommandsList.cs:line 135
[22:43:55.514] [ERROR] [GL_GraphicsCommandsList:186] Crashed while executing rendering commands stacktrace:    at VoxelEngine.Graphics.OpenGL.GL_GraphicsCommandsList.Execute() in C:\Users\Dmitrist10\Desktop\VoxelGames\Source\Project_08_VE\Source\VoxelEngine\Engine\Modules\Graphics\Graphics.OpenGL\Source\GL_GraphicsCommandsList.cs:line 135
[22:43:55.521] [ERROR] [GL_GraphicsCommandsList:186] Crashed while executing rendering commands stacktrace:    at VoxelEngine.Graphics.OpenGL.GL_GraphicsCommandsList.Execute() in C:\Users\Dmitrist10\Desktop\VoxelGames\Source\Project_08_VE\Source\VoxelEngine\Engine\Modules\Graphics\Graphics.OpenGL\Source\GL_GraphicsCommandsList.cs:line 135
[22:43:55.527] [ERROR] [GL_GraphicsCommandsList:186] Crashed while executing rendering commands stacktrace:    at VoxelEngine.Graphics.OpenGL.GL_GraphicsCommandsList.Execute() in C:\Users\Dmitrist10\Desktop\VoxelGames\Source\Project_08_VE\Source\VoxelEngine\Engine\Modules\Graphics\Graphics.OpenGL\Source\GL_GraphicsCommandsList.cs:line 135
[22:43:55.533] [ERROR] [GL_GraphicsCommandsList:186] Crashed while executing rendering commands stacktrace:    at VoxelEngine.Graphics.OpenGL.GL_GraphicsCommandsList.Execute() in C:\Users\Dmitrist10\Desktop\VoxelGames\Source\Project_08_VE\Source\VoxelEngine\Engine\Modules\Graphics\Graphics.OpenGL\Source\GL_GraphicsCommandsList.cs:line 135
[22:43:55.539] [ERROR] [GL_GraphicsCommandsList:186] Crashed while executing rendering commands stacktrace:    at VoxelEngine.Graphics.OpenGL.GL_GraphicsCommandsList.Execute() in C:\Users\Dmitrist10\Desktop\VoxelGames\Source\Project_08_VE\Source\VoxelEngine\Engine\Modules\Graphics\Graphics.OpenGL\Source\GL_GraphicsCommandsList.cs:line 135
[22:43:55.545] [ERROR] [GL_GraphicsCommandsList:186] Crashed while executing rendering commands stacktrace:    at VoxelEngine.Graphics.OpenGL.GL_GraphicsCommandsList.Execute() in C:\Users\Dmitrist10\Desktop\VoxelGames\Source\Project_08_VE\Source\VoxelEngine\Engine\Modules\Graphics\Graphics.OpenGL\Source\GL_GraphicsCommandsList.cs:line 135
[22:43:55.551] [ERROR] [GL_GraphicsCommandsList:186] Crashed while executing rendering commands stacktrace:    at VoxelEngine.Graphics.OpenGL.GL_GraphicsCommandsList.Execute() in C:\Users\Dmitrist10\Desktop\VoxelGames\Source\Project_08_VE\Source\VoxelEngine\Engine\Modules\Graphics\Graphics.OpenGL\Source\GL_GraphicsCommandsList.cs:line 135
[22:43:55.557] [ERROR] [GL_GraphicsCommandsList:186] Crashed while executing rendering commands stacktrace:    at VoxelEngine.Graphics.OpenGL.GL_GraphicsCommandsList.Execute() in C:\Users\Dmitrist10\Desktop\VoxelGames\Source\Project_08_VE\Source\VoxelEngine\Engine\Modules\Graphics\Graphics.OpenGL\Source\GL_GraphicsCommandsList.cs:line 135
[22:43:55.563] [ERROR] [GL_GraphicsCommandsList:186] Crashed while executing rendering commands stacktrace:    at VoxelEngine.Graphics.OpenGL.GL_GraphicsCommandsList.Execute() in C:\Users\Dmitrist10\Desktop\VoxelGames\Source\Project_08_VE\Source\VoxelEngine\Engine\Modules\Graphics\Graphics.OpenGL\Source\GL_GraphicsCommandsList.cs:line 135
[22:43:55.569] [ERROR] [GL_GraphicsCommandsList:186] Crashed while executing rendering commands stacktrace:    at VoxelEngine.Graphics.OpenGL.GL_GraphicsCommandsList.Execute() in C:\Users\Dmitrist10\Desktop\VoxelGames\Source\Project_08_VE\Source\VoxelEngine\Engine\Modules\Graphics\Graphics.OpenGL\Source\GL_GraphicsCommandsList.cs:line 135
[22:43:55.575] [ERROR] [GL_GraphicsCommandsList:186] Crashed while executing rendering commands stacktrace:    at VoxelEngine.Graphics.OpenGL.GL_GraphicsCommandsList.Execute() in C:\Users\Dmitrist10\Desktop\VoxelGames\Source\Project_08_VE\Source\VoxelEngine\Engine\Modules\Graphics\Graphics.OpenGL\Source\GL_GraphicsCommandsList.cs:line 135
[22:43:55.582] [ERROR] [GL_GraphicsCommandsList:186] Crashed while executing rendering commands stacktrace:    at VoxelEngine.Graphics.OpenGL.GL_GraphicsCommandsList.Execute() in C:\Users\Dmitrist10\Desktop\VoxelGames\Source\Project_08_VE\Source\VoxelEngine\Engine\Modules\Graphics\Graphics.OpenGL\Source\GL_GraphicsCommandsList.cs:line 135
[22:43:55.587] [ERROR] [GL_GraphicsCommandsList:186] Crashed while executing rendering commands stacktrace:    at VoxelEngine.Graphics.OpenGL.GL_GraphicsCommandsList.Execute() in C:\Users\Dmitrist10\Desktop\VoxelGames\Source\Project_08_VE\Source\VoxelEngine\Engine\Modules\Graphics\Graphics.OpenGL\Source\GL_GraphicsCommandsList.cs:line 135
[22:43:55.594] [ERROR] [GL_GraphicsCommandsList:186] Crashed while executing rendering commands stacktrace:    at VoxelEngine.Graphics.OpenGL.GL_GraphicsCommandsList.Execute() in C:\Users\Dmitrist10\Desktop\VoxelGames\Source\Project_08_VE\Source\VoxelEngine\Engine\Modules\Graphics\Graphics.OpenGL\Source\GL_GraphicsCommandsList.cs:line 135
[22:43:55.599] [ERROR] [GL_GraphicsCommandsList:186] Crashed while executing rendering commands stacktrace:    at VoxelEngine.Graphics.OpenGL.GL_GraphicsCommandsList.Execute() in C:\Users\Dmitrist10\Desktop\VoxelGames\Source\Project_08_VE\Source\VoxelEngine\Engine\Modules\Graphics\Graphics.OpenGL\Source\GL_GraphicsCommandsList.cs:line 135
[22:43:55.606] [ERROR] [GL_GraphicsCommandsList:186] Crashed while executing rendering commands stacktrace:    at VoxelEngine.Graphics.OpenGL.GL_GraphicsCommandsList.Execute() in C:\Users\Dmitrist10\Desktop\VoxelGames\Source\Project_08_VE\Source\VoxelEngine\Engine\Modules\Graphics\Graphics.OpenGL\Source\GL_GraphicsCommandsList.cs:line 135
[22:43:55.611] [ERROR] [GL_GraphicsCommandsList:186] Crashed while executing rendering commands stacktrace:    at VoxelEngine.Graphics.OpenGL.GL_GraphicsCommandsList.Execute() in C:\Users\Dmitrist10\Desktop\VoxelGames\Source\Project_08_VE\Source\VoxelEngine\Engine\Modules\Graphics\Graphics.OpenGL\Source\GL_GraphicsCommandsList.cs:line 135
[22:43:55.618] [ERROR] [GL_GraphicsCommandsList:186] Crashed while executing rendering commands stacktrace:    at VoxelEngine.Graphics.OpenGL.GL_GraphicsCommandsList.Execute() in C:\Users\Dmitrist10\Desktop\VoxelGames\Source\Project_08_VE\Source\VoxelEngine\Engine\Modules\Graphics\Graphics.OpenGL\Source\GL_GraphicsCommandsList.cs:line 135
[22:43:55.623] [ERROR] [GL_GraphicsCommandsList:186] Crashed while executing rendering commands stacktrace:    at VoxelEngine.Graphics.OpenGL.GL_GraphicsCommandsList.Execute() in C:\Users\Dmitrist10\Desktop\VoxelGames\Source\Project_08_VE\Source\VoxelEngine\Engine\Modules\Graphics\Graphics.OpenGL\Source\GL_GraphicsCommandsList.cs:line 135
[22:43:55.630] [ERROR] [GL_GraphicsCommandsList:186] Crashed while executing rendering commands stacktrace:    at VoxelEngine.Graphics.OpenGL.GL_GraphicsCommandsList.Execute() in C:\Users\Dmitrist10\Desktop\VoxelGames\Source\Project_08_VE\Source\VoxelEngine\Engine\Modules\Graphics\Graphics.OpenGL\Source\GL_GraphicsCommandsList.cs:line 135
[22:43:55.636] [ERROR] [GL_GraphicsCommandsList:186] Crashed while executing rendering commands stacktrace:    at VoxelEngine.Graphics.OpenGL.GL_GraphicsCommandsList.Execute() in C:\Users\Dmitrist10\Desktop\VoxelGames\Source\Project_08_VE\Source\VoxelEngine\Engine\Modules\Graphics\Graphics.OpenGL\Source\GL_GraphicsCommandsList.cs:line 135
[22:43:55.642] [ERROR] [GL_GraphicsCommandsList:186] Crashed while executing rendering commands stacktrace:    at VoxelEngine.Graphics.OpenGL.GL_GraphicsCommandsList.Execute() in C:\Users\Dmitrist10\Desktop\VoxelGames\Source\Project_08_VE\Source\VoxelEngine\Engine\Modules\Graphics\Graphics.OpenGL\Source\GL_GraphicsCommandsList.cs:line 135
[22:43:55.648] [ERROR] [GL_GraphicsCommandsList:186] Crashed while executing rendering commands stacktrace:    at VoxelEngine.Graphics.OpenGL.GL_GraphicsCommandsList.Execute() in C:\Users\Dmitrist10\Desktop\VoxelGames\Source\Project_08_VE\Source\VoxelEngine\Engine\Modules\Graphics\Graphics.OpenGL\Source\GL_GraphicsCommandsList.cs:line 135
[22:43:55.654] [ERROR] [GL_GraphicsCommandsList:186] Crashed while executing rendering commands stacktrace:    at VoxelEngine.Graphics.OpenGL.GL_GraphicsCommandsList.Execute() in C:\Users\Dmitrist10\Desktop\VoxelGames\Source\Project_08_VE\Source\VoxelEngine\Engine\Modules\Graphics\Graphics.OpenGL\Source\GL_GraphicsCommandsList.cs:line 135
[22:43:55.660] [ERROR] [GL_GraphicsCommandsList:186] Crashed while executing rendering commands stacktrace:    at VoxelEngine.Graphics.OpenGL.GL_GraphicsCommandsList.Execute() in C:\Users\Dmitrist10\Desktop\VoxelGames\Source\Project_08_VE\Source\VoxelEngine\Engine\Modules\Graphics\Graphics.OpenGL\Source\GL_GraphicsCommandsList.cs:line 135
[22:43:55.667] [ERROR] [GL_GraphicsCommandsList:186] Crashed while executing rendering commands stacktrace:    at VoxelEngine.Graphics.OpenGL.GL_GraphicsCommandsList.Execute() in C:\Users\Dmitrist10\Desktop\VoxelGames\Source\Project_08_VE\Source\VoxelEngine\Engine\Modules\Graphics\Graphics.OpenGL\Source\GL_GraphicsCommandsList.cs:line 135
[22:43:55.672] [ERROR] [GL_GraphicsCommandsList:186] Crashed while executing rendering commands stacktrace:    at VoxelEngine.Graphics.OpenGL.GL_GraphicsCommandsList.Execute() in C:\Users\Dmitrist10\Desktop\VoxelGames\Source\Project_08_VE\Source\VoxelEngine\Engine\Modules\Graphics\Graphics.OpenGL\Source\GL_GraphicsCommandsList.cs:line 135
[22:43:55.679] [ERROR] [GL_GraphicsCommandsList:186] Crashed while executing rendering commands stacktrace:    at VoxelEngine.Graphics.OpenGL.GL_GraphicsCommandsList.Execute() in C:\Users\Dmitrist10\Desktop\VoxelGames\Source\Project_08_VE\Source\VoxelEngine\Engine\Modules\Graphics\Graphics.OpenGL\Source\GL_GraphicsCommandsList.cs:line 135
[22:43:55.684] [ERROR] [GL_GraphicsCommandsList:186] Crashed while executing rendering commands stacktrace:    at VoxelEngine.Graphics.OpenGL.GL_GraphicsCommandsList.Execute() in C:\Users\Dmitrist10\Desktop\VoxelGames\Source\Project_08_VE\Source\VoxelEngine\Engine\Modules\Graphics\Graphics.OpenGL\Source\GL_GraphicsCommandsList.cs:line 135
[22:43:55.691] [ERROR] [GL_GraphicsCommandsList:186] Crashed while executing rendering commands stacktrace:    at VoxelEngine.Graphics.OpenGL.GL_GraphicsCommandsList.Execute() in C:\Users\Dmitrist10\Desktop\VoxelGames\Source\Project_08_VE\Source\VoxelEngine\Engine\Modules\Graphics\Graphics.OpenGL\Source\GL_GraphicsCommandsList.cs:line 135
[22:43:55.696] [ERROR] [GL_GraphicsCommandsList:186] Crashed while executing rendering commands stacktrace:    at VoxelEngine.Graphics.OpenGL.GL_GraphicsCommandsList.Execute() in C:\Users\Dmitrist10\Desktop\VoxelGames\Source\Project_08_VE\Source\VoxelEngine\Engine\Modules\Graphics\Graphics.OpenGL\Source\GL_GraphicsCommandsList.cs:line 135
[22:43:55.702] [ERROR] [GL_GraphicsCommandsList:186] Crashed while executing rendering commands stacktrace:    at VoxelEngine.Graphics.OpenGL.GL_GraphicsCommandsList.Execute() in C:\Users\Dmitrist10\Desktop\VoxelGames\Source\Project_08_VE\Source\VoxelEngine\Engine\Modules\Graphics\Graphics.OpenGL\Source\GL_GraphicsCommandsList.cs:line 135
[22:43:55.709] [ERROR] [GL_GraphicsCommandsList:186] Crashed while executing rendering commands stacktrace:    at VoxelEngine.Graphics.OpenGL.GL_GraphicsCommandsList.Execute() in C:\Users\Dmitrist10\Desktop\VoxelGames\Source\Project_08_VE\Source\VoxelEngine\Engine\Modules\Graphics\Graphics.OpenGL\Source\GL_GraphicsCommandsList.cs:line 135
[22:43:55.715] [ERROR] [GL_GraphicsCommandsList:186] Crashed while executing rendering commands stacktrace:    at VoxelEngine.Graphics.OpenGL.GL_GraphicsCommandsList.Execute() in C:\Users\Dmitrist10\Desktop\VoxelGames\Source\Project_08_VE\Source\VoxelEngine\Engine\Modules\Graphics\Graphics.OpenGL\Source\GL_GraphicsCommandsList.cs:line 135
[22:43:55.720] [ERROR] [GL_GraphicsCommandsList:186] Crashed while executing rendering commands stacktrace:    at VoxelEngine.Graphics.OpenGL.GL_GraphicsCommandsList.Execute() in C:\Users\Dmitrist10\Desktop\VoxelGames\Source\Project_08_VE\Source\VoxelEngine\Engine\Modules\Graphics\Graphics.OpenGL\Source\GL_GraphicsCommandsList.cs:line 135
[22:43:55.727] [ERROR] [GL_GraphicsCommandsList:186] Crashed while executing rendering commands stacktrace:    at VoxelEngine.Graphics.OpenGL.GL_GraphicsCommandsList.Execute() in C:\Users\Dmitrist10\Desktop\VoxelGames\Source\Project_08_VE\Source\VoxelEngine\Engine\Modules\Graphics\Graphics.OpenGL\Source\GL_GraphicsCommandsList.cs:line 135
[22:43:55.733] [ERROR] [GL_GraphicsCommandsList:186] Crashed while executing rendering commands stacktrace:    at VoxelEngine.Graphics.OpenGL.GL_GraphicsCommandsList.Execute() in C:\Users\Dmitrist10\Desktop\VoxelGames\Source\Project_08_VE\Source\VoxelEngine\Engine\Modules\Graphics\Graphics.OpenGL\Source\GL_GraphicsCommandsList.cs:line 135
[22:43:55.739] [ERROR] [GL_GraphicsCommandsList:186] Crashed while executing rendering commands stacktrace:    at VoxelEngine.Graphics.OpenGL.GL_GraphicsCommandsList.Execute() in C:\Users\Dmitrist10\Desktop\VoxelGames\Source\Project_08_VE\Source\VoxelEngine\Engine\Modules\Graphics\Graphics.OpenGL\Source\GL_GraphicsCommandsList.cs:line 135
[22:43:55.745] [ERROR] [GL_GraphicsCommandsList:186] Crashed while executing rendering commands stacktrace:    at VoxelEngine.Graphics.OpenGL.GL_GraphicsCommandsList.Execute() in C:\Users\Dmitrist10\Desktop\VoxelGames\Source\Project_08_VE\Source\VoxelEngine\Engine\Modules\Graphics\Graphics.OpenGL\Source\GL_GraphicsCommandsList.cs:line 135
[22:43:55.752] [ERROR] [GL_GraphicsCommandsList:186] Crashed while executing rendering commands stacktrace:    at VoxelEngine.Graphics.OpenGL.GL_GraphicsCommandsList.Execute() in C:\Users\Dmitrist10\Desktop\VoxelGames\Source\Project_08_VE\Source\VoxelEngine\Engine\Modules\Graphics\Graphics.OpenGL\Source\GL_GraphicsCommandsList.cs:line 135
[22:43:55.757] [ERROR] [GL_GraphicsCommandsList:186] Crashed while executing rendering commands stacktrace:    at VoxelEngine.Graphics.OpenGL.GL_GraphicsCommandsList.Execute() in C:\Users\Dmitrist10\Desktop\VoxelGames\Source\Project_08_VE\Source\VoxelEngine\Engine\Modules\Graphics\Graphics.OpenGL\Source\GL_GraphicsCommandsList.cs:line 135
[22:43:55.764] [ERROR] [GL_GraphicsCommandsList:186] Crashed while executing rendering commands stacktrace:    at VoxelEngine.Graphics.OpenGL.GL_GraphicsCommandsList.Execute() in C:\Users\Dmitrist10\Desktop\VoxelGames\Source\Project_08_VE\Source\VoxelEngine\Engine\Modules\Graphics\Graphics.OpenGL\Source\GL_GraphicsCommandsList.cs:line 135
[22:43:55.770] [ERROR] [GL_GraphicsCommandsList:186] Crashed while executing rendering commands stacktrace:    at VoxelEngine.Graphics.OpenGL.GL_GraphicsCommandsList.Execute() in C:\Users\Dmitrist10\Desktop\VoxelGames\Source\Project_08_VE\Source\VoxelEngine\Engine\Modules\Graphics\Graphics.OpenGL\Source\GL_GraphicsCommandsList.cs:line 135
[22:43:55.775] [ERROR] [GL_GraphicsCommandsList:186] Crashed while executing rendering commands stacktrace:    at VoxelEngine.Graphics.OpenGL.GL_GraphicsCommandsList.Execute() in C:\Users\Dmitrist10\Desktop\VoxelGames\Source\Project_08_VE\Source\VoxelEngine\Engine\Modules\Graphics\Graphics.OpenGL\Source\GL_GraphicsCommandsList.cs:line 135
[22:43:55.781] [ERROR] [GL_GraphicsCommandsList:186] Crashed while executing rendering commands stacktrace:    at VoxelEngine.Graphics.OpenGL.GL_GraphicsCommandsList.Execute() in C:\Users\Dmitrist10\Desktop\VoxelGames\Source\Project_08_VE\Source\VoxelEngine\Engine\Modules\Graphics\Graphics.OpenGL\Source\GL_GraphicsCommandsList.cs:line 135
[22:43:55.788] [ERROR] [GL_GraphicsCommandsList:186] Crashed while executing rendering commands stacktrace:    at VoxelEngine.Graphics.OpenGL.GL_GraphicsCommandsList.Execute() in C:\Users\Dmitrist10\Desktop\VoxelGames\Source\Project_08_VE\Source\VoxelEngine\Engine\Modules\Graphics\Graphics.OpenGL\Source\GL_GraphicsCommandsList.cs:line 135
[22:43:55.793] [ERROR] [GL_GraphicsCommandsList:186] Crashed while executing rendering commands stacktrace:    at VoxelEngine.Graphics.OpenGL.GL_GraphicsCommandsList.Execute() in C:\Users\Dmitrist10\Desktop\VoxelGames\Source\Project_08_VE\Source\VoxelEngine\Engine\Modules\Graphics\Graphics.OpenGL\Source\GL_GraphicsCommandsList.cs:line 135
[22:43:55.800] [ERROR] [GL_GraphicsCommandsList:186] Crashed while executing rendering commands stacktrace:    at VoxelEngine.Graphics.OpenGL.GL_GraphicsCommandsList.Execute() in C:\Users\Dmitrist10\Desktop\VoxelGames\Source\Project_08_VE\Source\VoxelEngine\Engine\Modules\Graphics\Graphics.OpenGL\Source\GL_GraphicsCommandsList.cs:line 135
[22:43:55.805] [ERROR] [GL_GraphicsCommandsList:186] Crashed while executing rendering commands stacktrace:    at VoxelEngine.Graphics.OpenGL.GL_GraphicsCommandsList.Execute() in C:\Users\Dmitrist10\Desktop\VoxelGames\Source\Project_08_VE\Source\VoxelEngine\Engine\Modules\Graphics\Graphics.OpenGL\Source\GL_GraphicsCommandsList.cs:line 135
[22:43:55.812] [ERROR] [GL_GraphicsCommandsList:186] Crashed while executing rendering commands stacktrace:    at VoxelEngine.Graphics.OpenGL.GL_GraphicsCommandsList.Execute() in C:\Users\Dmitrist10\Desktop\VoxelGames\Source\Project_08_VE\Source\VoxelEngine\Engine\Modules\Graphics\Graphics.OpenGL\Source\GL_GraphicsCommandsList.cs:line 135
[22:43:55.817] [ERROR] [GL_GraphicsCommandsList:186] Crashed while executing rendering commands stacktrace:    at VoxelEngine.Graphics.OpenGL.GL_GraphicsCommandsList.Execute() in C:\Users\Dmitrist10\Desktop\VoxelGames\Source\Project_08_VE\Source\VoxelEngine\Engine\Modules\Graphics\Graphics.OpenGL\Source\GL_GraphicsCommandsList.cs:line 135
[22:43:55.824] [ERROR] [GL_GraphicsCommandsList:186] Crashed while executing rendering commands stacktrace:    at VoxelEngine.Graphics.OpenGL.GL_GraphicsCommandsList.Execute() in C:\Users\Dmitrist10\Desktop\VoxelGames\Source\Project_08_VE\Source\VoxelEngine\Engine\Modules\Graphics\Graphics.OpenGL\Source\GL_GraphicsCommandsList.cs:line 135
[22:43:55.829] [ERROR] [GL_GraphicsCommandsList:186] Crashed while executing rendering commands stacktrace:    at VoxelEngine.Graphics.OpenGL.GL_GraphicsCommandsList.Execute() in C:\Users\Dmitrist10\Desktop\VoxelGames\Source\Project_08_VE\Source\VoxelEngine\Engine\Modules\Graphics\Graphics.OpenGL\Source\GL_GraphicsCommandsList.cs:line 135
[22:43:55.836] [ERROR] [GL_GraphicsCommandsList:186] Crashed while executing rendering commands stacktrace:    at VoxelEngine.Graphics.OpenGL.GL_GraphicsCommandsList.Execute() in C:\Users\Dmitrist10\Desktop\VoxelGames\Source\Project_08_VE\Source\VoxelEngine\Engine\Modules\Graphics\Graphics.OpenGL\Source\GL_GraphicsCommandsList.cs:line 135
[22:43:55.842] [ERROR] [GL_GraphicsCommandsList:186] Crashed while executing rendering commands stacktrace:    at VoxelEngine.Graphics.OpenGL.GL_GraphicsCommandsList.Execute() in C:\Users\Dmitrist10\Desktop\VoxelGames\Source\Project_08_VE\Source\VoxelEngine\Engine\Modules\Graphics\Graphics.OpenGL\Source\GL_GraphicsCommandsList.cs:line 135
[22:43:55.848] [ERROR] [GL_GraphicsCommandsList:186] Crashed while executing rendering commands stacktrace:    at VoxelEngine.Graphics.OpenGL.GL_GraphicsCommandsList.Execute() in C:\Users\Dmitrist10\Desktop\VoxelGames\Source\Project_08_VE\Source\VoxelEngine\Engine\Modules\Graphics\Graphics.OpenGL\Source\GL_GraphicsCommandsList.cs:line 135
[22:43:55.854] [ERROR] [GL_GraphicsCommandsList:186] Crashed while executing rendering commands stacktrace:    at VoxelEngine.Graphics.OpenGL.GL_GraphicsCommandsList.Execute() in C:\Users\Dmitrist10\Desktop\VoxelGames\Source\Project_08_VE\Source\VoxelEngine\Engine\Modules\Graphics\Graphics.OpenGL\Source\GL_GraphicsCommandsList.cs:line 135
[22:43:55.860] [ERROR] [GL_GraphicsCommandsList:186] Crashed while executing rendering commands stacktrace:    at VoxelEngine.Graphics.OpenGL.GL_GraphicsCommandsList.Execute() in C:\Users\Dmitrist10\Desktop\VoxelGames\Source\Project_08_VE\Source\VoxelEngine\Engine\Modules\Graphics\Graphics.OpenGL\Source\GL_GraphicsCommandsList.cs:line 135
[22:43:55.866] [ERROR] [GL_GraphicsCommandsList:186] Crashed while executing rendering commands stacktrace:    at VoxelEngine.Graphics.OpenGL.GL_GraphicsCommandsList.Execute() in C:\Users\Dmitrist10\Desktop\VoxelGames\Source\Project_08_VE\Source\VoxelEngine\Engine\Modules\Graphics\Graphics.OpenGL\Source\GL_GraphicsCommandsList.cs:line 135
[22:43:55.872] [ERROR] [GL_GraphicsCommandsList:186] Crashed while executing rendering commands stacktrace:    at VoxelEngine.Graphics.OpenGL.GL_GraphicsCommandsList.Execute() in C:\Users\Dmitrist10\Desktop\VoxelGames\Source\Project_08_VE\Source\VoxelEngine\Engine\Modules\Graphics\Graphics.OpenGL\Source\GL_GraphicsCommandsList.cs:line 135
[22:43:55.879] [ERROR] [GL_GraphicsCommandsList:186] Crashed while executing rendering commands stacktrace:    at VoxelEngine.Graphics.OpenGL.GL_GraphicsCommandsList.Execute() in C:\Users\Dmitrist10\Desktop\VoxelGames\Source\Project_08_VE\Source\VoxelEngine\Engine\Modules\Graphics\Graphics.OpenGL\Source\GL_GraphicsCommandsList.cs:line 135
[22:43:55.885] [ERROR] [GL_GraphicsCommandsList:186] Crashed while executing rendering commands stacktrace:    at VoxelEngine.Graphics.OpenGL.GL_GraphicsCommandsList.Execute() in C:\Users\Dmitrist10\Desktop\VoxelGames\Source\Project_08_VE\Source\VoxelEngine\Engine\Modules\Graphics\Graphics.OpenGL\Source\GL_GraphicsCommandsList.cs:line 135
[22:43:55.891] [ERROR] [GL_GraphicsCommandsList:186] Crashed while executing rendering commands stacktrace:    at VoxelEngine.Graphics.OpenGL.GL_GraphicsCommandsList.Execute() in C:\Users\Dmitrist10\Desktop\VoxelGames\Source\Project_08_VE\Source\VoxelEngine\Engine\Modules\Graphics\Graphics.OpenGL\Source\GL_GraphicsCommandsList.cs:line 135
[22:43:55.897] [ERROR] [GL_GraphicsCommandsList:186] Crashed while executing rendering commands stacktrace:    at VoxelEngine.Graphics.OpenGL.GL_GraphicsCommandsList.Execute() in C:\Users\Dmitrist10\Desktop\VoxelGames\Source\Project_08_VE\Source\VoxelEngine\Engine\Modules\Graphics\Graphics.OpenGL\Source\GL_GraphicsCommandsList.cs:line 135
[22:43:55.902] [ERROR] [GL_GraphicsCommandsList:186] Crashed while executing rendering commands stacktrace:    at VoxelEngine.Graphics.OpenGL.GL_GraphicsCommandsList.Execute() in C:\Users\Dmitrist10\Desktop\VoxelGames\Source\Project_08_VE\Source\VoxelEngine\Engine\Modules\Graphics\Graphics.OpenGL\Source\GL_GraphicsCommandsList.cs:line 135
[22:43:55.909] [ERROR] [GL_GraphicsCommandsList:186] Crashed while executing rendering commands stacktrace:    at VoxelEngine.Graphics.OpenGL.GL_GraphicsCommandsList.Execute() in C:\Users\Dmitrist10\Desktop\VoxelGames\Source\Project_08_VE\Source\VoxelEngine\Engine\Modules\Graphics\Graphics.OpenGL\Source\GL_GraphicsCommandsList.cs:line 135
[22:43:55.914] [ERROR] [GL_GraphicsCommandsList:186] Crashed while executing rendering commands stacktrace:    at VoxelEngine.Graphics.OpenGL.GL_GraphicsCommandsList.Execute() in C:\Users\Dmitrist10\Desktop\VoxelGames\Source\Project_08_VE\Source\VoxelEngine\Engine\Modules\Graphics\Graphics.OpenGL\Source\GL_GraphicsCommandsList.cs:line 135
[22:43:55.921] [ERROR] [GL_GraphicsCommandsList:186] Crashed while executing rendering commands stacktrace:    at VoxelEngine.Graphics.OpenGL.GL_GraphicsCommandsList.Execute() in C:\Users\Dmitrist10\Desktop\VoxelGames\Source\Project_08_VE\Source\VoxelEngine\Engine\Modules\Graphics\Graphics.OpenGL\Source\GL_GraphicsCommandsList.cs:line 135
[22:43:55.927] [ERROR] [GL_GraphicsCommandsList:186] Crashed while executing rendering commands stacktrace:    at VoxelEngine.Graphics.OpenGL.GL_GraphicsCommandsList.Execute() in C:\Users\Dmitrist10\Desktop\VoxelGames\Source\Project_08_VE\Source\VoxelEngine\Engine\Modules\Graphics\Graphics.OpenGL\Source\GL_GraphicsCommandsList.cs:line 135
[22:43:55.934] [ERROR] [GL_GraphicsCommandsList:186] Crashed while executing rendering commands stacktrace:    at VoxelEngine.Graphics.OpenGL.GL_GraphicsCommandsList.Execute() in C:\Users\Dmitrist10\Desktop\VoxelGames\Source\Project_08_VE\Source\VoxelEngine\Engine\Modules\Graphics\Graphics.OpenGL\Source\GL_GraphicsCommandsList.cs:line 135
[22:43:55.939] [ERROR] [GL_GraphicsCommandsList:186] Crashed while executing rendering commands stacktrace:    at VoxelEngine.Graphics.OpenGL.GL_GraphicsCommandsList.Execute() in C:\Users\Dmitrist10\Desktop\VoxelGames\Source\Project_08_VE\Source\VoxelEngine\Engine\Modules\Graphics\Graphics.OpenGL\Source\GL_GraphicsCommandsList.cs:line 135
[22:43:55.945] [ERROR] [GL_GraphicsCommandsList:186] Crashed while executing rendering commands stacktrace:    at VoxelEngine.Graphics.OpenGL.GL_GraphicsCommandsList.Execute() in C:\Users\Dmitrist10\Desktop\VoxelGames\Source\Project_08_VE\Source\VoxelEngine\Engine\Modules\Graphics\Graphics.OpenGL\Source\GL_GraphicsCommandsList.cs:line 135
[22:43:55.951] [ERROR] [GL_GraphicsCommandsList:186] Crashed while executing rendering commands stacktrace:    at VoxelEngine.Graphics.OpenGL.GL_GraphicsCommandsList.Execute() in C:\Users\Dmitrist10\Desktop\VoxelGames\Source\Project_08_VE\Source\VoxelEngine\Engine\Modules\Graphics\Graphics.OpenGL\Source\GL_GraphicsCommandsList.cs:line 135
[22:43:55.958] [ERROR] [GL_GraphicsCommandsList:186] Crashed while executing rendering commands stacktrace:    at VoxelEngine.Graphics.OpenGL.GL_GraphicsCommandsList.Execute() in C:\Users\Dmitrist10\Desktop\VoxelGames\Source\Project_08_VE\Source\VoxelEngine\Engine\Modules\Graphics\Graphics.OpenGL\Source\GL_GraphicsCommandsList.cs:line 135
[22:43:55.963] [ERROR] [GL_GraphicsCommandsList:186] Crashed while executing rendering commands stacktrace:    at VoxelEngine.Graphics.OpenGL.GL_GraphicsCommandsList.Execute() in C:\Users\Dmitrist10\Desktop\VoxelGames\Source\Project_08_VE\Source\VoxelEngine\Engine\Modules\Graphics\Graphics.OpenGL\Source\GL_GraphicsCommandsList.cs:line 135
[22:43:55.969] [ERROR] [GL_GraphicsCommandsList:186] Crashed while executing rendering commands stacktrace:    at VoxelEngine.Graphics.OpenGL.GL_GraphicsCommandsList.Execute() in C:\Users\Dmitrist10\Desktop\VoxelGames\Source\Project_08_VE\Source\VoxelEngine\Engine\Modules\Graphics\Graphics.OpenGL\Source\GL_GraphicsCommandsList.cs:line 135
[22:43:55.975] [ERROR] [GL_GraphicsCommandsList:186] Crashed while executing rendering commands stacktrace:    at VoxelEngine.Graphics.OpenGL.GL_GraphicsCommandsList.Execute() in C:\Users\Dmitrist10\Desktop\VoxelGames\Source\Project_08_VE\Source\VoxelEngine\Engine\Modules\Graphics\Graphics.OpenGL\Source\GL_GraphicsCommandsList.cs:line 135
[22:43:55.981] [ERROR] [GL_GraphicsCommandsList:186] Crashed while executing rendering commands stacktrace:    at VoxelEngine.Graphics.OpenGL.GL_GraphicsCommandsList.Execute() in C:\Users\Dmitrist10\Desktop\VoxelGames\Source\Project_08_VE\Source\VoxelEngine\Engine\Modules\Graphics\Graphics.OpenGL\Source\GL_GraphicsCommandsList.cs:line 135
[22:43:55.987] [ERROR] [GL_GraphicsCommandsList:186] Crashed while executing rendering commands stacktrace:    at VoxelEngine.Graphics.OpenGL.GL_GraphicsCommandsList.Execute() in C:\Users\Dmitrist10\Desktop\VoxelGames\Source\Project_08_VE\Source\VoxelEngine\Engine\Modules\Graphics\Graphics.OpenGL\Source\GL_GraphicsCommandsList.cs:line 135
[22:43:55.993] [ERROR] [GL_GraphicsCommandsList:186] Crashed while executing rendering commands stacktrace:    at VoxelEngine.Graphics.OpenGL.GL_GraphicsCommandsList.Execute() in C:\Users\Dmitrist10\Desktop\VoxelGames\Source\Project_08_VE\Source\VoxelEngine\Engine\Modules\Graphics\Graphics.OpenGL\Source\GL_GraphicsCommandsList.cs:line 135
[22:43:56.000] [ERROR] [GL_GraphicsCommandsList:186] Crashed while executing rendering commands stacktrace:    at VoxelEngine.Graphics.OpenGL.GL_GraphicsCommandsList.Execute() in C:\Users\Dmitrist10\Desktop\VoxelGames\Source\Project_08_VE\Source\VoxelEngine\Engine\Modules\Graphics\Graphics.OpenGL\Source\GL_GraphicsCommandsList.cs:line 135
[22:43:56.005] [ERROR] [GL_GraphicsCommandsList:186] Crashed while executing rendering commands stacktrace:    at VoxelEngine.Graphics.OpenGL.GL_GraphicsCommandsList.Execute() in C:\Users\Dmitrist10\Desktop\VoxelGames\Source\Project_08_VE\Source\VoxelEngine\Engine\Modules\Graphics\Graphics.OpenGL\Source\GL_GraphicsCommandsList.cs:line 135
[22:43:56.011] [ERROR] [GL_GraphicsCommandsList:186] Crashed while executing rendering commands stacktrace:    at VoxelEngine.Graphics.OpenGL.GL_GraphicsCommandsList.Execute() in C:\Users\Dmitrist10\Desktop\VoxelGames\Source\Project_08_VE\Source\VoxelEngine\Engine\Modules\Graphics\Graphics.OpenGL\Source\GL_GraphicsCommandsList.cs:line 135
[22:43:56.018] [ERROR] [GL_GraphicsCommandsList:186] Crashed while executing rendering commands stacktrace:    at VoxelEngine.Graphics.OpenGL.GL_GraphicsCommandsList.Execute() in C:\Users\Dmitrist10\Desktop\VoxelGames\Source\Project_08_VE\Source\VoxelEngine\Engine\Modules\Graphics\Graphics.OpenGL\Source\GL_GraphicsCommandsList.cs:line 135
[22:43:56.023] [ERROR] [GL_GraphicsCommandsList:186] Crashed while executing rendering commands stacktrace:    at VoxelEngine.Graphics.OpenGL.GL_GraphicsCommandsList.Execute() in C:\Users\Dmitrist10\Desktop\VoxelGames\Source\Project_08_VE\Source\VoxelEngine\Engine\Modules\Graphics\Graphics.OpenGL\Source\GL_GraphicsCommandsList.cs:line 135
[22:43:56.029] [ERROR] [GL_GraphicsCommandsList:186] Crashed while executing rendering commands stacktrace:    at VoxelEngine.Graphics.OpenGL.GL_GraphicsCommandsList.Execute() in C:\Users\Dmitrist10\Desktop\VoxelGames\Source\Project_08_VE\Source\VoxelEngine\Engine\Modules\Graphics\Graphics.OpenGL\Source\GL_GraphicsCommandsList.cs:line 135
[22:43:56.035] [ERROR] [GL_GraphicsCommandsList:186] Crashed while executing rendering commands stacktrace:    at VoxelEngine.Graphics.OpenGL.GL_GraphicsCommandsList.Execute() in C:\Users\Dmitrist10\Desktop\VoxelGames\Source\Project_08_VE\Source\VoxelEngine\Engine\Modules\Graphics\Graphics.OpenGL\Source\GL_GraphicsCommandsList.cs:line 135
[22:43:56.042] [ERROR] [GL_GraphicsCommandsList:186] Crashed while executing rendering commands stacktrace:    at VoxelEngine.Graphics.OpenGL.GL_GraphicsCommandsList.Execute() in C:\Users\Dmitrist10\Desktop\VoxelGames\Source\Project_08_VE\Source\VoxelEngine\Engine\Modules\Graphics\Graphics.OpenGL\Source\GL_GraphicsCommandsList.cs:line 135
[22:43:56.047] [ERROR] [GL_GraphicsCommandsList:186] Crashed while executing rendering commands stacktrace:    at VoxelEngine.Graphics.OpenGL.GL_GraphicsCommandsList.Execute() in C:\Users\Dmitrist10\Desktop\VoxelGames\Source\Project_08_VE\Source\VoxelEngine\Engine\Modules\Graphics\Graphics.OpenGL\Source\GL_GraphicsCommandsList.cs:line 135
[22:43:56.054] [ERROR] [GL_GraphicsCommandsList:186] Crashed while executing rendering commands stacktrace:    at VoxelEngine.Graphics.OpenGL.GL_GraphicsCommandsList.Execute() in C:\Users\Dmitrist10\Desktop\VoxelGames\Source\Project_08_VE\Source\VoxelEngine\Engine\Modules\Graphics\Graphics.OpenGL\Source\GL_GraphicsCommandsList.cs:line 135
[22:43:56.059] [ERROR] [GL_GraphicsCommandsList:186] Crashed while executing rendering commands stacktrace:    at VoxelEngine.Graphics.OpenGL.GL_GraphicsCommandsList.Execute() in C:\Users\Dmitrist10\Desktop\VoxelGames\Source\Project_08_VE\Source\VoxelEngine\Engine\Modules\Graphics\Graphics.OpenGL\Source\GL_GraphicsCommandsList.cs:line 135
[22:43:56.066] [ERROR] [GL_GraphicsCommandsList:186] Crashed while executing rendering commands stacktrace:    at VoxelEngine.Graphics.OpenGL.GL_GraphicsCommandsList.Execute() in C:\Users\Dmitrist10\Desktop\VoxelGames\Source\Project_08_VE\Source\VoxelEngine\Engine\Modules\Graphics\Graphics.OpenGL\Source\GL_GraphicsCommandsList.cs:line 135
[22:43:56.071] [ERROR] [GL_GraphicsCommandsList:186] Crashed while executing rendering commands stacktrace:    at VoxelEngine.Graphics.OpenGL.GL_GraphicsCommandsList.Execute() in C:\Users\Dmitrist10\Desktop\VoxelGames\Source\Project_08_VE\Source\VoxelEngine\Engine\Modules\Graphics\Graphics.OpenGL\Source\GL_GraphicsCommandsList.cs:line 135
[22:43:56.079] [ERROR] [GL_GraphicsCommandsList:186] Crashed while executing rendering commands stacktrace:    at VoxelEngine.Graphics.OpenGL.GL_GraphicsCommandsList.Execute() in C:\Users\Dmitrist10\Desktop\VoxelGames\Source\Project_08_VE\Source\VoxelEngine\Engine\Modules\Graphics\Graphics.OpenGL\Source\GL_GraphicsCommandsList.cs:line 135
[22:43:56.083] [ERROR] [GL_GraphicsCommandsList:186] Crashed while executing rendering commands stacktrace:    at VoxelEngine.Graphics.OpenGL.GL_GraphicsCommandsList.Execute() in C:\Users\Dmitrist10\Desktop\VoxelGames\Source\Project_08_VE\Source\VoxelEngine\Engine\Modules\Graphics\Graphics.OpenGL\Source\GL_GraphicsCommandsList.cs:line 135
[22:43:56.091] [ERROR] [GL_GraphicsCommandsList:186] Crashed while executing rendering commands stacktrace:    at VoxelEngine.Graphics.OpenGL.GL_GraphicsCommandsList.Execute() in C:\Users\Dmitrist10\Desktop\VoxelGames\Source\Project_08_VE\Source\VoxelEngine\Engine\Modules\Graphics\Graphics.OpenGL\Source\GL_GraphicsCommandsList.cs:line 135
[22:43:56.096] [ERROR] [GL_GraphicsCommandsList:186] Crashed while executing rendering commands stacktrace:    at VoxelEngine.Graphics.OpenGL.GL_GraphicsCommandsList.Execute() in C:\Users\Dmitrist10\Desktop\VoxelGames\Source\Project_08_VE\Source\VoxelEngine\Engine\Modules\Graphics\Graphics.OpenGL\Source\GL_GraphicsCommandsList.cs:line 135
[22:43:56.102] [ERROR] [GL_GraphicsCommandsList:186] Crashed while executing rendering commands stacktrace:    at VoxelEngine.Graphics.OpenGL.GL_GraphicsCommandsList.Execute() in C:\Users\Dmitrist10\Desktop\VoxelGames\Source\Project_08_VE\Source\VoxelEngine\Engine\Modules\Graphics\Graphics.OpenGL\Source\GL_GraphicsCommandsList.cs:line 135
[22:43:56.108] [ERROR] [GL_GraphicsCommandsList:186] Crashed while executing rendering commands stacktrace:    at VoxelEngine.Graphics.OpenGL.GL_GraphicsCommandsList.Execute() in C:\Users\Dmitrist10\Desktop\VoxelGames\Source\Project_08_VE\Source\VoxelEngine\Engine\Modules\Graphics\Graphics.OpenGL\Source\GL_GraphicsCommandsList.cs:line 135
[22:43:56.115] [ERROR] [GL_GraphicsCommandsList:186] Crashed while executing rendering commands stacktrace:    at VoxelEngine.Graphics.OpenGL.GL_GraphicsCommandsList.Execute() in C:\Users\Dmitrist10\Desktop\VoxelGames\Source\Project_08_VE\Source\VoxelEngine\Engine\Modules\Graphics\Graphics.OpenGL\Source\GL_GraphicsCommandsList.cs:line 135
[22:43:56.121] [ERROR] [GL_GraphicsCommandsList:186] Crashed while executing rendering commands stacktrace:    at VoxelEngine.Graphics.OpenGL.GL_GraphicsCommandsList.Execute() in C:\Users\Dmitrist10\Desktop\VoxelGames\Source\Project_08_VE\Source\VoxelEngine\Engine\Modules\Graphics\Graphics.OpenGL\Source\GL_GraphicsCommandsList.cs:line 135
[22:43:56.127] [ERROR] [GL_GraphicsCommandsList:186] Crashed while executing rendering commands stacktrace:    at VoxelEngine.Graphics.OpenGL.GL_GraphicsCommandsList.Execute() in C:\Users\Dmitrist10\Desktop\VoxelGames\Source\Project_08_VE\Source\VoxelEngine\Engine\Modules\Graphics\Graphics.OpenGL\Source\GL_GraphicsCommandsList.cs:line 135
[22:43:56.133] [ERROR] [GL_GraphicsCommandsList:186] Crashed while executing rendering commands stacktrace:    at VoxelEngine.Graphics.OpenGL.GL_GraphicsCommandsList.Execute() in C:\Users\Dmitrist10\Desktop\VoxelGames\Source\Project_08_VE\Source\VoxelEngine\Engine\Modules\Graphics\Graphics.OpenGL\Source\GL_GraphicsCommandsList.cs:line 135
[22:43:56.139] [ERROR] [GL_GraphicsCommandsList:186] Crashed while executing rendering commands stacktrace:    at VoxelEngine.Graphics.OpenGL.GL_GraphicsCommandsList.Execute() in C:\Users\Dmitrist10\Desktop\VoxelGames\Source\Project_08_VE\Source\VoxelEngine\Engine\Modules\Graphics\Graphics.OpenGL\Source\GL_GraphicsCommandsList.cs:line 135
[22:43:56.145] [ERROR] [GL_GraphicsCommandsList:186] Crashed while executing rendering commands stacktrace:    at VoxelEngine.Graphics.OpenGL.GL_GraphicsCommandsList.Execute() in C:\Users\Dmitrist10\Desktop\VoxelGames\Source\Project_08_VE\Source\VoxelEngine\Engine\Modules\Graphics\Graphics.OpenGL\Source\GL_GraphicsCommandsList.cs:line 135
[22:43:56.151] [ERROR] [GL_GraphicsCommandsList:186] Crashed while executing rendering commands stacktrace:    at VoxelEngine.Graphics.OpenGL.GL_GraphicsCommandsList.Execute() in C:\Users\Dmitrist10\Desktop\VoxelGames\Source\Project_08_VE\Source\VoxelEngine\Engine\Modules\Graphics\Graphics.OpenGL\Source\GL_GraphicsCommandsList.cs:line 135
[22:43:56.157] [ERROR] [GL_GraphicsCommandsList:186] Crashed while executing rendering commands stacktrace:    at VoxelEngine.Graphics.OpenGL.GL_GraphicsCommandsList.Execute() in C:\Users\Dmitrist10\Desktop\VoxelGames\Source\Project_08_VE\Source\VoxelEngine\Engine\Modules\Graphics\Graphics.OpenGL\Source\GL_GraphicsCommandsList.cs:line 135
[22:43:56.164] [ERROR] [GL_GraphicsCommandsList:186] Crashed while executing rendering commands stacktrace:    at VoxelEngine.Graphics.OpenGL.GL_GraphicsCommandsList.Execute() in C:\Users\Dmitrist10\Desktop\VoxelGames\Source\Project_08_VE\Source\VoxelEngine\Engine\Modules\Graphics\Graphics.OpenGL\Source\GL_GraphicsCommandsList.cs:line 135
[22:43:56.169] [ERROR] [GL_GraphicsCommandsList:186] Crashed while executing rendering commands stacktrace:    at VoxelEngine.Graphics.OpenGL.GL_GraphicsCommandsList.Execute() in C:\Users\Dmitrist10\Desktop\VoxelGames\Source\Project_08_VE\Source\VoxelEngine\Engine\Modules\Graphics\Graphics.OpenGL\Source\GL_GraphicsCommandsList.cs:line 135
[22:43:56.176] [ERROR] [GL_GraphicsCommandsList:186] Crashed while executing rendering commands stacktrace:    at VoxelEngine.Graphics.OpenGL.GL_GraphicsCommandsList.Execute() in C:\Users\Dmitrist10\Desktop\VoxelGames\Source\Project_08_VE\Source\VoxelEngine\Engine\Modules\Graphics\Graphics.OpenGL\Source\GL_GraphicsCommandsList.cs:line 135
[22:43:56.181] [ERROR] [GL_GraphicsCommandsList:186] Crashed while executing rendering commands stacktrace:    at VoxelEngine.Graphics.OpenGL.GL_GraphicsCommandsList.Execute() in C:\Users\Dmitrist10\Desktop\VoxelGames\Source\Project_08_VE\Source\VoxelEngine\Engine\Modules\Graphics\Graphics.OpenGL\Source\GL_GraphicsCommandsList.cs:line 135
[22:43:56.188] [ERROR] [GL_GraphicsCommandsList:186] Crashed while executing rendering commands stacktrace:    at VoxelEngine.Graphics.OpenGL.GL_GraphicsCommandsList.Execute() in C:\Users\Dmitrist10\Desktop\VoxelGames\Source\Project_08_VE\Source\VoxelEngine\Engine\Modules\Graphics\Graphics.OpenGL\Source\GL_GraphicsCommandsList.cs:line 135
[22:43:56.193] [ERROR] [GL_GraphicsCommandsList:186] Crashed while executing rendering commands stacktrace:    at VoxelEngine.Graphics.OpenGL.GL_GraphicsCommandsList.Execute() in C:\Users\Dmitrist10\Desktop\VoxelGames\Source\Project_08_VE\Source\VoxelEngine\Engine\Modules\Graphics\Graphics.OpenGL\Source\GL_GraphicsCommandsList.cs:line 135
[22:43:56.200] [ERROR] [GL_GraphicsCommandsList:186] Crashed while executing rendering commands stacktrace:    at VoxelEngine.Graphics.OpenGL.GL_GraphicsCommandsList.Execute() in C:\Users\Dmitrist10\Desktop\VoxelGames\Source\Project_08_VE\Source\VoxelEngine\Engine\Modules\Graphics\Graphics.OpenGL\Source\GL_GraphicsCommandsList.cs:line 135
[22:43:56.205] [ERROR] [GL_GraphicsCommandsList:186] Crashed while executing rendering commands stacktrace:    at VoxelEngine.Graphics.OpenGL.GL_GraphicsCommandsList.Execute() in C:\Users\Dmitrist10\Desktop\VoxelGames\Source\Project_08_VE\Source\VoxelEngine\Engine\Modules\Graphics\Graphics.OpenGL\Source\GL_GraphicsCommandsList.cs:line 135
[22:43:56.212] [ERROR] [GL_GraphicsCommandsList:186] Crashed while executing rendering commands stacktrace:    at VoxelEngine.Graphics.OpenGL.GL_GraphicsCommandsList.Execute() in C:\Users\Dmitrist10\Desktop\VoxelGames\Source\Project_08_VE\Source\VoxelEngine\Engine\Modules\Graphics\Graphics.OpenGL\Source\GL_GraphicsCommandsList.cs:line 135
[22:43:56.217] [ERROR] [GL_GraphicsCommandsList:186] Crashed while executing rendering commands stacktrace:    at VoxelEngine.Graphics.OpenGL.GL_GraphicsCommandsList.Execute() in C:\Users\Dmitrist10\Desktop\VoxelGames\Source\Project_08_VE\Source\VoxelEngine\Engine\Modules\Graphics\Graphics.OpenGL\Source\GL_GraphicsCommandsList.cs:line 135
[22:43:56.224] [ERROR] [GL_GraphicsCommandsList:186] Crashed while executing rendering commands stacktrace:    at VoxelEngine.Graphics.OpenGL.GL_GraphicsCommandsList.Execute() in C:\Users\Dmitrist10\Desktop\VoxelGames\Source\Project_08_VE\Source\VoxelEngine\Engine\Modules\Graphics\Graphics.OpenGL\Source\GL_GraphicsCommandsList.cs:line 135
[22:43:56.229] [ERROR] [GL_GraphicsCommandsList:186] Crashed while executing rendering commands stacktrace:    at VoxelEngine.Graphics.OpenGL.GL_GraphicsCommandsList.Execute() in C:\Users\Dmitrist10\Desktop\VoxelGames\Source\Project_08_VE\Source\VoxelEngine\Engine\Modules\Graphics\Graphics.OpenGL\Source\GL_GraphicsCommandsList.cs:line 135
[22:43:56.236] [ERROR] [GL_GraphicsCommandsList:186] Crashed while executing rendering commands stacktrace:    at VoxelEngine.Graphics.OpenGL.GL_GraphicsCommandsList.Execute() in C:\Users\Dmitrist10\Desktop\VoxelGames\Source\Project_08_VE\Source\VoxelEngine\Engine\Modules\Graphics\Graphics.OpenGL\Source\GL_GraphicsCommandsList.cs:line 135
[22:43:56.242] [ERROR] [GL_GraphicsCommandsList:186] Crashed while executing rendering commands stacktrace:    at VoxelEngine.Graphics.OpenGL.GL_GraphicsCommandsList.Execute() in C:\Users\Dmitrist10\Desktop\VoxelGames\Source\Project_08_VE\Source\VoxelEngine\Engine\Modules\Graphics\Graphics.OpenGL\Source\GL_GraphicsCommandsList.cs:line 135
[22:43:56.248] [ERROR] [GL_GraphicsCommandsList:186] Crashed while executing rendering commands stacktrace:    at VoxelEngine.Graphics.OpenGL.GL_GraphicsCommandsList.Execute() in C:\Users\Dmitrist10\Desktop\VoxelGames\Source\Project_08_VE\Source\VoxelEngine\Engine\Modules\Graphics\Graphics.OpenGL\Source\GL_GraphicsCommandsList.cs:line 135
[22:43:56.253] [ERROR] [GL_GraphicsCommandsList:186] Crashed while executing rendering commands stacktrace:    at VoxelEngine.Graphics.OpenGL.GL_GraphicsCommandsList.Execute() in C:\Users\Dmitrist10\Desktop\VoxelGames\Source\Project_08_VE\Source\VoxelEngine\Engine\Modules\Graphics\Graphics.OpenGL\Source\GL_GraphicsCommandsList.cs:line 135
[22:43:56.261] [ERROR] [GL_GraphicsCommandsList:186] Crashed while executing rendering commands stacktrace:    at VoxelEngine.Graphics.OpenGL.GL_GraphicsCommandsList.Execute() in C:\Users\Dmitrist10\Desktop\VoxelGames\Source\Project_08_VE\Source\VoxelEngine\Engine\Modules\Graphics\Graphics.OpenGL\Source\GL_GraphicsCommandsList.cs:line 135
[22:43:56.266] [ERROR] [GL_GraphicsCommandsList:186] Crashed while executing rendering commands stacktrace:    at VoxelEngine.Graphics.OpenGL.GL_GraphicsCommandsList.Execute() in C:\Users\Dmitrist10\Desktop\VoxelGames\Source\Project_08_VE\Source\VoxelEngine\Engine\Modules\Graphics\Graphics.OpenGL\Source\GL_GraphicsCommandsList.cs:line 135
[22:43:56.272] [ERROR] [GL_GraphicsCommandsList:186] Crashed while executing rendering commands stacktrace:    at VoxelEngine.Graphics.OpenGL.GL_GraphicsCommandsList.Execute() in C:\Users\Dmitrist10\Desktop\VoxelGames\Source\Project_08_VE\Source\VoxelEngine\Engine\Modules\Graphics\Graphics.OpenGL\Source\GL_GraphicsCommandsList.cs:line 135
[22:43:56.277] [ERROR] [GL_GraphicsCommandsList:186] Crashed while executing rendering commands stacktrace:    at VoxelEngine.Graphics.OpenGL.GL_GraphicsCommandsList.Execute() in C:\Users\Dmitrist10\Desktop\VoxelGames\Source\Project_08_VE\Source\VoxelEngine\Engine\Modules\Graphics\Graphics.OpenGL\Source\GL_GraphicsCommandsList.cs:line 135
[22:43:56.286] [ERROR] [GL_GraphicsCommandsList:186] Crashed while executing rendering commands stacktrace:    at VoxelEngine.Graphics.OpenGL.GL_GraphicsCommandsList.Execute() in C:\Users\Dmitrist10\Desktop\VoxelGames\Source\Project_08_VE\Source\VoxelEngine\Engine\Modules\Graphics\Graphics.OpenGL\Source\GL_GraphicsCommandsList.cs:line 135
[22:43:56.290] [ERROR] [GL_GraphicsCommandsList:186] Crashed while executing rendering commands stacktrace:    at VoxelEngine.Graphics.OpenGL.GL_GraphicsCommandsList.Execute() in C:\Users\Dmitrist10\Desktop\VoxelGames\Source\Project_08_VE\Source\VoxelEngine\Engine\Modules\Graphics\Graphics.OpenGL\Source\GL_GraphicsCommandsList.cs:line 135
[22:43:56.297] [ERROR] [GL_GraphicsCommandsList:186] Crashed while executing rendering commands stacktrace:    at VoxelEngine.Graphics.OpenGL.GL_GraphicsCommandsList.Execute() in C:\Users\Dmitrist10\Desktop\VoxelGames\Source\Project_08_VE\Source\VoxelEngine\Engine\Modules\Graphics\Graphics.OpenGL\Source\GL_GraphicsCommandsList.cs:line 135
[22:43:56.301] [ERROR] [GL_GraphicsCommandsList:186] Crashed while executing rendering commands stacktrace:    at VoxelEngine.Graphics.OpenGL.GL_GraphicsCommandsList.Execute() in C:\Users\Dmitrist10\Desktop\VoxelGames\Source\Project_08_VE\Source\VoxelEngine\Engine\Modules\Graphics\Graphics.OpenGL\Source\GL_GraphicsCommandsList.cs:line 135
[22:43:56.308] [ERROR] [GL_GraphicsCommandsList:186] Crashed while executing rendering commands stacktrace:    at VoxelEngine.Graphics.OpenGL.GL_GraphicsCommandsList.Execute() in C:\Users\Dmitrist10\Desktop\VoxelGames\Source\Project_08_VE\Source\VoxelEngine\Engine\Modules\Graphics\Graphics.OpenGL\Source\GL_GraphicsCommandsList.cs:line 135
[22:43:56.314] [ERROR] [GL_GraphicsCommandsList:186] Crashed while executing rendering commands stacktrace:    at VoxelEngine.Graphics.OpenGL.GL_GraphicsCommandsList.Execute() in C:\Users\Dmitrist10\Desktop\VoxelGames\Source\Project_08_VE\Source\VoxelEngine\Engine\Modules\Graphics\Graphics.OpenGL\Source\GL_GraphicsCommandsList.cs:line 135
[22:43:56.320] [ERROR] [GL_GraphicsCommandsList:186] Crashed while executing rendering commands stacktrace:    at VoxelEngine.Graphics.OpenGL.GL_GraphicsCommandsList.Execute() in C:\Users\Dmitrist10\Desktop\VoxelGames\Source\Project_08_VE\Source\VoxelEngine\Engine\Modules\Graphics\Graphics.OpenGL\Source\GL_GraphicsCommandsList.cs:line 135
[22:43:56.326] [ERROR] [GL_GraphicsCommandsList:186] Crashed while executing rendering commands stacktrace:    at VoxelEngine.Graphics.OpenGL.GL_GraphicsCommandsList.Execute() in C:\Users\Dmitrist10\Desktop\VoxelGames\Source\Project_08_VE\Source\VoxelEngine\Engine\Modules\Graphics\Graphics.OpenGL\Source\GL_GraphicsCommandsList.cs:line 135
[22:43:56.332] [ERROR] [GL_GraphicsCommandsList:186] Crashed while executing rendering commands stacktrace:    at VoxelEngine.Graphics.OpenGL.GL_GraphicsCommandsList.Execute() in C:\Users\Dmitrist10\Desktop\VoxelGames\Source\Project_08_VE\Source\VoxelEngine\Engine\Modules\Graphics\Graphics.OpenGL\Source\GL_GraphicsCommandsList.cs:line 135
[22:43:56.338] [ERROR] [GL_GraphicsCommandsList:186] Crashed while executing rendering commands stacktrace:    at VoxelEngine.Graphics.OpenGL.GL_GraphicsCommandsList.Execute() in C:\Users\Dmitrist10\Desktop\VoxelGames\Source\Project_08_VE\Source\VoxelEngine\Engine\Modules\Graphics\Graphics.OpenGL\Source\GL_GraphicsCommandsList.cs:line 135
[22:43:56.418] [INFO ] [DesktopWindow:53] Desktop window closing...
[22:43:56.418] [EXTRAINFO] [Heartbeat:111] Heartbeat Stopped
[22:43:56.418] [INFO ] [Engine:37] Application terminated.
[22:43:56.419] [LINE ] ================================================================================
[22:43:56.419] [INFO ] [Program:64] Application Completed.
Exiting with code 0

================================================================================
Engine Log - Ended at 2026-03-07 22:43:56
================================================================================
