================================================================================
Engine Log - Started at 2026-03-04 22:19:23
================================================================================

[22:19:23.007] [INFO ] VoxelEngine initialized from Desktop platform with VoxelGames runtime.
[22:19:23.018] [INFO ] [Game:40] Game.A was called!
[22:19:23.018] [INFO ] [Program:38] Creating engine
[22:19:23.019] [INFO ] [TestRuntimeContext:21] TestRuntimeContext created
[22:19:23.021] [INFO ] [Heartbeat:55] Frame rate limit disabled (unlimited FPS)
[22:19:23.021] [INFO ] [Program:45] Starting engine...
[22:19:23.021] [LINE ] ================================================================================
[22:19:23.022] [INFO ] [Engine:26] Starting engine runtime...
[22:19:23.025] [INFO ] [DesktopWindow:26] Creating window: 'Voxel Engine' (800x600)
[22:19:23.102] [INFO ] [DesktopWindow:40] Desktop window created successfully.
[22:19:23.106] [EXTRAINFO] [ServiceContainer:22] [ServiceContainer] Registering service VoxelEngine.Graphics.GraphicsContext
[22:19:23.439] [INFO ] [Engine:64] Post init...
[22:19:23.440] [INFO ] [TestRuntimeContext:32] TestRuntimeContext Initialized
[22:19:23.442] [EXTRAINFO] [ServiceContainer:22] [ServiceContainer] Registering service VoxelEngine.Core.CamerasRegistries
[22:19:23.447] [EXTRAINFO] [ServiceContainer:22] [ServiceContainer] Registering service VoxelEngine.Client.Rendering.RenderManager
[22:19:23.448] [INFO ] [LauncherLayer:17] LauncherLayer.Initialize was called!
[22:19:23.450] [INFO ] [GameLoader:17] Loading game from C:\Users\Dmitrist10\Desktop\VoxelGames\Source\Project_08_VE\Source\Resources\Games\Game_01\Main\bin\net11.0\Game_01.dll
[22:19:23.555] [INFO ] [Game:19] Game.OnInitialize was called!
[22:19:23.556] [INFO ] [Game:25] Game.StartMatch was called!
[22:19:23.557] [EXTRAINFO] [UniverseManager:13] A new Universe was created
[22:19:23.575] [EXTRAINFO] [Universe.API:13] A new Scene was created
[22:19:23.576] [INFO ] [ClientHost:26] Scene loaded
[22:19:23.580] [DEBUG] [GameSetup:13] GameSetup.SetUp was called!
[22:19:23.628] [INFO ] [GameLayer:17] GameLayer.Initialize was called!
[22:19:23.630] [EXTRAINFO] [Heartbeat:62] Starting Heartbeat
[22:19:25.384] [INFO ] [DesktopWindow:53] Desktop window closing...
[22:19:25.384] [EXTRAINFO] [Heartbeat:111] Heartbeat Stopped
[22:19:25.384] [INFO ] [Engine:36] Application terminated.
[22:19:25.385] [LINE ] ================================================================================
[22:19:25.385] [INFO ] [Program:64] Application Completed.
Exiting with code 0

================================================================================
Engine Log - Ended at 2026-03-04 22:19:25
================================================================================
