================================================================================
Engine Log - Started at 2026-03-08 13:19:02
================================================================================

[13:19:02.277] [INFO ] VoxelEngine initialized from Desktop platform with VoxelGames runtime.
[13:19:02.289] [INFO ] [Game:40] Game.A was called!
[13:19:02.289] [INFO ] [Program:38] Creating engine
[13:19:02.290] [INFO ] [TestRuntimeContext:21] TestRuntimeContext created
[13:19:02.292] [INFO ] [Heartbeat:55] Frame rate limit disabled (unlimited FPS)
[13:19:02.293] [INFO ] [Program:45] Starting engine...
[13:19:02.296] [LINE ] ================================================================================
[13:19:02.296] [INFO ] [Engine:28] Starting engine runtime...
[13:19:02.301] [INFO ] [DesktopWindow:26] Creating window: 'Voxel Engine' (800x600)
[13:19:02.385] [INFO ] [DesktopWindow:40] Desktop window created successfully.
[13:19:02.389] [EXTRAINFO] [ServiceContainer:22] [ServiceContainer] Registering service VoxelEngine.Graphics.GraphicsContext
[13:19:02.393] [EXTRAINFO] [ServiceContainer:22] [ServiceContainer] Registering service VoxelEngine.Core.Runtime.ModulesManager
[13:19:02.793] [EXTRAINFO] [ServiceContainer:22] [ServiceContainer] Registering service VoxelEngine.IO.FileManager
[13:19:02.795] [EXTRAINFO] [ServiceContainer:22] [ServiceContainer] Registering service VoxelEngine.Core.AssetsManager
[13:19:02.796] [INFO ] [Engine:84] Post init...
[13:19:02.796] [INFO ] [TestRuntimeContext:32] TestRuntimeContext Initialized
[13:19:02.798] [EXTRAINFO] [ServiceContainer:22] [ServiceContainer] Registering service VoxelEngine.Core.CamerasRegistries
[13:19:02.800] [EXTRAINFO] [ServiceContainer:22] [ServiceContainer] Registering service VoxelEngine.Graphics.Rendering.RenderManager
[13:19:02.801] [INFO ] [LauncherLayer:17] LauncherLayer.Initialize was called!
[13:19:02.802] [INFO ] [GameLoader:19] Loading game from C:\Users\Dmitrist10\Desktop\VoxelGames\Source\Project_08_VE\Source\Resources\Games\Game_01\Main\bin\net11.0\Game_01.dll
[13:19:02.806] [INFO ] [Game:19] Game.OnInitialize was called!
[13:19:02.806] [INFO ] [Game:25] Game.StartMatch was called!
[13:19:02.807] [EXTRAINFO] [UniverseManager:13] A new Universe was created
[13:19:02.822] [EXTRAINFO] [Universe.API:13] A new Scene was created
[13:19:02.822] [INFO ] [ClientHost:26] Scene loaded
[13:19:02.898] [DEBUG] [GameSetup:14] GameSetup.SetUp was called!
[13:19:03.035] [INFO ] [GameLayer:17] GameLayer.Initialize was called!
[13:19:03.035] [EXTRAINFO] [Heartbeat:62] Starting Heartbeat
[13:19:13.428] [INFO ] [DesktopWindow:53] Desktop window closing...
[13:19:13.428] [EXTRAINFO] [Heartbeat:111] Heartbeat Stopped
[13:19:13.428] [INFO ] [Engine:38] Application terminated.
[13:19:13.429] [LINE ] ================================================================================
[13:19:13.429] [INFO ] [Program:64] Application Completed.
Exiting with code 0

================================================================================
Engine Log - Ended at 2026-03-08 13:19:13
================================================================================
