================================================================================
Engine Log - Started at 2026-03-04 21:22:52
================================================================================

[21:22:52.415] [INFO ] VoxelEngine initialized from Desktop platform with VoxelGames runtime.
[21:22:52.425] [INFO ] [Game:42] Game.A was called!
[21:22:52.426] [INFO ] [Program:38] Creating engine
[21:22:52.427] [INFO ] [TestRuntimeContext:21] TestRuntimeContext created
[21:22:52.428] [INFO ] [Heartbeat:55] Frame rate limit disabled (unlimited FPS)
[21:22:52.428] [INFO ] [Program:45] Starting engine...
[21:22:52.429] [LINE ] ================================================================================
[21:22:52.429] [INFO ] [Engine:26] Starting engine runtime...
[21:22:52.432] [INFO ] [DesktopWindow:26] Creating window: 'Voxel Engine' (800x600)
[21:22:52.522] [INFO ] [DesktopWindow:40] Desktop window created successfully.
[21:22:52.526] [EXTRAINFO] [ServiceContainer:22] [ServiceContainer] Registering service VoxelEngine.Graphics.GraphicsContext
[21:22:52.792] [INFO ] [Engine:53] Post init...
[21:22:52.792] [INFO ] [TestRuntimeContext:32] TestRuntimeContext Initialized
[21:22:52.794] [EXTRAINFO] [ServiceContainer:22] [ServiceContainer] Registering service VoxelEngine.Core.CamerasRegistries
[21:22:52.810] [INFO ] [LauncherLayer:17] LauncherLayer.Initialize was called!
[21:22:52.811] [INFO ] [GameLoader:17] Loading game from C:\Users\Dmitrist10\Desktop\VoxelGames\Source\Project_08_VE\Source\Resources\Games\Game_01\Main\bin\net11.0\Game_01.dll
[21:22:52.814] [INFO ] [GameLayer:17] GameLayer.Initialize was called!
[21:22:52.815] [EXTRAINFO] [Heartbeat:62] Starting Heartbeat
[21:22:56.999] [INFO ] [DesktopWindow:53] Desktop window closing...
[21:22:56.999] [EXTRAINFO] [Heartbeat:111] Heartbeat Stopped
[21:22:56.999] [INFO ] [Engine:36] Application terminated.
[21:22:56.999] [LINE ] ================================================================================
[21:22:57.000] [INFO ] [Program:64] Application Completed.
Exiting with code 0

================================================================================
Engine Log - Ended at 2026-03-04 21:22:57
================================================================================
