================================================================================
Engine Log - Started at 2026-03-08 16:37:23
================================================================================

[16:37:23.037] [INFO ] VoxelEngine initialized from Desktop platform with VoxelGames runtime.
[16:37:23.047] [INFO ] [Game:40] Game.A was called!
[16:37:23.048] [INFO ] [Program:38] Creating engine
[16:37:23.049] [INFO ] [TestRuntimeContext:21] TestRuntimeContext created
[16:37:23.050] [INFO ] [Heartbeat:55] Frame rate limit disabled (unlimited FPS)
[16:37:23.050] [INFO ] [Program:45] Starting engine...
[16:37:23.051] [LINE ] ================================================================================
[16:37:23.051] [INFO ] [Engine:28] Starting engine runtime...
[16:37:23.054] [INFO ] [DesktopWindow:26] Creating window: 'Voxel Engine' (800x600)
[16:37:23.135] [INFO ] [DesktopWindow:40] Desktop window created successfully.
[16:37:23.139] [EXTRAINFO] [ServiceContainer:22] [ServiceContainer] Registering service VoxelEngine.Graphics.GraphicsContext
[16:37:23.142] [EXTRAINFO] [ServiceContainer:22] [ServiceContainer] Registering service VoxelEngine.Core.Runtime.ModulesManager
[16:37:23.529] [EXTRAINFO] [ServiceContainer:22] [ServiceContainer] Registering service VoxelEngine.IO.FileManager
[16:37:23.531] [EXTRAINFO] [ServiceContainer:22] [ServiceContainer] Registering service VoxelEngine.Core.AssetsManager
[16:37:23.531] [INFO ] [Engine:84] Post init...
[16:37:23.531] [INFO ] [TestRuntimeContext:32] TestRuntimeContext Initialized
[16:37:23.533] [EXTRAINFO] [ServiceContainer:22] [ServiceContainer] Registering service VoxelEngine.Core.CamerasRegistries
[16:37:23.535] [EXTRAINFO] [ServiceContainer:22] [ServiceContainer] Registering service VoxelEngine.Graphics.Rendering.RenderManager
[16:37:23.535] [INFO ] [LauncherLayer:17] LauncherLayer.Initialize was called!
[16:37:23.536] [INFO ] [GameLoader:19] Loading game from C:\Users\Dmitrist10\Desktop\VoxelGames\Source\Project_08_VE\Source\Resources\Games\Game_01\Main\bin\net11.0\Game_01.dll
[16:37:23.539] [INFO ] [Game:19] Game.OnInitialize was called!
[16:37:23.539] [INFO ] [Game:25] Game.StartMatch was called!
[16:37:23.540] [EXTRAINFO] [UniverseManager:13] A new Universe was created
[16:37:23.554] [EXTRAINFO] [Universe.API:13] A new Scene was created
[16:37:23.554] [INFO ] [ClientHost:26] Scene loaded
[16:37:23.642] [DEBUG] [GameSetup:14] GameSetup.SetUp was called!
[16:37:23.800] [INFO ] [GameLayer:17] GameLayer.Initialize was called!
[16:37:23.801] [EXTRAINFO] [Heartbeat:62] Starting Heartbeat
[16:37:43.525] [DEBUG] [ChunksStreamer:34] Chunk streming toggled to: False
[16:37:47.853] [INFO ] [DesktopWindow:53] Desktop window closing...
[16:37:47.853] [EXTRAINFO] [Heartbeat:111] Heartbeat Stopped
[16:37:47.853] [INFO ] [Engine:38] Application terminated.
[16:37:47.853] [LINE ] ================================================================================
[16:37:47.854] [INFO ] [Program:64] Application Completed.
Exiting with code 0

================================================================================
Engine Log - Ended at 2026-03-08 16:37:47
================================================================================
