================================================================================
Engine Log - Started at 2026-03-04 17:39:49
================================================================================

[17:39:49.348] [INFO ] VoxelEngine initialized from Desktop platform with VoxelGames runtime.
[17:39:49.361] [INFO ] [Program:37] Creating engine
[17:39:49.414] [INFO ] [TestRuntimeContext:16] TestRuntimeContext created
[17:39:49.416] [INFO ] [Heartbeat:55] Frame rate limit disabled (unlimited FPS)
[17:39:49.416] [INFO ] [Program:44] Starting engine...
[17:39:49.416] [LINE ] ================================================================================
[17:39:49.417] [INFO ] [Engine:26] Starting engine runtime...
[17:39:49.423] [INFO ] [DesktopWindow:26] Creating window: 'Voxel Engine' (800x600)
[17:39:49.530] [INFO ] [DesktopWindow:40] Desktop window created successfully.
[17:39:49.536] [EXTRAINFO] [ServiceContainer:22] [ServiceContainer] Registering service VoxelEngine.Graphics.GraphicsContext
[17:39:49.976] [INFO ] [Engine:53] Post init...
[17:39:49.976] [INFO ] [TestRuntimeContext:24] TestRuntimeContext Initialized
[17:39:49.979] [EXTRAINFO] [ServiceContainer:22] [ServiceContainer] Registering service VoxelEngine.Core.CamerasRegistries
[17:39:49.986] [EXTRAINFO] [Heartbeat:62] Starting Heartbeat
[17:39:51.959] [INFO ] [DesktopWindow:53] Desktop window closing...
[17:39:51.959] [EXTRAINFO] [Heartbeat:111] Heartbeat Stopped
[17:39:51.959] [INFO ] [Engine:36] Application terminated.
[17:39:51.959] [LINE ] ================================================================================
[17:39:51.960] [INFO ] [Program:63] Application Completed.
Exiting with code 0

================================================================================
Engine Log - Ended at 2026-03-04 17:39:51
================================================================================
