================================================================================
Engine Log - Started at 2026-03-06 19:12:44
================================================================================

[19:12:44.535] [INFO ] VoxelEngine initialized from Desktop platform with VoxelGames runtime.
[19:12:44.546] [INFO ] [Game:40] Game.A was called!
[19:12:44.547] [INFO ] [Program:38] Creating engine
[19:12:44.550] [INFO ] [TestRuntimeContext:21] TestRuntimeContext created
[19:12:44.552] [INFO ] [Heartbeat:55] Frame rate limit disabled (unlimited FPS)
[19:12:44.552] [INFO ] [Program:45] Starting engine...
[19:12:44.552] [LINE ] ================================================================================
[19:12:44.553] [INFO ] [Engine:27] Starting engine runtime...
[19:12:44.612] [INFO ] [DesktopWindow:26] Creating window: 'Voxel Engine' (800x600)
[19:12:44.696] [INFO ] [DesktopWindow:40] Desktop window created successfully.
[19:12:44.700] [EXTRAINFO] [ServiceContainer:22] [ServiceContainer] Registering service VoxelEngine.Graphics.GraphicsContext
[19:12:45.211] [EXTRAINFO] [ServiceContainer:22] [ServiceContainer] Registering service VoxelEngine.Core.AssetsManager
[19:12:45.212] [INFO ] [Engine:71] Post init...
[19:12:45.212] [INFO ] [TestRuntimeContext:32] TestRuntimeContext Initialized
[19:12:45.215] [EXTRAINFO] [ServiceContainer:22] [ServiceContainer] Registering service VoxelEngine.Core.CamerasRegistries
[19:12:45.219] [EXTRAINFO] [ServiceContainer:22] [ServiceContainer] Registering service VoxelEngine.Graphics.Rendering.RenderManager
[19:12:45.221] [INFO ] [LauncherLayer:17] LauncherLayer.Initialize was called!
[19:12:45.222] [INFO ] [GameLoader:17] Loading game from C:\Users\Dmitrist10\Desktop\VoxelGames\Source\Project_08_VE\Source\Resources\Games\Game_01\Main\bin\net11.0\Game_01.dll
[19:12:45.227] [INFO ] [Game:19] Game.OnInitialize was called!
[19:12:45.227] [INFO ] [Game:25] Game.StartMatch was called!
[19:12:45.228] [EXTRAINFO] [UniverseManager:13] A new Universe was created
[19:12:45.249] [EXTRAINFO] [Universe.API:13] A new Scene was created
[19:12:45.250] [INFO ] [ClientHost:26] Scene loaded
[19:12:45.255] [DEBUG] [GameSetup:14] GameSetup.SetUp was called!
[19:12:45.413] [INFO ] [GameLayer:17] GameLayer.Initialize was called!
[19:12:45.414] [EXTRAINFO] [Heartbeat:62] Starting Heartbeat
[19:12:45.463] [LINE ] ================================================================================
[19:12:45.463] [LINE ] ================================================================================
[19:12:45.463] [ERROR] [Program:54] Exception: Unable to cast object of type 'VoxelEngine.Core.TextureMaterial' to type 'VoxelEngine.Core.PBRMaterial'.
[19:12:45.540] [ERROR] [Program:60] Exception Stack Trace:    at CustomGame.EP_ColorChanger.<>c__DisplayClass2_0.<OnFixedUpdate>b__0(C_ColorChanger& colorChanger, C_Mesh& mesh) in C:\Users\Dmitrist10\Desktop\VoxelGames\Source\Project_08_VE\Source\Resources\Games\Game_01\Main\Source\ECS\ECS_ColorChanger.cs:line 31
   at Arch.Core.World.Query[T0,T1](QueryDescription& description, ForEach`2 forEach) in C:\Users\Dmitrist10\Desktop\VoxelGames\Source\Project_08_VE\Source\Librarys\ECS\Arch\Templates\World.Query.cs:line 37
   at CustomGame.EP_ColorChanger.OnFixedUpdate() in C:\Users\Dmitrist10\Desktop\VoxelGames\Source\Project_08_VE\Source\Resources\Games\Game_01\Main\Source\ECS\ECS_ColorChanger.cs:line 29
   at VoxelEngine.Core.EntityProcessorsRegistry.OnFixedUpdate() in C:\Users\Dmitrist10\Desktop\VoxelGames\Source\Project_08_VE\Source\VoxelEngine\Engine\Core\Engine.Core.Common\Source\GameWorld\World\Scenes\Registries\EntityProcessorsRegistry.cs:line 88
   at VoxelEngine.Core.Scene.OnFixedUpdate() in C:\Users\Dmitrist10\Desktop\VoxelGames\Source\Project_08_VE\Source\VoxelEngine\Engine\Core\Engine.Core.Common\Source\GameWorld\World\Scenes\Scene.Lifecycle.cs:line 17
   at VoxelEngine.Core.Universe.OnFixedUpdate() in C:\Users\Dmitrist10\Desktop\VoxelGames\Source\Project_08_VE\Source\VoxelEngine\Engine\Core\Engine.Core.Common\Source\GameWorld\World\Universe\Universe.Lifecycle.cs:line 18
   at VoxelEngine.Core.UniverseManager.FixedUpdate() in C:\Users\Dmitrist10\Desktop\VoxelGames\Source\Project_08_VE\Source\VoxelEngine\Engine\Core\Engine.Core.Common\Source\GameWorld\World\UniverseManager.cs:line 51
   at VoxelEngine.Server.ServerHost.FixedUpdate() in C:\Users\Dmitrist10\Desktop\VoxelGames\Source\Project_08_VE\Source\VoxelEngine\Engine\Hosts\Server\Source\ServerHost.cs:line 33
   at VoxelEngine.Runtime.Contexts.TestingContext.TestRuntimeContext.FixedUpdate() in C:\Users\Dmitrist10\Desktop\VoxelGames\Source\Project_08_VE\Source\VoxelEngine\Runtime\Contexts\TestingContext\Source\TestRuntimeContext.cs:line 70
   at VoxelEngine.Core.Runtime.Heartbeat.RunFixedUpdates(IUpdateCallbacksHandler callbacks, Double accumulator, Double frameTime) in C:\Users\Dmitrist10\Desktop\VoxelGames\Source\Project_08_VE\Source\VoxelEngine\Engine\Core\Engine.Core.Runtime\Source\Heartbeat.cs:line 146
   at VoxelEngine.Core.Runtime.Heartbeat.Start(IUpdateCallbacksHandler callbacks, IWindowSurface window) in C:\Users\Dmitrist10\Desktop\VoxelGames\Source\Project_08_VE\Source\VoxelEngine\Engine\Core\Engine.Core.Runtime\Source\Heartbeat.cs:line 95
   at VoxelEngine.Core.Runtime.Engine.StartRuntime() in C:\Users\Dmitrist10\Desktop\VoxelGames\Source\Project_08_VE\Source\VoxelEngine\Engine\Core\Engine.Core.Runtime\Source\Engine.cs:line 79
   at VoxelEngine.Core.Runtime.Engine.Run() in C:\Users\Dmitrist10\Desktop\VoxelGames\Source\Project_08_VE\Source\VoxelEngine\Engine\Core\Engine.Core.Runtime\Source\Engine.cs:line 33
   at VoxelEngine.Runtime.Platforms.Desktop.Program.Main(String[] args) in C:\Users\Dmitrist10\Desktop\VoxelGames\Source\Project_08_VE\Source\VoxelEngine\Runtime\Platforms\Platforms.Desktop\Program.cs:line 46
[19:12:45.541] [INFO ] [Program:64] Application Completed.
Exiting with code 0

================================================================================
Engine Log - Ended at 2026-03-06 19:12:45
================================================================================
