================================================================================
Engine Log - Started at 2026-03-03 21:36:28
================================================================================

[21:36:28.562] [INFO ] VoxelEngine initialized from Desktop platform with VoxelGames runtime.
[21:36:28.574] [INFO ] [Program:37] Creating engine
[21:36:28.613] [INFO ] [TestRuntimeContext:16] TestRuntimeContext created
[21:36:28.614] [INFO ] [Heartbeat:55] Frame rate limit disabled (unlimited FPS)
[21:36:28.614] [INFO ] [Program:44] Starting engine...
[21:36:28.615] [LINE ] ================================================================================
[21:36:28.615] [INFO ] [Engine:26] Starting engine runtime...
[21:36:28.650] [INFO ] [DesktopWindow:26] Creating window: 'Voxel Engine' (800x600)
[21:36:28.726] [INFO ] [DesktopWindow:40] Desktop window created successfully.
[21:36:28.731] [EXTRAINFO] [ServiceContainer:22] [ServiceContainer] Registering service VoxelEngine.Graphics.GraphicsContext
[21:36:29.005] [INFO ] [Engine:53] Post init...
[21:36:29.008] [INFO ] [TestRuntimeContext:24] TestRuntimeContext Initialized
[21:36:29.011] [EXTRAINFO] [ServiceContainer:22] [ServiceContainer] Registering service VoxelEngine.Core.CamerasRegistries
[21:36:29.013] [EXTRAINFO] [Heartbeat:62] Starting Heartbeat
[21:36:46.339] [INFO ] [DesktopWindow:53] Desktop window closing...
[21:36:46.339] [EXTRAINFO] [Heartbeat:111] Heartbeat Stopped
[21:36:46.340] [INFO ] [Engine:36] Application terminated.
[21:36:46.340] [LINE ] ================================================================================
[21:36:46.340] [INFO ] [Program:63] Application Completed.
Exiting with code 0

================================================================================
Engine Log - Ended at 2026-03-03 21:36:46
================================================================================
