================================================================================
Engine Log - Started at 2026-03-08 09:58:03
================================================================================

[09:58:03.227] [INFO ] VoxelEngine initialized from Desktop platform with VoxelGames runtime.
[09:58:03.238] [INFO ] [Game:40] Game.A was called!
[09:58:03.239] [INFO ] [Program:38] Creating engine
[09:58:03.240] [INFO ] [TestRuntimeContext:21] TestRuntimeContext created
[09:58:03.242] [INFO ] [Heartbeat:55] Frame rate limit disabled (unlimited FPS)
[09:58:03.242] [INFO ] [Program:45] Starting engine...
[09:58:03.242] [LINE ] ================================================================================
[09:58:03.243] [INFO ] [Engine:27] Starting engine runtime...
[09:58:03.246] [INFO ] [DesktopWindow:26] Creating window: 'Voxel Engine' (800x600)
[09:58:03.327] [INFO ] [DesktopWindow:40] Desktop window created successfully.
[09:58:03.331] [EXTRAINFO] [ServiceContainer:22] [ServiceContainer] Registering service VoxelEngine.Graphics.GraphicsContext
[09:58:03.602] [EXTRAINFO] [ServiceContainer:22] [ServiceContainer] Registering service VoxelEngine.IO.FileManager
[09:58:03.604] [EXTRAINFO] [ServiceContainer:22] [ServiceContainer] Registering service VoxelEngine.Core.AssetsManager
[09:58:03.604] [INFO ] [Engine:74] Post init...
[09:58:03.605] [INFO ] [TestRuntimeContext:32] TestRuntimeContext Initialized
[09:58:03.607] [EXTRAINFO] [ServiceContainer:22] [ServiceContainer] Registering service VoxelEngine.Core.CamerasRegistries
[09:58:03.610] [EXTRAINFO] [ServiceContainer:22] [ServiceContainer] Registering service VoxelEngine.Graphics.Rendering.RenderManager
[09:58:03.611] [INFO ] [LauncherLayer:17] LauncherLayer.Initialize was called!
[09:58:03.612] [INFO ] [GameLoader:19] Loading game from C:\Users\Dmitrist10\Desktop\VoxelGames\Source\Project_08_VE\Source\Resources\Games\Game_01\Main\bin\net11.0\Game_01.dll
[09:58:03.616] [INFO ] [Game:19] Game.OnInitialize was called!
[09:58:03.616] [INFO ] [Game:25] Game.StartMatch was called!
[09:58:03.618] [EXTRAINFO] [UniverseManager:13] A new Universe was created
[09:58:03.640] [EXTRAINFO] [Universe.API:13] A new Scene was created
[09:58:03.643] [INFO ] [ClientHost:26] Scene loaded
[09:58:03.647] [DEBUG] [GameSetup:14] GameSetup.SetUp was called!
[09:58:03.807] [INFO ] [GameLayer:17] GameLayer.Initialize was called!
[09:58:03.808] [EXTRAINFO] [Heartbeat:62] Starting Heartbeat
[09:58:03.851] [INFO ] [ChunksStreamer:64] Chunk not found
[09:58:03.859] [INFO ] [ChunksStreamer:68] hfrjhir
[09:58:03.859] [INFO ] [ChunksStreamer:64] Chunk not found
[09:58:03.860] [INFO ] [ChunksStreamer:68] hfrjhir
[09:58:03.860] [INFO ] [ChunksStreamer:64] Chunk not found
[09:58:03.861] [INFO ] [ChunksStreamer:68] hfrjhir
[09:58:03.861] [INFO ] [ChunksStreamer:64] Chunk not found
[09:58:03.862] [INFO ] [ChunksStreamer:68] hfrjhir
[09:58:03.862] [INFO ] [ChunksStreamer:64] Chunk not found
[09:58:03.862] [INFO ] [ChunksStreamer:68] hfrjhir
[09:58:03.862] [INFO ] [ChunksStreamer:64] Chunk not found
[09:58:03.863] [INFO ] [ChunksStreamer:68] hfrjhir
[09:58:03.863] [INFO ] [ChunksStreamer:64] Chunk not found
[09:58:03.863] [INFO ] [ChunksStreamer:68] hfrjhir
[09:58:03.864] [INFO ] [ChunksStreamer:64] Chunk not found
[09:58:03.864] [INFO ] [ChunksStreamer:68] hfrjhir
[09:58:03.864] [INFO ] [ChunksStreamer:64] Chunk not found
[09:58:03.864] [INFO ] [ChunksStreamer:68] hfrjhir
[09:58:03.865] [INFO ] [ChunksStreamer:64] Chunk not found
[09:58:03.868] [INFO ] [ChunksStreamer:68] hfrjhir
[09:58:03.868] [INFO ] [ChunksStreamer:64] Chunk not found
[09:58:03.871] [INFO ] [ChunksStreamer:68] hfrjhir
[09:58:03.871] [INFO ] [ChunksStreamer:64] Chunk not found
[09:58:03.874] [INFO ] [ChunksStreamer:68] hfrjhir
[09:58:03.875] [INFO ] [ChunksStreamer:64] Chunk not found
[09:58:03.878] [INFO ] [ChunksStreamer:68] hfrjhir
[09:58:03.878] [INFO ] [ChunksStreamer:64] Chunk not found
[09:58:03.882] [INFO ] [ChunksStreamer:68] hfrjhir
[09:58:03.882] [INFO ] [ChunksStreamer:64] Chunk not found
[09:58:03.885] [INFO ] [ChunksStreamer:68] hfrjhir
[09:58:03.885] [INFO ] [ChunksStreamer:64] Chunk not found
[09:58:03.888] [INFO ] [ChunksStreamer:68] hfrjhir
[09:58:03.889] [INFO ] [ChunksStreamer:64] Chunk not found
[09:58:03.892] [INFO ] [ChunksStreamer:68] hfrjhir
[09:58:03.892] [INFO ] [ChunksStreamer:64] Chunk not found
[09:58:03.896] [INFO ] [ChunksStreamer:68] hfrjhir
[09:58:03.896] [INFO ] [ChunksStreamer:64] Chunk not found
[09:58:03.899] [INFO ] [ChunksStreamer:68] hfrjhir
[09:58:03.899] [INFO ] [ChunksStreamer:64] Chunk not found
[09:58:03.904] [INFO ] [ChunksStreamer:68] hfrjhir
[09:58:03.904] [INFO ] [ChunksStreamer:64] Chunk not found
[09:58:03.907] [INFO ] [ChunksStreamer:68] hfrjhir
[09:58:03.908] [INFO ] [ChunksStreamer:64] Chunk not found
[09:58:03.911] [INFO ] [ChunksStreamer:68] hfrjhir
[09:58:03.911] [INFO ] [ChunksStreamer:64] Chunk not found
[09:58:03.911] [INFO ] [ChunksStreamer:68] hfrjhir
[09:58:03.912] [INFO ] [ChunksStreamer:64] Chunk not found
[09:58:03.912] [INFO ] [ChunksStreamer:68] hfrjhir
[09:58:03.912] [INFO ] [ChunksStreamer:64] Chunk not found
[09:58:03.913] [INFO ] [ChunksStreamer:68] hfrjhir
[09:58:03.913] [INFO ] [ChunksStreamer:64] Chunk not found
[09:58:03.913] [INFO ] [ChunksStreamer:68] hfrjhir
[09:58:03.913] [INFO ] [ChunksStreamer:64] Chunk not found
[09:58:03.914] [INFO ] [ChunksStreamer:68] hfrjhir
[09:58:03.914] [INFO ] [ChunksStreamer:64] Chunk not found
[09:58:03.914] [INFO ] [ChunksStreamer:68] hfrjhir
[09:58:03.914] [INFO ] [ChunksStreamer:64] Chunk not found
[09:58:03.915] [INFO ] [ChunksStreamer:68] hfrjhir
[09:58:03.915] [INFO ] [ChunksStreamer:64] Chunk not found
[09:58:03.915] [INFO ] [ChunksStreamer:68] hfrjhir
[09:58:03.915] [INFO ] [ChunksStreamer:64] Chunk not found
[09:58:03.916] [INFO ] [ChunksStreamer:68] hfrjhir
[09:58:03.916] [INFO ] [ChunksStreamer:64] Chunk not found
[09:58:03.916] [INFO ] [ChunksStreamer:68] hfrjhir
[09:58:03.916] [INFO ] [ChunksStreamer:64] Chunk not found
[09:58:03.919] [INFO ] [ChunksStreamer:68] hfrjhir
[09:58:03.919] [INFO ] [ChunksStreamer:64] Chunk not found
[09:58:03.922] [INFO ] [ChunksStreamer:68] hfrjhir
[09:58:03.923] [INFO ] [ChunksStreamer:64] Chunk not found
[09:58:03.926] [INFO ] [ChunksStreamer:68] hfrjhir
[09:58:03.927] [INFO ] [ChunksStreamer:64] Chunk not found
[09:58:03.930] [INFO ] [ChunksStreamer:68] hfrjhir
[09:58:03.930] [INFO ] [ChunksStreamer:64] Chunk not found
[09:58:03.933] [INFO ] [ChunksStreamer:68] hfrjhir
[09:58:03.933] [INFO ] [ChunksStreamer:64] Chunk not found
[09:58:03.936] [INFO ] [ChunksStreamer:68] hfrjhir
[09:58:03.937] [INFO ] [ChunksStreamer:64] Chunk not found
[09:58:03.939] [INFO ] [ChunksStreamer:68] hfrjhir
[09:58:03.939] [INFO ] [ChunksStreamer:64] Chunk not found
[09:58:03.943] [INFO ] [ChunksStreamer:68] hfrjhir
[09:58:03.943] [INFO ] [ChunksStreamer:64] Chunk not found
[09:58:03.946] [INFO ] [ChunksStreamer:68] hfrjhir
[09:58:03.947] [INFO ] [ChunksStreamer:64] Chunk not found
[09:58:03.949] [INFO ] [ChunksStreamer:68] hfrjhir
[09:58:03.950] [INFO ] [ChunksStreamer:64] Chunk not found
[09:58:03.952] [INFO ] [ChunksStreamer:68] hfrjhir
[09:58:03.953] [INFO ] [ChunksStreamer:64] Chunk not found
[09:58:03.956] [INFO ] [ChunksStreamer:68] hfrjhir
[09:58:03.956] [INFO ] [ChunksStreamer:64] Chunk not found
[09:58:03.958] [INFO ] [ChunksStreamer:68] hfrjhir
[09:58:03.959] [INFO ] [ChunksStreamer:64] Chunk not found
[09:58:03.961] [INFO ] [ChunksStreamer:68] hfrjhir
[09:58:03.961] [INFO ] [ChunksStreamer:64] Chunk not found
[09:58:03.964] [INFO ] [ChunksStreamer:68] hfrjhir
[09:58:03.964] [INFO ] [ChunksStreamer:64] Chunk not found
[09:58:03.964] [INFO ] [ChunksStreamer:68] hfrjhir
[09:58:03.965] [INFO ] [ChunksStreamer:64] Chunk not found
[09:58:03.965] [INFO ] [ChunksStreamer:68] hfrjhir
[09:58:03.965] [INFO ] [ChunksStreamer:64] Chunk not found
[09:58:03.965] [INFO ] [ChunksStreamer:68] hfrjhir
[09:58:03.966] [INFO ] [ChunksStreamer:64] Chunk not found
[09:58:03.966] [INFO ] [ChunksStreamer:68] hfrjhir
[09:58:03.966] [INFO ] [ChunksStreamer:64] Chunk not found
[09:58:03.966] [INFO ] [ChunksStreamer:68] hfrjhir
[09:58:03.967] [INFO ] [ChunksStreamer:64] Chunk not found
[09:58:03.967] [INFO ] [ChunksStreamer:68] hfrjhir
[09:58:03.967] [INFO ] [ChunksStreamer:64] Chunk not found
[09:58:03.967] [INFO ] [ChunksStreamer:68] hfrjhir
[09:58:03.968] [INFO ] [ChunksStreamer:64] Chunk not found
[09:58:03.968] [INFO ] [ChunksStreamer:68] hfrjhir
[09:58:03.968] [INFO ] [ChunksStreamer:64] Chunk not found
[09:58:03.968] [INFO ] [ChunksStreamer:68] hfrjhir
[09:58:03.968] [INFO ] [ChunksStreamer:64] Chunk not found
[09:58:03.969] [INFO ] [ChunksStreamer:68] hfrjhir
[09:58:03.969] [INFO ] [ChunksStreamer:64] Chunk not found
[09:58:03.969] [INFO ] [ChunksStreamer:68] hfrjhir
[09:58:03.969] [INFO ] [ChunksStreamer:64] Chunk not found
[09:58:03.972] [INFO ] [ChunksStreamer:68] hfrjhir
[09:58:03.973] [INFO ] [ChunksStreamer:64] Chunk not found
[09:58:03.975] [INFO ] [ChunksStreamer:68] hfrjhir
[09:58:03.975] [INFO ] [ChunksStreamer:64] Chunk not found
[09:58:03.978] [INFO ] [ChunksStreamer:68] hfrjhir
[09:58:03.978] [INFO ] [ChunksStreamer:64] Chunk not found
[09:58:03.981] [INFO ] [ChunksStreamer:68] hfrjhir
[09:58:03.981] [INFO ] [ChunksStreamer:64] Chunk not found
[09:58:03.984] [INFO ] [ChunksStreamer:68] hfrjhir
[09:58:03.984] [INFO ] [ChunksStreamer:64] Chunk not found
[09:58:03.987] [INFO ] [ChunksStreamer:68] hfrjhir
[09:58:03.987] [INFO ] [ChunksStreamer:64] Chunk not found
[09:58:03.990] [INFO ] [ChunksStreamer:68] hfrjhir
[09:58:03.990] [INFO ] [ChunksStreamer:64] Chunk not found
[09:58:03.993] [INFO ] [ChunksStreamer:68] hfrjhir
[09:58:03.993] [INFO ] [ChunksStreamer:64] Chunk not found
[09:58:03.995] [INFO ] [ChunksStreamer:68] hfrjhir
[09:58:03.996] [INFO ] [ChunksStreamer:64] Chunk not found
[09:58:03.998] [INFO ] [ChunksStreamer:68] hfrjhir
[09:58:03.998] [INFO ] [ChunksStreamer:64] Chunk not found
[09:58:04.001] [INFO ] [ChunksStreamer:68] hfrjhir
[09:58:04.001] [INFO ] [ChunksStreamer:64] Chunk not found
[09:58:04.004] [INFO ] [ChunksStreamer:68] hfrjhir
[09:58:04.004] [INFO ] [ChunksStreamer:64] Chunk not found
[09:58:04.007] [INFO ] [ChunksStreamer:68] hfrjhir
[09:58:04.007] [INFO ] [ChunksStreamer:64] Chunk not found
[09:58:04.009] [INFO ] [ChunksStreamer:68] hfrjhir
[09:58:04.010] [INFO ] [ChunksStreamer:64] Chunk not found
[09:58:04.012] [INFO ] [ChunksStreamer:68] hfrjhir
[09:58:04.012] [INFO ] [ChunksStreamer:64] Chunk not found
[09:58:04.015] [INFO ] [ChunksStreamer:68] hfrjhir
[09:58:04.015] [INFO ] [ChunksStreamer:64] Chunk not found
[09:58:04.018] [INFO ] [ChunksStreamer:68] hfrjhir
[09:58:04.018] [INFO ] [ChunksStreamer:64] Chunk not found
[09:58:04.020] [INFO ] [ChunksStreamer:68] hfrjhir
[09:58:04.020] [INFO ] [ChunksStreamer:64] Chunk not found
[09:58:04.021] [INFO ] [ChunksStreamer:68] hfrjhir
[09:58:04.021] [INFO ] [ChunksStreamer:64] Chunk not found
[09:58:04.021] [INFO ] [ChunksStreamer:68] hfrjhir
[09:58:04.022] [INFO ] [ChunksStreamer:64] Chunk not found
[09:58:04.022] [INFO ] [ChunksStreamer:68] hfrjhir
[09:58:04.022] [INFO ] [ChunksStreamer:64] Chunk not found
[09:58:04.022] [INFO ] [ChunksStreamer:68] hfrjhir
[09:58:04.022] [INFO ] [ChunksStreamer:64] Chunk not found
[09:58:04.023] [INFO ] [ChunksStreamer:68] hfrjhir
[09:58:04.023] [INFO ] [ChunksStreamer:64] Chunk not found
[09:58:04.023] [INFO ] [ChunksStreamer:68] hfrjhir
[09:58:04.023] [INFO ] [ChunksStreamer:64] Chunk not found
[09:58:04.024] [INFO ] [ChunksStreamer:68] hfrjhir
[09:58:04.024] [INFO ] [ChunksStreamer:64] Chunk not found
[09:58:04.024] [INFO ] [ChunksStreamer:68] hfrjhir
[09:58:04.024] [INFO ] [ChunksStreamer:64] Chunk not found
[09:58:04.024] [INFO ] [ChunksStreamer:68] hfrjhir
[09:58:04.025] [INFO ] [ChunksStreamer:64] Chunk not found
[09:58:04.025] [INFO ] [ChunksStreamer:68] hfrjhir
[09:58:04.025] [INFO ] [ChunksStreamer:64] Chunk not found
[09:58:04.028] [INFO ] [ChunksStreamer:68] hfrjhir
[09:58:04.028] [INFO ] [ChunksStreamer:64] Chunk not found
[09:58:04.030] [INFO ] [ChunksStreamer:68] hfrjhir
[09:58:04.031] [INFO ] [ChunksStreamer:64] Chunk not found
[09:58:04.033] [INFO ] [ChunksStreamer:68] hfrjhir
[09:58:04.033] [INFO ] [ChunksStreamer:64] Chunk not found
[09:58:04.036] [INFO ] [ChunksStreamer:68] hfrjhir
[09:58:04.036] [INFO ] [ChunksStreamer:64] Chunk not found
[09:58:04.039] [INFO ] [ChunksStreamer:68] hfrjhir
[09:58:04.040] [INFO ] [ChunksStreamer:64] Chunk not found
[09:58:04.042] [INFO ] [ChunksStreamer:68] hfrjhir
[09:58:04.042] [INFO ] [ChunksStreamer:64] Chunk not found
[09:58:04.045] [INFO ] [ChunksStreamer:68] hfrjhir
[09:58:04.045] [INFO ] [ChunksStreamer:64] Chunk not found
[09:58:04.048] [INFO ] [ChunksStreamer:68] hfrjhir
[09:58:04.048] [INFO ] [ChunksStreamer:64] Chunk not found
[09:58:04.051] [INFO ] [ChunksStreamer:68] hfrjhir
[09:58:04.051] [INFO ] [ChunksStreamer:64] Chunk not found
[09:58:04.054] [INFO ] [ChunksStreamer:68] hfrjhir
[09:58:04.054] [INFO ] [ChunksStreamer:64] Chunk not found
[09:58:04.056] [INFO ] [ChunksStreamer:68] hfrjhir
[09:58:04.057] [INFO ] [ChunksStreamer:64] Chunk not found
[09:58:04.060] [INFO ] [ChunksStreamer:68] hfrjhir
[09:58:04.060] [INFO ] [ChunksStreamer:64] Chunk not found
[09:58:04.062] [INFO ] [ChunksStreamer:68] hfrjhir
[09:58:04.063] [INFO ] [ChunksStreamer:64] Chunk not found
[09:58:04.065] [INFO ] [ChunksStreamer:68] hfrjhir
[09:58:04.065] [INFO ] [ChunksStreamer:64] Chunk not found
[09:58:04.068] [INFO ] [ChunksStreamer:68] hfrjhir
[09:58:04.068] [INFO ] [ChunksStreamer:64] Chunk not found
[09:58:04.069] [INFO ] [ChunksStreamer:68] hfrjhir
[09:58:04.069] [INFO ] [ChunksStreamer:64] Chunk not found
[09:58:04.069] [INFO ] [ChunksStreamer:68] hfrjhir
[09:58:04.069] [INFO ] [ChunksStreamer:64] Chunk not found
[09:58:04.070] [INFO ] [ChunksStreamer:68] hfrjhir
[09:58:04.070] [INFO ] [ChunksStreamer:64] Chunk not found
[09:58:04.070] [INFO ] [ChunksStreamer:68] hfrjhir
[09:58:04.070] [INFO ] [ChunksStreamer:64] Chunk not found
[09:58:04.071] [INFO ] [ChunksStreamer:68] hfrjhir
[09:58:04.071] [INFO ] [ChunksStreamer:64] Chunk not found
[09:58:04.071] [INFO ] [ChunksStreamer:68] hfrjhir
[09:58:04.071] [INFO ] [ChunksStreamer:64] Chunk not found
[09:58:04.072] [INFO ] [ChunksStreamer:68] hfrjhir
[09:58:04.072] [INFO ] [ChunksStreamer:64] Chunk not found
[09:58:04.072] [INFO ] [ChunksStreamer:68] hfrjhir
[09:58:04.072] [INFO ] [ChunksStreamer:64] Chunk not found
[09:58:04.075] [INFO ] [ChunksStreamer:68] hfrjhir
[09:58:04.075] [INFO ] [ChunksStreamer:64] Chunk not found
[09:58:04.078] [INFO ] [ChunksStreamer:68] hfrjhir
[09:58:04.078] [INFO ] [ChunksStreamer:64] Chunk not found
[09:58:04.081] [INFO ] [ChunksStreamer:68] hfrjhir
[09:58:04.081] [INFO ] [ChunksStreamer:64] Chunk not found
[09:58:04.084] [INFO ] [ChunksStreamer:68] hfrjhir
[09:58:04.085] [INFO ] [ChunksStreamer:64] Chunk not found
[09:58:04.088] [INFO ] [ChunksStreamer:68] hfrjhir
[09:58:04.089] [INFO ] [ChunksStreamer:64] Chunk not found
[09:58:04.091] [INFO ] [ChunksStreamer:68] hfrjhir
[09:58:04.091] [INFO ] [ChunksStreamer:64] Chunk not found
[09:58:04.094] [INFO ] [ChunksStreamer:68] hfrjhir
[09:58:04.094] [INFO ] [ChunksStreamer:64] Chunk not found
[09:58:04.096] [INFO ] [ChunksStreamer:68] hfrjhir
[09:58:04.097] [INFO ] [ChunksStreamer:64] Chunk not found
[09:58:04.099] [INFO ] [ChunksStreamer:68] hfrjhir
[09:58:04.099] [INFO ] [ChunksStreamer:64] Chunk not found
[09:58:04.102] [INFO ] [ChunksStreamer:68] hfrjhir
[09:58:04.102] [INFO ] [ChunksStreamer:64] Chunk not found
[09:58:04.104] [INFO ] [ChunksStreamer:68] hfrjhir
[09:58:04.104] [INFO ] [ChunksStreamer:64] Chunk not found
[09:58:04.107] [INFO ] [ChunksStreamer:68] hfrjhir
[09:58:04.107] [INFO ] [ChunksStreamer:64] Chunk not found
[09:58:04.109] [INFO ] [ChunksStreamer:68] hfrjhir
[09:58:04.110] [INFO ] [ChunksStreamer:64] Chunk not found
[09:58:04.113] [INFO ] [ChunksStreamer:68] hfrjhir
[09:58:06.809] [INFO ] [DesktopWindow:53] Desktop window closing...
[09:58:06.809] [EXTRAINFO] [Heartbeat:111] Heartbeat Stopped
[09:58:06.810] [INFO ] [Engine:37] Application terminated.
[09:58:06.810] [LINE ] ================================================================================
[09:58:06.810] [INFO ] [Program:64] Application Completed.
Exiting with code 0

================================================================================
Engine Log - Ended at 2026-03-08 09:58:06
================================================================================
