================================================================================
Engine Log - Started at 2026-03-04 17:42:27
================================================================================

[17:42:27.783] [INFO ] VoxelEngine initialized from Desktop platform with VoxelGames runtime.
[17:42:27.794] [INFO ] [Program:37] Creating engine
[17:42:27.836] [INFO ] [TestRuntimeContext:16] TestRuntimeContext created
[17:42:27.838] [INFO ] [Heartbeat:55] Frame rate limit disabled (unlimited FPS)
[17:42:27.838] [INFO ] [Program:44] Starting engine...
[17:42:27.838] [LINE ] ================================================================================
[17:42:27.839] [INFO ] [Engine:26] Starting engine runtime...
[17:42:27.894] [INFO ] [DesktopWindow:26] Creating window: 'Voxel Engine' (800x600)
[17:42:27.986] [INFO ] [DesktopWindow:40] Desktop window created successfully.
[17:42:27.990] [EXTRAINFO] [ServiceContainer:22] [ServiceContainer] Registering service VoxelEngine.Graphics.GraphicsContext
[17:42:28.344] [INFO ] [Engine:53] Post init...
[17:42:28.345] [INFO ] [TestRuntimeContext:24] TestRuntimeContext Initialized
[17:42:28.349] [EXTRAINFO] [ServiceContainer:22] [ServiceContainer] Registering service VoxelEngine.Core.CamerasRegistries
[17:42:28.446] [EXTRAINFO] [Heartbeat:62] Starting Heartbeat
[17:42:32.085] [INFO ] [DesktopWindow:53] Desktop window closing...
[17:42:32.086] [EXTRAINFO] [Heartbeat:111] Heartbeat Stopped
[17:42:32.086] [INFO ] [Engine:36] Application terminated.
[17:42:32.086] [LINE ] ================================================================================
[17:42:32.086] [INFO ] [Program:63] Application Completed.
Exiting with code 0

================================================================================
Engine Log - Ended at 2026-03-04 17:42:32
================================================================================
