================================================================================
Engine Log - Started at 2026-03-04 22:18:55
================================================================================

[22:18:55.996] [INFO ] VoxelEngine initialized from Desktop platform with VoxelGames runtime.
[22:18:56.009] [INFO ] [Game:40] Game.A was called!
[22:18:56.010] [INFO ] [Program:38] Creating engine
[22:18:56.011] [INFO ] [TestRuntimeContext:21] TestRuntimeContext created
[22:18:56.013] [INFO ] [Heartbeat:55] Frame rate limit disabled (unlimited FPS)
[22:18:56.013] [INFO ] [Program:45] Starting engine...
[22:18:56.014] [LINE ] ================================================================================
[22:18:56.014] [INFO ] [Engine:26] Starting engine runtime...
[22:18:56.021] [INFO ] [DesktopWindow:26] Creating window: 'Voxel Engine' (800x600)
[22:18:56.131] [INFO ] [DesktopWindow:40] Desktop window created successfully.
[22:18:56.136] [EXTRAINFO] [ServiceContainer:22] [ServiceContainer] Registering service VoxelEngine.Graphics.GraphicsContext
[22:18:56.429] [INFO ] [Engine:64] Post init...
[22:18:56.430] [INFO ] [TestRuntimeContext:32] TestRuntimeContext Initialized
[22:18:56.433] [EXTRAINFO] [ServiceContainer:22] [ServiceContainer] Registering service VoxelEngine.Core.CamerasRegistries
[22:18:56.437] [EXTRAINFO] [ServiceContainer:22] [ServiceContainer] Registering service VoxelEngine.Client.Rendering.RenderManager
[22:18:56.439] [INFO ] [LauncherLayer:17] LauncherLayer.Initialize was called!
[22:18:56.441] [INFO ] [GameLoader:17] Loading game from C:\Users\Dmitrist10\Desktop\VoxelGames\Source\Project_08_VE\Source\Resources\Games\Game_01\Main\bin\net11.0\Game_01.dll
[22:18:56.498] [INFO ] [Game:19] Game.OnInitialize was called!
[22:18:56.499] [INFO ] [Game:25] Game.StartMatch was called!
[22:18:56.499] [EXTRAINFO] [UniverseManager:13] A new Universe was created
[22:18:56.514] [EXTRAINFO] [Universe.API:13] A new Scene was created
[22:18:56.515] [INFO ] [ClientHost:26] Scene loaded
[22:18:56.517] [DEBUG] [GameSetup:13] GameSetup.SetUp was called!
[22:18:56.554] [INFO ] [GameLayer:17] GameLayer.Initialize was called!
[22:18:56.554] [EXTRAINFO] [Heartbeat:62] Starting Heartbeat
[22:19:12.355] [INFO ] [DesktopWindow:53] Desktop window closing...
[22:19:12.356] [EXTRAINFO] [Heartbeat:111] Heartbeat Stopped
[22:19:12.356] [INFO ] [Engine:36] Application terminated.
[22:19:12.356] [LINE ] ================================================================================
[22:19:12.356] [INFO ] [Program:64] Application Completed.
Exiting with code 0

================================================================================
Engine Log - Ended at 2026-03-04 22:19:12
================================================================================
