================================================================================
Engine Log - Started at 2026-03-07 23:22:51
================================================================================

[23:22:51.342] [INFO ] VoxelEngine initialized from Desktop platform with VoxelGames runtime.
[23:22:51.352] [INFO ] [Game:40] Game.A was called!
[23:22:51.353] [INFO ] [Program:38] Creating engine
[23:22:51.354] [INFO ] [TestRuntimeContext:21] TestRuntimeContext created
[23:22:51.355] [INFO ] [Heartbeat:55] Frame rate limit disabled (unlimited FPS)
[23:22:51.355] [INFO ] [Program:45] Starting engine...
[23:22:51.356] [LINE ] ================================================================================
[23:22:51.356] [INFO ] [Engine:27] Starting engine runtime...
[23:22:51.359] [INFO ] [DesktopWindow:26] Creating window: 'Voxel Engine' (800x600)
[23:22:51.431] [INFO ] [DesktopWindow:40] Desktop window created successfully.
[23:22:51.436] [EXTRAINFO] [ServiceContainer:22] [ServiceContainer] Registering service VoxelEngine.Graphics.GraphicsContext
[23:22:51.716] [EXTRAINFO] [ServiceContainer:22] [ServiceContainer] Registering service VoxelEngine.IO.FileManager
[23:22:51.717] [EXTRAINFO] [ServiceContainer:22] [ServiceContainer] Registering service VoxelEngine.Core.AssetsManager
[23:22:51.718] [INFO ] [Engine:74] Post init...
[23:22:51.718] [INFO ] [TestRuntimeContext:32] TestRuntimeContext Initialized
[23:22:51.720] [EXTRAINFO] [ServiceContainer:22] [ServiceContainer] Registering service VoxelEngine.Core.CamerasRegistries
[23:22:51.722] [EXTRAINFO] [ServiceContainer:22] [ServiceContainer] Registering service VoxelEngine.Graphics.Rendering.RenderManager
[23:22:51.723] [INFO ] [LauncherLayer:17] LauncherLayer.Initialize was called!
[23:22:51.724] [INFO ] [GameLoader:19] Loading game from C:\Users\Dmitrist10\Desktop\VoxelGames\Source\Project_08_VE\Source\Resources\Games\Game_01\Main\bin\net11.0\Game_01.dll
[23:22:51.726] [INFO ] [Game:19] Game.OnInitialize was called!
[23:22:51.727] [INFO ] [Game:25] Game.StartMatch was called!
[23:22:51.728] [EXTRAINFO] [UniverseManager:13] A new Universe was created
[23:22:51.742] [EXTRAINFO] [Universe.API:13] A new Scene was created
[23:22:51.743] [INFO ] [ClientHost:26] Scene loaded
[23:22:51.824] [DEBUG] [GameSetup:14] GameSetup.SetUp was called!
[23:22:51.981] [INFO ] [GameLayer:17] GameLayer.Initialize was called!
[23:22:51.982] [EXTRAINFO] [Heartbeat:62] Starting Heartbeat
[23:22:53.961] [INFO ] [DesktopWindow:53] Desktop window closing...
[23:22:53.962] [EXTRAINFO] [Heartbeat:111] Heartbeat Stopped
[23:22:53.962] [INFO ] [Engine:37] Application terminated.
[23:22:53.962] [LINE ] ================================================================================
[23:22:53.962] [INFO ] [Program:64] Application Completed.
Exiting with code 0

================================================================================
Engine Log - Ended at 2026-03-07 23:22:53
================================================================================
