================================================================================
Engine Log - Started at 2026-03-04 22:26:09
================================================================================

[22:26:09.201] [INFO ] VoxelEngine initialized from Desktop platform with VoxelGames runtime.
[22:26:09.212] [INFO ] [Game:40] Game.A was called!
[22:26:09.212] [INFO ] [Program:38] Creating engine
[22:26:09.213] [INFO ] [TestRuntimeContext:21] TestRuntimeContext created
[22:26:09.215] [INFO ] [Heartbeat:55] Frame rate limit disabled (unlimited FPS)
[22:26:09.215] [INFO ] [Program:45] Starting engine...
[22:26:09.215] [LINE ] ================================================================================
[22:26:09.215] [INFO ] [Engine:26] Starting engine runtime...
[22:26:09.219] [INFO ] [DesktopWindow:26] Creating window: 'Voxel Engine' (800x600)
[22:26:09.324] [INFO ] [DesktopWindow:40] Desktop window created successfully.
[22:26:09.330] [EXTRAINFO] [ServiceContainer:22] [ServiceContainer] Registering service VoxelEngine.Graphics.GraphicsContext
[22:26:09.746] [INFO ] [Engine:64] Post init...
[22:26:09.747] [INFO ] [TestRuntimeContext:32] TestRuntimeContext Initialized
[22:26:09.749] [EXTRAINFO] [ServiceContainer:22] [ServiceContainer] Registering service VoxelEngine.Core.CamerasRegistries
[22:26:09.751] [EXTRAINFO] [ServiceContainer:22] [ServiceContainer] Registering service VoxelEngine.Client.Rendering.RenderManager
[22:26:09.753] [INFO ] [LauncherLayer:17] LauncherLayer.Initialize was called!
[22:26:09.753] [INFO ] [GameLoader:17] Loading game from C:\Users\Dmitrist10\Desktop\VoxelGames\Source\Project_08_VE\Source\Resources\Games\Game_01\Main\bin\net11.0\Game_01.dll
[22:26:09.808] [INFO ] [Game:19] Game.OnInitialize was called!
[22:26:09.808] [INFO ] [Game:25] Game.StartMatch was called!
[22:26:09.809] [EXTRAINFO] [UniverseManager:13] A new Universe was created
[22:26:09.824] [EXTRAINFO] [Universe.API:13] A new Scene was created
[22:26:09.825] [INFO ] [ClientHost:26] Scene loaded
[22:26:09.827] [DEBUG] [GameSetup:13] GameSetup.SetUp was called!
[22:26:10.007] [INFO ] [GameLayer:17] GameLayer.Initialize was called!
[22:26:10.008] [EXTRAINFO] [Heartbeat:62] Starting Heartbeat
[22:26:17.959] [INFO ] [DesktopWindow:53] Desktop window closing...
[22:26:17.959] [EXTRAINFO] [Heartbeat:111] Heartbeat Stopped
[22:26:17.960] [INFO ] [Engine:36] Application terminated.
[22:26:17.960] [LINE ] ================================================================================
[22:26:17.960] [INFO ] [Program:64] Application Completed.
Exiting with code 0

================================================================================
Engine Log - Ended at 2026-03-04 22:26:17
================================================================================
