================================================================================
Engine Log - Started at 2026-03-03 21:18:27
================================================================================

[21:18:27.254] [INFO ] VoxelEngine initialized from Desktop platform with VoxelGames runtime.
[21:18:27.266] [INFO ] [Program:37] Creating engine
[21:18:27.315] [INFO ] [TestRuntimeContext:16] TestRuntimeContext created
[21:18:27.316] [INFO ] [Heartbeat:55] Frame rate limit disabled (unlimited FPS)
[21:18:27.317] [INFO ] [Program:44] Starting engine...
[21:18:27.317] [LINE ] ================================================================================
[21:18:27.317] [INFO ] [Engine:26] Starting engine runtime...
[21:18:27.321] [INFO ] [DesktopWindow:26] Creating window: 'Voxel Engine' (800x600)
[21:18:27.398] [INFO ] [DesktopWindow:40] Desktop window created successfully.
[21:18:27.402] [EXTRAINFO] [ServiceContainer:22] [ServiceContainer] Registering service VoxelEngine.Graphics.GraphicsContext
[21:18:27.660] [INFO ] [Engine:53] Post init...
[21:18:27.660] [INFO ] [TestRuntimeContext:24] TestRuntimeContext Initialized
[21:18:27.662] [EXTRAINFO] [ServiceContainer:22] [ServiceContainer] Registering service VoxelEngine.Core.CamerasRegistries
[21:18:27.663] [EXTRAINFO] [Heartbeat:62] Starting Heartbeat
[21:18:27.668] [INFO ] [RP_ClearColor:15] True
[21:18:27.673] [LINE ] ================================================================================
[21:18:27.673] [LINE ] ================================================================================
[21:18:27.674] [ERROR] [Program:53] Exception: Object reference not set to an instance of an object.
[21:18:27.705] [ERROR] [Program:59] Exception Stack Trace:    at VoxelEngine.Client.Rendering.RP_ClearColor.Execute(ReadOnlySpan`1 renderCommands) in C:\Users\Dmitrist10\Desktop\VoxelGames\Source\Project_08_VE\Source\VoxelEngine\Engine\Hosts\Client\Source\Rendering\RenderPasses\RP_ClearColor.cs:line 16
   at VoxelEngine.Client.Rendering.RenderGraph.Execute(ReadOnlySpan`1 renderCommands) in C:\Users\Dmitrist10\Desktop\VoxelGames\Source\Project_08_VE\Source\VoxelEngine\Engine\Hosts\Client\Source\Rendering\RenderGraph.cs:line 20
   at VoxelEngine.Client.Rendering.RenderManager.Render() in C:\Users\Dmitrist10\Desktop\VoxelGames\Source\Project_08_VE\Source\VoxelEngine\Engine\Hosts\Client\Source\Rendering\RenderManager.cs:line 31
   at VoxelEngine.Client.ClientHost.Render() in C:\Users\Dmitrist10\Desktop\VoxelGames\Source\Project_08_VE\Source\VoxelEngine\Engine\Hosts\Client\Source\ClientHost.cs:line 27
   at VoxelEngine.Runtime.Contexts.TestingContext.TestRuntimeContext.Render() in C:\Users\Dmitrist10\Desktop\VoxelGames\Source\Project_08_VE\Source\VoxelEngine\Runtime\Contexts\TestingContext\Source\TestRuntimeContext.cs:line 43
   at VoxelEngine.Core.Runtime.Heartbeat.Start(IUpdateCallbacksHandler callbacks, IWindowSurface window) in C:\Users\Dmitrist10\Desktop\VoxelGames\Source\Project_08_VE\Source\VoxelEngine\Engine\Core\Engine.Core.Runtime\Source\Heartbeat.cs:line 104
   at VoxelEngine.Core.Runtime.Engine.StartRuntime() in C:\Users\Dmitrist10\Desktop\VoxelGames\Source\Project_08_VE\Source\VoxelEngine\Engine\Core\Engine.Core.Runtime\Source\Engine.cs:line 61
   at VoxelEngine.Core.Runtime.Engine.Run() in C:\Users\Dmitrist10\Desktop\VoxelGames\Source\Project_08_VE\Source\VoxelEngine\Engine\Core\Engine.Core.Runtime\Source\Engine.cs:line 32
   at VoxelEngine.Runtime.Platforms.Desktop.Program.Main(String[] args) in C:\Users\Dmitrist10\Desktop\VoxelGames\Source\Project_08_VE\Source\VoxelEngine\Runtime\Platforms\Platforms.Desktop\Program.cs:line 45
[21:18:27.706] [INFO ] [Program:63] Application Completed.
Exiting with code 0

================================================================================
Engine Log - Ended at 2026-03-03 21:18:27
================================================================================
