================================================================================
Engine Log - Started at 2026-03-07 23:18:38
================================================================================

[23:18:38.213] [INFO ] VoxelEngine initialized from Desktop platform with VoxelGames runtime.
[23:18:38.225] [INFO ] [Game:40] Game.A was called!
[23:18:38.225] [INFO ] [Program:38] Creating engine
[23:18:38.226] [INFO ] [TestRuntimeContext:21] TestRuntimeContext created
[23:18:38.228] [INFO ] [Heartbeat:55] Frame rate limit disabled (unlimited FPS)
[23:18:38.229] [INFO ] [Program:45] Starting engine...
[23:18:38.229] [LINE ] ================================================================================
[23:18:38.229] [INFO ] [Engine:27] Starting engine runtime...
[23:18:38.233] [INFO ] [DesktopWindow:26] Creating window: 'Voxel Engine' (800x600)
[23:18:38.321] [INFO ] [DesktopWindow:40] Desktop window created successfully.
[23:18:38.326] [EXTRAINFO] [ServiceContainer:22] [ServiceContainer] Registering service VoxelEngine.Graphics.GraphicsContext
[23:18:38.605] [EXTRAINFO] [ServiceContainer:22] [ServiceContainer] Registering service VoxelEngine.IO.FileManager
[23:18:38.607] [EXTRAINFO] [ServiceContainer:22] [ServiceContainer] Registering service VoxelEngine.Core.AssetsManager
[23:18:38.607] [INFO ] [Engine:74] Post init...
[23:18:38.607] [INFO ] [TestRuntimeContext:32] TestRuntimeContext Initialized
[23:18:38.609] [EXTRAINFO] [ServiceContainer:22] [ServiceContainer] Registering service VoxelEngine.Core.CamerasRegistries
[23:18:38.612] [EXTRAINFO] [ServiceContainer:22] [ServiceContainer] Registering service VoxelEngine.Graphics.Rendering.RenderManager
[23:18:38.613] [INFO ] [LauncherLayer:17] LauncherLayer.Initialize was called!
[23:18:38.614] [INFO ] [GameLoader:19] Loading game from C:\Users\Dmitrist10\Desktop\VoxelGames\Source\Project_08_VE\Source\Resources\Games\Game_01\Main\bin\net11.0\Game_01.dll
[23:18:38.616] [INFO ] [Game:19] Game.OnInitialize was called!
[23:18:38.617] [INFO ] [Game:25] Game.StartMatch was called!
[23:18:38.618] [EXTRAINFO] [UniverseManager:13] A new Universe was created
[23:18:38.635] [EXTRAINFO] [Universe.API:13] A new Scene was created
[23:18:38.636] [INFO ] [ClientHost:26] Scene loaded
[23:18:38.726] [DEBUG] [GameSetup:14] GameSetup.SetUp was called!
[23:18:38.933] [INFO ] [GameLayer:17] GameLayer.Initialize was called!
[23:18:38.934] [EXTRAINFO] [Heartbeat:62] Starting Heartbeat
[23:18:51.311] [INFO ] [DesktopWindow:53] Desktop window closing...
[23:18:51.311] [EXTRAINFO] [Heartbeat:111] Heartbeat Stopped
[23:18:51.312] [INFO ] [Engine:37] Application terminated.
[23:18:51.312] [LINE ] ================================================================================
[23:18:51.312] [INFO ] [Program:64] Application Completed.
Exiting with code 0

================================================================================
Engine Log - Ended at 2026-03-07 23:18:51
================================================================================
