================================================================================
Engine Log - Started at 2026-03-04 18:27:06
================================================================================

[18:27:06.447] [INFO ] VoxelEngine initialized from Desktop platform with VoxelGames runtime.
[18:27:06.459] [INFO ] [Program:37] Creating engine
[18:27:06.500] [INFO ] [TestRuntimeContext:16] TestRuntimeContext created
[18:27:06.501] [INFO ] [Heartbeat:55] Frame rate limit disabled (unlimited FPS)
[18:27:06.502] [INFO ] [Program:44] Starting engine...
[18:27:06.502] [LINE ] ================================================================================
[18:27:06.503] [INFO ] [Engine:26] Starting engine runtime...
[18:27:06.559] [INFO ] [DesktopWindow:26] Creating window: 'Voxel Engine' (800x600)
[18:27:06.644] [INFO ] [DesktopWindow:40] Desktop window created successfully.
[18:27:06.648] [EXTRAINFO] [ServiceContainer:22] [ServiceContainer] Registering service VoxelEngine.Graphics.GraphicsContext
[18:27:06.962] [INFO ] [Engine:53] Post init...
[18:27:06.962] [INFO ] [TestRuntimeContext:24] TestRuntimeContext Initialized
[18:27:06.964] [EXTRAINFO] [ServiceContainer:22] [ServiceContainer] Registering service VoxelEngine.Core.CamerasRegistries
[18:27:06.979] [EXTRAINFO] [Heartbeat:62] Starting Heartbeat
[18:27:09.940] [INFO ] [DesktopWindow:53] Desktop window closing...
[18:27:09.941] [EXTRAINFO] [Heartbeat:111] Heartbeat Stopped
[18:27:09.941] [INFO ] [Engine:36] Application terminated.
[18:27:09.941] [LINE ] ================================================================================
[18:27:09.941] [INFO ] [Program:63] Application Completed.
Exiting with code 0

================================================================================
Engine Log - Ended at 2026-03-04 18:27:09
================================================================================
