================================================================================
Engine Log - Started at 2026-03-04 18:29:37
================================================================================

[18:29:37.841] [INFO ] VoxelEngine initialized from Desktop platform with VoxelGames runtime.
[18:29:37.854] [INFO ] [Program:37] Creating engine
[18:29:37.910] [INFO ] [TestRuntimeContext:16] TestRuntimeContext created
[18:29:37.912] [INFO ] [Heartbeat:55] Frame rate limit disabled (unlimited FPS)
[18:29:37.912] [INFO ] [Program:44] Starting engine...
[18:29:37.913] [LINE ] ================================================================================
[18:29:37.913] [INFO ] [Engine:26] Starting engine runtime...
[18:29:38.004] [INFO ] [DesktopWindow:26] Creating window: 'Voxel Engine' (800x600)
[18:29:38.151] [INFO ] [DesktopWindow:40] Desktop window created successfully.
[18:29:38.156] [EXTRAINFO] [ServiceContainer:22] [ServiceContainer] Registering service VoxelEngine.Graphics.GraphicsContext
[18:29:38.482] [INFO ] [Engine:53] Post init...
[18:29:38.482] [INFO ] [TestRuntimeContext:24] TestRuntimeContext Initialized
[18:29:38.485] [EXTRAINFO] [ServiceContainer:22] [ServiceContainer] Registering service VoxelEngine.Core.CamerasRegistries
[18:29:38.511] [EXTRAINFO] [Heartbeat:62] Starting Heartbeat
[18:29:41.853] [INFO ] [DesktopWindow:53] Desktop window closing...
[18:29:41.853] [EXTRAINFO] [Heartbeat:111] Heartbeat Stopped
[18:29:41.854] [INFO ] [Engine:36] Application terminated.
[18:29:41.854] [LINE ] ================================================================================
[18:29:41.854] [INFO ] [Program:63] Application Completed.
Exiting with code 0

================================================================================
Engine Log - Ended at 2026-03-04 18:29:41
================================================================================
